[0.021s] Invoking command in '/home/sachin/ros2_rover/build/rover_gazebo': CMAKE_PREFIX_PATH=/home/sachin/ros2_rover/install/rover_motor_controller_cpp:/home/sachin/ros2_rover/install/rover_msgs:/home/sachin/ros2_rover/install/rover_description:/home/sachin/ros2_rover/install/rover_navigation:/home/sachin/ros2_rover/install/rover_gazebo:/home/sachin/ros2_rover/install/rover_bringup:/home/sachin/ros2_rover/install/rover_localization:/opt/ros/jazzy/opt/gz_sim_vendor:/opt/ros/jazzy/opt/gz_sensors_vendor:/opt/ros/jazzy/opt/gz_physics_vendor:/opt/ros/jazzy/opt/sdformat_vendor:/opt/ros/jazzy/opt/gz_gui_vendor:/opt/ros/jazzy/opt/gz_transport_vendor:/opt/ros/jazzy/opt/gz_rendering_vendor:/opt/ros/jazzy/opt/gz_plugin_vendor:/opt/ros/jazzy/opt/gz_fuel_tools_vendor:/opt/ros/jazzy/opt/gz_msgs_vendor:/opt/ros/jazzy/opt/gz_common_vendor:/opt/ros/jazzy/opt/gz_math_vendor:/opt/ros/jazzy/opt/gz_utils_vendor:/opt/ros/jazzy/opt/gz_tools_vendor:/opt/ros/jazzy/opt/gz_ogre_next_vendor:/opt/ros/jazzy/opt/gz_dartsim_vendor:/opt/ros/jazzy/opt/gz_cmake_vendor:/home/sachin/ros2_rover/install/rover_teleop:/home/sachin/ros2_rover/install/rover_motor_controller:/opt/ros/jazzy DEBUGINFOD_URLS=https://debuginfod.ubuntu.com PS1=(.ros2_venv) \[\e]0;\u@\h: \w\a\]${debian_chroot:+($debian_chroot)}\[\033[01;32m\]\u@\h\[\033[00m\]:\[\033[01;34m\]\w\[\033[00m\]\$ PYTHONPATH=/home/sachin/ros2_rover/install/rover_msgs/lib/python3.12/site-packages:/home/sachin/ros2_rover/install/rover_teleop/lib/python3.12/site-packages:/home/sachin/ros2_rover/install/rover_motor_controller/lib/python3.12/site-packages:/opt/ros/jazzy/lib/python3.12/site-packages VIRTUAL_ENV_PROMPT=(.ros2_venv) /usr/bin/cmake --build /home/sachin/ros2_rover/build/rover_gazebo -- -j12 -l12
[0.115s] [ 16%] [32mBuilding CXX object CMakeFiles/ground_truth_remapper_node.dir/src/ground_truth_remapper_node.cpp.o[0m
[0.117s] [ 33%] [32mBuilding CXX object CMakeFiles/motors_command_parser_node.dir/src/motors_command_parser_node.cpp.o[0m
[0.121s] [ 50%] [32mBuilding CXX object CMakeFiles/odometry_node.dir/src/odometry_node.cpp.o[0m
[8.638s] [ 66%] [32m[1mLinking CXX executable ground_truth_remapper_node[0m
[8.993s] [ 66%] Built target ground_truth_remapper_node
[9.337s] [ 83%] [32m[1mLinking CXX executable motors_command_parser_node[0m
[9.709s] [ 83%] Built target motors_command_parser_node
[10.000s] [100%] [32m[1mLinking CXX executable odometry_node[0m
[10.482s] [100%] Built target odometry_node
[10.498s] Invoked command in '/home/sachin/ros2_rover/build/rover_gazebo' returned '0': CMAKE_PREFIX_PATH=/home/sachin/ros2_rover/install/rover_motor_controller_cpp:/home/sachin/ros2_rover/install/rover_msgs:/home/sachin/ros2_rover/install/rover_description:/home/sachin/ros2_rover/install/rover_navigation:/home/sachin/ros2_rover/install/rover_gazebo:/home/sachin/ros2_rover/install/rover_bringup:/home/sachin/ros2_rover/install/rover_localization:/opt/ros/jazzy/opt/gz_sim_vendor:/opt/ros/jazzy/opt/gz_sensors_vendor:/opt/ros/jazzy/opt/gz_physics_vendor:/opt/ros/jazzy/opt/sdformat_vendor:/opt/ros/jazzy/opt/gz_gui_vendor:/opt/ros/jazzy/opt/gz_transport_vendor:/opt/ros/jazzy/opt/gz_rendering_vendor:/opt/ros/jazzy/opt/gz_plugin_vendor:/opt/ros/jazzy/opt/gz_fuel_tools_vendor:/opt/ros/jazzy/opt/gz_msgs_vendor:/opt/ros/jazzy/opt/gz_common_vendor:/opt/ros/jazzy/opt/gz_math_vendor:/opt/ros/jazzy/opt/gz_utils_vendor:/opt/ros/jazzy/opt/gz_tools_vendor:/opt/ros/jazzy/opt/gz_ogre_next_vendor:/opt/ros/jazzy/opt/gz_dartsim_vendor:/opt/ros/jazzy/opt/gz_cmake_vendor:/home/sachin/ros2_rover/install/rover_teleop:/home/sachin/ros2_rover/install/rover_motor_controller:/opt/ros/jazzy DEBUGINFOD_URLS=https://debuginfod.ubuntu.com PS1=(.ros2_venv) \[\e]0;\u@\h: \w\a\]${debian_chroot:+($debian_chroot)}\[\033[01;32m\]\u@\h\[\033[00m\]:\[\033[01;34m\]\w\[\033[00m\]\$ PYTHONPATH=/home/sachin/ros2_rover/install/rover_msgs/lib/python3.12/site-packages:/home/sachin/ros2_rover/install/rover_teleop/lib/python3.12/site-packages:/home/sachin/ros2_rover/install/rover_motor_controller/lib/python3.12/site-packages:/opt/ros/jazzy/lib/python3.12/site-packages VIRTUAL_ENV_PROMPT=(.ros2_venv) /usr/bin/cmake --build /home/sachin/ros2_rover/build/rover_gazebo -- -j12 -l12
[10.500s] Invoking command in '/home/sachin/ros2_rover/build/rover_gazebo': CMAKE_PREFIX_PATH=/home/sachin/ros2_rover/install/rover_motor_controller_cpp:/home/sachin/ros2_rover/install/rover_msgs:/home/sachin/ros2_rover/install/rover_description:/home/sachin/ros2_rover/install/rover_navigation:/home/sachin/ros2_rover/install/rover_gazebo:/home/sachin/ros2_rover/install/rover_bringup:/home/sachin/ros2_rover/install/rover_localization:/opt/ros/jazzy/opt/gz_sim_vendor:/opt/ros/jazzy/opt/gz_sensors_vendor:/opt/ros/jazzy/opt/gz_physics_vendor:/opt/ros/jazzy/opt/sdformat_vendor:/opt/ros/jazzy/opt/gz_gui_vendor:/opt/ros/jazzy/opt/gz_transport_vendor:/opt/ros/jazzy/opt/gz_rendering_vendor:/opt/ros/jazzy/opt/gz_plugin_vendor:/opt/ros/jazzy/opt/gz_fuel_tools_vendor:/opt/ros/jazzy/opt/gz_msgs_vendor:/opt/ros/jazzy/opt/gz_common_vendor:/opt/ros/jazzy/opt/gz_math_vendor:/opt/ros/jazzy/opt/gz_utils_vendor:/opt/ros/jazzy/opt/gz_tools_vendor:/opt/ros/jazzy/opt/gz_ogre_next_vendor:/opt/ros/jazzy/opt/gz_dartsim_vendor:/opt/ros/jazzy/opt/gz_cmake_vendor:/home/sachin/ros2_rover/install/rover_teleop:/home/sachin/ros2_rover/install/rover_motor_controller:/opt/ros/jazzy DEBUGINFOD_URLS=https://debuginfod.ubuntu.com PS1=(.ros2_venv) \[\e]0;\u@\h: \w\a\]${debian_chroot:+($debian_chroot)}\[\033[01;32m\]\u@\h\[\033[00m\]:\[\033[01;34m\]\w\[\033[00m\]\$ PYTHONPATH=/home/sachin/ros2_rover/install/rover_msgs/lib/python3.12/site-packages:/home/sachin/ros2_rover/install/rover_teleop/lib/python3.12/site-packages:/home/sachin/ros2_rover/install/rover_motor_controller/lib/python3.12/site-packages:/opt/ros/jazzy/lib/python3.12/site-packages VIRTUAL_ENV_PROMPT=(.ros2_venv) /usr/bin/cmake --install /home/sachin/ros2_rover/build/rover_gazebo
[10.514s] -- Install configuration: ""
[10.514s] -- Installing: /home/sachin/ros2_rover/install/rover_gazebo/lib/rover_gazebo/motors_command_parser_node
[10.522s] -- Set non-toolchain portion of runtime path of "/home/sachin/ros2_rover/install/rover_gazebo/lib/rover_gazebo/motors_command_parser_node" to ""
[10.522s] -- Installing: /home/sachin/ros2_rover/install/rover_gazebo/lib/rover_gazebo/odometry_node
[10.529s] -- Set non-toolchain portion of runtime path of "/home/sachin/ros2_rover/install/rover_gazebo/lib/rover_gazebo/odometry_node" to ""
[10.529s] -- Installing: /home/sachin/ros2_rover/install/rover_gazebo/lib/rover_gazebo/ground_truth_remapper_node
[10.535s] -- Set non-toolchain portion of runtime path of "/home/sachin/ros2_rover/install/rover_gazebo/lib/rover_gazebo/ground_truth_remapper_node" to ""
[10.535s] -- Up-to-date: /home/sachin/ros2_rover/install/rover_gazebo/share/rover_gazebo/launch
[10.535s] -- Installing: /home/sachin/ros2_rover/install/rover_gazebo/share/rover_gazebo/launch/mars.launch.py
[10.535s] -- Installing: /home/sachin/ros2_rover/install/rover_gazebo/share/rover_gazebo/launch/gazebo.launch.py
[10.535s] -- Up-to-date: /home/sachin/ros2_rover/install/rover_gazebo/share/rover_gazebo/launch/include
[10.536s] -- Installing: /home/sachin/ros2_rover/install/rover_gazebo/share/rover_gazebo/launch/include/cmd_vel.launch.py
[10.536s] -- Installing: /home/sachin/ros2_rover/install/rover_gazebo/share/rover_gazebo/launch/include/spawn.launch.py
[10.537s] -- Up-to-date: /home/sachin/ros2_rover/install/rover_gazebo/share/rover_gazebo/worlds
[10.537s] -- Up-to-date: /home/sachin/ros2_rover/install/rover_gazebo/share/rover_gazebo/worlds/mars.world
[10.537s] -- Up-to-date: /home/sachin/ros2_rover/install/rover_gazebo/share/rover_gazebo/models
[10.538s] -- Up-to-date: /home/sachin/ros2_rover/install/rover_gazebo/share/rover_gazebo/models/curiosity_path
[10.538s] -- Up-to-date: /home/sachin/ros2_rover/install/rover_gazebo/share/rover_gazebo/models/curiosity_path/model.sdf
[10.538s] -- Up-to-date: /home/sachin/ros2_rover/install/rover_gazebo/share/rover_gazebo/models/curiosity_path/meshes
[10.538s] -- Up-to-date: /home/sachin/ros2_rover/install/rover_gazebo/share/rover_gazebo/models/curiosity_path/meshes/mars_texture_lq.jpg
[10.538s] -- Up-to-date: /home/sachin/ros2_rover/install/rover_gazebo/share/rover_gazebo/models/curiosity_path/meshes/curiosity_path25k.dae
[10.538s] -- Up-to-date: /home/sachin/ros2_rover/install/rover_gazebo/share/rover_gazebo/models/curiosity_path/meshes/curiosity_path25k.stl
[10.539s] -- Up-to-date: /home/sachin/ros2_rover/install/rover_gazebo/share/rover_gazebo/models/curiosity_path/model.config
[10.539s] -- Up-to-date: /home/sachin/ros2_rover/install/rover_gazebo/share/rover_gazebo/models/rock9
[10.539s] -- Up-to-date: /home/sachin/ros2_rover/install/rover_gazebo/share/rover_gazebo/models/rock9/model.sdf
[10.539s] -- Up-to-date: /home/sachin/ros2_rover/install/rover_gazebo/share/rover_gazebo/models/rock9/meshes
[10.539s] -- Up-to-date: /home/sachin/ros2_rover/install/rover_gazebo/share/rover_gazebo/models/rock9/meshes/rock9.dae
[10.540s] -- Up-to-date: /home/sachin/ros2_rover/install/rover_gazebo/share/rover_gazebo/models/rock9/meshes/rock9.stl
[10.540s] -- Up-to-date: /home/sachin/ros2_rover/install/rover_gazebo/share/rover_gazebo/models/rock9/meshes/texture.jpg
[10.541s] -- Up-to-date: /home/sachin/ros2_rover/install/rover_gazebo/share/rover_gazebo/models/rock9/model.config
[10.542s] -- Up-to-date: /home/sachin/ros2_rover/install/rover_gazebo/share/rover_gazebo/models/rockformation
[10.543s] -- Up-to-date: /home/sachin/ros2_rover/install/rover_gazebo/share/rover_gazebo/models/rockformation/model.sdf
[10.543s] -- Up-to-date: /home/sachin/ros2_rover/install/rover_gazebo/share/rover_gazebo/models/rockformation/meshes
[10.544s] -- Up-to-date: /home/sachin/ros2_rover/install/rover_gazebo/share/rover_gazebo/models/rockformation/meshes/rockformation.dae
[10.544s] -- Up-to-date: /home/sachin/ros2_rover/install/rover_gazebo/share/rover_gazebo/models/rockformation/meshes/SMALL_RED_BaseColor.png
[10.544s] -- Up-to-date: /home/sachin/ros2_rover/install/rover_gazebo/share/rover_gazebo/models/rockformation/model.config
[10.545s] -- Up-to-date: /home/sachin/ros2_rover/install/rover_gazebo/share/rover_gazebo/models/jaggedrock
[10.545s] -- Up-to-date: /home/sachin/ros2_rover/install/rover_gazebo/share/rover_gazebo/models/jaggedrock/model.sdf
[10.545s] -- Up-to-date: /home/sachin/ros2_rover/install/rover_gazebo/share/rover_gazebo/models/jaggedrock/meshes
[10.546s] -- Up-to-date: /home/sachin/ros2_rover/install/rover_gazebo/share/rover_gazebo/models/jaggedrock/meshes/jaggedrock_texture.dae
[10.546s] -- Up-to-date: /home/sachin/ros2_rover/install/rover_gazebo/share/rover_gazebo/models/jaggedrock/meshes/bumpy.jpg
[10.546s] -- Up-to-date: /home/sachin/ros2_rover/install/rover_gazebo/share/rover_gazebo/models/jaggedrock/meshes/basecolor.jpg
[10.546s] -- Up-to-date: /home/sachin/ros2_rover/install/rover_gazebo/share/rover_gazebo/models/jaggedrock/model.config
[10.547s] -- Up-to-date: /home/sachin/ros2_rover/install/rover_gazebo/share/rover_gazebo/models/mars_terrain
[10.547s] -- Up-to-date: /home/sachin/ros2_rover/install/rover_gazebo/share/rover_gazebo/models/mars_terrain/model.sdf
[10.547s] -- Up-to-date: /home/sachin/ros2_rover/install/rover_gazebo/share/rover_gazebo/models/mars_terrain/meshes
[10.547s] -- Up-to-date: /home/sachin/ros2_rover/install/rover_gazebo/share/rover_gazebo/models/mars_terrain/meshes/mars_texture_lq.jpg
[10.548s] -- Up-to-date: /home/sachin/ros2_rover/install/rover_gazebo/share/rover_gazebo/models/mars_terrain/meshes/terrain.stl
[10.548s] -- Up-to-date: /home/sachin/ros2_rover/install/rover_gazebo/share/rover_gazebo/models/mars_terrain/meshes/reddish-sand.jpg
[10.548s] -- Up-to-date: /home/sachin/ros2_rover/install/rover_gazebo/share/rover_gazebo/models/mars_terrain/meshes/terrain.dae
[10.548s] -- Up-to-date: /home/sachin/ros2_rover/install/rover_gazebo/share/rover_gazebo/models/mars_terrain/meshes/mars_texture.jpg
[10.548s] -- Up-to-date: /home/sachin/ros2_rover/install/rover_gazebo/share/rover_gazebo/models/mars_terrain/meshes/terrain_textured.dae
[10.549s] -- Up-to-date: /home/sachin/ros2_rover/install/rover_gazebo/share/rover_gazebo/models/mars_terrain/model.config
[10.549s] -- Up-to-date: /home/sachin/ros2_rover/install/rover_gazebo/share/rover_gazebo/models/terrain
[10.549s] -- Up-to-date: /home/sachin/ros2_rover/install/rover_gazebo/share/rover_gazebo/models/terrain/model.sdf
[10.549s] -- Up-to-date: /home/sachin/ros2_rover/install/rover_gazebo/share/rover_gazebo/models/terrain/materials
[10.550s] -- Up-to-date: /home/sachin/ros2_rover/install/rover_gazebo/share/rover_gazebo/models/terrain/materials/textures
[10.550s] -- Up-to-date: /home/sachin/ros2_rover/install/rover_gazebo/share/rover_gazebo/models/terrain/materials/textures/terrain.png
[10.550s] -- Up-to-date: /home/sachin/ros2_rover/install/rover_gazebo/share/rover_gazebo/models/terrain/materials/textures/terrain.xcf
[10.550s] -- Up-to-date: /home/sachin/ros2_rover/install/rover_gazebo/share/rover_gazebo/models/terrain/model.config
[10.551s] -- Up-to-date: /home/sachin/ros2_rover/install/rover_gazebo/share/rover_gazebo/models/crater
[10.552s] -- Up-to-date: /home/sachin/ros2_rover/install/rover_gazebo/share/rover_gazebo/models/crater/model.sdf
[10.552s] -- Up-to-date: /home/sachin/ros2_rover/install/rover_gazebo/share/rover_gazebo/models/crater/meshes
[10.552s] -- Up-to-date: /home/sachin/ros2_rover/install/rover_gazebo/share/rover_gazebo/models/crater/meshes/crater4k.stl
[10.553s] -- Up-to-date: /home/sachin/ros2_rover/install/rover_gazebo/share/rover_gazebo/models/crater/meshes/crater_martian_red.dae
[10.554s] -- Up-to-date: /home/sachin/ros2_rover/install/rover_gazebo/share/rover_gazebo/models/crater/model.config
[10.554s] -- Up-to-date: /home/sachin/ros2_rover/install/rover_gazebo/share/rover_gazebo/rviz
[10.555s] -- Up-to-date: /home/sachin/ros2_rover/install/rover_gazebo/share/rover_gazebo/rviz/default.rviz
[10.556s] -- Up-to-date: /home/sachin/ros2_rover/install/rover_gazebo/share/rover_gazebo/config
[10.558s] -- Up-to-date: /home/sachin/ros2_rover/install/rover_gazebo/share/rover_gazebo/config/odometry.yaml
[10.560s] -- Up-to-date: /home/sachin/ros2_rover/install/rover_gazebo/share/rover_gazebo/config/gz_bridge.yaml
[10.560s] -- Up-to-date: /home/sachin/ros2_rover/install/rover_gazebo/share/rover_gazebo/environment/gz_sim_resource_path.sh
[10.560s] -- Up-to-date: /home/sachin/ros2_rover/install/rover_gazebo/share/rover_gazebo/environment/gz_sim_resource_path.dsv
[10.561s] -- Up-to-date: /home/sachin/ros2_rover/install/rover_gazebo/share/ament_index/resource_index/package_run_dependencies/rover_gazebo
[10.562s] -- Up-to-date: /home/sachin/ros2_rover/install/rover_gazebo/share/ament_index/resource_index/parent_prefix_path/rover_gazebo
[10.562s] -- Up-to-date: /home/sachin/ros2_rover/install/rover_gazebo/share/rover_gazebo/environment/ament_prefix_path.sh
[10.563s] -- Up-to-date: /home/sachin/ros2_rover/install/rover_gazebo/share/rover_gazebo/environment/ament_prefix_path.dsv
[10.563s] -- Up-to-date: /home/sachin/ros2_rover/install/rover_gazebo/share/rover_gazebo/environment/path.sh
[10.563s] -- Up-to-date: /home/sachin/ros2_rover/install/rover_gazebo/share/rover_gazebo/environment/path.dsv
[10.564s] -- Up-to-date: /home/sachin/ros2_rover/install/rover_gazebo/share/rover_gazebo/local_setup.bash
[10.565s] -- Up-to-date: /home/sachin/ros2_rover/install/rover_gazebo/share/rover_gazebo/local_setup.sh
[10.565s] -- Up-to-date: /home/sachin/ros2_rover/install/rover_gazebo/share/rover_gazebo/local_setup.zsh
[10.565s] -- Up-to-date: /home/sachin/ros2_rover/install/rover_gazebo/share/rover_gazebo/local_setup.dsv
[10.566s] -- Installing: /home/sachin/ros2_rover/install/rover_gazebo/share/rover_gazebo/package.dsv
[10.566s] -- Up-to-date: /home/sachin/ros2_rover/install/rover_gazebo/share/ament_index/resource_index/packages/rover_gazebo
[10.566s] -- Up-to-date: /home/sachin/ros2_rover/install/rover_gazebo/share/rover_gazebo/cmake/rover_gazeboConfig.cmake
[10.567s] -- Up-to-date: /home/sachin/ros2_rover/install/rover_gazebo/share/rover_gazebo/cmake/rover_gazeboConfig-version.cmake
[10.567s] -- Up-to-date: /home/sachin/ros2_rover/install/rover_gazebo/share/rover_gazebo/package.xml
[10.567s] Invoked command in '/home/sachin/ros2_rover/build/rover_gazebo' returned '0': CMAKE_PREFIX_PATH=/home/sachin/ros2_rover/install/rover_motor_controller_cpp:/home/sachin/ros2_rover/install/rover_msgs:/home/sachin/ros2_rover/install/rover_description:/home/sachin/ros2_rover/install/rover_navigation:/home/sachin/ros2_rover/install/rover_gazebo:/home/sachin/ros2_rover/install/rover_bringup:/home/sachin/ros2_rover/install/rover_localization:/opt/ros/jazzy/opt/gz_sim_vendor:/opt/ros/jazzy/opt/gz_sensors_vendor:/opt/ros/jazzy/opt/gz_physics_vendor:/opt/ros/jazzy/opt/sdformat_vendor:/opt/ros/jazzy/opt/gz_gui_vendor:/opt/ros/jazzy/opt/gz_transport_vendor:/opt/ros/jazzy/opt/gz_rendering_vendor:/opt/ros/jazzy/opt/gz_plugin_vendor:/opt/ros/jazzy/opt/gz_fuel_tools_vendor:/opt/ros/jazzy/opt/gz_msgs_vendor:/opt/ros/jazzy/opt/gz_common_vendor:/opt/ros/jazzy/opt/gz_math_vendor:/opt/ros/jazzy/opt/gz_utils_vendor:/opt/ros/jazzy/opt/gz_tools_vendor:/opt/ros/jazzy/opt/gz_ogre_next_vendor:/opt/ros/jazzy/opt/gz_dartsim_vendor:/opt/ros/jazzy/opt/gz_cmake_vendor:/home/sachin/ros2_rover/install/rover_teleop:/home/sachin/ros2_rover/install/rover_motor_controller:/opt/ros/jazzy DEBUGINFOD_URLS=https://debuginfod.ubuntu.com PS1=(.ros2_venv) \[\e]0;\u@\h: \w\a\]${debian_chroot:+($debian_chroot)}\[\033[01;32m\]\u@\h\[\033[00m\]:\[\033[01;34m\]\w\[\033[00m\]\$ PYTHONPATH=/home/sachin/ros2_rover/install/rover_msgs/lib/python3.12/site-packages:/home/sachin/ros2_rover/install/rover_teleop/lib/python3.12/site-packages:/home/sachin/ros2_rover/install/rover_motor_controller/lib/python3.12/site-packages:/opt/ros/jazzy/lib/python3.12/site-packages VIRTUAL_ENV_PROMPT=(.ros2_venv) /usr/bin/cmake --install /home/sachin/ros2_rover/build/rover_gazebo
