[0.037s] Invoking command in '/home/sachin/ros2_rover/build/rover_description': CMAKE_PREFIX_PATH=${CMAKE_PREFIX_PATH}:/opt/ros/jazzy DEBUGINFOD_URLS=https://debuginfod.ubuntu.com PS1=(.ros2_venv) \[\e]0;\u@\h: \w\a\]${debian_chroot:+($debian_chroot)}\[\033[01;32m\]\u@\h\[\033[00m\]:\[\033[01;34m\]\w\[\033[00m\]\$ VIRTUAL_ENV_PROMPT=(.ros2_venv) /usr/bin/cmake /home/sachin/ros2_rover/src/rover_description -DCMAKE_INSTALL_PREFIX=/home/sachin/ros2_rover/install/rover_description
[0.201s] -- The C compiler identification is GNU 13.3.0
[0.335s] -- The CXX compiler identification is GNU 13.3.0
[0.360s] -- Detecting C compiler ABI info
[0.511s] -- Detecting C compiler ABI info - done
[0.525s] -- Check for working C compiler: /usr/bin/cc - skipped
[0.525s] -- Detecting C compile features
[0.525s] -- Detecting C compile features - done
[0.538s] -- Detecting CXX compiler ABI info
[0.666s] -- Detecting CXX compiler ABI info - done
[0.678s] -- Check for working CXX compiler: /usr/bin/c++ - skipped
[0.678s] -- Detecting CXX compile features
[0.679s] -- Detecting CXX compile features - done
[0.686s] -- Found ament_cmake: 2.5.6 (/opt/ros/jazzy/share/ament_cmake/cmake)
[0.849s] -- Found Python3: /home/sachin/.ros2_venv/bin/python3 (found version "3.12.3") found components: Interpreter 
[1.160s] -- Configuring done (1.1s)
[1.165s] -- Generating done (0.0s)
[1.167s] -- Build files have been written to: /home/sachin/ros2_rover/build/rover_description
[1.176s] Invoked command in '/home/sachin/ros2_rover/build/rover_description' returned '0': CMAKE_PREFIX_PATH=${CMAKE_PREFIX_PATH}:/opt/ros/jazzy DEBUGINFOD_URLS=https://debuginfod.ubuntu.com PS1=(.ros2_venv) \[\e]0;\u@\h: \w\a\]${debian_chroot:+($debian_chroot)}\[\033[01;32m\]\u@\h\[\033[00m\]:\[\033[01;34m\]\w\[\033[00m\]\$ VIRTUAL_ENV_PROMPT=(.ros2_venv) /usr/bin/cmake /home/sachin/ros2_rover/src/rover_description -DCMAKE_INSTALL_PREFIX=/home/sachin/ros2_rover/install/rover_description
[1.177s] Invoking command in '/home/sachin/ros2_rover/build/rover_description': CMAKE_PREFIX_PATH=${CMAKE_PREFIX_PATH}:/opt/ros/jazzy DEBUGINFOD_URLS=https://debuginfod.ubuntu.com PS1=(.ros2_venv) \[\e]0;\u@\h: \w\a\]${debian_chroot:+($debian_chroot)}\[\033[01;32m\]\u@\h\[\033[00m\]:\[\033[01;34m\]\w\[\033[00m\]\$ VIRTUAL_ENV_PROMPT=(.ros2_venv) /usr/bin/cmake --build /home/sachin/ros2_rover/build/rover_description -- -j12 -l12
[1.219s] Invoked command in '/home/sachin/ros2_rover/build/rover_description' returned '0': CMAKE_PREFIX_PATH=${CMAKE_PREFIX_PATH}:/opt/ros/jazzy DEBUGINFOD_URLS=https://debuginfod.ubuntu.com PS1=(.ros2_venv) \[\e]0;\u@\h: \w\a\]${debian_chroot:+($debian_chroot)}\[\033[01;32m\]\u@\h\[\033[00m\]:\[\033[01;34m\]\w\[\033[00m\]\$ VIRTUAL_ENV_PROMPT=(.ros2_venv) /usr/bin/cmake --build /home/sachin/ros2_rover/build/rover_description -- -j12 -l12
[1.234s] Invoking command in '/home/sachin/ros2_rover/build/rover_description': CMAKE_PREFIX_PATH=${CMAKE_PREFIX_PATH}:/opt/ros/jazzy DEBUGINFOD_URLS=https://debuginfod.ubuntu.com PS1=(.ros2_venv) \[\e]0;\u@\h: \w\a\]${debian_chroot:+($debian_chroot)}\[\033[01;32m\]\u@\h\[\033[00m\]:\[\033[01;34m\]\w\[\033[00m\]\$ VIRTUAL_ENV_PROMPT=(.ros2_venv) /usr/bin/cmake --install /home/sachin/ros2_rover/build/rover_description
[1.247s] -- Install configuration: ""
[1.248s] -- Installing: /home/sachin/ros2_rover/install/rover_description/share/rover_description/config
[1.248s] -- Installing: /home/sachin/ros2_rover/install/rover_description/share/rover_description/config/control.yaml
[1.248s] -- Installing: /home/sachin/ros2_rover/install/rover_description/share/rover_description/launch
[1.248s] -- Installing: /home/sachin/ros2_rover/install/rover_description/share/rover_description/launch/robot_state_publisher.launch.py
[1.249s] -- Installing: /home/sachin/ros2_rover/install/rover_description/share/rover_description/meshes
[1.249s] -- Installing: /home/sachin/ros2_rover/install/rover_description/share/rover_description/meshes/sensors
[1.249s] -- Installing: /home/sachin/ros2_rover/install/rover_description/share/rover_description/meshes/sensors/asus_xtion
[1.249s] -- Installing: /home/sachin/ros2_rover/install/rover_description/share/rover_description/meshes/sensors/asus_xtion/asus_xtion_pro_live.png
[1.250s] -- Installing: /home/sachin/ros2_rover/install/rover_description/share/rover_description/meshes/sensors/asus_xtion/asus_xtion_pro_live.dae
[1.251s] -- Installing: /home/sachin/ros2_rover/install/rover_description/share/rover_description/meshes/sensors/hokuyo
[1.251s] -- Installing: /home/sachin/ros2_rover/install/rover_description/share/rover_description/meshes/sensors/hokuyo/hokuyo3d.jpg
[1.251s] -- Installing: /home/sachin/ros2_rover/install/rover_description/share/rover_description/meshes/sensors/hokuyo/hokuyo_ust_20lx.dae
[1.251s] -- Installing: /home/sachin/ros2_rover/install/rover_description/share/rover_description/meshes/sensors/hokuyo/hokuyo_ust_10lx.dae
[1.252s] -- Installing: /home/sachin/ros2_rover/install/rover_description/share/rover_description/meshes/sensors/hokuyo/hokuyo_urg_04lx.stl
[1.252s] -- Installing: /home/sachin/ros2_rover/install/rover_description/share/rover_description/meshes/sensors/hokuyo/hokuyo3d.stl
[1.252s] -- Installing: /home/sachin/ros2_rover/install/rover_description/share/rover_description/meshes/sensors/hokuyo/hokuyo_urg_04lx.dae
[1.253s] -- Installing: /home/sachin/ros2_rover/install/rover_description/share/rover_description/meshes/sensors/hokuyo/hokuyo3d.dae
[1.255s] -- Installing: /home/sachin/ros2_rover/install/rover_description/share/rover_description/meshes/sensors/hokuyo/hokuyo.png
[1.255s] -- Installing: /home/sachin/ros2_rover/install/rover_description/share/rover_description/meshes/sensors/hokuyo/hokuyo_utm_30lx.dae
[1.255s] -- Installing: /home/sachin/ros2_rover/install/rover_description/share/rover_description/meshes/sensors/hokuyo/hokuyo_utm_30lx.stl
[1.255s] -- Installing: /home/sachin/ros2_rover/install/rover_description/share/rover_description/meshes/bases
[1.256s] -- Installing: /home/sachin/ros2_rover/install/rover_description/share/rover_description/meshes/bases/back_right_steering_asm.stl
[1.256s] -- Installing: /home/sachin/ros2_rover/install/rover_description/share/rover_description/meshes/bases/left_bogie_asm.stl
[1.258s] -- Installing: /home/sachin/ros2_rover/install/rover_description/share/rover_description/meshes/bases/right_rocker_asm.stl
[1.261s] -- Installing: /home/sachin/ros2_rover/install/rover_description/share/rover_description/meshes/bases/left_rocker_asm.stl
[1.263s] -- Installing: /home/sachin/ros2_rover/install/rover_description/share/rover_description/meshes/bases/body_box.stl
[1.271s] -- Installing: /home/sachin/ros2_rover/install/rover_description/share/rover_description/meshes/bases/front_right_steering_asm.stl
[1.272s] -- Installing: /home/sachin/ros2_rover/install/rover_description/share/rover_description/meshes/bases/right_bogie_asm.stl
[1.277s] -- Installing: /home/sachin/ros2_rover/install/rover_description/share/rover_description/meshes/bases/turnbuckle.stl
[1.281s] -- Installing: /home/sachin/ros2_rover/install/rover_description/share/rover_description/meshes/bases/front_left_steering_asm.stl
[1.283s] -- Installing: /home/sachin/ros2_rover/install/rover_description/share/rover_description/meshes/bases/back_left_steering_asm.stl
[1.286s] -- Installing: /home/sachin/ros2_rover/install/rover_description/share/rover_description/meshes/bases/differential.stl
[1.287s] -- Installing: /home/sachin/ros2_rover/install/rover_description/share/rover_description/meshes/wheels
[1.287s] -- Installing: /home/sachin/ros2_rover/install/rover_description/share/rover_description/meshes/wheels/wheel.stl
[1.291s] -- Installing: /home/sachin/ros2_rover/install/rover_description/share/rover_description/meshes/wheels/wheel_asm.stl
[1.297s] -- Installing: /home/sachin/ros2_rover/install/rover_description/share/rover_description/urdf
[1.298s] -- Installing: /home/sachin/ros2_rover/install/rover_description/share/rover_description/urdf/sensors
[1.298s] -- Installing: /home/sachin/ros2_rover/install/rover_description/share/rover_description/urdf/sensors/asus_xtion.urdf.xacro
[1.298s] -- Installing: /home/sachin/ros2_rover/install/rover_description/share/rover_description/urdf/sensors/imu.urdf.xacro
[1.298s] -- Installing: /home/sachin/ros2_rover/install/rover_description/share/rover_description/urdf/sensors/hokuyo.urdf.xacro
[1.298s] -- Installing: /home/sachin/ros2_rover/install/rover_description/share/rover_description/urdf/sensors/all_sensors.urdf.xacro
[1.298s] -- Installing: /home/sachin/ros2_rover/install/rover_description/share/rover_description/urdf/inertials.xacro
[1.298s] -- Installing: /home/sachin/ros2_rover/install/rover_description/share/rover_description/urdf/bases
[1.298s] -- Installing: /home/sachin/ros2_rover/install/rover_description/share/rover_description/urdf/bases/bogie.urdf.xacro
[1.299s] -- Installing: /home/sachin/ros2_rover/install/rover_description/share/rover_description/urdf/bases/differential.urdf.xacro
[1.299s] -- Installing: /home/sachin/ros2_rover/install/rover_description/share/rover_description/urdf/bases/rocker.urdf.xacro
[1.299s] -- Installing: /home/sachin/ros2_rover/install/rover_description/share/rover_description/urdf/bases/turnbuckle.urdf.xacro
[1.299s] -- Installing: /home/sachin/ros2_rover/install/rover_description/share/rover_description/urdf/bases/body.urdf.xacro
[1.299s] -- Installing: /home/sachin/ros2_rover/install/rover_description/share/rover_description/urdf/wheels
[1.299s] -- Installing: /home/sachin/ros2_rover/install/rover_description/share/rover_description/urdf/wheels/corner.urdf.xacro
[1.300s] -- Installing: /home/sachin/ros2_rover/install/rover_description/share/rover_description/urdf/wheels/wheel.urdf.xacro
[1.300s] -- Installing: /home/sachin/ros2_rover/install/rover_description/share/rover_description/urdf/materials.xacro
[1.300s] -- Installing: /home/sachin/ros2_rover/install/rover_description/share/rover_description/robots
[1.300s] -- Installing: /home/sachin/ros2_rover/install/rover_description/share/rover_description/robots/rover.urdf.xacro
[1.300s] -- Installing: /home/sachin/ros2_rover/install/rover_description/share/rover_description/hooks
[1.300s] -- Installing: /home/sachin/ros2_rover/install/rover_description/share/rover_description/hooks/gz_sim_resource_path.dsv
[1.301s] -- Installing: /home/sachin/ros2_rover/install/rover_description/share/rover_description/hooks/gz_sim_resource_path.sh
[1.301s] -- Installing: /home/sachin/ros2_rover/install/rover_description/share/rover_description/environment/gz_sim_resource_path.sh
[1.301s] -- Installing: /home/sachin/ros2_rover/install/rover_description/share/rover_description/environment/gz_sim_resource_path.dsv
[1.301s] -- Installing: /home/sachin/ros2_rover/install/rover_description/share/ament_index/resource_index/package_run_dependencies/rover_description
[1.301s] -- Installing: /home/sachin/ros2_rover/install/rover_description/share/ament_index/resource_index/parent_prefix_path/rover_description
[1.301s] -- Installing: /home/sachin/ros2_rover/install/rover_description/share/rover_description/environment/ament_prefix_path.sh
[1.301s] -- Installing: /home/sachin/ros2_rover/install/rover_description/share/rover_description/environment/ament_prefix_path.dsv
[1.302s] -- Installing: /home/sachin/ros2_rover/install/rover_description/share/rover_description/environment/path.sh
[1.302s] -- Installing: /home/sachin/ros2_rover/install/rover_description/share/rover_description/environment/path.dsv
[1.302s] -- Installing: /home/sachin/ros2_rover/install/rover_description/share/rover_description/local_setup.bash
[1.302s] -- Installing: /home/sachin/ros2_rover/install/rover_description/share/rover_description/local_setup.sh
[1.302s] -- Installing: /home/sachin/ros2_rover/install/rover_description/share/rover_description/local_setup.zsh
[1.302s] -- Installing: /home/sachin/ros2_rover/install/rover_description/share/rover_description/local_setup.dsv
[1.303s] -- Installing: /home/sachin/ros2_rover/install/rover_description/share/rover_description/package.dsv
[1.303s] -- Installing: /home/sachin/ros2_rover/install/rover_description/share/ament_index/resource_index/packages/rover_description
[1.303s] -- Installing: /home/sachin/ros2_rover/install/rover_description/share/rover_description/cmake/rover_descriptionConfig.cmake
[1.303s] -- Installing: /home/sachin/ros2_rover/install/rover_description/share/rover_description/cmake/rover_descriptionConfig-version.cmake
[1.303s] -- Installing: /home/sachin/ros2_rover/install/rover_description/share/rover_description/package.xml
[1.306s] Invoked command in '/home/sachin/ros2_rover/build/rover_description' returned '0': CMAKE_PREFIX_PATH=${CMAKE_PREFIX_PATH}:/opt/ros/jazzy DEBUGINFOD_URLS=https://debuginfod.ubuntu.com PS1=(.ros2_venv) \[\e]0;\u@\h: \w\a\]${debian_chroot:+($debian_chroot)}\[\033[01;32m\]\u@\h\[\033[00m\]:\[\033[01;34m\]\w\[\033[00m\]\$ VIRTUAL_ENV_PROMPT=(.ros2_venv) /usr/bin/cmake --install /home/sachin/ros2_rover/build/rover_description
