[0.012s] Invoking command in '/home/ubuntu/ros2_rover/build/rover_msgs': CMAKE_PREFIX_PATH=${CMAKE_PREFIX_PATH}:/opt/ros/jazzy /usr/bin/cmake --build /home/ubuntu/ros2_rover/build/rover_msgs -- -j10 -l10
[0.066s] [  2%] Built target rover_msgs__rs
[0.066s] [  5%] Built target rover_msgs__rosidl_generator_type_description
[0.076s] [  5%] Built target ament_cmake_python_copy_rover_msgs
[0.081s] [  8%] Built target rover_msgs__cpp
[0.081s] [ 22%] Built target rover_msgs__rosidl_generator_c
[0.097s] [ 40%] Built target rover_msgs__rosidl_typesupport_c
[0.097s] [ 40%] Built target rover_msgs__rosidl_typesupport_fastrtps_c
[0.099s] [ 57%] Built target rover_msgs__rosidl_typesupport_cpp
[0.099s] [ 57%] Built target rover_msgs__rosidl_typesupport_introspection_c
[0.099s] [ 65%] Built target rover_msgs__rosidl_typesupport_introspection_cpp
[0.099s] [ 74%] Built target rover_msgs__rosidl_typesupport_fastrtps_cpp
[0.108s] [ 74%] Built target rover_msgs
[0.116s] [ 77%] Built target rover_msgs__py
[0.125s] [ 82%] Built target rover_msgs__rosidl_generator_py
[0.136s] [ 88%] Built target rover_msgs_s__rosidl_typesupport_fastrtps_c
[0.136s] [ 94%] Built target rover_msgs_s__rosidl_typesupport_introspection_c
[0.139s] [100%] Built target rover_msgs_s__rosidl_typesupport_c
[0.177s] running egg_info
[0.185s] writing rover_msgs.egg-info/PKG-INFO
[0.185s] writing dependency_links to rover_msgs.egg-info/dependency_links.txt
[0.185s] writing top-level names to rover_msgs.egg-info/top_level.txt
[0.208s] reading manifest file 'rover_msgs.egg-info/SOURCES.txt'
[0.208s] writing manifest file 'rover_msgs.egg-info/SOURCES.txt'
[0.221s] [100%] Built target ament_cmake_python_build_rover_msgs_egg
[0.226s] Invoked command in '/home/ubuntu/ros2_rover/build/rover_msgs' returned '0': CMAKE_PREFIX_PATH=${CMAKE_PREFIX_PATH}:/opt/ros/jazzy /usr/bin/cmake --build /home/ubuntu/ros2_rover/build/rover_msgs -- -j10 -l10
[0.227s] Invoking command in '/home/ubuntu/ros2_rover/build/rover_msgs': CMAKE_PREFIX_PATH=${CMAKE_PREFIX_PATH}:/opt/ros/jazzy /usr/bin/cmake --install /home/ubuntu/ros2_rover/build/rover_msgs
[0.230s] -- Install configuration: ""
[0.230s] -- Up-to-date: /home/ubuntu/ros2_rover/install/rover_msgs/share/ament_index/resource_index/rosidl_interfaces/rover_msgs
[0.230s] -- Up-to-date: /home/ubuntu/ros2_rover/install/rover_msgs/share/rover_msgs/msg/MotorsCommand.json
[0.230s] -- Up-to-date: /home/ubuntu/ros2_rover/install/rover_msgs/include/rover_msgs/rover_msgs
[0.230s] -- Up-to-date: /home/ubuntu/ros2_rover/install/rover_msgs/include/rover_msgs/rover_msgs/msg
[0.230s] -- Up-to-date: /home/ubuntu/ros2_rover/install/rover_msgs/include/rover_msgs/rover_msgs/msg/detail
[0.230s] -- Up-to-date: /home/ubuntu/ros2_rover/install/rover_msgs/include/rover_msgs/rover_msgs/msg/detail/motors_command__functions.h
[0.231s] -- Up-to-date: /home/ubuntu/ros2_rover/install/rover_msgs/include/rover_msgs/rover_msgs/msg/detail/motors_command__description.c
[0.231s] -- Up-to-date: /home/ubuntu/ros2_rover/install/rover_msgs/include/rover_msgs/rover_msgs/msg/detail/motors_command__struct.h
[0.231s] -- Up-to-date: /home/ubuntu/ros2_rover/install/rover_msgs/include/rover_msgs/rover_msgs/msg/detail/motors_command__type_support.c
[0.231s] -- Up-to-date: /home/ubuntu/ros2_rover/install/rover_msgs/include/rover_msgs/rover_msgs/msg/detail/motors_command__type_support.h
[0.231s] -- Up-to-date: /home/ubuntu/ros2_rover/install/rover_msgs/include/rover_msgs/rover_msgs/msg/detail/motors_command__functions.c
[0.231s] -- Up-to-date: /home/ubuntu/ros2_rover/install/rover_msgs/include/rover_msgs/rover_msgs/msg/rosidl_generator_c__visibility_control.h
[0.231s] -- Up-to-date: /home/ubuntu/ros2_rover/install/rover_msgs/include/rover_msgs/rover_msgs/msg/motors_command.h
[0.231s] -- Up-to-date: /home/ubuntu/ros2_rover/install/rover_msgs/share/rover_msgs/environment/library_path.sh
[0.231s] -- Up-to-date: /home/ubuntu/ros2_rover/install/rover_msgs/share/rover_msgs/environment/library_path.dsv
[0.231s] -- Up-to-date: /home/ubuntu/ros2_rover/install/rover_msgs/lib/librover_msgs__rosidl_generator_c.so
[0.231s] -- Up-to-date: /home/ubuntu/ros2_rover/install/rover_msgs/include/rover_msgs/rover_msgs
[0.231s] -- Up-to-date: /home/ubuntu/ros2_rover/install/rover_msgs/include/rover_msgs/rover_msgs/msg
[0.231s] -- Up-to-date: /home/ubuntu/ros2_rover/install/rover_msgs/include/rover_msgs/rover_msgs/msg/detail
[0.231s] -- Up-to-date: /home/ubuntu/ros2_rover/install/rover_msgs/include/rover_msgs/rover_msgs/msg/detail/motors_command__rosidl_typesupport_fastrtps_c.h
[0.231s] -- Up-to-date: /home/ubuntu/ros2_rover/install/rover_msgs/include/rover_msgs/rover_msgs/msg/rosidl_typesupport_fastrtps_c__visibility_control.h
[0.231s] -- Up-to-date: /home/ubuntu/ros2_rover/install/rover_msgs/lib/librover_msgs__rosidl_typesupport_fastrtps_c.so
[0.231s] -- Up-to-date: /home/ubuntu/ros2_rover/install/rover_msgs/include/rover_msgs/rover_msgs
[0.231s] -- Up-to-date: /home/ubuntu/ros2_rover/install/rover_msgs/include/rover_msgs/rover_msgs/msg
[0.231s] -- Up-to-date: /home/ubuntu/ros2_rover/install/rover_msgs/include/rover_msgs/rover_msgs/msg/detail
[0.231s] -- Up-to-date: /home/ubuntu/ros2_rover/install/rover_msgs/include/rover_msgs/rover_msgs/msg/detail/motors_command__rosidl_typesupport_introspection_c.h
[0.231s] -- Up-to-date: /home/ubuntu/ros2_rover/install/rover_msgs/include/rover_msgs/rover_msgs/msg/detail/motors_command__type_support.c
[0.231s] -- Up-to-date: /home/ubuntu/ros2_rover/install/rover_msgs/include/rover_msgs/rover_msgs/msg/rosidl_typesupport_introspection_c__visibility_control.h
[0.232s] -- Up-to-date: /home/ubuntu/ros2_rover/install/rover_msgs/lib/librover_msgs__rosidl_typesupport_introspection_c.so
[0.232s] -- Up-to-date: /home/ubuntu/ros2_rover/install/rover_msgs/lib/librover_msgs__rosidl_typesupport_c.so
[0.232s] -- Up-to-date: /home/ubuntu/ros2_rover/install/rover_msgs/include/rover_msgs/rover_msgs
[0.232s] -- Up-to-date: /home/ubuntu/ros2_rover/install/rover_msgs/include/rover_msgs/rover_msgs/msg
[0.232s] -- Up-to-date: /home/ubuntu/ros2_rover/install/rover_msgs/include/rover_msgs/rover_msgs/msg/detail
[0.232s] -- Up-to-date: /home/ubuntu/ros2_rover/install/rover_msgs/include/rover_msgs/rover_msgs/msg/detail/motors_command__type_support.hpp
[0.232s] -- Up-to-date: /home/ubuntu/ros2_rover/install/rover_msgs/include/rover_msgs/rover_msgs/msg/detail/motors_command__struct.hpp
[0.232s] -- Up-to-date: /home/ubuntu/ros2_rover/install/rover_msgs/include/rover_msgs/rover_msgs/msg/detail/motors_command__traits.hpp
[0.232s] -- Up-to-date: /home/ubuntu/ros2_rover/install/rover_msgs/include/rover_msgs/rover_msgs/msg/detail/motors_command__builder.hpp
[0.232s] -- Up-to-date: /home/ubuntu/ros2_rover/install/rover_msgs/include/rover_msgs/rover_msgs/msg/motors_command.hpp
[0.232s] -- Up-to-date: /home/ubuntu/ros2_rover/install/rover_msgs/include/rover_msgs/rover_msgs/msg/rosidl_generator_cpp__visibility_control.hpp
[0.232s] -- Up-to-date: /home/ubuntu/ros2_rover/install/rover_msgs/include/rover_msgs/rover_msgs
[0.232s] -- Up-to-date: /home/ubuntu/ros2_rover/install/rover_msgs/include/rover_msgs/rover_msgs/msg
[0.232s] -- Up-to-date: /home/ubuntu/ros2_rover/install/rover_msgs/include/rover_msgs/rover_msgs/msg/detail
[0.232s] -- Up-to-date: /home/ubuntu/ros2_rover/install/rover_msgs/include/rover_msgs/rover_msgs/msg/detail/motors_command__rosidl_typesupport_fastrtps_cpp.hpp
[0.232s] -- Up-to-date: /home/ubuntu/ros2_rover/install/rover_msgs/include/rover_msgs/rover_msgs/msg/detail/dds_fastrtps
[0.232s] -- Up-to-date: /home/ubuntu/ros2_rover/install/rover_msgs/include/rover_msgs/rover_msgs/msg/rosidl_typesupport_fastrtps_cpp__visibility_control.h
[0.232s] -- Up-to-date: /home/ubuntu/ros2_rover/install/rover_msgs/lib/librover_msgs__rosidl_typesupport_fastrtps_cpp.so
[0.232s] -- Up-to-date: /home/ubuntu/ros2_rover/install/rover_msgs/include/rover_msgs/rover_msgs
[0.232s] -- Up-to-date: /home/ubuntu/ros2_rover/install/rover_msgs/include/rover_msgs/rover_msgs/msg
[0.232s] -- Up-to-date: /home/ubuntu/ros2_rover/install/rover_msgs/include/rover_msgs/rover_msgs/msg/detail
[0.232s] -- Up-to-date: /home/ubuntu/ros2_rover/install/rover_msgs/include/rover_msgs/rover_msgs/msg/detail/motors_command__rosidl_typesupport_introspection_cpp.hpp
[0.232s] -- Up-to-date: /home/ubuntu/ros2_rover/install/rover_msgs/include/rover_msgs/rover_msgs/msg/detail/motors_command__type_support.cpp
[0.232s] -- Up-to-date: /home/ubuntu/ros2_rover/install/rover_msgs/lib/librover_msgs__rosidl_typesupport_introspection_cpp.so
[0.233s] -- Up-to-date: /home/ubuntu/ros2_rover/install/rover_msgs/lib/librover_msgs__rosidl_typesupport_cpp.so
[0.233s] -- Up-to-date: /home/ubuntu/ros2_rover/install/rover_msgs/share/rover_msgs/environment/pythonpath.sh
[0.233s] -- Up-to-date: /home/ubuntu/ros2_rover/install/rover_msgs/share/rover_msgs/environment/pythonpath.dsv
[0.233s] -- Up-to-date: /home/ubuntu/ros2_rover/install/rover_msgs/lib/python3.12/site-packages/rover_msgs-2.0.0-py3.12.egg-info
[0.233s] -- Installing: /home/ubuntu/ros2_rover/install/rover_msgs/lib/python3.12/site-packages/rover_msgs-2.0.0-py3.12.egg-info/SOURCES.txt
[0.233s] -- Installing: /home/ubuntu/ros2_rover/install/rover_msgs/lib/python3.12/site-packages/rover_msgs-2.0.0-py3.12.egg-info/top_level.txt
[0.233s] -- Installing: /home/ubuntu/ros2_rover/install/rover_msgs/lib/python3.12/site-packages/rover_msgs-2.0.0-py3.12.egg-info/dependency_links.txt
[0.233s] -- Installing: /home/ubuntu/ros2_rover/install/rover_msgs/lib/python3.12/site-packages/rover_msgs-2.0.0-py3.12.egg-info/PKG-INFO
[0.233s] -- Up-to-date: /home/ubuntu/ros2_rover/install/rover_msgs/lib/python3.12/site-packages/rover_msgs
[0.233s] -- Up-to-date: /home/ubuntu/ros2_rover/install/rover_msgs/lib/python3.12/site-packages/rover_msgs/rover_msgs_s__rosidl_typesupport_fastrtps_c.so
[0.233s] -- Up-to-date: /home/ubuntu/ros2_rover/install/rover_msgs/lib/python3.12/site-packages/rover_msgs/rover_msgs_s__rosidl_typesupport_c.so
[0.233s] -- Up-to-date: /home/ubuntu/ros2_rover/install/rover_msgs/lib/python3.12/site-packages/rover_msgs/_rover_msgs_s.ep.rosidl_typesupport_introspection_c.c
[0.233s] -- Up-to-date: /home/ubuntu/ros2_rover/install/rover_msgs/lib/python3.12/site-packages/rover_msgs/msg
[0.233s] -- Up-to-date: /home/ubuntu/ros2_rover/install/rover_msgs/lib/python3.12/site-packages/rover_msgs/msg/_motors_command.py
[0.233s] -- Up-to-date: /home/ubuntu/ros2_rover/install/rover_msgs/lib/python3.12/site-packages/rover_msgs/msg/__init__.py
[0.233s] -- Up-to-date: /home/ubuntu/ros2_rover/install/rover_msgs/lib/python3.12/site-packages/rover_msgs/msg/_motors_command_s.c
[0.233s] -- Up-to-date: /home/ubuntu/ros2_rover/install/rover_msgs/lib/python3.12/site-packages/rover_msgs/rover_msgs_s__rosidl_typesupport_introspection_c.so
[0.233s] -- Up-to-date: /home/ubuntu/ros2_rover/install/rover_msgs/lib/python3.12/site-packages/rover_msgs/_rover_msgs_s.ep.rosidl_typesupport_c.c
[0.233s] -- Up-to-date: /home/ubuntu/ros2_rover/install/rover_msgs/lib/python3.12/site-packages/rover_msgs/_rover_msgs_s.ep.rosidl_typesupport_fastrtps_c.c
[0.233s] -- Up-to-date: /home/ubuntu/ros2_rover/install/rover_msgs/lib/python3.12/site-packages/rover_msgs/__init__.py
[0.247s] Listing '/home/ubuntu/ros2_rover/install/rover_msgs/lib/python3.12/site-packages/rover_msgs'...
[0.247s] Listing '/home/ubuntu/ros2_rover/install/rover_msgs/lib/python3.12/site-packages/rover_msgs/msg'...
[0.251s] -- Up-to-date: /home/ubuntu/ros2_rover/install/rover_msgs/lib/python3.12/site-packages/rover_msgs/rover_msgs_s__rosidl_typesupport_fastrtps_c.so
[0.251s] -- Up-to-date: /home/ubuntu/ros2_rover/install/rover_msgs/lib/python3.12/site-packages/rover_msgs/rover_msgs_s__rosidl_typesupport_introspection_c.so
[0.251s] -- Up-to-date: /home/ubuntu/ros2_rover/install/rover_msgs/lib/python3.12/site-packages/rover_msgs/rover_msgs_s__rosidl_typesupport_c.so
[0.251s] -- Up-to-date: /home/ubuntu/ros2_rover/install/rover_msgs/lib/librover_msgs__rosidl_generator_py.so
[0.251s] -- Up-to-date: /home/ubuntu/ros2_rover/install/rover_msgs/share/ament_index/resource_index/rust_packages/rover_msgs
[0.252s] -- Up-to-date: /home/ubuntu/ros2_rover/install/rover_msgs/share/rover_msgs/rust
[0.252s] -- Up-to-date: /home/ubuntu/ros2_rover/install/rover_msgs/share/rover_msgs/rust/src
[0.252s] -- Up-to-date: /home/ubuntu/ros2_rover/install/rover_msgs/share/rover_msgs/rust/src/lib.rs
[0.252s] -- Up-to-date: /home/ubuntu/ros2_rover/install/rover_msgs/share/rover_msgs/rust/src/msg.rs
[0.252s] -- Up-to-date: /home/ubuntu/ros2_rover/install/rover_msgs/share/rover_msgs/rust/src/msg
[0.252s] -- Up-to-date: /home/ubuntu/ros2_rover/install/rover_msgs/share/rover_msgs/rust/src/msg/rmw.rs
[0.252s] -- Up-to-date: /home/ubuntu/ros2_rover/install/rover_msgs/share/rover_msgs/rust/build.rs
[0.252s] -- Up-to-date: /home/ubuntu/ros2_rover/install/rover_msgs/share/rover_msgs/rust/Cargo.toml
[0.252s] -- Up-to-date: /home/ubuntu/ros2_rover/install/rover_msgs/share/rover_msgs/msg/MotorsCommand.idl
[0.252s] -- Up-to-date: /home/ubuntu/ros2_rover/install/rover_msgs/share/rover_msgs/msg/MotorsCommand.msg
[0.252s] -- Up-to-date: /home/ubuntu/ros2_rover/install/rover_msgs/share/ament_index/resource_index/package_run_dependencies/rover_msgs
[0.252s] -- Up-to-date: /home/ubuntu/ros2_rover/install/rover_msgs/share/ament_index/resource_index/parent_prefix_path/rover_msgs
[0.252s] -- Up-to-date: /home/ubuntu/ros2_rover/install/rover_msgs/share/rover_msgs/environment/ament_prefix_path.sh
[0.252s] -- Up-to-date: /home/ubuntu/ros2_rover/install/rover_msgs/share/rover_msgs/environment/ament_prefix_path.dsv
[0.252s] -- Up-to-date: /home/ubuntu/ros2_rover/install/rover_msgs/share/rover_msgs/environment/path.sh
[0.252s] -- Up-to-date: /home/ubuntu/ros2_rover/install/rover_msgs/share/rover_msgs/environment/path.dsv
[0.252s] -- Up-to-date: /home/ubuntu/ros2_rover/install/rover_msgs/share/rover_msgs/local_setup.bash
[0.252s] -- Up-to-date: /home/ubuntu/ros2_rover/install/rover_msgs/share/rover_msgs/local_setup.sh
[0.252s] -- Up-to-date: /home/ubuntu/ros2_rover/install/rover_msgs/share/rover_msgs/local_setup.zsh
[0.252s] -- Up-to-date: /home/ubuntu/ros2_rover/install/rover_msgs/share/rover_msgs/local_setup.dsv
[0.252s] -- Installing: /home/ubuntu/ros2_rover/install/rover_msgs/share/rover_msgs/package.dsv
[0.252s] -- Up-to-date: /home/ubuntu/ros2_rover/install/rover_msgs/share/ament_index/resource_index/packages/rover_msgs
[0.252s] -- Up-to-date: /home/ubuntu/ros2_rover/install/rover_msgs/share/rover_msgs/cmake/export_rover_msgs__rosidl_generator_cExport.cmake
[0.252s] -- Up-to-date: /home/ubuntu/ros2_rover/install/rover_msgs/share/rover_msgs/cmake/export_rover_msgs__rosidl_generator_cExport-noconfig.cmake
[0.252s] -- Up-to-date: /home/ubuntu/ros2_rover/install/rover_msgs/share/rover_msgs/cmake/export_rover_msgs__rosidl_typesupport_fastrtps_cExport.cmake
[0.253s] -- Up-to-date: /home/ubuntu/ros2_rover/install/rover_msgs/share/rover_msgs/cmake/export_rover_msgs__rosidl_typesupport_fastrtps_cExport-noconfig.cmake
[0.253s] -- Up-to-date: /home/ubuntu/ros2_rover/install/rover_msgs/share/rover_msgs/cmake/rover_msgs__rosidl_typesupport_introspection_cExport.cmake
[0.253s] -- Up-to-date: /home/ubuntu/ros2_rover/install/rover_msgs/share/rover_msgs/cmake/rover_msgs__rosidl_typesupport_introspection_cExport-noconfig.cmake
[0.253s] -- Up-to-date: /home/ubuntu/ros2_rover/install/rover_msgs/share/rover_msgs/cmake/rover_msgs__rosidl_typesupport_cExport.cmake
[0.253s] -- Up-to-date: /home/ubuntu/ros2_rover/install/rover_msgs/share/rover_msgs/cmake/rover_msgs__rosidl_typesupport_cExport-noconfig.cmake
[0.253s] -- Up-to-date: /home/ubuntu/ros2_rover/install/rover_msgs/share/rover_msgs/cmake/export_rover_msgs__rosidl_generator_cppExport.cmake
[0.253s] -- Up-to-date: /home/ubuntu/ros2_rover/install/rover_msgs/share/rover_msgs/cmake/export_rover_msgs__rosidl_typesupport_fastrtps_cppExport.cmake
[0.253s] -- Up-to-date: /home/ubuntu/ros2_rover/install/rover_msgs/share/rover_msgs/cmake/export_rover_msgs__rosidl_typesupport_fastrtps_cppExport-noconfig.cmake
[0.253s] -- Up-to-date: /home/ubuntu/ros2_rover/install/rover_msgs/share/rover_msgs/cmake/rover_msgs__rosidl_typesupport_introspection_cppExport.cmake
[0.253s] -- Up-to-date: /home/ubuntu/ros2_rover/install/rover_msgs/share/rover_msgs/cmake/rover_msgs__rosidl_typesupport_introspection_cppExport-noconfig.cmake
[0.253s] -- Up-to-date: /home/ubuntu/ros2_rover/install/rover_msgs/share/rover_msgs/cmake/rover_msgs__rosidl_typesupport_cppExport.cmake
[0.253s] -- Up-to-date: /home/ubuntu/ros2_rover/install/rover_msgs/share/rover_msgs/cmake/rover_msgs__rosidl_typesupport_cppExport-noconfig.cmake
[0.253s] -- Up-to-date: /home/ubuntu/ros2_rover/install/rover_msgs/share/rover_msgs/cmake/export_rover_msgs__rosidl_generator_pyExport.cmake
[0.253s] -- Up-to-date: /home/ubuntu/ros2_rover/install/rover_msgs/share/rover_msgs/cmake/export_rover_msgs__rosidl_generator_pyExport-noconfig.cmake
[0.253s] -- Up-to-date: /home/ubuntu/ros2_rover/install/rover_msgs/share/rover_msgs/cmake/rosidl_cmake-extras.cmake
[0.253s] -- Up-to-date: /home/ubuntu/ros2_rover/install/rover_msgs/share/rover_msgs/cmake/ament_cmake_export_include_directories-extras.cmake
[0.253s] -- Up-to-date: /home/ubuntu/ros2_rover/install/rover_msgs/share/rover_msgs/cmake/ament_cmake_export_libraries-extras.cmake
[0.253s] -- Up-to-date: /home/ubuntu/ros2_rover/install/rover_msgs/share/rover_msgs/cmake/ament_cmake_export_targets-extras.cmake
[0.253s] -- Up-to-date: /home/ubuntu/ros2_rover/install/rover_msgs/share/rover_msgs/cmake/rosidl_cmake_export_typesupport_targets-extras.cmake
[0.253s] -- Up-to-date: /home/ubuntu/ros2_rover/install/rover_msgs/share/rover_msgs/cmake/ament_cmake_export_dependencies-extras.cmake
[0.253s] -- Up-to-date: /home/ubuntu/ros2_rover/install/rover_msgs/share/rover_msgs/cmake/rosidl_cmake_export_typesupport_libraries-extras.cmake
[0.253s] -- Up-to-date: /home/ubuntu/ros2_rover/install/rover_msgs/share/rover_msgs/cmake/rosidl_cmake_aggregate_target-extras.cmake
[0.253s] -- Up-to-date: /home/ubuntu/ros2_rover/install/rover_msgs/share/rover_msgs/cmake/rover_msgsConfig.cmake
[0.253s] -- Up-to-date: /home/ubuntu/ros2_rover/install/rover_msgs/share/rover_msgs/cmake/rover_msgsConfig-version.cmake
[0.253s] -- Up-to-date: /home/ubuntu/ros2_rover/install/rover_msgs/share/rover_msgs/package.xml
[0.255s] Invoked command in '/home/ubuntu/ros2_rover/build/rover_msgs' returned '0': CMAKE_PREFIX_PATH=${CMAKE_PREFIX_PATH}:/opt/ros/jazzy /usr/bin/cmake --install /home/ubuntu/ros2_rover/build/rover_msgs
