[1.084s] Invoking command in '/home/ubuntu/ros2_rover/src/rover_teleop': PYTHONPATH=/home/ubuntu/ros2_rover/build/rover_teleop/prefix_override:/usr/lib/python3/dist-packages/colcon_core/task/python/colcon_distutils_commands:/home/ubuntu/ros2_rover/install/rover_teleop/lib/python3.12/site-packages:${PYTHONPATH} /usr/bin/python3 -W ignore:setup.py install is deprecated -W ignore:easy_install command is deprecated setup.py egg_info --egg-base ../../build/rover_teleop build --build-base /home/ubuntu/ros2_rover/build/rover_teleop/build install --record /home/ubuntu/ros2_rover/build/rover_teleop/install.log --install-scripts $base/lib/rover_teleop --single-version-externally-managed install_data
[1.184s] /usr/lib/python3/dist-packages/setuptools/dist.py:744: SetuptoolsDeprecationWarning: Invalid dash-separated options
[1.184s] !!
[1.184s] 
[1.184s]         ********************************************************************************
[1.184s]         Usage of dash-separated 'script-dir' will not be supported in future
[1.184s]         versions. Please use the underscore name 'script_dir' instead.
[1.184s] 
[1.184s]         This deprecation is overdue, please update your project and remove deprecated
[1.184s]         calls to avoid build errors in the future.
[1.184s] 
[1.184s]         See https://setuptools.pypa.io/en/latest/userguide/declarative_config.html for details.
[1.184s]         ********************************************************************************
[1.184s] 
[1.184s] !!
[1.184s]   opt = self.warn_dash_deprecation(opt, section)
[1.247s] running egg_info
[1.255s] writing ../../build/rover_teleop/rover_teleop.egg-info/PKG-INFO
[1.255s] writing dependency_links to ../../build/rover_teleop/rover_teleop.egg-info/dependency_links.txt
[1.255s] writing entry points to ../../build/rover_teleop/rover_teleop.egg-info/entry_points.txt
[1.255s] writing requirements to ../../build/rover_teleop/rover_teleop.egg-info/requires.txt
[1.256s] writing top-level names to ../../build/rover_teleop/rover_teleop.egg-info/top_level.txt
[1.273s] reading manifest file '../../build/rover_teleop/rover_teleop.egg-info/SOURCES.txt'
[1.273s] writing manifest file '../../build/rover_teleop/rover_teleop.egg-info/SOURCES.txt'
[1.273s] running build
[1.273s] running build_py
[1.273s] running install
[1.277s] running install_lib
[1.288s] running install_data
[1.288s] running install_egg_info
[1.299s] removing '/home/ubuntu/ros2_rover/install/rover_teleop/lib/python3.12/site-packages/rover_teleop-2.0.0-py3.12.egg-info' (and everything under it)
[1.301s] Copying ../../build/rover_teleop/rover_teleop.egg-info to /home/ubuntu/ros2_rover/install/rover_teleop/lib/python3.12/site-packages/rover_teleop-2.0.0-py3.12.egg-info
[1.302s] running install_scripts
[1.372s] Installing teleop_keyboard_node script to /home/ubuntu/ros2_rover/install/rover_teleop/lib/rover_teleop
[1.372s] writing list of installed files to '/home/ubuntu/ros2_rover/build/rover_teleop/install.log'
[1.388s] Invoked command in '/home/ubuntu/ros2_rover/src/rover_teleop' returned '0': PYTHONPATH=/home/ubuntu/ros2_rover/build/rover_teleop/prefix_override:/usr/lib/python3/dist-packages/colcon_core/task/python/colcon_distutils_commands:/home/ubuntu/ros2_rover/install/rover_teleop/lib/python3.12/site-packages:${PYTHONPATH} /usr/bin/python3 -W ignore:setup.py install is deprecated -W ignore:easy_install command is deprecated setup.py egg_info --egg-base ../../build/rover_teleop build --build-base /home/ubuntu/ros2_rover/build/rover_teleop/build install --record /home/ubuntu/ros2_rover/build/rover_teleop/install.log --install-scripts $base/lib/rover_teleop --single-version-externally-managed install_data
