/usr/lib/python3/dist-packages/setuptools/dist.py:744: SetuptoolsDeprecationWarning: Invalid dash-separated options
!!

        ********************************************************************************
        Usage of dash-separated 'script-dir' will not be supported in future
        versions. Please use the underscore name 'script_dir' instead.

        This deprecation is overdue, please update your project and remove deprecated
        calls to avoid build errors in the future.

        See https://setuptools.pypa.io/en/latest/userguide/declarative_config.html for details.
        ********************************************************************************

!!
  opt = self.warn_dash_deprecation(opt, section)
running egg_info
creating ../../build/rover_motor_controller/rover_motor_controller.egg-info
writing ../../build/rover_motor_controller/rover_motor_controller.egg-info/PKG-INFO
writing dependency_links to ../../build/rover_motor_controller/rover_motor_controller.egg-info/dependency_links.txt
writing entry points to ../../build/rover_motor_controller/rover_motor_controller.egg-info/entry_points.txt
writing requirements to ../../build/rover_motor_controller/rover_motor_controller.egg-info/requires.txt
writing top-level names to ../../build/rover_motor_controller/rover_motor_controller.egg-info/top_level.txt
writing manifest file '../../build/rover_motor_controller/rover_motor_controller.egg-info/SOURCES.txt'
reading manifest file '../../build/rover_motor_controller/rover_motor_controller.egg-info/SOURCES.txt'
writing manifest file '../../build/rover_motor_controller/rover_motor_controller.egg-info/SOURCES.txt'
running build
running build_py
creating /home/ubuntu/ros2_rover/build/rover_motor_controller/build
creating /home/ubuntu/ros2_rover/build/rover_motor_controller/build/lib
creating /home/ubuntu/ros2_rover/build/rover_motor_controller/build/lib/rover_motor_controller
copying rover_motor_controller/vel_parser_node_main.py -> /home/ubuntu/ros2_rover/build/rover_motor_controller/build/lib/rover_motor_controller
copying rover_motor_controller/controller_node_main.py -> /home/ubuntu/ros2_rover/build/rover_motor_controller/build/lib/rover_motor_controller
copying rover_motor_controller/__init__.py -> /home/ubuntu/ros2_rover/build/rover_motor_controller/build/lib/rover_motor_controller
creating /home/ubuntu/ros2_rover/build/rover_motor_controller/build/lib/rover_motor_controller/motor_controller
copying rover_motor_controller/motor_controller/controller_node.py -> /home/ubuntu/ros2_rover/build/rover_motor_controller/build/lib/rover_motor_controller/motor_controller
copying rover_motor_controller/motor_controller/__init__.py -> /home/ubuntu/ros2_rover/build/rover_motor_controller/build/lib/rover_motor_controller/motor_controller
copying rover_motor_controller/motor_controller/vel_parser_node.py -> /home/ubuntu/ros2_rover/build/rover_motor_controller/build/lib/rover_motor_controller/motor_controller
creating /home/ubuntu/ros2_rover/build/rover_motor_controller/build/lib/rover_motor_controller/lx16a
copying rover_motor_controller/lx16a/motor_controller.py -> /home/ubuntu/ros2_rover/build/rover_motor_controller/build/lib/rover_motor_controller/lx16a
copying rover_motor_controller/lx16a/lx16a_consts.py -> /home/ubuntu/ros2_rover/build/rover_motor_controller/build/lib/rover_motor_controller/lx16a
copying rover_motor_controller/lx16a/__init__.py -> /home/ubuntu/ros2_rover/build/rover_motor_controller/build/lib/rover_motor_controller/lx16a
copying rover_motor_controller/lx16a/lx16a.py -> /home/ubuntu/ros2_rover/build/rover_motor_controller/build/lib/rover_motor_controller/lx16a
running install
running install_lib
creating /home/ubuntu/ros2_rover/install/rover_motor_controller/lib/python3.12/site-packages/rover_motor_controller
copying /home/ubuntu/ros2_rover/build/rover_motor_controller/build/lib/rover_motor_controller/vel_parser_node_main.py -> /home/ubuntu/ros2_rover/install/rover_motor_controller/lib/python3.12/site-packages/rover_motor_controller
copying /home/ubuntu/ros2_rover/build/rover_motor_controller/build/lib/rover_motor_controller/controller_node_main.py -> /home/ubuntu/ros2_rover/install/rover_motor_controller/lib/python3.12/site-packages/rover_motor_controller
creating /home/ubuntu/ros2_rover/install/rover_motor_controller/lib/python3.12/site-packages/rover_motor_controller/motor_controller
copying /home/ubuntu/ros2_rover/build/rover_motor_controller/build/lib/rover_motor_controller/motor_controller/controller_node.py -> /home/ubuntu/ros2_rover/install/rover_motor_controller/lib/python3.12/site-packages/rover_motor_controller/motor_controller
copying /home/ubuntu/ros2_rover/build/rover_motor_controller/build/lib/rover_motor_controller/motor_controller/__init__.py -> /home/ubuntu/ros2_rover/install/rover_motor_controller/lib/python3.12/site-packages/rover_motor_controller/motor_controller
copying /home/ubuntu/ros2_rover/build/rover_motor_controller/build/lib/rover_motor_controller/motor_controller/vel_parser_node.py -> /home/ubuntu/ros2_rover/install/rover_motor_controller/lib/python3.12/site-packages/rover_motor_controller/motor_controller
creating /home/ubuntu/ros2_rover/install/rover_motor_controller/lib/python3.12/site-packages/rover_motor_controller/lx16a
copying /home/ubuntu/ros2_rover/build/rover_motor_controller/build/lib/rover_motor_controller/lx16a/motor_controller.py -> /home/ubuntu/ros2_rover/install/rover_motor_controller/lib/python3.12/site-packages/rover_motor_controller/lx16a
copying /home/ubuntu/ros2_rover/build/rover_motor_controller/build/lib/rover_motor_controller/lx16a/lx16a_consts.py -> /home/ubuntu/ros2_rover/install/rover_motor_controller/lib/python3.12/site-packages/rover_motor_controller/lx16a
copying /home/ubuntu/ros2_rover/build/rover_motor_controller/build/lib/rover_motor_controller/lx16a/__init__.py -> /home/ubuntu/ros2_rover/install/rover_motor_controller/lib/python3.12/site-packages/rover_motor_controller/lx16a
copying /home/ubuntu/ros2_rover/build/rover_motor_controller/build/lib/rover_motor_controller/lx16a/lx16a.py -> /home/ubuntu/ros2_rover/install/rover_motor_controller/lib/python3.12/site-packages/rover_motor_controller/lx16a
copying /home/ubuntu/ros2_rover/build/rover_motor_controller/build/lib/rover_motor_controller/__init__.py -> /home/ubuntu/ros2_rover/install/rover_motor_controller/lib/python3.12/site-packages/rover_motor_controller
byte-compiling /home/ubuntu/ros2_rover/install/rover_motor_controller/lib/python3.12/site-packages/rover_motor_controller/vel_parser_node_main.py to vel_parser_node_main.cpython-312.pyc
byte-compiling /home/ubuntu/ros2_rover/install/rover_motor_controller/lib/python3.12/site-packages/rover_motor_controller/controller_node_main.py to controller_node_main.cpython-312.pyc
byte-compiling /home/ubuntu/ros2_rover/install/rover_motor_controller/lib/python3.12/site-packages/rover_motor_controller/motor_controller/controller_node.py to controller_node.cpython-312.pyc
byte-compiling /home/ubuntu/ros2_rover/install/rover_motor_controller/lib/python3.12/site-packages/rover_motor_controller/motor_controller/__init__.py to __init__.cpython-312.pyc
byte-compiling /home/ubuntu/ros2_rover/install/rover_motor_controller/lib/python3.12/site-packages/rover_motor_controller/motor_controller/vel_parser_node.py to vel_parser_node.cpython-312.pyc
byte-compiling /home/ubuntu/ros2_rover/install/rover_motor_controller/lib/python3.12/site-packages/rover_motor_controller/lx16a/motor_controller.py to motor_controller.cpython-312.pyc
byte-compiling /home/ubuntu/ros2_rover/install/rover_motor_controller/lib/python3.12/site-packages/rover_motor_controller/lx16a/lx16a_consts.py to lx16a_consts.cpython-312.pyc
byte-compiling /home/ubuntu/ros2_rover/install/rover_motor_controller/lib/python3.12/site-packages/rover_motor_controller/lx16a/__init__.py to __init__.cpython-312.pyc
byte-compiling /home/ubuntu/ros2_rover/install/rover_motor_controller/lib/python3.12/site-packages/rover_motor_controller/lx16a/lx16a.py to lx16a.cpython-312.pyc
byte-compiling /home/ubuntu/ros2_rover/install/rover_motor_controller/lib/python3.12/site-packages/rover_motor_controller/__init__.py to __init__.cpython-312.pyc
running install_data
creating /home/ubuntu/ros2_rover/install/rover_motor_controller/share/ament_index
creating /home/ubuntu/ros2_rover/install/rover_motor_controller/share/ament_index/resource_index
creating /home/ubuntu/ros2_rover/install/rover_motor_controller/share/ament_index/resource_index/packages
copying resource/rover_motor_controller -> /home/ubuntu/ros2_rover/install/rover_motor_controller/share/ament_index/resource_index/packages
copying package.xml -> /home/ubuntu/ros2_rover/install/rover_motor_controller/share/rover_motor_controller
creating /home/ubuntu/ros2_rover/install/rover_motor_controller/share/rover_motor_controller/launch
copying launch/motor_controller.launch.py -> /home/ubuntu/ros2_rover/install/rover_motor_controller/share/rover_motor_controller/launch/
running install_egg_info
Copying ../../build/rover_motor_controller/rover_motor_controller.egg-info to /home/ubuntu/ros2_rover/install/rover_motor_controller/lib/python3.12/site-packages/rover_motor_controller-2.0.0-py3.12.egg-info
running install_scripts
Installing controller_node script to /home/ubuntu/ros2_rover/install/rover_motor_controller/lib/rover_motor_controller
Installing vel_parser_node script to /home/ubuntu/ros2_rover/install/rover_motor_controller/lib/rover_motor_controller
writing list of installed files to '/home/ubuntu/ros2_rover/build/rover_motor_controller/install.log'
