[0.011s] Invoking command in '/home/ubuntu/ros2_rover/build/rover_localization': CMAKE_PREFIX_PATH=${CMAKE_PREFIX_PATH}:/home/ubuntu/ros2_rover/install/rover_teleop:/home/ubuntu/ros2_rover/install/rover_motor_controller:/opt/ros/jazzy /usr/bin/cmake --build /home/ubuntu/ros2_rover/build/rover_localization -- -j10 -l10
[0.136s] Invoked command in '/home/ubuntu/ros2_rover/build/rover_localization' returned '0': CMAKE_PREFIX_PATH=${CMAKE_PREFIX_PATH}:/home/ubuntu/ros2_rover/install/rover_teleop:/home/ubuntu/ros2_rover/install/rover_motor_controller:/opt/ros/jazzy /usr/bin/cmake --build /home/ubuntu/ros2_rover/build/rover_localization -- -j10 -l10
[0.141s] Invoking command in '/home/ubuntu/ros2_rover/build/rover_localization': CMAKE_PREFIX_PATH=${CMAKE_PREFIX_PATH}:/home/ubuntu/ros2_rover/install/rover_teleop:/home/ubuntu/ros2_rover/install/rover_motor_controller:/opt/ros/jazzy /usr/bin/cmake --install /home/ubuntu/ros2_rover/build/rover_localization
[0.145s] -- Install configuration: ""
[0.145s] -- Up-to-date: /home/ubuntu/ros2_rover/install/rover_localization/share/rover_localization//launch
[0.146s] -- Up-to-date: /home/ubuntu/ros2_rover/install/rover_localization/share/rover_localization//launch/rtabmap.launch.py
[0.146s] -- Up-to-date: /home/ubuntu/ros2_rover/install/rover_localization/share/rover_localization//launch/localization.launch.py
[0.146s] -- Up-to-date: /home/ubuntu/ros2_rover/install/rover_localization/share/rover_localization//launch/rgbd_odometry.launch.py
[0.146s] -- Up-to-date: /home/ubuntu/ros2_rover/install/rover_localization/share/rover_localization//launch/ekf.launch.py
[0.146s] -- Up-to-date: /home/ubuntu/ros2_rover/install/rover_localization/share/rover_localization//config
[0.146s] -- Up-to-date: /home/ubuntu/ros2_rover/install/rover_localization/share/rover_localization//config/ekf.yaml
[0.146s] -- Up-to-date: /home/ubuntu/ros2_rover/install/rover_localization/share/ament_index/resource_index/package_run_dependencies/rover_localization
[0.147s] -- Up-to-date: /home/ubuntu/ros2_rover/install/rover_localization/share/ament_index/resource_index/parent_prefix_path/rover_localization
[0.147s] -- Up-to-date: /home/ubuntu/ros2_rover/install/rover_localization/share/rover_localization/environment/ament_prefix_path.sh
[0.147s] -- Up-to-date: /home/ubuntu/ros2_rover/install/rover_localization/share/rover_localization/environment/ament_prefix_path.dsv
[0.147s] -- Up-to-date: /home/ubuntu/ros2_rover/install/rover_localization/share/rover_localization/environment/path.sh
[0.147s] -- Up-to-date: /home/ubuntu/ros2_rover/install/rover_localization/share/rover_localization/environment/path.dsv
[0.147s] -- Up-to-date: /home/ubuntu/ros2_rover/install/rover_localization/share/rover_localization/local_setup.bash
[0.147s] -- Up-to-date: /home/ubuntu/ros2_rover/install/rover_localization/share/rover_localization/local_setup.sh
[0.147s] -- Up-to-date: /home/ubuntu/ros2_rover/install/rover_localization/share/rover_localization/local_setup.zsh
[0.147s] -- Up-to-date: /home/ubuntu/ros2_rover/install/rover_localization/share/rover_localization/local_setup.dsv
[0.147s] -- Installing: /home/ubuntu/ros2_rover/install/rover_localization/share/rover_localization/package.dsv
[0.147s] -- Up-to-date: /home/ubuntu/ros2_rover/install/rover_localization/share/ament_index/resource_index/packages/rover_localization
[0.147s] -- Up-to-date: /home/ubuntu/ros2_rover/install/rover_localization/share/rover_localization/cmake/rover_localizationConfig.cmake
[0.147s] -- Up-to-date: /home/ubuntu/ros2_rover/install/rover_localization/share/rover_localization/cmake/rover_localizationConfig-version.cmake
[0.147s] -- Up-to-date: /home/ubuntu/ros2_rover/install/rover_localization/share/rover_localization/package.xml
[0.154s] Invoked command in '/home/ubuntu/ros2_rover/build/rover_localization' returned '0': CMAKE_PREFIX_PATH=${CMAKE_PREFIX_PATH}:/home/ubuntu/ros2_rover/install/rover_teleop:/home/ubuntu/ros2_rover/install/rover_motor_controller:/opt/ros/jazzy /usr/bin/cmake --install /home/ubuntu/ros2_rover/build/rover_localization
