[0.011s] Invoking command in '/home/ubuntu/ros2_rover/build/rover_description': CMAKE_PREFIX_PATH=${CMAKE_PREFIX_PATH}:/opt/ros/jazzy /usr/bin/cmake /home/ubuntu/ros2_rover/src/rover_description -DCMAKE_INSTALL_PREFIX=/home/ubuntu/ros2_rover/install/rover_description
[0.117s] -- The C compiler identification is GNU 13.3.0
[0.199s] -- The CXX compiler identification is GNU 13.3.0
[0.211s] -- Detecting C compiler ABI info
[0.259s] -- Detecting C compiler ABI info - done
[0.263s] -- Check for working C compiler: /usr/bin/cc - skipped
[0.263s] -- Detecting C compile features
[0.263s] -- Detecting C compile features - done
[0.268s] -- Detecting CXX compiler ABI info
[0.325s] -- Detecting CXX compiler ABI info - done
[0.330s] -- Check for working CXX compiler: /usr/bin/c++ - skipped
[0.330s] -- Detecting CXX compile features
[0.331s] -- Detecting CXX compile features - done
[0.340s] -- Found ament_cmake: 2.5.6 (/opt/ros/jazzy/share/ament_cmake/cmake)
[0.431s] -- Found Python3: /usr/bin/python3 (found version "3.12.3") found components: Interpreter 
[0.580s] -- Configuring done (0.6s)
[0.581s] -- Generating done (0.0s)
[0.582s] -- Build files have been written to: /home/ubuntu/ros2_rover/build/rover_description
[0.586s] Invoked command in '/home/ubuntu/ros2_rover/build/rover_description' returned '0': CMAKE_PREFIX_PATH=${CMAKE_PREFIX_PATH}:/opt/ros/jazzy /usr/bin/cmake /home/ubuntu/ros2_rover/src/rover_description -DCMAKE_INSTALL_PREFIX=/home/ubuntu/ros2_rover/install/rover_description
[0.586s] Invoking command in '/home/ubuntu/ros2_rover/build/rover_description': CMAKE_PREFIX_PATH=${CMAKE_PREFIX_PATH}:/opt/ros/jazzy /usr/bin/cmake --build /home/ubuntu/ros2_rover/build/rover_description -- -j10 -l10
[0.605s] Invoked command in '/home/ubuntu/ros2_rover/build/rover_description' returned '0': CMAKE_PREFIX_PATH=${CMAKE_PREFIX_PATH}:/opt/ros/jazzy /usr/bin/cmake --build /home/ubuntu/ros2_rover/build/rover_description -- -j10 -l10
[0.614s] Invoking command in '/home/ubuntu/ros2_rover/build/rover_description': CMAKE_PREFIX_PATH=${CMAKE_PREFIX_PATH}:/opt/ros/jazzy /usr/bin/cmake --install /home/ubuntu/ros2_rover/build/rover_description
[0.614s] -- Install configuration: ""
[0.614s] -- Installing: /home/ubuntu/ros2_rover/install/rover_description/share/rover_description/config
[0.614s] -- Installing: /home/ubuntu/ros2_rover/install/rover_description/share/rover_description/config/control.yaml
[0.614s] -- Installing: /home/ubuntu/ros2_rover/install/rover_description/share/rover_description/launch
[0.614s] -- Installing: /home/ubuntu/ros2_rover/install/rover_description/share/rover_description/launch/robot_state_publisher.launch.py
[0.614s] -- Installing: /home/ubuntu/ros2_rover/install/rover_description/share/rover_description/meshes
[0.614s] -- Installing: /home/ubuntu/ros2_rover/install/rover_description/share/rover_description/meshes/sensors
[0.615s] -- Installing: /home/ubuntu/ros2_rover/install/rover_description/share/rover_description/meshes/sensors/hokuyo
[0.615s] -- Installing: /home/ubuntu/ros2_rover/install/rover_description/share/rover_description/meshes/sensors/hokuyo/hokuyo_ust_10lx.dae
[0.615s] -- Installing: /home/ubuntu/ros2_rover/install/rover_description/share/rover_description/meshes/sensors/hokuyo/hokuyo.png
[0.615s] -- Installing: /home/ubuntu/ros2_rover/install/rover_description/share/rover_description/meshes/sensors/hokuyo/hokuyo_urg_04lx.stl
[0.615s] -- Installing: /home/ubuntu/ros2_rover/install/rover_description/share/rover_description/meshes/sensors/hokuyo/hokuyo3d.stl
[0.615s] -- Installing: /home/ubuntu/ros2_rover/install/rover_description/share/rover_description/meshes/sensors/hokuyo/hokuyo3d.jpg
[0.615s] -- Installing: /home/ubuntu/ros2_rover/install/rover_description/share/rover_description/meshes/sensors/hokuyo/hokuyo_utm_30lx.stl
[0.615s] -- Installing: /home/ubuntu/ros2_rover/install/rover_description/share/rover_description/meshes/sensors/hokuyo/hokuyo_urg_04lx.dae
[0.615s] -- Installing: /home/ubuntu/ros2_rover/install/rover_description/share/rover_description/meshes/sensors/hokuyo/hokuyo_ust_20lx.dae
[0.615s] -- Installing: /home/ubuntu/ros2_rover/install/rover_description/share/rover_description/meshes/sensors/hokuyo/hokuyo3d.dae
[0.615s] -- Installing: /home/ubuntu/ros2_rover/install/rover_description/share/rover_description/meshes/sensors/hokuyo/hokuyo_utm_30lx.dae
[0.615s] -- Installing: /home/ubuntu/ros2_rover/install/rover_description/share/rover_description/meshes/sensors/asus_xtion
[0.615s] -- Installing: /home/ubuntu/ros2_rover/install/rover_description/share/rover_description/meshes/sensors/asus_xtion/asus_xtion_pro_live.dae
[0.615s] -- Installing: /home/ubuntu/ros2_rover/install/rover_description/share/rover_description/meshes/sensors/asus_xtion/asus_xtion_pro_live.png
[0.615s] -- Installing: /home/ubuntu/ros2_rover/install/rover_description/share/rover_description/meshes/wheels
[0.615s] -- Installing: /home/ubuntu/ros2_rover/install/rover_description/share/rover_description/meshes/wheels/wheel.stl
[0.616s] -- Installing: /home/ubuntu/ros2_rover/install/rover_description/share/rover_description/meshes/wheels/wheel_asm.stl
[0.620s] -- Installing: /home/ubuntu/ros2_rover/install/rover_description/share/rover_description/meshes/bases
[0.620s] -- Installing: /home/ubuntu/ros2_rover/install/rover_description/share/rover_description/meshes/bases/left_bogie_asm.stl
[0.621s] -- Installing: /home/ubuntu/ros2_rover/install/rover_description/share/rover_description/meshes/bases/differential.stl
[0.622s] -- Installing: /home/ubuntu/ros2_rover/install/rover_description/share/rover_description/meshes/bases/back_left_steering_asm.stl
[0.622s] -- Installing: /home/ubuntu/ros2_rover/install/rover_description/share/rover_description/meshes/bases/turnbuckle.stl
[0.625s] -- Installing: /home/ubuntu/ros2_rover/install/rover_description/share/rover_description/meshes/bases/front_right_steering_asm.stl
[0.625s] -- Installing: /home/ubuntu/ros2_rover/install/rover_description/share/rover_description/meshes/bases/right_rocker_asm.stl
[0.626s] -- Installing: /home/ubuntu/ros2_rover/install/rover_description/share/rover_description/meshes/bases/front_left_steering_asm.stl
[0.627s] -- Installing: /home/ubuntu/ros2_rover/install/rover_description/share/rover_description/meshes/bases/right_bogie_asm.stl
[0.628s] -- Installing: /home/ubuntu/ros2_rover/install/rover_description/share/rover_description/meshes/bases/back_right_steering_asm.stl
[0.628s] -- Installing: /home/ubuntu/ros2_rover/install/rover_description/share/rover_description/meshes/bases/left_rocker_asm.stl
[0.629s] -- Installing: /home/ubuntu/ros2_rover/install/rover_description/share/rover_description/meshes/bases/body_box.stl
[0.634s] -- Installing: /home/ubuntu/ros2_rover/install/rover_description/share/rover_description/urdf
[0.634s] -- Installing: /home/ubuntu/ros2_rover/install/rover_description/share/rover_description/urdf/sensors
[0.634s] -- Installing: /home/ubuntu/ros2_rover/install/rover_description/share/rover_description/urdf/sensors/asus_xtion.urdf.xacro
[0.634s] -- Installing: /home/ubuntu/ros2_rover/install/rover_description/share/rover_description/urdf/sensors/hokuyo.urdf.xacro
[0.634s] -- Installing: /home/ubuntu/ros2_rover/install/rover_description/share/rover_description/urdf/sensors/imu.urdf.xacro
[0.634s] -- Installing: /home/ubuntu/ros2_rover/install/rover_description/share/rover_description/urdf/sensors/all_sensors.urdf.xacro
[0.635s] -- Installing: /home/ubuntu/ros2_rover/install/rover_description/share/rover_description/urdf/wheels
[0.635s] -- Installing: /home/ubuntu/ros2_rover/install/rover_description/share/rover_description/urdf/wheels/wheel.urdf.xacro
[0.635s] -- Installing: /home/ubuntu/ros2_rover/install/rover_description/share/rover_description/urdf/wheels/corner.urdf.xacro
[0.635s] -- Installing: /home/ubuntu/ros2_rover/install/rover_description/share/rover_description/urdf/materials.xacro
[0.635s] -- Installing: /home/ubuntu/ros2_rover/install/rover_description/share/rover_description/urdf/inertials.xacro
[0.635s] -- Installing: /home/ubuntu/ros2_rover/install/rover_description/share/rover_description/urdf/bases
[0.635s] -- Installing: /home/ubuntu/ros2_rover/install/rover_description/share/rover_description/urdf/bases/bogie.urdf.xacro
[0.635s] -- Installing: /home/ubuntu/ros2_rover/install/rover_description/share/rover_description/urdf/bases/rocker.urdf.xacro
[0.635s] -- Installing: /home/ubuntu/ros2_rover/install/rover_description/share/rover_description/urdf/bases/differential.urdf.xacro
[0.635s] -- Installing: /home/ubuntu/ros2_rover/install/rover_description/share/rover_description/urdf/bases/turnbuckle.urdf.xacro
[0.635s] -- Installing: /home/ubuntu/ros2_rover/install/rover_description/share/rover_description/urdf/bases/body.urdf.xacro
[0.635s] -- Installing: /home/ubuntu/ros2_rover/install/rover_description/share/rover_description/robots
[0.635s] -- Installing: /home/ubuntu/ros2_rover/install/rover_description/share/rover_description/robots/rover.urdf.xacro
[0.635s] -- Installing: /home/ubuntu/ros2_rover/install/rover_description/share/rover_description/hooks
[0.635s] -- Installing: /home/ubuntu/ros2_rover/install/rover_description/share/rover_description/hooks/gz_sim_resource_path.dsv
[0.635s] -- Installing: /home/ubuntu/ros2_rover/install/rover_description/share/rover_description/hooks/gz_sim_resource_path.sh
[0.635s] -- Installing: /home/ubuntu/ros2_rover/install/rover_description/share/rover_description/environment/gz_sim_resource_path.sh
[0.635s] -- Installing: /home/ubuntu/ros2_rover/install/rover_description/share/rover_description/environment/gz_sim_resource_path.dsv
[0.635s] -- Installing: /home/ubuntu/ros2_rover/install/rover_description/share/ament_index/resource_index/package_run_dependencies/rover_description
[0.635s] -- Installing: /home/ubuntu/ros2_rover/install/rover_description/share/ament_index/resource_index/parent_prefix_path/rover_description
[0.636s] -- Installing: /home/ubuntu/ros2_rover/install/rover_description/share/rover_description/environment/ament_prefix_path.sh
[0.636s] -- Installing: /home/ubuntu/ros2_rover/install/rover_description/share/rover_description/environment/ament_prefix_path.dsv
[0.636s] -- Installing: /home/ubuntu/ros2_rover/install/rover_description/share/rover_description/environment/path.sh
[0.636s] -- Installing: /home/ubuntu/ros2_rover/install/rover_description/share/rover_description/environment/path.dsv
[0.636s] -- Installing: /home/ubuntu/ros2_rover/install/rover_description/share/rover_description/local_setup.bash
[0.636s] -- Installing: /home/ubuntu/ros2_rover/install/rover_description/share/rover_description/local_setup.sh
[0.636s] -- Installing: /home/ubuntu/ros2_rover/install/rover_description/share/rover_description/local_setup.zsh
[0.636s] -- Installing: /home/ubuntu/ros2_rover/install/rover_description/share/rover_description/local_setup.dsv
[0.636s] -- Installing: /home/ubuntu/ros2_rover/install/rover_description/share/rover_description/package.dsv
[0.636s] -- Installing: /home/ubuntu/ros2_rover/install/rover_description/share/ament_index/resource_index/packages/rover_description
[0.636s] -- Installing: /home/ubuntu/ros2_rover/install/rover_description/share/rover_description/cmake/rover_descriptionConfig.cmake
[0.636s] -- Installing: /home/ubuntu/ros2_rover/install/rover_description/share/rover_description/cmake/rover_descriptionConfig-version.cmake
[0.636s] -- Installing: /home/ubuntu/ros2_rover/install/rover_description/share/rover_description/package.xml
[0.637s] Invoked command in '/home/ubuntu/ros2_rover/build/rover_description' returned '0': CMAKE_PREFIX_PATH=${CMAKE_PREFIX_PATH}:/opt/ros/jazzy /usr/bin/cmake --install /home/ubuntu/ros2_rover/build/rover_description
