-- Found ament_cmake: 2.5.6 (/opt/ros/jazzy/share/ament_cmake/cmake)
-- Found rclcpp: 28.1.21 (/opt/ros/jazzy/share/rclcpp/cmake)
-- Found rosidl_generator_c: 4.6.9 (/opt/ros/jazzy/share/rosidl_generator_c/cmake)
-- Found rosidl_generator_cpp: 4.6.9 (/opt/ros/jazzy/share/rosidl_generator_cpp/cmake)
-- Using all available rosidl_typesupport_c: rosidl_typesupport_fastrtps_c;rosidl_typesupport_introspection_c
-- Using all available rosidl_typesupport_cpp: rosidl_typesupport_fastrtps_cpp;rosidl_typesupport_introspection_cpp
-- Found rmw_implementation_cmake: 7.3.3 (/opt/ros/jazzy/share/rmw_implementation_cmake/cmake)
-- Found rmw_fastrtps_cpp: 8.4.4 (/opt/ros/jazzy/share/rmw_fastrtps_cpp/cmake)
-- Using RMW implementation 'rmw_fastrtps_cpp' as default
-- Found rover_msgs: 2.0.0 (/home/ubuntu/ros2_rover/install/rover_msgs/share/rover_msgs/cmake)
-- Found geometry_msgs: 5.3.8 (/opt/ros/jazzy/share/geometry_msgs/cmake)
-- Found ament_cmake_clang_format: 0.17.5 (/opt/ros/jazzy/share/ament_cmake_clang_format/cmake)
-- Configuring done (0.3s)
-- Generating done (0.0s)
-- Build files have been written to: /home/ubuntu/ros2_rover/build/rover_motor_controller_cpp
[ 22%] [32mBuilding CXX object CMakeFiles/controller_node.dir/src/lx16a/lx16a.cpp.o[0m
[ 22%] [32mBuilding CXX object CMakeFiles/controller_node.dir/src/lx16a/serial.cpp.o[0m
[ 44%] [32mBuilding CXX object CMakeFiles/vel_parser_node.dir/src/vel_parser_node_main.cpp.o[0m
[ 44%] [32mBuilding CXX object CMakeFiles/vel_parser_node.dir/src/motor_controller/vel_parser_node.cpp.o[0m
[ 66%] [32mBuilding CXX object CMakeFiles/controller_node.dir/src/lx16a/motor_controller.cpp.o[0m
[ 66%] [32mBuilding CXX object CMakeFiles/controller_node.dir/src/controller_node_main.cpp.o[0m
[ 77%] [32mBuilding CXX object CMakeFiles/controller_node.dir/src/motor_controller/controller_node.cpp.o[0m
[ 88%] [32m[1mLinking CXX executable controller_node[0m
[ 88%] Built target controller_node
