[1.040s] Invoking command in '/home/sachin/ros2_rover/src/rover_motor_controller': AMENT_PREFIX_PATH=/home/sachin/ros2_rover/install/rover_msgs:${AMENT_PREFIX_PATH} CMAKE_PREFIX_PATH=/home/sachin/ros2_rover/install/rover_msgs:${CMAKE_PREFIX_PATH} DEBUGINFOD_URLS=https://debuginfod.ubuntu.com LD_LIBRARY_PATH=/home/sachin/ros2_rover/install/rover_msgs/lib:${LD_LIBRARY_PATH} PS1=(.ros2_venv) \[\e]0;\u@\h: \w\a\]${debian_chroot:+($debian_chroot)}\[\033[01;32m\]\u@\h\[\033[00m\]:\[\033[01;34m\]\w\[\033[00m\]\$ PYTHONPATH=/home/sachin/ros2_rover/build/rover_motor_controller/prefix_override:/usr/lib/python3/dist-packages/colcon_core/task/python/colcon_distutils_commands:/home/sachin/ros2_rover/install/rover_motor_controller/lib/python3.12/site-packages:/home/sachin/ros2_rover/install/rover_msgs/lib/python3.12/site-packages:${PYTHONPATH} VIRTUAL_ENV_PROMPT=(.ros2_venv) /usr/bin/python3 -W ignore:setup.py install is deprecated -W ignore:easy_install command is deprecated setup.py egg_info --egg-base ../../build/rover_motor_controller build --build-base /home/sachin/ros2_rover/build/rover_motor_controller/build install --record /home/sachin/ros2_rover/build/rover_motor_controller/install.log --install-scripts $base/lib/rover_motor_controller --single-version-externally-managed install_data
[1.210s] /usr/lib/python3/dist-packages/setuptools/dist.py:744: SetuptoolsDeprecationWarning: Invalid dash-separated options
[1.210s] !!
[1.210s] 
[1.210s]         ********************************************************************************
[1.210s]         Usage of dash-separated 'script-dir' will not be supported in future
[1.210s]         versions. Please use the underscore name 'script_dir' instead.
[1.210s] 
[1.211s]         This deprecation is overdue, please update your project and remove deprecated
[1.211s]         calls to avoid build errors in the future.
[1.211s] 
[1.211s]         See https://setuptools.pypa.io/en/latest/userguide/declarative_config.html for details.
[1.211s]         ********************************************************************************
[1.211s] 
[1.211s] !!
[1.211s]   opt = self.warn_dash_deprecation(opt, section)
[1.381s] running egg_info
[1.381s] creating ../../build/rover_motor_controller/rover_motor_controller.egg-info
[1.405s] writing ../../build/rover_motor_controller/rover_motor_controller.egg-info/PKG-INFO
[1.406s] writing dependency_links to ../../build/rover_motor_controller/rover_motor_controller.egg-info/dependency_links.txt
[1.406s] writing entry points to ../../build/rover_motor_controller/rover_motor_controller.egg-info/entry_points.txt
[1.406s] writing requirements to ../../build/rover_motor_controller/rover_motor_controller.egg-info/requires.txt
[1.406s] writing top-level names to ../../build/rover_motor_controller/rover_motor_controller.egg-info/top_level.txt
[1.406s] writing manifest file '../../build/rover_motor_controller/rover_motor_controller.egg-info/SOURCES.txt'
[1.454s] reading manifest file '../../build/rover_motor_controller/rover_motor_controller.egg-info/SOURCES.txt'
[1.455s] writing manifest file '../../build/rover_motor_controller/rover_motor_controller.egg-info/SOURCES.txt'
[1.455s] running build
[1.455s] running build_py
[1.455s] creating /home/sachin/ros2_rover/build/rover_motor_controller/build
[1.455s] creating /home/sachin/ros2_rover/build/rover_motor_controller/build/lib
[1.456s] creating /home/sachin/ros2_rover/build/rover_motor_controller/build/lib/rover_motor_controller
[1.456s] copying rover_motor_controller/__init__.py -> /home/sachin/ros2_rover/build/rover_motor_controller/build/lib/rover_motor_controller
[1.456s] copying rover_motor_controller/vel_parser_node_main.py -> /home/sachin/ros2_rover/build/rover_motor_controller/build/lib/rover_motor_controller
[1.456s] copying rover_motor_controller/controller_node_main.py -> /home/sachin/ros2_rover/build/rover_motor_controller/build/lib/rover_motor_controller
[1.456s] creating /home/sachin/ros2_rover/build/rover_motor_controller/build/lib/rover_motor_controller/lx16a
[1.456s] copying rover_motor_controller/lx16a/__init__.py -> /home/sachin/ros2_rover/build/rover_motor_controller/build/lib/rover_motor_controller/lx16a
[1.456s] copying rover_motor_controller/lx16a/lx16a.py -> /home/sachin/ros2_rover/build/rover_motor_controller/build/lib/rover_motor_controller/lx16a
[1.457s] copying rover_motor_controller/lx16a/lx16a_consts.py -> /home/sachin/ros2_rover/build/rover_motor_controller/build/lib/rover_motor_controller/lx16a
[1.457s] copying rover_motor_controller/lx16a/motor_controller.py -> /home/sachin/ros2_rover/build/rover_motor_controller/build/lib/rover_motor_controller/lx16a
[1.458s] creating /home/sachin/ros2_rover/build/rover_motor_controller/build/lib/rover_motor_controller/motor_controller
[1.458s] copying rover_motor_controller/motor_controller/__init__.py -> /home/sachin/ros2_rover/build/rover_motor_controller/build/lib/rover_motor_controller/motor_controller
[1.458s] copying rover_motor_controller/motor_controller/vel_parser_node.py -> /home/sachin/ros2_rover/build/rover_motor_controller/build/lib/rover_motor_controller/motor_controller
[1.459s] copying rover_motor_controller/motor_controller/controller_node.py -> /home/sachin/ros2_rover/build/rover_motor_controller/build/lib/rover_motor_controller/motor_controller
[1.459s] running install
[1.467s] running install_lib
[1.492s] creating /home/sachin/ros2_rover/install/rover_motor_controller/lib/python3.12/site-packages/rover_motor_controller
[1.492s] copying /home/sachin/ros2_rover/build/rover_motor_controller/build/lib/rover_motor_controller/__init__.py -> /home/sachin/ros2_rover/install/rover_motor_controller/lib/python3.12/site-packages/rover_motor_controller
[1.492s] copying /home/sachin/ros2_rover/build/rover_motor_controller/build/lib/rover_motor_controller/vel_parser_node_main.py -> /home/sachin/ros2_rover/install/rover_motor_controller/lib/python3.12/site-packages/rover_motor_controller
[1.492s] creating /home/sachin/ros2_rover/install/rover_motor_controller/lib/python3.12/site-packages/rover_motor_controller/lx16a
[1.492s] copying /home/sachin/ros2_rover/build/rover_motor_controller/build/lib/rover_motor_controller/lx16a/__init__.py -> /home/sachin/ros2_rover/install/rover_motor_controller/lib/python3.12/site-packages/rover_motor_controller/lx16a
[1.492s] copying /home/sachin/ros2_rover/build/rover_motor_controller/build/lib/rover_motor_controller/lx16a/lx16a.py -> /home/sachin/ros2_rover/install/rover_motor_controller/lib/python3.12/site-packages/rover_motor_controller/lx16a
[1.493s] copying /home/sachin/ros2_rover/build/rover_motor_controller/build/lib/rover_motor_controller/lx16a/lx16a_consts.py -> /home/sachin/ros2_rover/install/rover_motor_controller/lib/python3.12/site-packages/rover_motor_controller/lx16a
[1.493s] copying /home/sachin/ros2_rover/build/rover_motor_controller/build/lib/rover_motor_controller/lx16a/motor_controller.py -> /home/sachin/ros2_rover/install/rover_motor_controller/lib/python3.12/site-packages/rover_motor_controller/lx16a
[1.493s] creating /home/sachin/ros2_rover/install/rover_motor_controller/lib/python3.12/site-packages/rover_motor_controller/motor_controller
[1.493s] copying /home/sachin/ros2_rover/build/rover_motor_controller/build/lib/rover_motor_controller/motor_controller/__init__.py -> /home/sachin/ros2_rover/install/rover_motor_controller/lib/python3.12/site-packages/rover_motor_controller/motor_controller
[1.493s] copying /home/sachin/ros2_rover/build/rover_motor_controller/build/lib/rover_motor_controller/motor_controller/vel_parser_node.py -> /home/sachin/ros2_rover/install/rover_motor_controller/lib/python3.12/site-packages/rover_motor_controller/motor_controller
[1.493s] copying /home/sachin/ros2_rover/build/rover_motor_controller/build/lib/rover_motor_controller/motor_controller/controller_node.py -> /home/sachin/ros2_rover/install/rover_motor_controller/lib/python3.12/site-packages/rover_motor_controller/motor_controller
[1.493s] copying /home/sachin/ros2_rover/build/rover_motor_controller/build/lib/rover_motor_controller/controller_node_main.py -> /home/sachin/ros2_rover/install/rover_motor_controller/lib/python3.12/site-packages/rover_motor_controller
[1.493s] byte-compiling /home/sachin/ros2_rover/install/rover_motor_controller/lib/python3.12/site-packages/rover_motor_controller/__init__.py to __init__.cpython-312.pyc
[1.493s] byte-compiling /home/sachin/ros2_rover/install/rover_motor_controller/lib/python3.12/site-packages/rover_motor_controller/vel_parser_node_main.py to vel_parser_node_main.cpython-312.pyc
[1.494s] byte-compiling /home/sachin/ros2_rover/install/rover_motor_controller/lib/python3.12/site-packages/rover_motor_controller/lx16a/__init__.py to __init__.cpython-312.pyc
[1.494s] byte-compiling /home/sachin/ros2_rover/install/rover_motor_controller/lib/python3.12/site-packages/rover_motor_controller/lx16a/lx16a.py to lx16a.cpython-312.pyc
[1.498s] byte-compiling /home/sachin/ros2_rover/install/rover_motor_controller/lib/python3.12/site-packages/rover_motor_controller/lx16a/lx16a_consts.py to lx16a_consts.cpython-312.pyc
[1.498s] byte-compiling /home/sachin/ros2_rover/install/rover_motor_controller/lib/python3.12/site-packages/rover_motor_controller/lx16a/motor_controller.py to motor_controller.cpython-312.pyc
[1.499s] byte-compiling /home/sachin/ros2_rover/install/rover_motor_controller/lib/python3.12/site-packages/rover_motor_controller/motor_controller/__init__.py to __init__.cpython-312.pyc
[1.499s] byte-compiling /home/sachin/ros2_rover/install/rover_motor_controller/lib/python3.12/site-packages/rover_motor_controller/motor_controller/vel_parser_node.py to vel_parser_node.cpython-312.pyc
[1.501s] byte-compiling /home/sachin/ros2_rover/install/rover_motor_controller/lib/python3.12/site-packages/rover_motor_controller/motor_controller/controller_node.py to controller_node.cpython-312.pyc
[1.502s] byte-compiling /home/sachin/ros2_rover/install/rover_motor_controller/lib/python3.12/site-packages/rover_motor_controller/controller_node_main.py to controller_node_main.cpython-312.pyc
[1.502s] running install_data
[1.503s] creating /home/sachin/ros2_rover/install/rover_motor_controller/share/ament_index
[1.503s] creating /home/sachin/ros2_rover/install/rover_motor_controller/share/ament_index/resource_index
[1.503s] creating /home/sachin/ros2_rover/install/rover_motor_controller/share/ament_index/resource_index/packages
[1.503s] copying resource/rover_motor_controller -> /home/sachin/ros2_rover/install/rover_motor_controller/share/ament_index/resource_index/packages
[1.503s] copying package.xml -> /home/sachin/ros2_rover/install/rover_motor_controller/share/rover_motor_controller
[1.503s] creating /home/sachin/ros2_rover/install/rover_motor_controller/share/rover_motor_controller/launch
[1.503s] copying launch/motor_controller.launch.py -> /home/sachin/ros2_rover/install/rover_motor_controller/share/rover_motor_controller/launch/
[1.503s] running install_egg_info
[1.528s] Copying ../../build/rover_motor_controller/rover_motor_controller.egg-info to /home/sachin/ros2_rover/install/rover_motor_controller/lib/python3.12/site-packages/rover_motor_controller-2.0.0-py3.12.egg-info
[1.529s] running install_scripts
[1.688s] Installing controller_node script to /home/sachin/ros2_rover/install/rover_motor_controller/lib/rover_motor_controller
[1.688s] Installing vel_parser_node script to /home/sachin/ros2_rover/install/rover_motor_controller/lib/rover_motor_controller
[1.688s] writing list of installed files to '/home/sachin/ros2_rover/build/rover_motor_controller/install.log'
[1.725s] Invoked command in '/home/sachin/ros2_rover/src/rover_motor_controller' returned '0': AMENT_PREFIX_PATH=/home/sachin/ros2_rover/install/rover_msgs:${AMENT_PREFIX_PATH} CMAKE_PREFIX_PATH=/home/sachin/ros2_rover/install/rover_msgs:${CMAKE_PREFIX_PATH} DEBUGINFOD_URLS=https://debuginfod.ubuntu.com LD_LIBRARY_PATH=/home/sachin/ros2_rover/install/rover_msgs/lib:${LD_LIBRARY_PATH} PS1=(.ros2_venv) \[\e]0;\u@\h: \w\a\]${debian_chroot:+($debian_chroot)}\[\033[01;32m\]\u@\h\[\033[00m\]:\[\033[01;34m\]\w\[\033[00m\]\$ PYTHONPATH=/home/sachin/ros2_rover/build/rover_motor_controller/prefix_override:/usr/lib/python3/dist-packages/colcon_core/task/python/colcon_distutils_commands:/home/sachin/ros2_rover/install/rover_motor_controller/lib/python3.12/site-packages:/home/sachin/ros2_rover/install/rover_msgs/lib/python3.12/site-packages:${PYTHONPATH} VIRTUAL_ENV_PROMPT=(.ros2_venv) /usr/bin/python3 -W ignore:setup.py install is deprecated -W ignore:easy_install command is deprecated setup.py egg_info --egg-base ../../build/rover_motor_controller build --build-base /home/sachin/ros2_rover/build/rover_motor_controller/build install --record /home/sachin/ros2_rover/build/rover_motor_controller/install.log --install-scripts $base/lib/rover_motor_controller --single-version-externally-managed install_data
