[0.035s] Invoking command in '/home/sachin/ros2_rover/build/rover_localization': CMAKE_PREFIX_PATH=${CMAKE_PREFIX_PATH}:/opt/ros/jazzy DEBUGINFOD_URLS=https://debuginfod.ubuntu.com PS1=(.ros2_venv) \[\e]0;\u@\h: \w\a\]${debian_chroot:+($debian_chroot)}\[\033[01;32m\]\u@\h\[\033[00m\]:\[\033[01;34m\]\w\[\033[00m\]\$ VIRTUAL_ENV_PROMPT=(.ros2_venv) /usr/bin/cmake /home/sachin/ros2_rover/src/rover_localization -DCMAKE_INSTALL_PREFIX=/home/sachin/ros2_rover/install/rover_localization
[0.198s] -- The C compiler identification is GNU 13.3.0
[0.347s] -- The CXX compiler identification is GNU 13.3.0
[0.371s] -- Detecting C compiler ABI info
[0.518s] -- Detecting C compiler ABI info - done
[0.530s] -- Check for working C compiler: /usr/bin/cc - skipped
[0.530s] -- Detecting C compile features
[0.531s] -- Detecting C compile features - done
[0.541s] -- Detecting CXX compiler ABI info
[0.654s] -- Detecting CXX compiler ABI info - done
[0.674s] -- Check for working CXX compiler: /usr/bin/c++ - skipped
[0.675s] -- Detecting CXX compile features
[0.675s] -- Detecting CXX compile features - done
[0.681s] -- Found ament_cmake: 2.5.6 (/opt/ros/jazzy/share/ament_cmake/cmake)
[0.847s] -- Found Python3: /home/sachin/.ros2_venv/bin/python3 (found version "3.12.3") found components: Interpreter 
[1.155s] -- Configuring done (1.1s)
[1.157s] -- Generating done (0.0s)
[1.160s] -- Build files have been written to: /home/sachin/ros2_rover/build/rover_localization
[1.166s] Invoked command in '/home/sachin/ros2_rover/build/rover_localization' returned '0': CMAKE_PREFIX_PATH=${CMAKE_PREFIX_PATH}:/opt/ros/jazzy DEBUGINFOD_URLS=https://debuginfod.ubuntu.com PS1=(.ros2_venv) \[\e]0;\u@\h: \w\a\]${debian_chroot:+($debian_chroot)}\[\033[01;32m\]\u@\h\[\033[00m\]:\[\033[01;34m\]\w\[\033[00m\]\$ VIRTUAL_ENV_PROMPT=(.ros2_venv) /usr/bin/cmake /home/sachin/ros2_rover/src/rover_localization -DCMAKE_INSTALL_PREFIX=/home/sachin/ros2_rover/install/rover_localization
[1.167s] Invoking command in '/home/sachin/ros2_rover/build/rover_localization': CMAKE_PREFIX_PATH=${CMAKE_PREFIX_PATH}:/opt/ros/jazzy DEBUGINFOD_URLS=https://debuginfod.ubuntu.com PS1=(.ros2_venv) \[\e]0;\u@\h: \w\a\]${debian_chroot:+($debian_chroot)}\[\033[01;32m\]\u@\h\[\033[00m\]:\[\033[01;34m\]\w\[\033[00m\]\$ VIRTUAL_ENV_PROMPT=(.ros2_venv) /usr/bin/cmake --build /home/sachin/ros2_rover/build/rover_localization -- -j12 -l12
[1.231s] Invoked command in '/home/sachin/ros2_rover/build/rover_localization' returned '0': CMAKE_PREFIX_PATH=${CMAKE_PREFIX_PATH}:/opt/ros/jazzy DEBUGINFOD_URLS=https://debuginfod.ubuntu.com PS1=(.ros2_venv) \[\e]0;\u@\h: \w\a\]${debian_chroot:+($debian_chroot)}\[\033[01;32m\]\u@\h\[\033[00m\]:\[\033[01;34m\]\w\[\033[00m\]\$ VIRTUAL_ENV_PROMPT=(.ros2_venv) /usr/bin/cmake --build /home/sachin/ros2_rover/build/rover_localization -- -j12 -l12
[1.232s] Invoking command in '/home/sachin/ros2_rover/build/rover_localization': CMAKE_PREFIX_PATH=${CMAKE_PREFIX_PATH}:/opt/ros/jazzy DEBUGINFOD_URLS=https://debuginfod.ubuntu.com PS1=(.ros2_venv) \[\e]0;\u@\h: \w\a\]${debian_chroot:+($debian_chroot)}\[\033[01;32m\]\u@\h\[\033[00m\]:\[\033[01;34m\]\w\[\033[00m\]\$ VIRTUAL_ENV_PROMPT=(.ros2_venv) /usr/bin/cmake --install /home/sachin/ros2_rover/build/rover_localization
[1.241s] -- Install configuration: ""
[1.241s] -- Installing: /home/sachin/ros2_rover/install/rover_localization/share/rover_localization//launch
[1.242s] -- Installing: /home/sachin/ros2_rover/install/rover_localization/share/rover_localization//launch/rtabmap.launch.py
[1.242s] -- Installing: /home/sachin/ros2_rover/install/rover_localization/share/rover_localization//launch/rgbd_odometry.launch.py
[1.242s] -- Installing: /home/sachin/ros2_rover/install/rover_localization/share/rover_localization//launch/ekf.launch.py
[1.242s] -- Installing: /home/sachin/ros2_rover/install/rover_localization/share/rover_localization//launch/localization.launch.py
[1.243s] -- Installing: /home/sachin/ros2_rover/install/rover_localization/share/rover_localization//config
[1.243s] -- Installing: /home/sachin/ros2_rover/install/rover_localization/share/rover_localization//config/ekf.yaml
[1.243s] -- Installing: /home/sachin/ros2_rover/install/rover_localization/share/ament_index/resource_index/package_run_dependencies/rover_localization
[1.243s] -- Installing: /home/sachin/ros2_rover/install/rover_localization/share/ament_index/resource_index/parent_prefix_path/rover_localization
[1.244s] -- Installing: /home/sachin/ros2_rover/install/rover_localization/share/rover_localization/environment/ament_prefix_path.sh
[1.244s] -- Installing: /home/sachin/ros2_rover/install/rover_localization/share/rover_localization/environment/ament_prefix_path.dsv
[1.244s] -- Installing: /home/sachin/ros2_rover/install/rover_localization/share/rover_localization/environment/path.sh
[1.244s] -- Installing: /home/sachin/ros2_rover/install/rover_localization/share/rover_localization/environment/path.dsv
[1.244s] -- Installing: /home/sachin/ros2_rover/install/rover_localization/share/rover_localization/local_setup.bash
[1.244s] -- Installing: /home/sachin/ros2_rover/install/rover_localization/share/rover_localization/local_setup.sh
[1.244s] -- Installing: /home/sachin/ros2_rover/install/rover_localization/share/rover_localization/local_setup.zsh
[1.245s] -- Installing: /home/sachin/ros2_rover/install/rover_localization/share/rover_localization/local_setup.dsv
[1.245s] -- Installing: /home/sachin/ros2_rover/install/rover_localization/share/rover_localization/package.dsv
[1.245s] -- Installing: /home/sachin/ros2_rover/install/rover_localization/share/ament_index/resource_index/packages/rover_localization
[1.245s] -- Installing: /home/sachin/ros2_rover/install/rover_localization/share/rover_localization/cmake/rover_localizationConfig.cmake
[1.245s] -- Installing: /home/sachin/ros2_rover/install/rover_localization/share/rover_localization/cmake/rover_localizationConfig-version.cmake
[1.245s] -- Installing: /home/sachin/ros2_rover/install/rover_localization/share/rover_localization/package.xml
[1.249s] Invoked command in '/home/sachin/ros2_rover/build/rover_localization' returned '0': CMAKE_PREFIX_PATH=${CMAKE_PREFIX_PATH}:/opt/ros/jazzy DEBUGINFOD_URLS=https://debuginfod.ubuntu.com PS1=(.ros2_venv) \[\e]0;\u@\h: \w\a\]${debian_chroot:+($debian_chroot)}\[\033[01;32m\]\u@\h\[\033[00m\]:\[\033[01;34m\]\w\[\033[00m\]\$ VIRTUAL_ENV_PROMPT=(.ros2_venv) /usr/bin/cmake --install /home/sachin/ros2_rover/build/rover_localization
