[0.024s] Invoking command in '/home/ubuntu/ros2_rover/build/rover_msgs': CMAKE_PREFIX_PATH=${CMAKE_PREFIX_PATH}:/home/ubuntu/ros2_rover/install/rover_teleop:/home/ubuntu/ros2_rover/install/rover_motor_controller:/opt/ros/jazzy /usr/bin/cmake --build /home/ubuntu/ros2_rover/build/rover_msgs -- -j10 -l10
[0.159s] [  2%] Built target rover_msgs__rosidl_generator_type_description
[0.161s] [  5%] Built target rover_msgs__rs
[0.178s] [  8%] Built target rover_msgs__cpp
[0.186s] [ 22%] Built target rover_msgs__rosidl_generator_c
[0.189s] [ 22%] Built target ament_cmake_python_copy_rover_msgs
[0.201s] [ 34%] Built target rover_msgs__rosidl_typesupport_fastrtps_c
[0.201s] [ 40%] Built target rover_msgs__rosidl_typesupport_introspection_cpp
[0.202s] [ 48%] Built target rover_msgs__rosidl_typesupport_cpp
[0.204s] [ 57%] Built target rover_msgs__rosidl_typesupport_introspection_c
[0.205s] [ 68%] Built target rover_msgs__rosidl_typesupport_c
[0.205s] [ 74%] Built target rover_msgs__rosidl_typesupport_fastrtps_cpp
[0.215s] [ 74%] Built target rover_msgs
[0.225s] [ 77%] Built target rover_msgs__py
[0.239s] [ 82%] Built target rover_msgs__rosidl_generator_py
[0.251s] [ 94%] Built target rover_msgs_s__rosidl_typesupport_introspection_c
[0.251s] [ 94%] Built target rover_msgs_s__rosidl_typesupport_fastrtps_c
[0.253s] [100%] Built target rover_msgs_s__rosidl_typesupport_c
[0.287s] running egg_info
[0.295s] writing rover_msgs.egg-info/PKG-INFO
[0.295s] writing dependency_links to rover_msgs.egg-info/dependency_links.txt
[0.295s] writing top-level names to rover_msgs.egg-info/top_level.txt
[0.317s] reading manifest file 'rover_msgs.egg-info/SOURCES.txt'
[0.318s] writing manifest file 'rover_msgs.egg-info/SOURCES.txt'
[0.331s] [100%] Built target ament_cmake_python_build_rover_msgs_egg
[0.335s] Invoked command in '/home/ubuntu/ros2_rover/build/rover_msgs' returned '0': CMAKE_PREFIX_PATH=${CMAKE_PREFIX_PATH}:/home/ubuntu/ros2_rover/install/rover_teleop:/home/ubuntu/ros2_rover/install/rover_motor_controller:/opt/ros/jazzy /usr/bin/cmake --build /home/ubuntu/ros2_rover/build/rover_msgs -- -j10 -l10
[0.336s] Invoking command in '/home/ubuntu/ros2_rover/build/rover_msgs': CMAKE_PREFIX_PATH=${CMAKE_PREFIX_PATH}:/home/ubuntu/ros2_rover/install/rover_teleop:/home/ubuntu/ros2_rover/install/rover_motor_controller:/opt/ros/jazzy /usr/bin/cmake --install /home/ubuntu/ros2_rover/build/rover_msgs
[0.340s] -- Install configuration: ""
[0.340s] -- Up-to-date: /home/ubuntu/ros2_rover/install/rover_msgs/share/ament_index/resource_index/rosidl_interfaces/rover_msgs
[0.340s] -- Up-to-date: /home/ubuntu/ros2_rover/install/rover_msgs/share/rover_msgs/msg/MotorsCommand.json
[0.340s] -- Up-to-date: /home/ubuntu/ros2_rover/install/rover_msgs/include/rover_msgs/rover_msgs
[0.340s] -- Up-to-date: /home/ubuntu/ros2_rover/install/rover_msgs/include/rover_msgs/rover_msgs/msg
[0.340s] -- Up-to-date: /home/ubuntu/ros2_rover/install/rover_msgs/include/rover_msgs/rover_msgs/msg/detail
[0.340s] -- Up-to-date: /home/ubuntu/ros2_rover/install/rover_msgs/include/rover_msgs/rover_msgs/msg/detail/motors_command__functions.h
[0.340s] -- Up-to-date: /home/ubuntu/ros2_rover/install/rover_msgs/include/rover_msgs/rover_msgs/msg/detail/motors_command__description.c
[0.340s] -- Up-to-date: /home/ubuntu/ros2_rover/install/rover_msgs/include/rover_msgs/rover_msgs/msg/detail/motors_command__struct.h
[0.340s] -- Up-to-date: /home/ubuntu/ros2_rover/install/rover_msgs/include/rover_msgs/rover_msgs/msg/detail/motors_command__type_support.c
[0.340s] -- Up-to-date: /home/ubuntu/ros2_rover/install/rover_msgs/include/rover_msgs/rover_msgs/msg/detail/motors_command__type_support.h
[0.340s] -- Up-to-date: /home/ubuntu/ros2_rover/install/rover_msgs/include/rover_msgs/rover_msgs/msg/detail/motors_command__functions.c
[0.340s] -- Up-to-date: /home/ubuntu/ros2_rover/install/rover_msgs/include/rover_msgs/rover_msgs/msg/rosidl_generator_c__visibility_control.h
[0.340s] -- Up-to-date: /home/ubuntu/ros2_rover/install/rover_msgs/include/rover_msgs/rover_msgs/msg/motors_command.h
[0.340s] -- Up-to-date: /home/ubuntu/ros2_rover/install/rover_msgs/share/rover_msgs/environment/library_path.sh
[0.340s] -- Up-to-date: /home/ubuntu/ros2_rover/install/rover_msgs/share/rover_msgs/environment/library_path.dsv
[0.341s] -- Up-to-date: /home/ubuntu/ros2_rover/install/rover_msgs/lib/librover_msgs__rosidl_generator_c.so
[0.341s] -- Up-to-date: /home/ubuntu/ros2_rover/install/rover_msgs/include/rover_msgs/rover_msgs
[0.341s] -- Up-to-date: /home/ubuntu/ros2_rover/install/rover_msgs/include/rover_msgs/rover_msgs/msg
[0.341s] -- Up-to-date: /home/ubuntu/ros2_rover/install/rover_msgs/include/rover_msgs/rover_msgs/msg/detail
[0.341s] -- Up-to-date: /home/ubuntu/ros2_rover/install/rover_msgs/include/rover_msgs/rover_msgs/msg/detail/motors_command__rosidl_typesupport_fastrtps_c.h
[0.341s] -- Up-to-date: /home/ubuntu/ros2_rover/install/rover_msgs/include/rover_msgs/rover_msgs/msg/rosidl_typesupport_fastrtps_c__visibility_control.h
[0.341s] -- Up-to-date: /home/ubuntu/ros2_rover/install/rover_msgs/lib/librover_msgs__rosidl_typesupport_fastrtps_c.so
[0.341s] -- Up-to-date: /home/ubuntu/ros2_rover/install/rover_msgs/include/rover_msgs/rover_msgs
[0.341s] -- Up-to-date: /home/ubuntu/ros2_rover/install/rover_msgs/include/rover_msgs/rover_msgs/msg
[0.342s] -- Up-to-date: /home/ubuntu/ros2_rover/install/rover_msgs/include/rover_msgs/rover_msgs/msg/detail
[0.342s] -- Up-to-date: /home/ubuntu/ros2_rover/install/rover_msgs/include/rover_msgs/rover_msgs/msg/detail/motors_command__rosidl_typesupport_introspection_c.h
[0.342s] -- Up-to-date: /home/ubuntu/ros2_rover/install/rover_msgs/include/rover_msgs/rover_msgs/msg/detail/motors_command__type_support.c
[0.342s] -- Up-to-date: /home/ubuntu/ros2_rover/install/rover_msgs/include/rover_msgs/rover_msgs/msg/rosidl_typesupport_introspection_c__visibility_control.h
[0.342s] -- Up-to-date: /home/ubuntu/ros2_rover/install/rover_msgs/lib/librover_msgs__rosidl_typesupport_introspection_c.so
[0.343s] -- Up-to-date: /home/ubuntu/ros2_rover/install/rover_msgs/lib/librover_msgs__rosidl_typesupport_c.so
[0.343s] -- Up-to-date: /home/ubuntu/ros2_rover/install/rover_msgs/include/rover_msgs/rover_msgs
[0.344s] -- Up-to-date: /home/ubuntu/ros2_rover/install/rover_msgs/include/rover_msgs/rover_msgs/msg
[0.344s] -- Up-to-date: /home/ubuntu/ros2_rover/install/rover_msgs/include/rover_msgs/rover_msgs/msg/detail
[0.344s] -- Up-to-date: /home/ubuntu/ros2_rover/install/rover_msgs/include/rover_msgs/rover_msgs/msg/detail/motors_command__type_support.hpp
[0.344s] -- Up-to-date: /home/ubuntu/ros2_rover/install/rover_msgs/include/rover_msgs/rover_msgs/msg/detail/motors_command__struct.hpp
[0.344s] -- Up-to-date: /home/ubuntu/ros2_rover/install/rover_msgs/include/rover_msgs/rover_msgs/msg/detail/motors_command__traits.hpp
[0.344s] -- Up-to-date: /home/ubuntu/ros2_rover/install/rover_msgs/include/rover_msgs/rover_msgs/msg/detail/motors_command__builder.hpp
[0.344s] -- Up-to-date: /home/ubuntu/ros2_rover/install/rover_msgs/include/rover_msgs/rover_msgs/msg/motors_command.hpp
[0.344s] -- Up-to-date: /home/ubuntu/ros2_rover/install/rover_msgs/include/rover_msgs/rover_msgs/msg/rosidl_generator_cpp__visibility_control.hpp
[0.344s] -- Up-to-date: /home/ubuntu/ros2_rover/install/rover_msgs/include/rover_msgs/rover_msgs
[0.344s] -- Up-to-date: /home/ubuntu/ros2_rover/install/rover_msgs/include/rover_msgs/rover_msgs/msg
[0.344s] -- Up-to-date: /home/ubuntu/ros2_rover/install/rover_msgs/include/rover_msgs/rover_msgs/msg/detail
[0.344s] -- Up-to-date: /home/ubuntu/ros2_rover/install/rover_msgs/include/rover_msgs/rover_msgs/msg/detail/motors_command__rosidl_typesupport_fastrtps_cpp.hpp
[0.344s] -- Up-to-date: /home/ubuntu/ros2_rover/install/rover_msgs/include/rover_msgs/rover_msgs/msg/detail/dds_fastrtps
[0.344s] -- Up-to-date: /home/ubuntu/ros2_rover/install/rover_msgs/include/rover_msgs/rover_msgs/msg/rosidl_typesupport_fastrtps_cpp__visibility_control.h
[0.345s] -- Up-to-date: /home/ubuntu/ros2_rover/install/rover_msgs/lib/librover_msgs__rosidl_typesupport_fastrtps_cpp.so
[0.345s] -- Up-to-date: /home/ubuntu/ros2_rover/install/rover_msgs/include/rover_msgs/rover_msgs
[0.345s] -- Up-to-date: /home/ubuntu/ros2_rover/install/rover_msgs/include/rover_msgs/rover_msgs/msg
[0.345s] -- Up-to-date: /home/ubuntu/ros2_rover/install/rover_msgs/include/rover_msgs/rover_msgs/msg/detail
[0.345s] -- Up-to-date: /home/ubuntu/ros2_rover/install/rover_msgs/include/rover_msgs/rover_msgs/msg/detail/motors_command__rosidl_typesupport_introspection_cpp.hpp
[0.345s] -- Up-to-date: /home/ubuntu/ros2_rover/install/rover_msgs/include/rover_msgs/rover_msgs/msg/detail/motors_command__type_support.cpp
[0.345s] -- Up-to-date: /home/ubuntu/ros2_rover/install/rover_msgs/lib/librover_msgs__rosidl_typesupport_introspection_cpp.so
[0.346s] -- Up-to-date: /home/ubuntu/ros2_rover/install/rover_msgs/lib/librover_msgs__rosidl_typesupport_cpp.so
[0.346s] -- Up-to-date: /home/ubuntu/ros2_rover/install/rover_msgs/share/rover_msgs/environment/pythonpath.sh
[0.346s] -- Up-to-date: /home/ubuntu/ros2_rover/install/rover_msgs/share/rover_msgs/environment/pythonpath.dsv
[0.346s] -- Up-to-date: /home/ubuntu/ros2_rover/install/rover_msgs/lib/python3.12/site-packages/rover_msgs-2.0.0-py3.12.egg-info
[0.346s] -- Installing: /home/ubuntu/ros2_rover/install/rover_msgs/lib/python3.12/site-packages/rover_msgs-2.0.0-py3.12.egg-info/SOURCES.txt
[0.346s] -- Installing: /home/ubuntu/ros2_rover/install/rover_msgs/lib/python3.12/site-packages/rover_msgs-2.0.0-py3.12.egg-info/top_level.txt
[0.346s] -- Installing: /home/ubuntu/ros2_rover/install/rover_msgs/lib/python3.12/site-packages/rover_msgs-2.0.0-py3.12.egg-info/dependency_links.txt
[0.346s] -- Installing: /home/ubuntu/ros2_rover/install/rover_msgs/lib/python3.12/site-packages/rover_msgs-2.0.0-py3.12.egg-info/PKG-INFO
[0.347s] -- Up-to-date: /home/ubuntu/ros2_rover/install/rover_msgs/lib/python3.12/site-packages/rover_msgs
[0.347s] -- Up-to-date: /home/ubuntu/ros2_rover/install/rover_msgs/lib/python3.12/site-packages/rover_msgs/rover_msgs_s__rosidl_typesupport_fastrtps_c.so
[0.347s] -- Up-to-date: /home/ubuntu/ros2_rover/install/rover_msgs/lib/python3.12/site-packages/rover_msgs/rover_msgs_s__rosidl_typesupport_c.so
[0.347s] -- Up-to-date: /home/ubuntu/ros2_rover/install/rover_msgs/lib/python3.12/site-packages/rover_msgs/_rover_msgs_s.ep.rosidl_typesupport_introspection_c.c
[0.347s] -- Up-to-date: /home/ubuntu/ros2_rover/install/rover_msgs/lib/python3.12/site-packages/rover_msgs/msg
[0.347s] -- Up-to-date: /home/ubuntu/ros2_rover/install/rover_msgs/lib/python3.12/site-packages/rover_msgs/msg/_motors_command.py
[0.347s] -- Up-to-date: /home/ubuntu/ros2_rover/install/rover_msgs/lib/python3.12/site-packages/rover_msgs/msg/__init__.py
[0.347s] -- Up-to-date: /home/ubuntu/ros2_rover/install/rover_msgs/lib/python3.12/site-packages/rover_msgs/msg/_motors_command_s.c
[0.347s] -- Up-to-date: /home/ubuntu/ros2_rover/install/rover_msgs/lib/python3.12/site-packages/rover_msgs/rover_msgs_s__rosidl_typesupport_introspection_c.so
[0.347s] -- Up-to-date: /home/ubuntu/ros2_rover/install/rover_msgs/lib/python3.12/site-packages/rover_msgs/_rover_msgs_s.ep.rosidl_typesupport_c.c
[0.347s] -- Up-to-date: /home/ubuntu/ros2_rover/install/rover_msgs/lib/python3.12/site-packages/rover_msgs/_rover_msgs_s.ep.rosidl_typesupport_fastrtps_c.c
[0.347s] -- Up-to-date: /home/ubuntu/ros2_rover/install/rover_msgs/lib/python3.12/site-packages/rover_msgs/__init__.py
[0.362s] Listing '/home/ubuntu/ros2_rover/install/rover_msgs/lib/python3.12/site-packages/rover_msgs'...
[0.362s] Listing '/home/ubuntu/ros2_rover/install/rover_msgs/lib/python3.12/site-packages/rover_msgs/msg'...
[0.365s] -- Up-to-date: /home/ubuntu/ros2_rover/install/rover_msgs/lib/python3.12/site-packages/rover_msgs/rover_msgs_s__rosidl_typesupport_fastrtps_c.so
[0.366s] -- Up-to-date: /home/ubuntu/ros2_rover/install/rover_msgs/lib/python3.12/site-packages/rover_msgs/rover_msgs_s__rosidl_typesupport_introspection_c.so
[0.367s] -- Up-to-date: /home/ubuntu/ros2_rover/install/rover_msgs/lib/python3.12/site-packages/rover_msgs/rover_msgs_s__rosidl_typesupport_c.so
[0.367s] -- Up-to-date: /home/ubuntu/ros2_rover/install/rover_msgs/lib/librover_msgs__rosidl_generator_py.so
[0.367s] -- Up-to-date: /home/ubuntu/ros2_rover/install/rover_msgs/share/ament_index/resource_index/rust_packages/rover_msgs
[0.367s] -- Up-to-date: /home/ubuntu/ros2_rover/install/rover_msgs/share/rover_msgs/rust
[0.367s] -- Up-to-date: /home/ubuntu/ros2_rover/install/rover_msgs/share/rover_msgs/rust/src
[0.367s] -- Up-to-date: /home/ubuntu/ros2_rover/install/rover_msgs/share/rover_msgs/rust/src/lib.rs
[0.368s] -- Up-to-date: /home/ubuntu/ros2_rover/install/rover_msgs/share/rover_msgs/rust/src/msg.rs
[0.368s] -- Up-to-date: /home/ubuntu/ros2_rover/install/rover_msgs/share/rover_msgs/rust/src/msg
[0.368s] -- Up-to-date: /home/ubuntu/ros2_rover/install/rover_msgs/share/rover_msgs/rust/src/msg/rmw.rs
[0.368s] -- Up-to-date: /home/ubuntu/ros2_rover/install/rover_msgs/share/rover_msgs/rust/build.rs
[0.368s] -- Up-to-date: /home/ubuntu/ros2_rover/install/rover_msgs/share/rover_msgs/rust/Cargo.toml
[0.368s] -- Up-to-date: /home/ubuntu/ros2_rover/install/rover_msgs/share/rover_msgs/msg/MotorsCommand.idl
[0.368s] -- Up-to-date: /home/ubuntu/ros2_rover/install/rover_msgs/share/rover_msgs/msg/MotorsCommand.msg
[0.368s] -- Up-to-date: /home/ubuntu/ros2_rover/install/rover_msgs/share/ament_index/resource_index/package_run_dependencies/rover_msgs
[0.368s] -- Up-to-date: /home/ubuntu/ros2_rover/install/rover_msgs/share/ament_index/resource_index/parent_prefix_path/rover_msgs
[0.368s] -- Up-to-date: /home/ubuntu/ros2_rover/install/rover_msgs/share/rover_msgs/environment/ament_prefix_path.sh
[0.368s] -- Up-to-date: /home/ubuntu/ros2_rover/install/rover_msgs/share/rover_msgs/environment/ament_prefix_path.dsv
[0.368s] -- Up-to-date: /home/ubuntu/ros2_rover/install/rover_msgs/share/rover_msgs/environment/path.sh
[0.368s] -- Up-to-date: /home/ubuntu/ros2_rover/install/rover_msgs/share/rover_msgs/environment/path.dsv
[0.368s] -- Up-to-date: /home/ubuntu/ros2_rover/install/rover_msgs/share/rover_msgs/local_setup.bash
[0.368s] -- Up-to-date: /home/ubuntu/ros2_rover/install/rover_msgs/share/rover_msgs/local_setup.sh
[0.368s] -- Up-to-date: /home/ubuntu/ros2_rover/install/rover_msgs/share/rover_msgs/local_setup.zsh
[0.368s] -- Up-to-date: /home/ubuntu/ros2_rover/install/rover_msgs/share/rover_msgs/local_setup.dsv
[0.368s] -- Installing: /home/ubuntu/ros2_rover/install/rover_msgs/share/rover_msgs/package.dsv
[0.368s] -- Up-to-date: /home/ubuntu/ros2_rover/install/rover_msgs/share/ament_index/resource_index/packages/rover_msgs
[0.369s] -- Up-to-date: /home/ubuntu/ros2_rover/install/rover_msgs/share/rover_msgs/cmake/export_rover_msgs__rosidl_generator_cExport.cmake
[0.369s] -- Up-to-date: /home/ubuntu/ros2_rover/install/rover_msgs/share/rover_msgs/cmake/export_rover_msgs__rosidl_generator_cExport-noconfig.cmake
[0.370s] -- Up-to-date: /home/ubuntu/ros2_rover/install/rover_msgs/share/rover_msgs/cmake/export_rover_msgs__rosidl_typesupport_fastrtps_cExport.cmake
[0.370s] -- Up-to-date: /home/ubuntu/ros2_rover/install/rover_msgs/share/rover_msgs/cmake/export_rover_msgs__rosidl_typesupport_fastrtps_cExport-noconfig.cmake
[0.370s] -- Up-to-date: /home/ubuntu/ros2_rover/install/rover_msgs/share/rover_msgs/cmake/rover_msgs__rosidl_typesupport_introspection_cExport.cmake
[0.370s] -- Up-to-date: /home/ubuntu/ros2_rover/install/rover_msgs/share/rover_msgs/cmake/rover_msgs__rosidl_typesupport_introspection_cExport-noconfig.cmake
[0.370s] -- Up-to-date: /home/ubuntu/ros2_rover/install/rover_msgs/share/rover_msgs/cmake/rover_msgs__rosidl_typesupport_cExport.cmake
[0.370s] -- Up-to-date: /home/ubuntu/ros2_rover/install/rover_msgs/share/rover_msgs/cmake/rover_msgs__rosidl_typesupport_cExport-noconfig.cmake
[0.370s] -- Up-to-date: /home/ubuntu/ros2_rover/install/rover_msgs/share/rover_msgs/cmake/export_rover_msgs__rosidl_generator_cppExport.cmake
[0.371s] -- Up-to-date: /home/ubuntu/ros2_rover/install/rover_msgs/share/rover_msgs/cmake/export_rover_msgs__rosidl_typesupport_fastrtps_cppExport.cmake
[0.371s] -- Up-to-date: /home/ubuntu/ros2_rover/install/rover_msgs/share/rover_msgs/cmake/export_rover_msgs__rosidl_typesupport_fastrtps_cppExport-noconfig.cmake
[0.371s] -- Up-to-date: /home/ubuntu/ros2_rover/install/rover_msgs/share/rover_msgs/cmake/rover_msgs__rosidl_typesupport_introspection_cppExport.cmake
[0.371s] -- Up-to-date: /home/ubuntu/ros2_rover/install/rover_msgs/share/rover_msgs/cmake/rover_msgs__rosidl_typesupport_introspection_cppExport-noconfig.cmake
[0.371s] -- Up-to-date: /home/ubuntu/ros2_rover/install/rover_msgs/share/rover_msgs/cmake/rover_msgs__rosidl_typesupport_cppExport.cmake
[0.371s] -- Up-to-date: /home/ubuntu/ros2_rover/install/rover_msgs/share/rover_msgs/cmake/rover_msgs__rosidl_typesupport_cppExport-noconfig.cmake
[0.371s] -- Up-to-date: /home/ubuntu/ros2_rover/install/rover_msgs/share/rover_msgs/cmake/export_rover_msgs__rosidl_generator_pyExport.cmake
[0.371s] -- Up-to-date: /home/ubuntu/ros2_rover/install/rover_msgs/share/rover_msgs/cmake/export_rover_msgs__rosidl_generator_pyExport-noconfig.cmake
[0.371s] -- Up-to-date: /home/ubuntu/ros2_rover/install/rover_msgs/share/rover_msgs/cmake/rosidl_cmake-extras.cmake
[0.371s] -- Up-to-date: /home/ubuntu/ros2_rover/install/rover_msgs/share/rover_msgs/cmake/ament_cmake_export_include_directories-extras.cmake
[0.371s] -- Up-to-date: /home/ubuntu/ros2_rover/install/rover_msgs/share/rover_msgs/cmake/ament_cmake_export_libraries-extras.cmake
[0.372s] -- Up-to-date: /home/ubuntu/ros2_rover/install/rover_msgs/share/rover_msgs/cmake/ament_cmake_export_targets-extras.cmake
[0.372s] -- Up-to-date: /home/ubuntu/ros2_rover/install/rover_msgs/share/rover_msgs/cmake/rosidl_cmake_export_typesupport_targets-extras.cmake
[0.372s] -- Up-to-date: /home/ubuntu/ros2_rover/install/rover_msgs/share/rover_msgs/cmake/ament_cmake_export_dependencies-extras.cmake
[0.372s] -- Up-to-date: /home/ubuntu/ros2_rover/install/rover_msgs/share/rover_msgs/cmake/rosidl_cmake_export_typesupport_libraries-extras.cmake
[0.372s] -- Up-to-date: /home/ubuntu/ros2_rover/install/rover_msgs/share/rover_msgs/cmake/rosidl_cmake_aggregate_target-extras.cmake
[0.372s] -- Up-to-date: /home/ubuntu/ros2_rover/install/rover_msgs/share/rover_msgs/cmake/rover_msgsConfig.cmake
[0.372s] -- Up-to-date: /home/ubuntu/ros2_rover/install/rover_msgs/share/rover_msgs/cmake/rover_msgsConfig-version.cmake
[0.372s] -- Up-to-date: /home/ubuntu/ros2_rover/install/rover_msgs/share/rover_msgs/package.xml
[0.373s] Invoked command in '/home/ubuntu/ros2_rover/build/rover_msgs' returned '0': CMAKE_PREFIX_PATH=${CMAKE_PREFIX_PATH}:/home/ubuntu/ros2_rover/install/rover_teleop:/home/ubuntu/ros2_rover/install/rover_motor_controller:/opt/ros/jazzy /usr/bin/cmake --install /home/ubuntu/ros2_rover/build/rover_msgs
