running egg_info
writing ../../build/rover_motor_controller/rover_motor_controller.egg-info/PKG-INFO
writing dependency_links to ../../build/rover_motor_controller/rover_motor_controller.egg-info/dependency_links.txt
writing entry points to ../../build/rover_motor_controller/rover_motor_controller.egg-info/entry_points.txt
writing requirements to ../../build/rover_motor_controller/rover_motor_controller.egg-info/requires.txt
writing top-level names to ../../build/rover_motor_controller/rover_motor_controller.egg-info/top_level.txt
reading manifest file '../../build/rover_motor_controller/rover_motor_controller.egg-info/SOURCES.txt'
writing manifest file '../../build/rover_motor_controller/rover_motor_controller.egg-info/SOURCES.txt'
running build
running build_py
copying rover_motor_controller/vel_parser_node_main.py -> /home/sachin/ros2_rover/build/rover_motor_controller/build/lib/rover_motor_controller
copying rover_motor_controller/controller_node_main.py -> /home/sachin/ros2_rover/build/rover_motor_controller/build/lib/rover_motor_controller
copying rover_motor_controller/motor_controller/vel_parser_node.py -> /home/sachin/ros2_rover/build/rover_motor_controller/build/lib/rover_motor_controller/motor_controller
copying rover_motor_controller/motor_controller/controller_node.py -> /home/sachin/ros2_rover/build/rover_motor_controller/build/lib/rover_motor_controller/motor_controller
running install
running install_lib
copying /home/sachin/ros2_rover/build/rover_motor_controller/build/lib/rover_motor_controller/vel_parser_node_main.py -> /home/sachin/ros2_rover/install/rover_motor_controller/lib/python3.12/site-packages/rover_motor_controller
copying /home/sachin/ros2_rover/build/rover_motor_controller/build/lib/rover_motor_controller/motor_controller/vel_parser_node.py -> /home/sachin/ros2_rover/install/rover_motor_controller/lib/python3.12/site-packages/rover_motor_controller/motor_controller
copying /home/sachin/ros2_rover/build/rover_motor_controller/build/lib/rover_motor_controller/motor_controller/controller_node.py -> /home/sachin/ros2_rover/install/rover_motor_controller/lib/python3.12/site-packages/rover_motor_controller/motor_controller
copying /home/sachin/ros2_rover/build/rover_motor_controller/build/lib/rover_motor_controller/controller_node_main.py -> /home/sachin/ros2_rover/install/rover_motor_controller/lib/python3.12/site-packages/rover_motor_controller
byte-compiling /home/sachin/ros2_rover/install/rover_motor_controller/lib/python3.12/site-packages/rover_motor_controller/vel_parser_node_main.py to vel_parser_node_main.cpython-312.pyc
byte-compiling /home/sachin/ros2_rover/install/rover_motor_controller/lib/python3.12/site-packages/rover_motor_controller/motor_controller/vel_parser_node.py to vel_parser_node.cpython-312.pyc
byte-compiling /home/sachin/ros2_rover/install/rover_motor_controller/lib/python3.12/site-packages/rover_motor_controller/motor_controller/controller_node.py to controller_node.cpython-312.pyc
byte-compiling /home/sachin/ros2_rover/install/rover_motor_controller/lib/python3.12/site-packages/rover_motor_controller/controller_node_main.py to controller_node_main.cpython-312.pyc
running install_data
copying launch/motor_controller.launch.py -> /home/sachin/ros2_rover/install/rover_motor_controller/share/rover_motor_controller/launch/
running install_egg_info
removing '/home/sachin/ros2_rover/install/rover_motor_controller/lib/python3.12/site-packages/rover_motor_controller-2.0.0-py3.12.egg-info' (and everything under it)
Copying ../../build/rover_motor_controller/rover_motor_controller.egg-info to /home/sachin/ros2_rover/install/rover_motor_controller/lib/python3.12/site-packages/rover_motor_controller-2.0.0-py3.12.egg-info
running install_scripts
Installing controller_node script to /home/sachin/ros2_rover/install/rover_motor_controller/lib/rover_motor_controller
Installing vel_parser_node script to /home/sachin/ros2_rover/install/rover_motor_controller/lib/rover_motor_controller
writing list of installed files to '/home/sachin/ros2_rover/build/rover_motor_controller/install.log'
