[0.010s] Invoking command in '/home/ubuntu/ros2_rover/build/rover_localization': CMAKE_PREFIX_PATH=${CMAKE_PREFIX_PATH}:/opt/ros/jazzy /usr/bin/cmake /home/ubuntu/ros2_rover/src/rover_localization -DCMAKE_INSTALL_PREFIX=/home/ubuntu/ros2_rover/install/rover_localization
[0.112s] -- The C compiler identification is GNU 13.3.0
[0.190s] -- The CXX compiler identification is GNU 13.3.0
[0.206s] -- Detecting C compiler ABI info
[0.259s] -- Detecting C compiler ABI info - done
[0.262s] -- Check for working C compiler: /usr/bin/cc - skipped
[0.263s] -- Detecting C compile features
[0.263s] -- Detecting C compile features - done
[0.268s] -- Detecting CXX compiler ABI info
[0.317s] -- Detecting CXX compiler ABI info - done
[0.323s] -- Check for working CXX compiler: /usr/bin/c++ - skipped
[0.323s] -- Detecting CXX compile features
[0.324s] -- Detecting CXX compile features - done
[0.338s] -- Found ament_cmake: 2.5.6 (/opt/ros/jazzy/share/ament_cmake/cmake)
[0.435s] -- Found Python3: /usr/bin/python3 (found version "3.12.3") found components: Interpreter 
[0.567s] -- Configuring done (0.5s)
[0.569s] -- Generating done (0.0s)
[0.570s] -- Build files have been written to: /home/ubuntu/ros2_rover/build/rover_localization
[0.575s] Invoked command in '/home/ubuntu/ros2_rover/build/rover_localization' returned '0': CMAKE_PREFIX_PATH=${CMAKE_PREFIX_PATH}:/opt/ros/jazzy /usr/bin/cmake /home/ubuntu/ros2_rover/src/rover_localization -DCMAKE_INSTALL_PREFIX=/home/ubuntu/ros2_rover/install/rover_localization
[0.576s] Invoking command in '/home/ubuntu/ros2_rover/build/rover_localization': CMAKE_PREFIX_PATH=${CMAKE_PREFIX_PATH}:/opt/ros/jazzy /usr/bin/cmake --build /home/ubuntu/ros2_rover/build/rover_localization -- -j10 -l10
[0.599s] Invoked command in '/home/ubuntu/ros2_rover/build/rover_localization' returned '0': CMAKE_PREFIX_PATH=${CMAKE_PREFIX_PATH}:/opt/ros/jazzy /usr/bin/cmake --build /home/ubuntu/ros2_rover/build/rover_localization -- -j10 -l10
[0.600s] Invoking command in '/home/ubuntu/ros2_rover/build/rover_localization': CMAKE_PREFIX_PATH=${CMAKE_PREFIX_PATH}:/opt/ros/jazzy /usr/bin/cmake --install /home/ubuntu/ros2_rover/build/rover_localization
[0.604s] -- Install configuration: ""
[0.604s] -- Installing: /home/ubuntu/ros2_rover/install/rover_localization/share/rover_localization//launch
[0.605s] -- Installing: /home/ubuntu/ros2_rover/install/rover_localization/share/rover_localization//launch/rtabmap.launch.py
[0.605s] -- Installing: /home/ubuntu/ros2_rover/install/rover_localization/share/rover_localization//launch/localization.launch.py
[0.605s] -- Installing: /home/ubuntu/ros2_rover/install/rover_localization/share/rover_localization//launch/rgbd_odometry.launch.py
[0.606s] -- Installing: /home/ubuntu/ros2_rover/install/rover_localization/share/rover_localization//launch/ekf.launch.py
[0.606s] -- Installing: /home/ubuntu/ros2_rover/install/rover_localization/share/rover_localization//config
[0.606s] -- Installing: /home/ubuntu/ros2_rover/install/rover_localization/share/rover_localization//config/ekf.yaml
[0.607s] -- Installing: /home/ubuntu/ros2_rover/install/rover_localization/share/ament_index/resource_index/package_run_dependencies/rover_localization
[0.610s] -- Installing: /home/ubuntu/ros2_rover/install/rover_localization/share/ament_index/resource_index/parent_prefix_path/rover_localization
[0.610s] -- Installing: /home/ubuntu/ros2_rover/install/rover_localization/share/rover_localization/environment/ament_prefix_path.sh
[0.610s] -- Installing: /home/ubuntu/ros2_rover/install/rover_localization/share/rover_localization/environment/ament_prefix_path.dsv
[0.610s] -- Installing: /home/ubuntu/ros2_rover/install/rover_localization/share/rover_localization/environment/path.sh
[0.610s] -- Installing: /home/ubuntu/ros2_rover/install/rover_localization/share/rover_localization/environment/path.dsv
[0.610s] -- Installing: /home/ubuntu/ros2_rover/install/rover_localization/share/rover_localization/local_setup.bash
[0.610s] -- Installing: /home/ubuntu/ros2_rover/install/rover_localization/share/rover_localization/local_setup.sh
[0.611s] -- Installing: /home/ubuntu/ros2_rover/install/rover_localization/share/rover_localization/local_setup.zsh
[0.611s] -- Installing: /home/ubuntu/ros2_rover/install/rover_localization/share/rover_localization/local_setup.dsv
[0.611s] -- Installing: /home/ubuntu/ros2_rover/install/rover_localization/share/rover_localization/package.dsv
[0.611s] -- Installing: /home/ubuntu/ros2_rover/install/rover_localization/share/ament_index/resource_index/packages/rover_localization
[0.611s] -- Installing: /home/ubuntu/ros2_rover/install/rover_localization/share/rover_localization/cmake/rover_localizationConfig.cmake
[0.611s] -- Installing: /home/ubuntu/ros2_rover/install/rover_localization/share/rover_localization/cmake/rover_localizationConfig-version.cmake
[0.612s] -- Installing: /home/ubuntu/ros2_rover/install/rover_localization/share/rover_localization/package.xml
[0.612s] Invoked command in '/home/ubuntu/ros2_rover/build/rover_localization' returned '0': CMAKE_PREFIX_PATH=${CMAKE_PREFIX_PATH}:/opt/ros/jazzy /usr/bin/cmake --install /home/ubuntu/ros2_rover/build/rover_localization
