[0.424s] Invoking command in '/home/ubuntu/ros2_rover/src/rover_teleop': PYTHONPATH=/home/ubuntu/ros2_rover/build/rover_teleop/prefix_override:/usr/lib/python3/dist-packages/colcon_core/task/python/colcon_distutils_commands:/home/ubuntu/ros2_rover/install/rover_teleop/lib/python3.12/site-packages:${PYTHONPATH} /usr/bin/python3 -W ignore:setup.py install is deprecated -W ignore:easy_install command is deprecated setup.py egg_info --egg-base ../../build/rover_teleop build --build-base /home/ubuntu/ros2_rover/build/rover_teleop/build install --record /home/ubuntu/ros2_rover/build/rover_teleop/install.log --install-scripts $base/lib/rover_teleop --single-version-externally-managed install_data
[0.480s] /usr/lib/python3/dist-packages/setuptools/dist.py:744: SetuptoolsDeprecationWarning: Invalid dash-separated options
[0.480s] !!
[0.480s] 
[0.480s]         ********************************************************************************
[0.480s]         Usage of dash-separated 'script-dir' will not be supported in future
[0.480s]         versions. Please use the underscore name 'script_dir' instead.
[0.480s] 
[0.480s]         This deprecation is overdue, please update your project and remove deprecated
[0.480s]         calls to avoid build errors in the future.
[0.480s] 
[0.480s]         See https://setuptools.pypa.io/en/latest/userguide/declarative_config.html for details.
[0.480s]         ********************************************************************************
[0.480s] 
[0.480s] !!
[0.480s]   opt = self.warn_dash_deprecation(opt, section)
[0.532s] running egg_info
[0.540s] writing ../../build/rover_teleop/rover_teleop.egg-info/PKG-INFO
[0.540s] writing dependency_links to ../../build/rover_teleop/rover_teleop.egg-info/dependency_links.txt
[0.540s] writing entry points to ../../build/rover_teleop/rover_teleop.egg-info/entry_points.txt
[0.541s] writing requirements to ../../build/rover_teleop/rover_teleop.egg-info/requires.txt
[0.541s] writing top-level names to ../../build/rover_teleop/rover_teleop.egg-info/top_level.txt
[0.556s] reading manifest file '../../build/rover_teleop/rover_teleop.egg-info/SOURCES.txt'
[0.556s] writing manifest file '../../build/rover_teleop/rover_teleop.egg-info/SOURCES.txt'
[0.556s] running build
[0.556s] running build_py
[0.557s] copying rover_teleop/teleop_keyboard_node.py -> /home/ubuntu/ros2_rover/build/rover_teleop/build/lib/rover_teleop
[0.557s] running install
[0.559s] running install_lib
[0.566s] copying /home/ubuntu/ros2_rover/build/rover_teleop/build/lib/rover_teleop/teleop_keyboard_node.py -> /home/ubuntu/ros2_rover/install/rover_teleop/lib/python3.12/site-packages/rover_teleop
[0.567s] byte-compiling /home/ubuntu/ros2_rover/install/rover_teleop/lib/python3.12/site-packages/rover_teleop/teleop_keyboard_node.py to teleop_keyboard_node.cpython-312.pyc
[0.567s] running install_data
[0.567s] running install_egg_info
[0.575s] removing '/home/ubuntu/ros2_rover/install/rover_teleop/lib/python3.12/site-packages/rover_teleop-2.0.0-py3.12.egg-info' (and everything under it)
[0.575s] Copying ../../build/rover_teleop/rover_teleop.egg-info to /home/ubuntu/ros2_rover/install/rover_teleop/lib/python3.12/site-packages/rover_teleop-2.0.0-py3.12.egg-info
[0.576s] running install_scripts
[0.631s] Installing teleop_keyboard_node script to /home/ubuntu/ros2_rover/install/rover_teleop/lib/rover_teleop
[0.631s] writing list of installed files to '/home/ubuntu/ros2_rover/build/rover_teleop/install.log'
[0.645s] Invoked command in '/home/ubuntu/ros2_rover/src/rover_teleop' returned '0': PYTHONPATH=/home/ubuntu/ros2_rover/build/rover_teleop/prefix_override:/usr/lib/python3/dist-packages/colcon_core/task/python/colcon_distutils_commands:/home/ubuntu/ros2_rover/install/rover_teleop/lib/python3.12/site-packages:${PYTHONPATH} /usr/bin/python3 -W ignore:setup.py install is deprecated -W ignore:easy_install command is deprecated setup.py egg_info --egg-base ../../build/rover_teleop build --build-base /home/ubuntu/ros2_rover/build/rover_teleop/build install --record /home/ubuntu/ros2_rover/build/rover_teleop/install.log --install-scripts $base/lib/rover_teleop --single-version-externally-managed install_data
