[0.010s] Invoking command in '/home/ubuntu/ros2_rover/build/rover_navigation': CMAKE_PREFIX_PATH=${CMAKE_PREFIX_PATH}:/opt/ros/jazzy /usr/bin/cmake /home/ubuntu/ros2_rover/src/rover_navigation -DCMAKE_INSTALL_PREFIX=/home/ubuntu/ros2_rover/install/rover_navigation
[0.112s] -- The C compiler identification is GNU 13.3.0
[0.190s] -- The CXX compiler identification is GNU 13.3.0
[0.204s] -- Detecting C compiler ABI info
[0.259s] -- Detecting C compiler ABI info - done
[0.264s] -- Check for working C compiler: /usr/bin/cc - skipped
[0.265s] -- Detecting C compile features
[0.265s] -- Detecting C compile features - done
[0.270s] -- Detecting CXX compiler ABI info
[0.322s] -- Detecting CXX compiler ABI info - done
[0.327s] -- Check for working CXX compiler: /usr/bin/c++ - skipped
[0.327s] -- Detecting CXX compile features
[0.328s] -- Detecting CXX compile features - done
[0.336s] -- Found ament_cmake: 2.5.6 (/opt/ros/jazzy/share/ament_cmake/cmake)
[0.426s] -- Found Python3: /usr/bin/python3 (found version "3.12.3") found components: Interpreter 
[0.565s] -- Configuring done (0.5s)
[0.567s] -- Generating done (0.0s)
[0.568s] -- Build files have been written to: /home/ubuntu/ros2_rover/build/rover_navigation
[0.572s] Invoked command in '/home/ubuntu/ros2_rover/build/rover_navigation' returned '0': CMAKE_PREFIX_PATH=${CMAKE_PREFIX_PATH}:/opt/ros/jazzy /usr/bin/cmake /home/ubuntu/ros2_rover/src/rover_navigation -DCMAKE_INSTALL_PREFIX=/home/ubuntu/ros2_rover/install/rover_navigation
[0.573s] Invoking command in '/home/ubuntu/ros2_rover/build/rover_navigation': CMAKE_PREFIX_PATH=${CMAKE_PREFIX_PATH}:/opt/ros/jazzy /usr/bin/cmake --build /home/ubuntu/ros2_rover/build/rover_navigation -- -j10 -l10
[0.593s] Invoked command in '/home/ubuntu/ros2_rover/build/rover_navigation' returned '0': CMAKE_PREFIX_PATH=${CMAKE_PREFIX_PATH}:/opt/ros/jazzy /usr/bin/cmake --build /home/ubuntu/ros2_rover/build/rover_navigation -- -j10 -l10
[0.597s] Invoking command in '/home/ubuntu/ros2_rover/build/rover_navigation': CMAKE_PREFIX_PATH=${CMAKE_PREFIX_PATH}:/opt/ros/jazzy /usr/bin/cmake --install /home/ubuntu/ros2_rover/build/rover_navigation
[0.601s] -- Install configuration: ""
[0.601s] -- Installing: /home/ubuntu/ros2_rover/install/rover_navigation/share/rover_navigation/launch
[0.602s] -- Installing: /home/ubuntu/ros2_rover/install/rover_navigation/share/rover_navigation/launch/navigation.launch.py
[0.602s] -- Installing: /home/ubuntu/ros2_rover/install/rover_navigation/share/rover_navigation/launch/bringup.launch.py
[0.603s] -- Installing: /home/ubuntu/ros2_rover/install/rover_navigation/share/rover_navigation/params
[0.604s] -- Installing: /home/ubuntu/ros2_rover/install/rover_navigation/share/rover_navigation/params/SmacHybrid.yaml
[0.604s] -- Installing: /home/ubuntu/ros2_rover/install/rover_navigation/share/rover_navigation/params/RPP.yaml
[0.604s] -- Installing: /home/ubuntu/ros2_rover/install/rover_navigation/share/rover_navigation/params/TEB.yaml
[0.604s] -- Installing: /home/ubuntu/ros2_rover/install/rover_navigation/share/rover_navigation/params/costmaps.yaml
[0.604s] -- Installing: /home/ubuntu/ros2_rover/install/rover_navigation/share/rover_navigation/params/common.yaml
[0.604s] -- Installing: /home/ubuntu/ros2_rover/install/rover_navigation/share/rover_navigation/params/SmacLattice.yaml
[0.604s] -- Installing: /home/ubuntu/ros2_rover/install/rover_navigation/share/rover_navigation/behavior_trees
[0.604s] -- Installing: /home/ubuntu/ros2_rover/install/rover_navigation/share/rover_navigation/behavior_trees/rover_bt.xml
[0.605s] -- Installing: /home/ubuntu/ros2_rover/install/rover_navigation/share/ament_index/resource_index/package_run_dependencies/rover_navigation
[0.605s] -- Installing: /home/ubuntu/ros2_rover/install/rover_navigation/share/ament_index/resource_index/parent_prefix_path/rover_navigation
[0.605s] -- Installing: /home/ubuntu/ros2_rover/install/rover_navigation/share/rover_navigation/environment/ament_prefix_path.sh
[0.605s] -- Installing: /home/ubuntu/ros2_rover/install/rover_navigation/share/rover_navigation/environment/ament_prefix_path.dsv
[0.605s] -- Installing: /home/ubuntu/ros2_rover/install/rover_navigation/share/rover_navigation/environment/path.sh
[0.607s] -- Installing: /home/ubuntu/ros2_rover/install/rover_navigation/share/rover_navigation/environment/path.dsv
[0.607s] -- Installing: /home/ubuntu/ros2_rover/install/rover_navigation/share/rover_navigation/local_setup.bash
[0.607s] -- Installing: /home/ubuntu/ros2_rover/install/rover_navigation/share/rover_navigation/local_setup.sh
[0.608s] -- Installing: /home/ubuntu/ros2_rover/install/rover_navigation/share/rover_navigation/local_setup.zsh
[0.608s] -- Installing: /home/ubuntu/ros2_rover/install/rover_navigation/share/rover_navigation/local_setup.dsv
[0.608s] -- Installing: /home/ubuntu/ros2_rover/install/rover_navigation/share/rover_navigation/package.dsv
[0.608s] -- Installing: /home/ubuntu/ros2_rover/install/rover_navigation/share/ament_index/resource_index/packages/rover_navigation
[0.608s] -- Installing: /home/ubuntu/ros2_rover/install/rover_navigation/share/rover_navigation/cmake/rover_navigationConfig.cmake
[0.608s] -- Installing: /home/ubuntu/ros2_rover/install/rover_navigation/share/rover_navigation/cmake/rover_navigationConfig-version.cmake
[0.608s] -- Installing: /home/ubuntu/ros2_rover/install/rover_navigation/share/rover_navigation/package.xml
[0.620s] Invoked command in '/home/ubuntu/ros2_rover/build/rover_navigation' returned '0': CMAKE_PREFIX_PATH=${CMAKE_PREFIX_PATH}:/opt/ros/jazzy /usr/bin/cmake --install /home/ubuntu/ros2_rover/build/rover_navigation
