[0.012s] Invoking command in '/home/ubuntu/ros2_rover/build/rover_description': CMAKE_PREFIX_PATH=${CMAKE_PREFIX_PATH}:/home/ubuntu/ros2_rover/install/rover_teleop:/home/ubuntu/ros2_rover/install/rover_motor_controller:/opt/ros/jazzy /usr/bin/cmake --build /home/ubuntu/ros2_rover/build/rover_description -- -j10 -l10
[0.155s] Invoked command in '/home/ubuntu/ros2_rover/build/rover_description' returned '0': CMAKE_PREFIX_PATH=${CMAKE_PREFIX_PATH}:/home/ubuntu/ros2_rover/install/rover_teleop:/home/ubuntu/ros2_rover/install/rover_motor_controller:/opt/ros/jazzy /usr/bin/cmake --build /home/ubuntu/ros2_rover/build/rover_description -- -j10 -l10
[0.156s] Invoking command in '/home/ubuntu/ros2_rover/build/rover_description': CMAKE_PREFIX_PATH=${CMAKE_PREFIX_PATH}:/home/ubuntu/ros2_rover/install/rover_teleop:/home/ubuntu/ros2_rover/install/rover_motor_controller:/opt/ros/jazzy /usr/bin/cmake --install /home/ubuntu/ros2_rover/build/rover_description
[0.160s] -- Install configuration: ""
[0.160s] -- Up-to-date: /home/ubuntu/ros2_rover/install/rover_description/share/rover_description/config
[0.161s] -- Up-to-date: /home/ubuntu/ros2_rover/install/rover_description/share/rover_description/config/control.yaml
[0.161s] -- Up-to-date: /home/ubuntu/ros2_rover/install/rover_description/share/rover_description/launch
[0.161s] -- Up-to-date: /home/ubuntu/ros2_rover/install/rover_description/share/rover_description/launch/robot_state_publisher.launch.py
[0.161s] -- Up-to-date: /home/ubuntu/ros2_rover/install/rover_description/share/rover_description/meshes
[0.161s] -- Up-to-date: /home/ubuntu/ros2_rover/install/rover_description/share/rover_description/meshes/sensors
[0.162s] -- Up-to-date: /home/ubuntu/ros2_rover/install/rover_description/share/rover_description/meshes/sensors/hokuyo
[0.162s] -- Up-to-date: /home/ubuntu/ros2_rover/install/rover_description/share/rover_description/meshes/sensors/hokuyo/hokuyo_ust_10lx.dae
[0.162s] -- Up-to-date: /home/ubuntu/ros2_rover/install/rover_description/share/rover_description/meshes/sensors/hokuyo/hokuyo.png
[0.162s] -- Up-to-date: /home/ubuntu/ros2_rover/install/rover_description/share/rover_description/meshes/sensors/hokuyo/hokuyo_urg_04lx.stl
[0.162s] -- Up-to-date: /home/ubuntu/ros2_rover/install/rover_description/share/rover_description/meshes/sensors/hokuyo/hokuyo3d.stl
[0.162s] -- Up-to-date: /home/ubuntu/ros2_rover/install/rover_description/share/rover_description/meshes/sensors/hokuyo/hokuyo3d.jpg
[0.162s] -- Up-to-date: /home/ubuntu/ros2_rover/install/rover_description/share/rover_description/meshes/sensors/hokuyo/hokuyo_utm_30lx.stl
[0.162s] -- Up-to-date: /home/ubuntu/ros2_rover/install/rover_description/share/rover_description/meshes/sensors/hokuyo/hokuyo_urg_04lx.dae
[0.162s] -- Up-to-date: /home/ubuntu/ros2_rover/install/rover_description/share/rover_description/meshes/sensors/hokuyo/hokuyo_ust_20lx.dae
[0.163s] -- Up-to-date: /home/ubuntu/ros2_rover/install/rover_description/share/rover_description/meshes/sensors/hokuyo/hokuyo3d.dae
[0.163s] -- Up-to-date: /home/ubuntu/ros2_rover/install/rover_description/share/rover_description/meshes/sensors/hokuyo/hokuyo_utm_30lx.dae
[0.163s] -- Up-to-date: /home/ubuntu/ros2_rover/install/rover_description/share/rover_description/meshes/sensors/asus_xtion
[0.163s] -- Up-to-date: /home/ubuntu/ros2_rover/install/rover_description/share/rover_description/meshes/sensors/asus_xtion/asus_xtion_pro_live.dae
[0.163s] -- Up-to-date: /home/ubuntu/ros2_rover/install/rover_description/share/rover_description/meshes/sensors/asus_xtion/asus_xtion_pro_live.png
[0.163s] -- Up-to-date: /home/ubuntu/ros2_rover/install/rover_description/share/rover_description/meshes/wheels
[0.163s] -- Up-to-date: /home/ubuntu/ros2_rover/install/rover_description/share/rover_description/meshes/wheels/wheel.stl
[0.163s] -- Up-to-date: /home/ubuntu/ros2_rover/install/rover_description/share/rover_description/meshes/wheels/wheel_asm.stl
[0.163s] -- Up-to-date: /home/ubuntu/ros2_rover/install/rover_description/share/rover_description/meshes/bases
[0.163s] -- Up-to-date: /home/ubuntu/ros2_rover/install/rover_description/share/rover_description/meshes/bases/left_bogie_asm.stl
[0.163s] -- Up-to-date: /home/ubuntu/ros2_rover/install/rover_description/share/rover_description/meshes/bases/differential.stl
[0.163s] -- Up-to-date: /home/ubuntu/ros2_rover/install/rover_description/share/rover_description/meshes/bases/back_left_steering_asm.stl
[0.163s] -- Up-to-date: /home/ubuntu/ros2_rover/install/rover_description/share/rover_description/meshes/bases/turnbuckle.stl
[0.163s] -- Up-to-date: /home/ubuntu/ros2_rover/install/rover_description/share/rover_description/meshes/bases/front_right_steering_asm.stl
[0.163s] -- Up-to-date: /home/ubuntu/ros2_rover/install/rover_description/share/rover_description/meshes/bases/right_rocker_asm.stl
[0.163s] -- Up-to-date: /home/ubuntu/ros2_rover/install/rover_description/share/rover_description/meshes/bases/front_left_steering_asm.stl
[0.163s] -- Up-to-date: /home/ubuntu/ros2_rover/install/rover_description/share/rover_description/meshes/bases/right_bogie_asm.stl
[0.163s] -- Up-to-date: /home/ubuntu/ros2_rover/install/rover_description/share/rover_description/meshes/bases/back_right_steering_asm.stl
[0.163s] -- Up-to-date: /home/ubuntu/ros2_rover/install/rover_description/share/rover_description/meshes/bases/left_rocker_asm.stl
[0.164s] -- Up-to-date: /home/ubuntu/ros2_rover/install/rover_description/share/rover_description/meshes/bases/body_box.stl
[0.164s] -- Up-to-date: /home/ubuntu/ros2_rover/install/rover_description/share/rover_description/urdf
[0.164s] -- Up-to-date: /home/ubuntu/ros2_rover/install/rover_description/share/rover_description/urdf/sensors
[0.164s] -- Up-to-date: /home/ubuntu/ros2_rover/install/rover_description/share/rover_description/urdf/sensors/asus_xtion.urdf.xacro
[0.164s] -- Up-to-date: /home/ubuntu/ros2_rover/install/rover_description/share/rover_description/urdf/sensors/hokuyo.urdf.xacro
[0.164s] -- Up-to-date: /home/ubuntu/ros2_rover/install/rover_description/share/rover_description/urdf/sensors/imu.urdf.xacro
[0.164s] -- Up-to-date: /home/ubuntu/ros2_rover/install/rover_description/share/rover_description/urdf/sensors/all_sensors.urdf.xacro
[0.164s] -- Up-to-date: /home/ubuntu/ros2_rover/install/rover_description/share/rover_description/urdf/wheels
[0.164s] -- Up-to-date: /home/ubuntu/ros2_rover/install/rover_description/share/rover_description/urdf/wheels/wheel.urdf.xacro
[0.164s] -- Up-to-date: /home/ubuntu/ros2_rover/install/rover_description/share/rover_description/urdf/wheels/corner.urdf.xacro
[0.164s] -- Up-to-date: /home/ubuntu/ros2_rover/install/rover_description/share/rover_description/urdf/materials.xacro
[0.164s] -- Up-to-date: /home/ubuntu/ros2_rover/install/rover_description/share/rover_description/urdf/inertials.xacro
[0.165s] -- Up-to-date: /home/ubuntu/ros2_rover/install/rover_description/share/rover_description/urdf/bases
[0.165s] -- Up-to-date: /home/ubuntu/ros2_rover/install/rover_description/share/rover_description/urdf/bases/bogie.urdf.xacro
[0.165s] -- Up-to-date: /home/ubuntu/ros2_rover/install/rover_description/share/rover_description/urdf/bases/rocker.urdf.xacro
[0.165s] -- Up-to-date: /home/ubuntu/ros2_rover/install/rover_description/share/rover_description/urdf/bases/differential.urdf.xacro
[0.165s] -- Up-to-date: /home/ubuntu/ros2_rover/install/rover_description/share/rover_description/urdf/bases/turnbuckle.urdf.xacro
[0.165s] -- Up-to-date: /home/ubuntu/ros2_rover/install/rover_description/share/rover_description/urdf/bases/body.urdf.xacro
[0.165s] -- Up-to-date: /home/ubuntu/ros2_rover/install/rover_description/share/rover_description/robots
[0.166s] -- Up-to-date: /home/ubuntu/ros2_rover/install/rover_description/share/rover_description/robots/rover.urdf.xacro
[0.166s] -- Up-to-date: /home/ubuntu/ros2_rover/install/rover_description/share/rover_description/hooks
[0.166s] -- Up-to-date: /home/ubuntu/ros2_rover/install/rover_description/share/rover_description/hooks/gz_sim_resource_path.dsv
[0.166s] -- Up-to-date: /home/ubuntu/ros2_rover/install/rover_description/share/rover_description/hooks/gz_sim_resource_path.sh
[0.166s] -- Up-to-date: /home/ubuntu/ros2_rover/install/rover_description/share/rover_description/environment/gz_sim_resource_path.sh
[0.166s] -- Up-to-date: /home/ubuntu/ros2_rover/install/rover_description/share/rover_description/environment/gz_sim_resource_path.dsv
[0.166s] -- Up-to-date: /home/ubuntu/ros2_rover/install/rover_description/share/ament_index/resource_index/package_run_dependencies/rover_description
[0.166s] -- Up-to-date: /home/ubuntu/ros2_rover/install/rover_description/share/ament_index/resource_index/parent_prefix_path/rover_description
[0.166s] -- Up-to-date: /home/ubuntu/ros2_rover/install/rover_description/share/rover_description/environment/ament_prefix_path.sh
[0.166s] -- Up-to-date: /home/ubuntu/ros2_rover/install/rover_description/share/rover_description/environment/ament_prefix_path.dsv
[0.166s] -- Up-to-date: /home/ubuntu/ros2_rover/install/rover_description/share/rover_description/environment/path.sh
[0.166s] -- Up-to-date: /home/ubuntu/ros2_rover/install/rover_description/share/rover_description/environment/path.dsv
[0.166s] -- Up-to-date: /home/ubuntu/ros2_rover/install/rover_description/share/rover_description/local_setup.bash
[0.166s] -- Up-to-date: /home/ubuntu/ros2_rover/install/rover_description/share/rover_description/local_setup.sh
[0.166s] -- Up-to-date: /home/ubuntu/ros2_rover/install/rover_description/share/rover_description/local_setup.zsh
[0.166s] -- Up-to-date: /home/ubuntu/ros2_rover/install/rover_description/share/rover_description/local_setup.dsv
[0.166s] -- Installing: /home/ubuntu/ros2_rover/install/rover_description/share/rover_description/package.dsv
[0.167s] -- Up-to-date: /home/ubuntu/ros2_rover/install/rover_description/share/ament_index/resource_index/packages/rover_description
[0.167s] -- Up-to-date: /home/ubuntu/ros2_rover/install/rover_description/share/rover_description/cmake/rover_descriptionConfig.cmake
[0.167s] -- Up-to-date: /home/ubuntu/ros2_rover/install/rover_description/share/rover_description/cmake/rover_descriptionConfig-version.cmake
[0.167s] -- Up-to-date: /home/ubuntu/ros2_rover/install/rover_description/share/rover_description/package.xml
[0.178s] Invoked command in '/home/ubuntu/ros2_rover/build/rover_description' returned '0': CMAKE_PREFIX_PATH=${CMAKE_PREFIX_PATH}:/home/ubuntu/ros2_rover/install/rover_teleop:/home/ubuntu/ros2_rover/install/rover_motor_controller:/opt/ros/jazzy /usr/bin/cmake --install /home/ubuntu/ros2_rover/build/rover_description
