[0.013s] Invoking command in '/home/ubuntu/ros2_rover/build/rover_msgs': CMAKE_PREFIX_PATH=${CMAKE_PREFIX_PATH}:/opt/ros/jazzy /usr/bin/cmake /home/ubuntu/ros2_rover/src/rover_msgs -DCMAKE_INSTALL_PREFIX=/home/ubuntu/ros2_rover/install/rover_msgs
[0.117s] -- The C compiler identification is GNU 13.3.0
[0.195s] -- The CXX compiler identification is GNU 13.3.0
[0.211s] -- Detecting C compiler ABI info
[0.262s] -- Detecting C compiler ABI info - done
[0.267s] -- Check for working C compiler: /usr/bin/cc - skipped
[0.267s] -- Detecting C compile features
[0.267s] -- Detecting C compile features - done
[0.273s] -- Detecting CXX compiler ABI info
[0.322s] -- Detecting CXX compiler ABI info - done
[0.327s] -- Check for working CXX compiler: /usr/bin/c++ - skipped
[0.327s] -- Detecting CXX compile features
[0.327s] -- Detecting CXX compile features - done
[0.343s] -- Found ament_cmake: 2.5.6 (/opt/ros/jazzy/share/ament_cmake/cmake)
[0.447s] -- Found Python3: /usr/bin/python3 (found version "3.12.3") found components: Interpreter 
[0.546s] -- Found rosidl_default_generators: 1.6.1 (/opt/ros/jazzy/share/rosidl_default_generators/cmake)
[0.567s] -- Using all available rosidl_typesupport_c: rosidl_typesupport_fastrtps_c;rosidl_typesupport_introspection_c
[0.661s] -- Using all available rosidl_typesupport_cpp: rosidl_typesupport_fastrtps_cpp;rosidl_typesupport_introspection_cpp
[0.725s] -- Found rosidl_adapter: 4.6.9 (/opt/ros/jazzy/share/rosidl_adapter/cmake)
[0.978s] -- Found ament_cmake_ros: 0.12.1 (/opt/ros/jazzy/share/ament_cmake_ros/cmake)
[1.166s] -- Using all available rosidl_typesupport_c: rosidl_typesupport_fastrtps_c;rosidl_typesupport_introspection_c
[1.394s] -- Using all available rosidl_typesupport_cpp: rosidl_typesupport_fastrtps_cpp;rosidl_typesupport_introspection_cpp
[1.400s] -- Found python_cmake_module: 0.11.1 (/opt/ros/jazzy/share/python_cmake_module/cmake)
[1.457s] -- Found PythonExtra: /usr/bin/python3  
[1.701s] -- Found Python3: /usr/bin/python3 (found version "3.12.3") found components: Interpreter Development NumPy Development.Module Development.Embed 
[1.729s] -- Found Python3: /usr/bin/python3 (found version "3.12.3") found components: Interpreter 
[1.735s] -- Configuring done (1.7s)
[1.757s] -- Generating done (0.0s)
[1.762s] -- Build files have been written to: /home/ubuntu/ros2_rover/build/rover_msgs
[1.765s] Invoked command in '/home/ubuntu/ros2_rover/build/rover_msgs' returned '0': CMAKE_PREFIX_PATH=${CMAKE_PREFIX_PATH}:/opt/ros/jazzy /usr/bin/cmake /home/ubuntu/ros2_rover/src/rover_msgs -DCMAKE_INSTALL_PREFIX=/home/ubuntu/ros2_rover/install/rover_msgs
[1.766s] Invoking command in '/home/ubuntu/ros2_rover/build/rover_msgs': CMAKE_PREFIX_PATH=${CMAKE_PREFIX_PATH}:/opt/ros/jazzy /usr/bin/cmake --build /home/ubuntu/ros2_rover/build/rover_msgs -- -j10 -l10
[1.785s] [  2%] [34m[1mGenerating type hashes for ROS interfaces[0m
[1.786s] [  5%] [34m[1mGenerating Rust code for ROS interfaces[0m
[1.789s] [  5%] Built target ament_cmake_python_copy_rover_msgs
[1.866s] [  5%] Built target rover_msgs__rosidl_generator_type_description
[1.871s] [  8%] [34m[1mGenerating C code for ROS interfaces[0m
[1.876s] [ 11%] [34m[1mGenerating C++ code for ROS interfaces[0m
[1.876s] [ 11%] Built target rover_msgs__rs
[1.876s] running egg_info
[1.877s] creating rover_msgs.egg-info
[1.884s] writing rover_msgs.egg-info/PKG-INFO
[1.885s] writing dependency_links to rover_msgs.egg-info/dependency_links.txt
[1.885s] writing top-level names to rover_msgs.egg-info/top_level.txt
[1.885s] writing manifest file 'rover_msgs.egg-info/SOURCES.txt'
[1.908s] reading manifest file 'rover_msgs.egg-info/SOURCES.txt'
[1.908s] writing manifest file 'rover_msgs.egg-info/SOURCES.txt'
[1.921s] [ 11%] Built target ament_cmake_python_build_rover_msgs_egg
[1.972s] [ 11%] Built target rover_msgs__cpp
[1.983s] [ 14%] [32mBuilding C object CMakeFiles/rover_msgs__rosidl_generator_c.dir/rosidl_generator_c/rover_msgs/msg/detail/motors_command__description.c.o[0m
[1.983s] [ 20%] [32mBuilding C object CMakeFiles/rover_msgs__rosidl_generator_c.dir/rosidl_generator_c/rover_msgs/msg/detail/motors_command__type_support.c.o[0m
[1.983s] [ 20%] [32mBuilding C object CMakeFiles/rover_msgs__rosidl_generator_c.dir/rosidl_generator_c/rover_msgs/msg/detail/motors_command__functions.c.o[0m
[2.030s] [ 22%] [32m[1mLinking C shared library librover_msgs__rosidl_generator_c.so[0m
[2.045s] [ 22%] Built target rover_msgs__rosidl_generator_c
[2.051s] [ 28%] [34m[1mGenerating C type support for eProsima Fast-RTPS[0m
[2.052s] [ 28%] [34m[1mGenerating C introspection for ROS interfaces[0m
[2.052s] [ 31%] [34m[1mGenerating C type support dispatch for ROS interfaces[0m
[2.052s] [ 34%] [34m[1mGenerating C++ type support for eProsima Fast-RTPS[0m
[2.053s] [ 37%] [34m[1mGenerating C++ introspection for ROS interfaces[0m
[2.053s] [ 40%] [34m[1mGenerating C++ type support dispatch for ROS interfaces[0m
[2.164s] [ 42%] [32mBuilding CXX object CMakeFiles/rover_msgs__rosidl_typesupport_c.dir/rosidl_typesupport_c/rover_msgs/msg/motors_command__type_support.cpp.o[0m
[2.166s] [ 45%] [32mBuilding C object CMakeFiles/rover_msgs__rosidl_typesupport_introspection_c.dir/rosidl_typesupport_introspection_c/rover_msgs/msg/detail/motors_command__type_support.c.o[0m
[2.168s] [ 48%] [32mBuilding CXX object CMakeFiles/rover_msgs__rosidl_typesupport_introspection_cpp.dir/rosidl_typesupport_introspection_cpp/rover_msgs/msg/detail/motors_command__type_support.cpp.o[0m
[2.168s] [ 51%] [32mBuilding CXX object CMakeFiles/rover_msgs__rosidl_typesupport_cpp.dir/rosidl_typesupport_cpp/rover_msgs/msg/motors_command__type_support.cpp.o[0m
[2.181s] [ 54%] [32mBuilding CXX object CMakeFiles/rover_msgs__rosidl_typesupport_fastrtps_cpp.dir/rosidl_typesupport_fastrtps_cpp/rover_msgs/msg/detail/dds_fastrtps/motors_command__type_support.cpp.o[0m
[2.187s] [ 57%] [32m[1mLinking C shared library librover_msgs__rosidl_typesupport_introspection_c.so[0m
[2.188s] [ 60%] [32mBuilding CXX object CMakeFiles/rover_msgs__rosidl_typesupport_fastrtps_c.dir/rosidl_typesupport_fastrtps_c/rover_msgs/msg/detail/motors_command__type_support_c.cpp.o[0m
[2.201s] [ 60%] Built target rover_msgs__rosidl_typesupport_introspection_c
[2.207s] [ 62%] [32m[1mLinking CXX shared library librover_msgs__rosidl_typesupport_c.so[0m
[2.228s] [ 62%] Built target rover_msgs__rosidl_typesupport_c
[2.352s] [ 65%] [32m[1mLinking CXX shared library librover_msgs__rosidl_typesupport_cpp.so[0m
[2.372s] [ 65%] Built target rover_msgs__rosidl_typesupport_cpp
[2.377s] [ 68%] [32m[1mLinking CXX shared library librover_msgs__rosidl_typesupport_introspection_cpp.so[0m
[2.406s] [ 71%] [32m[1mLinking CXX shared library librover_msgs__rosidl_typesupport_fastrtps_c.so[0m
[2.410s] [ 71%] Built target rover_msgs__rosidl_typesupport_introspection_cpp
[2.414s] [ 74%] [32m[1mLinking CXX shared library librover_msgs__rosidl_typesupport_fastrtps_cpp.so[0m
[2.427s] [ 74%] Built target rover_msgs__rosidl_typesupport_fastrtps_c
[2.441s] [ 74%] Built target rover_msgs__rosidl_typesupport_fastrtps_cpp
[2.448s] [ 74%] Built target rover_msgs
[2.455s] [ 77%] [34m[1mGenerating Python code for ROS interfaces[0m
[2.563s] [ 77%] Built target rover_msgs__py
[2.570s] [ 80%] [32mBuilding C object CMakeFiles/rover_msgs__rosidl_generator_py.dir/rosidl_generator_py/rover_msgs/msg/_motors_command_s.c.o[0m
[2.638s] [ 82%] [32m[1mLinking C shared library librover_msgs__rosidl_generator_py.so[0m
[2.653s] [ 82%] Built target rover_msgs__rosidl_generator_py
[2.661s] [ 91%] [32mBuilding C object CMakeFiles/rover_msgs_s__rosidl_typesupport_c.dir/rosidl_generator_py/rover_msgs/_rover_msgs_s.ep.rosidl_typesupport_c.c.o[0m
[2.661s] [ 91%] [32mBuilding C object CMakeFiles/rover_msgs_s__rosidl_typesupport_introspection_c.dir/rosidl_generator_py/rover_msgs/_rover_msgs_s.ep.rosidl_typesupport_introspection_c.c.o[0m
[2.661s] [ 91%] [32mBuilding C object CMakeFiles/rover_msgs_s__rosidl_typesupport_fastrtps_c.dir/rosidl_generator_py/rover_msgs/_rover_msgs_s.ep.rosidl_typesupport_fastrtps_c.c.o[0m
[2.700s] [100%] [32m[1mLinking C shared module rosidl_generator_py/rover_msgs/rover_msgs_s__rosidl_typesupport_fastrtps_c.so[0m
[2.700s] [100%] [32m[1mLinking C shared module rosidl_generator_py/rover_msgs/rover_msgs_s__rosidl_typesupport_c.so[0m
[2.700s] [100%] [32m[1mLinking C shared module rosidl_generator_py/rover_msgs/rover_msgs_s__rosidl_typesupport_introspection_c.so[0m
[2.712s] [100%] Built target rover_msgs_s__rosidl_typesupport_c
[2.712s] [100%] Built target rover_msgs_s__rosidl_typesupport_introspection_c
[2.712s] [100%] Built target rover_msgs_s__rosidl_typesupport_fastrtps_c
[2.717s] Invoked command in '/home/ubuntu/ros2_rover/build/rover_msgs' returned '0': CMAKE_PREFIX_PATH=${CMAKE_PREFIX_PATH}:/opt/ros/jazzy /usr/bin/cmake --build /home/ubuntu/ros2_rover/build/rover_msgs -- -j10 -l10
[2.718s] Invoking command in '/home/ubuntu/ros2_rover/build/rover_msgs': CMAKE_PREFIX_PATH=${CMAKE_PREFIX_PATH}:/opt/ros/jazzy /usr/bin/cmake --install /home/ubuntu/ros2_rover/build/rover_msgs
[2.721s] -- Install configuration: ""
[2.721s] -- Installing: /home/ubuntu/ros2_rover/install/rover_msgs/share/ament_index/resource_index/rosidl_interfaces/rover_msgs
[2.721s] -- Installing: /home/ubuntu/ros2_rover/install/rover_msgs/share/rover_msgs/msg/MotorsCommand.json
[2.721s] -- Installing: /home/ubuntu/ros2_rover/install/rover_msgs/include/rover_msgs/rover_msgs
[2.721s] -- Installing: /home/ubuntu/ros2_rover/install/rover_msgs/include/rover_msgs/rover_msgs/msg
[2.722s] -- Installing: /home/ubuntu/ros2_rover/install/rover_msgs/include/rover_msgs/rover_msgs/msg/detail
[2.723s] -- Installing: /home/ubuntu/ros2_rover/install/rover_msgs/include/rover_msgs/rover_msgs/msg/detail/motors_command__functions.h
[2.723s] -- Installing: /home/ubuntu/ros2_rover/install/rover_msgs/include/rover_msgs/rover_msgs/msg/detail/motors_command__description.c
[2.723s] -- Installing: /home/ubuntu/ros2_rover/install/rover_msgs/include/rover_msgs/rover_msgs/msg/detail/motors_command__struct.h
[2.723s] -- Installing: /home/ubuntu/ros2_rover/install/rover_msgs/include/rover_msgs/rover_msgs/msg/detail/motors_command__type_support.c
[2.723s] -- Installing: /home/ubuntu/ros2_rover/install/rover_msgs/include/rover_msgs/rover_msgs/msg/detail/motors_command__type_support.h
[2.723s] -- Installing: /home/ubuntu/ros2_rover/install/rover_msgs/include/rover_msgs/rover_msgs/msg/detail/motors_command__functions.c
[2.723s] -- Installing: /home/ubuntu/ros2_rover/install/rover_msgs/include/rover_msgs/rover_msgs/msg/rosidl_generator_c__visibility_control.h
[2.723s] -- Installing: /home/ubuntu/ros2_rover/install/rover_msgs/include/rover_msgs/rover_msgs/msg/motors_command.h
[2.723s] -- Installing: /home/ubuntu/ros2_rover/install/rover_msgs/share/rover_msgs/environment/library_path.sh
[2.723s] -- Installing: /home/ubuntu/ros2_rover/install/rover_msgs/share/rover_msgs/environment/library_path.dsv
[2.723s] -- Installing: /home/ubuntu/ros2_rover/install/rover_msgs/lib/librover_msgs__rosidl_generator_c.so
[2.724s] -- Set non-toolchain portion of runtime path of "/home/ubuntu/ros2_rover/install/rover_msgs/lib/librover_msgs__rosidl_generator_c.so" to ""
[2.724s] -- Up-to-date: /home/ubuntu/ros2_rover/install/rover_msgs/include/rover_msgs/rover_msgs
[2.724s] -- Up-to-date: /home/ubuntu/ros2_rover/install/rover_msgs/include/rover_msgs/rover_msgs/msg
[2.724s] -- Up-to-date: /home/ubuntu/ros2_rover/install/rover_msgs/include/rover_msgs/rover_msgs/msg/detail
[2.724s] -- Installing: /home/ubuntu/ros2_rover/install/rover_msgs/include/rover_msgs/rover_msgs/msg/detail/motors_command__rosidl_typesupport_fastrtps_c.h
[2.724s] -- Installing: /home/ubuntu/ros2_rover/install/rover_msgs/include/rover_msgs/rover_msgs/msg/rosidl_typesupport_fastrtps_c__visibility_control.h
[2.724s] -- Installing: /home/ubuntu/ros2_rover/install/rover_msgs/lib/librover_msgs__rosidl_typesupport_fastrtps_c.so
[2.724s] -- Set non-toolchain portion of runtime path of "/home/ubuntu/ros2_rover/install/rover_msgs/lib/librover_msgs__rosidl_typesupport_fastrtps_c.so" to ""
[2.724s] -- Up-to-date: /home/ubuntu/ros2_rover/install/rover_msgs/include/rover_msgs/rover_msgs
[2.724s] -- Up-to-date: /home/ubuntu/ros2_rover/install/rover_msgs/include/rover_msgs/rover_msgs/msg
[2.724s] -- Up-to-date: /home/ubuntu/ros2_rover/install/rover_msgs/include/rover_msgs/rover_msgs/msg/detail
[2.724s] -- Installing: /home/ubuntu/ros2_rover/install/rover_msgs/include/rover_msgs/rover_msgs/msg/detail/motors_command__rosidl_typesupport_introspection_c.h
[2.724s] -- Up-to-date: /home/ubuntu/ros2_rover/install/rover_msgs/include/rover_msgs/rover_msgs/msg/detail/motors_command__type_support.c
[2.724s] -- Installing: /home/ubuntu/ros2_rover/install/rover_msgs/include/rover_msgs/rover_msgs/msg/rosidl_typesupport_introspection_c__visibility_control.h
[2.724s] -- Installing: /home/ubuntu/ros2_rover/install/rover_msgs/lib/librover_msgs__rosidl_typesupport_introspection_c.so
[2.724s] -- Set non-toolchain portion of runtime path of "/home/ubuntu/ros2_rover/install/rover_msgs/lib/librover_msgs__rosidl_typesupport_introspection_c.so" to ""
[2.724s] -- Installing: /home/ubuntu/ros2_rover/install/rover_msgs/lib/librover_msgs__rosidl_typesupport_c.so
[2.725s] -- Set non-toolchain portion of runtime path of "/home/ubuntu/ros2_rover/install/rover_msgs/lib/librover_msgs__rosidl_typesupport_c.so" to ""
[2.725s] -- Up-to-date: /home/ubuntu/ros2_rover/install/rover_msgs/include/rover_msgs/rover_msgs
[2.725s] -- Up-to-date: /home/ubuntu/ros2_rover/install/rover_msgs/include/rover_msgs/rover_msgs/msg
[2.725s] -- Up-to-date: /home/ubuntu/ros2_rover/install/rover_msgs/include/rover_msgs/rover_msgs/msg/detail
[2.725s] -- Installing: /home/ubuntu/ros2_rover/install/rover_msgs/include/rover_msgs/rover_msgs/msg/detail/motors_command__type_support.hpp
[2.725s] -- Installing: /home/ubuntu/ros2_rover/install/rover_msgs/include/rover_msgs/rover_msgs/msg/detail/motors_command__struct.hpp
[2.725s] -- Installing: /home/ubuntu/ros2_rover/install/rover_msgs/include/rover_msgs/rover_msgs/msg/detail/motors_command__traits.hpp
[2.725s] -- Installing: /home/ubuntu/ros2_rover/install/rover_msgs/include/rover_msgs/rover_msgs/msg/detail/motors_command__builder.hpp
[2.725s] -- Installing: /home/ubuntu/ros2_rover/install/rover_msgs/include/rover_msgs/rover_msgs/msg/motors_command.hpp
[2.725s] -- Installing: /home/ubuntu/ros2_rover/install/rover_msgs/include/rover_msgs/rover_msgs/msg/rosidl_generator_cpp__visibility_control.hpp
[2.725s] -- Up-to-date: /home/ubuntu/ros2_rover/install/rover_msgs/include/rover_msgs/rover_msgs
[2.725s] -- Up-to-date: /home/ubuntu/ros2_rover/install/rover_msgs/include/rover_msgs/rover_msgs/msg
[2.725s] -- Up-to-date: /home/ubuntu/ros2_rover/install/rover_msgs/include/rover_msgs/rover_msgs/msg/detail
[2.725s] -- Installing: /home/ubuntu/ros2_rover/install/rover_msgs/include/rover_msgs/rover_msgs/msg/detail/motors_command__rosidl_typesupport_fastrtps_cpp.hpp
[2.725s] -- Installing: /home/ubuntu/ros2_rover/install/rover_msgs/include/rover_msgs/rover_msgs/msg/detail/dds_fastrtps
[2.725s] -- Installing: /home/ubuntu/ros2_rover/install/rover_msgs/include/rover_msgs/rover_msgs/msg/rosidl_typesupport_fastrtps_cpp__visibility_control.h
[2.725s] -- Installing: /home/ubuntu/ros2_rover/install/rover_msgs/lib/librover_msgs__rosidl_typesupport_fastrtps_cpp.so
[2.726s] -- Set non-toolchain portion of runtime path of "/home/ubuntu/ros2_rover/install/rover_msgs/lib/librover_msgs__rosidl_typesupport_fastrtps_cpp.so" to ""
[2.726s] -- Up-to-date: /home/ubuntu/ros2_rover/install/rover_msgs/include/rover_msgs/rover_msgs
[2.726s] -- Up-to-date: /home/ubuntu/ros2_rover/install/rover_msgs/include/rover_msgs/rover_msgs/msg
[2.726s] -- Up-to-date: /home/ubuntu/ros2_rover/install/rover_msgs/include/rover_msgs/rover_msgs/msg/detail
[2.726s] -- Installing: /home/ubuntu/ros2_rover/install/rover_msgs/include/rover_msgs/rover_msgs/msg/detail/motors_command__rosidl_typesupport_introspection_cpp.hpp
[2.726s] -- Installing: /home/ubuntu/ros2_rover/install/rover_msgs/include/rover_msgs/rover_msgs/msg/detail/motors_command__type_support.cpp
[2.726s] -- Installing: /home/ubuntu/ros2_rover/install/rover_msgs/lib/librover_msgs__rosidl_typesupport_introspection_cpp.so
[2.726s] -- Set non-toolchain portion of runtime path of "/home/ubuntu/ros2_rover/install/rover_msgs/lib/librover_msgs__rosidl_typesupport_introspection_cpp.so" to ""
[2.726s] -- Installing: /home/ubuntu/ros2_rover/install/rover_msgs/lib/librover_msgs__rosidl_typesupport_cpp.so
[2.726s] -- Set non-toolchain portion of runtime path of "/home/ubuntu/ros2_rover/install/rover_msgs/lib/librover_msgs__rosidl_typesupport_cpp.so" to ""
[2.726s] -- Installing: /home/ubuntu/ros2_rover/install/rover_msgs/share/rover_msgs/environment/pythonpath.sh
[2.726s] -- Installing: /home/ubuntu/ros2_rover/install/rover_msgs/share/rover_msgs/environment/pythonpath.dsv
[2.726s] -- Installing: /home/ubuntu/ros2_rover/install/rover_msgs/lib/python3.12/site-packages/rover_msgs-2.0.0-py3.12.egg-info
[2.726s] -- Installing: /home/ubuntu/ros2_rover/install/rover_msgs/lib/python3.12/site-packages/rover_msgs-2.0.0-py3.12.egg-info/SOURCES.txt
[2.727s] -- Installing: /home/ubuntu/ros2_rover/install/rover_msgs/lib/python3.12/site-packages/rover_msgs-2.0.0-py3.12.egg-info/top_level.txt
[2.727s] -- Installing: /home/ubuntu/ros2_rover/install/rover_msgs/lib/python3.12/site-packages/rover_msgs-2.0.0-py3.12.egg-info/dependency_links.txt
[2.727s] -- Installing: /home/ubuntu/ros2_rover/install/rover_msgs/lib/python3.12/site-packages/rover_msgs-2.0.0-py3.12.egg-info/PKG-INFO
[2.727s] -- Installing: /home/ubuntu/ros2_rover/install/rover_msgs/lib/python3.12/site-packages/rover_msgs
[2.727s] -- Installing: /home/ubuntu/ros2_rover/install/rover_msgs/lib/python3.12/site-packages/rover_msgs/rover_msgs_s__rosidl_typesupport_fastrtps_c.so
[2.727s] -- Installing: /home/ubuntu/ros2_rover/install/rover_msgs/lib/python3.12/site-packages/rover_msgs/rover_msgs_s__rosidl_typesupport_c.so
[2.727s] -- Installing: /home/ubuntu/ros2_rover/install/rover_msgs/lib/python3.12/site-packages/rover_msgs/_rover_msgs_s.ep.rosidl_typesupport_introspection_c.c
[2.727s] -- Installing: /home/ubuntu/ros2_rover/install/rover_msgs/lib/python3.12/site-packages/rover_msgs/msg
[2.727s] -- Installing: /home/ubuntu/ros2_rover/install/rover_msgs/lib/python3.12/site-packages/rover_msgs/msg/_motors_command.py
[2.727s] -- Installing: /home/ubuntu/ros2_rover/install/rover_msgs/lib/python3.12/site-packages/rover_msgs/msg/__init__.py
[2.727s] -- Installing: /home/ubuntu/ros2_rover/install/rover_msgs/lib/python3.12/site-packages/rover_msgs/msg/_motors_command_s.c
[2.727s] -- Installing: /home/ubuntu/ros2_rover/install/rover_msgs/lib/python3.12/site-packages/rover_msgs/rover_msgs_s__rosidl_typesupport_introspection_c.so
[2.728s] -- Installing: /home/ubuntu/ros2_rover/install/rover_msgs/lib/python3.12/site-packages/rover_msgs/_rover_msgs_s.ep.rosidl_typesupport_c.c
[2.728s] -- Installing: /home/ubuntu/ros2_rover/install/rover_msgs/lib/python3.12/site-packages/rover_msgs/_rover_msgs_s.ep.rosidl_typesupport_fastrtps_c.c
[2.728s] -- Installing: /home/ubuntu/ros2_rover/install/rover_msgs/lib/python3.12/site-packages/rover_msgs/__init__.py
[2.744s] Listing '/home/ubuntu/ros2_rover/install/rover_msgs/lib/python3.12/site-packages/rover_msgs'...
[2.744s] Compiling '/home/ubuntu/ros2_rover/install/rover_msgs/lib/python3.12/site-packages/rover_msgs/__init__.py'...
[2.744s] Listing '/home/ubuntu/ros2_rover/install/rover_msgs/lib/python3.12/site-packages/rover_msgs/msg'...
[2.744s] Compiling '/home/ubuntu/ros2_rover/install/rover_msgs/lib/python3.12/site-packages/rover_msgs/msg/__init__.py'...
[2.744s] Compiling '/home/ubuntu/ros2_rover/install/rover_msgs/lib/python3.12/site-packages/rover_msgs/msg/_motors_command.py'...
[2.747s] -- Installing: /home/ubuntu/ros2_rover/install/rover_msgs/lib/python3.12/site-packages/rover_msgs/rover_msgs_s__rosidl_typesupport_fastrtps_c.so
[2.747s] -- Set non-toolchain portion of runtime path of "/home/ubuntu/ros2_rover/install/rover_msgs/lib/python3.12/site-packages/rover_msgs/rover_msgs_s__rosidl_typesupport_fastrtps_c.so" to ""
[2.747s] -- Installing: /home/ubuntu/ros2_rover/install/rover_msgs/lib/python3.12/site-packages/rover_msgs/rover_msgs_s__rosidl_typesupport_introspection_c.so
[2.747s] -- Set non-toolchain portion of runtime path of "/home/ubuntu/ros2_rover/install/rover_msgs/lib/python3.12/site-packages/rover_msgs/rover_msgs_s__rosidl_typesupport_introspection_c.so" to ""
[2.747s] -- Installing: /home/ubuntu/ros2_rover/install/rover_msgs/lib/python3.12/site-packages/rover_msgs/rover_msgs_s__rosidl_typesupport_c.so
[2.748s] -- Set non-toolchain portion of runtime path of "/home/ubuntu/ros2_rover/install/rover_msgs/lib/python3.12/site-packages/rover_msgs/rover_msgs_s__rosidl_typesupport_c.so" to ""
[2.748s] -- Installing: /home/ubuntu/ros2_rover/install/rover_msgs/lib/librover_msgs__rosidl_generator_py.so
[2.748s] -- Set non-toolchain portion of runtime path of "/home/ubuntu/ros2_rover/install/rover_msgs/lib/librover_msgs__rosidl_generator_py.so" to ""
[2.748s] -- Installing: /home/ubuntu/ros2_rover/install/rover_msgs/share/ament_index/resource_index/rust_packages/rover_msgs
[2.748s] -- Installing: /home/ubuntu/ros2_rover/install/rover_msgs/share/rover_msgs/rust
[2.748s] -- Installing: /home/ubuntu/ros2_rover/install/rover_msgs/share/rover_msgs/rust/src
[2.748s] -- Installing: /home/ubuntu/ros2_rover/install/rover_msgs/share/rover_msgs/rust/src/lib.rs
[2.748s] -- Installing: /home/ubuntu/ros2_rover/install/rover_msgs/share/rover_msgs/rust/src/msg.rs
[2.748s] -- Installing: /home/ubuntu/ros2_rover/install/rover_msgs/share/rover_msgs/rust/src/msg
[2.748s] -- Installing: /home/ubuntu/ros2_rover/install/rover_msgs/share/rover_msgs/rust/src/msg/rmw.rs
[2.748s] -- Installing: /home/ubuntu/ros2_rover/install/rover_msgs/share/rover_msgs/rust/build.rs
[2.748s] -- Installing: /home/ubuntu/ros2_rover/install/rover_msgs/share/rover_msgs/rust/Cargo.toml
[2.748s] -- Installing: /home/ubuntu/ros2_rover/install/rover_msgs/share/rover_msgs/msg/MotorsCommand.idl
[2.748s] -- Installing: /home/ubuntu/ros2_rover/install/rover_msgs/share/rover_msgs/msg/MotorsCommand.msg
[2.748s] -- Installing: /home/ubuntu/ros2_rover/install/rover_msgs/share/ament_index/resource_index/package_run_dependencies/rover_msgs
[2.749s] -- Installing: /home/ubuntu/ros2_rover/install/rover_msgs/share/ament_index/resource_index/parent_prefix_path/rover_msgs
[2.749s] -- Installing: /home/ubuntu/ros2_rover/install/rover_msgs/share/rover_msgs/environment/ament_prefix_path.sh
[2.749s] -- Installing: /home/ubuntu/ros2_rover/install/rover_msgs/share/rover_msgs/environment/ament_prefix_path.dsv
[2.749s] -- Installing: /home/ubuntu/ros2_rover/install/rover_msgs/share/rover_msgs/environment/path.sh
[2.749s] -- Installing: /home/ubuntu/ros2_rover/install/rover_msgs/share/rover_msgs/environment/path.dsv
[2.749s] -- Installing: /home/ubuntu/ros2_rover/install/rover_msgs/share/rover_msgs/local_setup.bash
[2.749s] -- Installing: /home/ubuntu/ros2_rover/install/rover_msgs/share/rover_msgs/local_setup.sh
[2.749s] -- Installing: /home/ubuntu/ros2_rover/install/rover_msgs/share/rover_msgs/local_setup.zsh
[2.749s] -- Installing: /home/ubuntu/ros2_rover/install/rover_msgs/share/rover_msgs/local_setup.dsv
[2.749s] -- Installing: /home/ubuntu/ros2_rover/install/rover_msgs/share/rover_msgs/package.dsv
[2.749s] -- Installing: /home/ubuntu/ros2_rover/install/rover_msgs/share/ament_index/resource_index/packages/rover_msgs
[2.749s] -- Installing: /home/ubuntu/ros2_rover/install/rover_msgs/share/rover_msgs/cmake/export_rover_msgs__rosidl_generator_cExport.cmake
[2.749s] -- Installing: /home/ubuntu/ros2_rover/install/rover_msgs/share/rover_msgs/cmake/export_rover_msgs__rosidl_generator_cExport-noconfig.cmake
[2.749s] -- Installing: /home/ubuntu/ros2_rover/install/rover_msgs/share/rover_msgs/cmake/export_rover_msgs__rosidl_typesupport_fastrtps_cExport.cmake
[2.749s] -- Installing: /home/ubuntu/ros2_rover/install/rover_msgs/share/rover_msgs/cmake/export_rover_msgs__rosidl_typesupport_fastrtps_cExport-noconfig.cmake
[2.749s] -- Installing: /home/ubuntu/ros2_rover/install/rover_msgs/share/rover_msgs/cmake/rover_msgs__rosidl_typesupport_introspection_cExport.cmake
[2.749s] -- Installing: /home/ubuntu/ros2_rover/install/rover_msgs/share/rover_msgs/cmake/rover_msgs__rosidl_typesupport_introspection_cExport-noconfig.cmake
[2.749s] -- Installing: /home/ubuntu/ros2_rover/install/rover_msgs/share/rover_msgs/cmake/rover_msgs__rosidl_typesupport_cExport.cmake
[2.750s] -- Installing: /home/ubuntu/ros2_rover/install/rover_msgs/share/rover_msgs/cmake/rover_msgs__rosidl_typesupport_cExport-noconfig.cmake
[2.750s] -- Installing: /home/ubuntu/ros2_rover/install/rover_msgs/share/rover_msgs/cmake/export_rover_msgs__rosidl_generator_cppExport.cmake
[2.750s] -- Installing: /home/ubuntu/ros2_rover/install/rover_msgs/share/rover_msgs/cmake/export_rover_msgs__rosidl_typesupport_fastrtps_cppExport.cmake
[2.750s] -- Installing: /home/ubuntu/ros2_rover/install/rover_msgs/share/rover_msgs/cmake/export_rover_msgs__rosidl_typesupport_fastrtps_cppExport-noconfig.cmake
[2.750s] -- Installing: /home/ubuntu/ros2_rover/install/rover_msgs/share/rover_msgs/cmake/rover_msgs__rosidl_typesupport_introspection_cppExport.cmake
[2.750s] -- Installing: /home/ubuntu/ros2_rover/install/rover_msgs/share/rover_msgs/cmake/rover_msgs__rosidl_typesupport_introspection_cppExport-noconfig.cmake
[2.750s] -- Installing: /home/ubuntu/ros2_rover/install/rover_msgs/share/rover_msgs/cmake/rover_msgs__rosidl_typesupport_cppExport.cmake
[2.750s] -- Installing: /home/ubuntu/ros2_rover/install/rover_msgs/share/rover_msgs/cmake/rover_msgs__rosidl_typesupport_cppExport-noconfig.cmake
[2.750s] -- Installing: /home/ubuntu/ros2_rover/install/rover_msgs/share/rover_msgs/cmake/export_rover_msgs__rosidl_generator_pyExport.cmake
[2.750s] -- Installing: /home/ubuntu/ros2_rover/install/rover_msgs/share/rover_msgs/cmake/export_rover_msgs__rosidl_generator_pyExport-noconfig.cmake
[2.750s] -- Installing: /home/ubuntu/ros2_rover/install/rover_msgs/share/rover_msgs/cmake/rosidl_cmake-extras.cmake
[2.750s] -- Installing: /home/ubuntu/ros2_rover/install/rover_msgs/share/rover_msgs/cmake/ament_cmake_export_include_directories-extras.cmake
[2.750s] -- Installing: /home/ubuntu/ros2_rover/install/rover_msgs/share/rover_msgs/cmake/ament_cmake_export_libraries-extras.cmake
[2.750s] -- Installing: /home/ubuntu/ros2_rover/install/rover_msgs/share/rover_msgs/cmake/ament_cmake_export_targets-extras.cmake
[2.750s] -- Installing: /home/ubuntu/ros2_rover/install/rover_msgs/share/rover_msgs/cmake/rosidl_cmake_export_typesupport_targets-extras.cmake
[2.750s] -- Installing: /home/ubuntu/ros2_rover/install/rover_msgs/share/rover_msgs/cmake/ament_cmake_export_dependencies-extras.cmake
[2.750s] -- Installing: /home/ubuntu/ros2_rover/install/rover_msgs/share/rover_msgs/cmake/rosidl_cmake_export_typesupport_libraries-extras.cmake
[2.750s] -- Installing: /home/ubuntu/ros2_rover/install/rover_msgs/share/rover_msgs/cmake/rosidl_cmake_aggregate_target-extras.cmake
[2.751s] -- Installing: /home/ubuntu/ros2_rover/install/rover_msgs/share/rover_msgs/cmake/rover_msgsConfig.cmake
[2.751s] -- Installing: /home/ubuntu/ros2_rover/install/rover_msgs/share/rover_msgs/cmake/rover_msgsConfig-version.cmake
[2.751s] -- Installing: /home/ubuntu/ros2_rover/install/rover_msgs/share/rover_msgs/package.xml
[2.752s] Invoked command in '/home/ubuntu/ros2_rover/build/rover_msgs' returned '0': CMAKE_PREFIX_PATH=${CMAKE_PREFIX_PATH}:/opt/ros/jazzy /usr/bin/cmake --install /home/ubuntu/ros2_rover/build/rover_msgs
