[0.543s] Invoking command in '/home/sachin/ros2_rover/src/rover_motor_controller': AMENT_PREFIX_PATH=/home/sachin/ros2_rover/install/rover_msgs:${AMENT_PREFIX_PATH} CMAKE_PREFIX_PATH=/home/sachin/ros2_rover/install/rover_msgs:${CMAKE_PREFIX_PATH} DEBUGINFOD_URLS=https://debuginfod.ubuntu.com LD_LIBRARY_PATH=/home/sachin/ros2_rover/install/rover_msgs/lib:${LD_LIBRARY_PATH} PS1=(.ros2_venv) \[\e]0;\u@\h: \w\a\]${debian_chroot:+($debian_chroot)}\[\033[01;32m\]\u@\h\[\033[00m\]:\[\033[01;34m\]\w\[\033[00m\]\$ PYTHONPATH=/home/sachin/ros2_rover/build/rover_motor_controller/prefix_override:/usr/lib/python3/dist-packages/colcon_core/task/python/colcon_distutils_commands:/home/sachin/ros2_rover/install/rover_motor_controller/lib/python3.12/site-packages:/home/sachin/ros2_rover/install/rover_msgs/lib/python3.12/site-packages:${PYTHONPATH} VIRTUAL_ENV_PROMPT=(.ros2_venv) /usr/bin/python3 -W ignore:setup.py install is deprecated -W ignore:easy_install command is deprecated setup.py egg_info --egg-base ../../build/rover_motor_controller build --build-base /home/sachin/ros2_rover/build/rover_motor_controller/build install --record /home/sachin/ros2_rover/build/rover_motor_controller/install.log --install-scripts $base/lib/rover_motor_controller --single-version-externally-managed install_data
[0.626s] /usr/lib/python3/dist-packages/setuptools/dist.py:744: SetuptoolsDeprecationWarning: Invalid dash-separated options
[0.627s] !!
[0.627s] 
[0.627s]         ********************************************************************************
[0.627s]         Usage of dash-separated 'script-dir' will not be supported in future
[0.627s]         versions. Please use the underscore name 'script_dir' instead.
[0.627s] 
[0.627s]         This deprecation is overdue, please update your project and remove deprecated
[0.627s]         calls to avoid build errors in the future.
[0.627s] 
[0.627s]         See https://setuptools.pypa.io/en/latest/userguide/declarative_config.html for details.
[0.627s]         ********************************************************************************
[0.627s] 
[0.627s] !!
[0.627s]   opt = self.warn_dash_deprecation(opt, section)
[0.715s] running egg_info
[0.727s] writing ../../build/rover_motor_controller/rover_motor_controller.egg-info/PKG-INFO
[0.728s] writing dependency_links to ../../build/rover_motor_controller/rover_motor_controller.egg-info/dependency_links.txt
[0.728s] writing entry points to ../../build/rover_motor_controller/rover_motor_controller.egg-info/entry_points.txt
[0.728s] writing requirements to ../../build/rover_motor_controller/rover_motor_controller.egg-info/requires.txt
[0.728s] writing top-level names to ../../build/rover_motor_controller/rover_motor_controller.egg-info/top_level.txt
[0.754s] reading manifest file '../../build/rover_motor_controller/rover_motor_controller.egg-info/SOURCES.txt'
[0.755s] writing manifest file '../../build/rover_motor_controller/rover_motor_controller.egg-info/SOURCES.txt'
[0.755s] running build
[0.755s] running build_py
[0.755s] running install
[0.759s] running install_lib
[0.773s] running install_data
[0.773s] running install_egg_info
[0.786s] removing '/home/sachin/ros2_rover/install/rover_motor_controller/lib/python3.12/site-packages/rover_motor_controller-2.0.0-py3.12.egg-info' (and everything under it)
[0.786s] Copying ../../build/rover_motor_controller/rover_motor_controller.egg-info to /home/sachin/ros2_rover/install/rover_motor_controller/lib/python3.12/site-packages/rover_motor_controller-2.0.0-py3.12.egg-info
[0.788s] running install_scripts
[0.871s] Installing controller_node script to /home/sachin/ros2_rover/install/rover_motor_controller/lib/rover_motor_controller
[0.871s] Installing vel_parser_node script to /home/sachin/ros2_rover/install/rover_motor_controller/lib/rover_motor_controller
[0.871s] writing list of installed files to '/home/sachin/ros2_rover/build/rover_motor_controller/install.log'
[0.890s] Invoked command in '/home/sachin/ros2_rover/src/rover_motor_controller' returned '0': AMENT_PREFIX_PATH=/home/sachin/ros2_rover/install/rover_msgs:${AMENT_PREFIX_PATH} CMAKE_PREFIX_PATH=/home/sachin/ros2_rover/install/rover_msgs:${CMAKE_PREFIX_PATH} DEBUGINFOD_URLS=https://debuginfod.ubuntu.com LD_LIBRARY_PATH=/home/sachin/ros2_rover/install/rover_msgs/lib:${LD_LIBRARY_PATH} PS1=(.ros2_venv) \[\e]0;\u@\h: \w\a\]${debian_chroot:+($debian_chroot)}\[\033[01;32m\]\u@\h\[\033[00m\]:\[\033[01;34m\]\w\[\033[00m\]\$ PYTHONPATH=/home/sachin/ros2_rover/build/rover_motor_controller/prefix_override:/usr/lib/python3/dist-packages/colcon_core/task/python/colcon_distutils_commands:/home/sachin/ros2_rover/install/rover_motor_controller/lib/python3.12/site-packages:/home/sachin/ros2_rover/install/rover_msgs/lib/python3.12/site-packages:${PYTHONPATH} VIRTUAL_ENV_PROMPT=(.ros2_venv) /usr/bin/python3 -W ignore:setup.py install is deprecated -W ignore:easy_install command is deprecated setup.py egg_info --egg-base ../../build/rover_motor_controller build --build-base /home/sachin/ros2_rover/build/rover_motor_controller/build install --record /home/sachin/ros2_rover/build/rover_motor_controller/install.log --install-scripts $base/lib/rover_motor_controller --single-version-externally-managed install_data
