[0.017s] Invoking command in '/home/sachin/ros2_rover/build/rover_motor_controller_cpp': AMENT_PREFIX_PATH=/home/sachin/ros2_rover/install/rover_msgs:${AMENT_PREFIX_PATH} CMAKE_PREFIX_PATH=/home/sachin/ros2_rover/install/rover_msgs:/opt/ros/jazzy/opt/gz_sim_vendor:/opt/ros/jazzy/opt/gz_sensors_vendor:/opt/ros/jazzy/opt/gz_physics_vendor:/opt/ros/jazzy/opt/sdformat_vendor:/opt/ros/jazzy/opt/gz_gui_vendor:/opt/ros/jazzy/opt/gz_transport_vendor:/opt/ros/jazzy/opt/gz_rendering_vendor:/opt/ros/jazzy/opt/gz_plugin_vendor:/opt/ros/jazzy/opt/gz_fuel_tools_vendor:/opt/ros/jazzy/opt/gz_msgs_vendor:/opt/ros/jazzy/opt/gz_common_vendor:/opt/ros/jazzy/opt/gz_math_vendor:/opt/ros/jazzy/opt/gz_utils_vendor:/opt/ros/jazzy/opt/gz_tools_vendor:/opt/ros/jazzy/opt/gz_ogre_next_vendor:/opt/ros/jazzy/opt/gz_dartsim_vendor:/opt/ros/jazzy/opt/gz_cmake_vendor:/opt/ros/jazzy DEBUGINFOD_URLS=https://debuginfod.ubuntu.com LD_LIBRARY_PATH=/home/sachin/ros2_rover/install/rover_msgs/lib:${LD_LIBRARY_PATH} PS1=(.ros2_venv) \[\e]0;\u@\h: \w\a\]${debian_chroot:+($debian_chroot)}\[\033[01;32m\]\u@\h\[\033[00m\]:\[\033[01;34m\]\w\[\033[00m\]\$ PYTHONPATH=/home/sachin/ros2_rover/install/rover_msgs/lib/python3.12/site-packages:${PYTHONPATH} VIRTUAL_ENV_PROMPT=(.ros2_venv) /usr/bin/cmake /home/sachin/ros2_rover/src/rover_motor_controller_cpp -DCMAKE_INSTALL_PREFIX=/home/sachin/ros2_rover/install/rover_motor_controller_cpp
[0.107s] -- The C compiler identification is GNU 13.3.0
[0.176s] -- The CXX compiler identification is GNU 13.3.0
[0.198s] -- Detecting C compiler ABI info
[0.313s] -- Detecting C compiler ABI info - done
[0.330s] -- Check for working C compiler: /usr/bin/cc - skipped
[0.330s] -- Detecting C compile features
[0.331s] -- Detecting C compile features - done
[0.347s] -- Detecting CXX compiler ABI info
[0.501s] -- Detecting CXX compiler ABI info - done
[0.517s] -- Check for working CXX compiler: /usr/bin/c++ - skipped
[0.517s] -- Detecting CXX compile features
[0.517s] -- Detecting CXX compile features - done
[0.522s] -- Found ament_cmake: 2.5.6 (/opt/ros/jazzy/share/ament_cmake/cmake)
[0.678s] -- Found Python3: /home/sachin/.ros2_venv/bin/python3 (found version "3.12.3") found components: Interpreter 
[0.843s] -- Found rclcpp: 28.1.18 (/opt/ros/jazzy/share/rclcpp/cmake)
[0.916s] -- Found rosidl_generator_c: 4.6.7 (/opt/ros/jazzy/share/rosidl_generator_c/cmake)
[0.939s] -- Found rosidl_generator_cpp: 4.6.7 (/opt/ros/jazzy/share/rosidl_generator_cpp/cmake)
[0.964s] -- Using all available rosidl_typesupport_c: rosidl_typesupport_fastrtps_c;rosidl_typesupport_introspection_c
[0.993s] -- Using all available rosidl_typesupport_cpp: rosidl_typesupport_fastrtps_cpp;rosidl_typesupport_introspection_cpp
[1.146s] -- Found rmw_implementation_cmake: 7.3.3 (/opt/ros/jazzy/share/rmw_implementation_cmake/cmake)
[1.152s] -- Found rmw_fastrtps_cpp: 8.4.3 (/opt/ros/jazzy/share/rmw_fastrtps_cpp/cmake)
[1.292s] -- Found OpenSSL: /usr/lib/x86_64-linux-gnu/libcrypto.so (found version "3.0.13")  
[1.321s] -- Found FastRTPS: /opt/ros/jazzy/include (Required is at least version "2.13") 
[1.352s] -- Using RMW implementation 'rmw_fastrtps_cpp' as default
[1.474s] -- Found rover_msgs: 2.0.0 (/home/sachin/ros2_rover/install/rover_msgs/share/rover_msgs/cmake)
[1.490s] -- Found geometry_msgs: 5.3.7 (/opt/ros/jazzy/share/geometry_msgs/cmake)
[1.554s] -- Found ament_cmake_clang_format: 0.17.5 (/opt/ros/jazzy/share/ament_cmake_clang_format/cmake)
[1.677s] -- Configuring done (1.6s)
[1.700s] -- Generating done (0.0s)
[1.706s] -- Build files have been written to: /home/sachin/ros2_rover/build/rover_motor_controller_cpp
[1.719s] Invoked command in '/home/sachin/ros2_rover/build/rover_motor_controller_cpp' returned '0': AMENT_PREFIX_PATH=/home/sachin/ros2_rover/install/rover_msgs:${AMENT_PREFIX_PATH} CMAKE_PREFIX_PATH=/home/sachin/ros2_rover/install/rover_msgs:/opt/ros/jazzy/opt/gz_sim_vendor:/opt/ros/jazzy/opt/gz_sensors_vendor:/opt/ros/jazzy/opt/gz_physics_vendor:/opt/ros/jazzy/opt/sdformat_vendor:/opt/ros/jazzy/opt/gz_gui_vendor:/opt/ros/jazzy/opt/gz_transport_vendor:/opt/ros/jazzy/opt/gz_rendering_vendor:/opt/ros/jazzy/opt/gz_plugin_vendor:/opt/ros/jazzy/opt/gz_fuel_tools_vendor:/opt/ros/jazzy/opt/gz_msgs_vendor:/opt/ros/jazzy/opt/gz_common_vendor:/opt/ros/jazzy/opt/gz_math_vendor:/opt/ros/jazzy/opt/gz_utils_vendor:/opt/ros/jazzy/opt/gz_tools_vendor:/opt/ros/jazzy/opt/gz_ogre_next_vendor:/opt/ros/jazzy/opt/gz_dartsim_vendor:/opt/ros/jazzy/opt/gz_cmake_vendor:/opt/ros/jazzy DEBUGINFOD_URLS=https://debuginfod.ubuntu.com LD_LIBRARY_PATH=/home/sachin/ros2_rover/install/rover_msgs/lib:${LD_LIBRARY_PATH} PS1=(.ros2_venv) \[\e]0;\u@\h: \w\a\]${debian_chroot:+($debian_chroot)}\[\033[01;32m\]\u@\h\[\033[00m\]:\[\033[01;34m\]\w\[\033[00m\]\$ PYTHONPATH=/home/sachin/ros2_rover/install/rover_msgs/lib/python3.12/site-packages:${PYTHONPATH} VIRTUAL_ENV_PROMPT=(.ros2_venv) /usr/bin/cmake /home/sachin/ros2_rover/src/rover_motor_controller_cpp -DCMAKE_INSTALL_PREFIX=/home/sachin/ros2_rover/install/rover_motor_controller_cpp
[1.721s] Invoking command in '/home/sachin/ros2_rover/build/rover_motor_controller_cpp': AMENT_PREFIX_PATH=/home/sachin/ros2_rover/install/rover_msgs:${AMENT_PREFIX_PATH} CMAKE_PREFIX_PATH=/home/sachin/ros2_rover/install/rover_msgs:/opt/ros/jazzy/opt/gz_sim_vendor:/opt/ros/jazzy/opt/gz_sensors_vendor:/opt/ros/jazzy/opt/gz_physics_vendor:/opt/ros/jazzy/opt/sdformat_vendor:/opt/ros/jazzy/opt/gz_gui_vendor:/opt/ros/jazzy/opt/gz_transport_vendor:/opt/ros/jazzy/opt/gz_rendering_vendor:/opt/ros/jazzy/opt/gz_plugin_vendor:/opt/ros/jazzy/opt/gz_fuel_tools_vendor:/opt/ros/jazzy/opt/gz_msgs_vendor:/opt/ros/jazzy/opt/gz_common_vendor:/opt/ros/jazzy/opt/gz_math_vendor:/opt/ros/jazzy/opt/gz_utils_vendor:/opt/ros/jazzy/opt/gz_tools_vendor:/opt/ros/jazzy/opt/gz_ogre_next_vendor:/opt/ros/jazzy/opt/gz_dartsim_vendor:/opt/ros/jazzy/opt/gz_cmake_vendor:/opt/ros/jazzy DEBUGINFOD_URLS=https://debuginfod.ubuntu.com LD_LIBRARY_PATH=/home/sachin/ros2_rover/install/rover_msgs/lib:${LD_LIBRARY_PATH} PS1=(.ros2_venv) \[\e]0;\u@\h: \w\a\]${debian_chroot:+($debian_chroot)}\[\033[01;32m\]\u@\h\[\033[00m\]:\[\033[01;34m\]\w\[\033[00m\]\$ PYTHONPATH=/home/sachin/ros2_rover/install/rover_msgs/lib/python3.12/site-packages:${PYTHONPATH} VIRTUAL_ENV_PROMPT=(.ros2_venv) /usr/bin/cmake --build /home/sachin/ros2_rover/build/rover_motor_controller_cpp -- -j12 -l12
[1.792s] [ 11%] [32mBuilding CXX object CMakeFiles/controller_node.dir/src/lx16a/serial.cpp.o[0m
[1.793s] [ 33%] [32mBuilding CXX object CMakeFiles/controller_node.dir/src/lx16a/lx16a.cpp.o[0m
[1.793s] [ 33%] [32mBuilding CXX object CMakeFiles/vel_parser_node.dir/src/motor_controller/vel_parser_node.cpp.o[0m
[1.794s] [ 44%] [32mBuilding CXX object CMakeFiles/controller_node.dir/src/lx16a/motor_controller.cpp.o[0m
[1.797s] [ 66%] [32mBuilding CXX object CMakeFiles/vel_parser_node.dir/src/vel_parser_node_main.cpp.o[0m
[1.797s] [ 66%] [32mBuilding CXX object CMakeFiles/controller_node.dir/src/controller_node_main.cpp.o[0m
[1.798s] [ 77%] [32mBuilding CXX object CMakeFiles/controller_node.dir/src/motor_controller/controller_node.cpp.o[0m
[3.958s] In file included from [01m[K/usr/include/boost/system/detail/requires_cxx11.hpp:9[m[K,
[3.958s]                  from [01m[K/usr/include/boost/system/detail/config.hpp:11[m[K,
[3.958s]                  from [01m[K/usr/include/boost/system/detail/error_category.hpp:13[m[K,
[3.958s]                  from [01m[K/usr/include/boost/system/detail/error_code.hpp:14[m[K,
[3.958s]                  from [01m[K/usr/include/boost/system/error_code.hpp:13[m[K,
[3.958s]                  from [01m[K/usr/include/boost/asio/detail/throw_error.hpp:20[m[K,
[3.958s]                  from [01m[K/usr/include/boost/asio/detail/impl/posix_event.ipp:23[m[K,
[3.959s]                  from [01m[K/usr/include/boost/asio/detail/posix_event.hpp:172[m[K,
[3.959s]                  from [01m[K/usr/include/boost/asio/detail/event.hpp:25[m[K,
[3.959s]                  from [01m[K/usr/include/boost/asio/execution/blocking_adaptation.hpp:19[m[K,
[3.959s]                  from [01m[K/usr/include/boost/asio/execution.hpp:22[m[K,
[3.959s]                  from [01m[K/usr/include/boost/asio/any_completion_executor.hpp:22[m[K,
[3.959s]                  from [01m[K/usr/include/boost/asio.hpp:20[m[K,
[3.959s]                  from [01m[K/home/sachin/ros2_rover/src/rover_motor_controller_cpp/include/lx16a/serial.hpp:28[m[K,
[3.959s]                  from [01m[K/home/sachin/ros2_rover/src/rover_motor_controller_cpp/src/lx16a/serial.cpp:4[m[K:
[3.959s] [01m[K/usr/include/boost/bind.hpp:36:1:[m[K [01;36m[Knote: [m[K‘[01m[K#pragma message: The practice of declaring the Bind placeholders (_1, _2, ...) in the global namespace is deprecated. Please use <boost/bind/bind.hpp> + using namespace boost::placeholders, or define BOOST_BIND_GLOBAL_PLACEHOLDERS to retain the current behavior.[m[K’
[3.960s]    36 | [01;36m[KBOOST_PRAGMA_MESSAGE[m[K(
[3.960s]       | [01;36m[K^~~~~~~~~~~~~~~~~~~~[m[K
[4.126s] In file included from [01m[K/usr/include/boost/system/detail/requires_cxx11.hpp:9[m[K,
[4.126s]                  from [01m[K/usr/include/boost/system/detail/config.hpp:11[m[K,
[4.127s]                  from [01m[K/usr/include/boost/system/detail/error_category.hpp:13[m[K,
[4.127s]                  from [01m[K/usr/include/boost/system/detail/error_code.hpp:14[m[K,
[4.127s]                  from [01m[K/usr/include/boost/system/error_code.hpp:13[m[K,
[4.127s]                  from [01m[K/usr/include/boost/asio/detail/throw_error.hpp:20[m[K,
[4.127s]                  from [01m[K/usr/include/boost/asio/detail/impl/posix_event.ipp:23[m[K,
[4.127s]                  from [01m[K/usr/include/boost/asio/detail/posix_event.hpp:172[m[K,
[4.127s]                  from [01m[K/usr/include/boost/asio/detail/event.hpp:25[m[K,
[4.127s]                  from [01m[K/usr/include/boost/asio/execution/blocking_adaptation.hpp:19[m[K,
[4.127s]                  from [01m[K/usr/include/boost/asio/execution.hpp:22[m[K,
[4.128s]                  from [01m[K/usr/include/boost/asio/any_completion_executor.hpp:22[m[K,
[4.128s]                  from [01m[K/usr/include/boost/asio.hpp:20[m[K,
[4.128s]                  from [01m[K/home/sachin/ros2_rover/src/rover_motor_controller_cpp/include/lx16a/serial.hpp:28[m[K,
[4.128s]                  from [01m[K/home/sachin/ros2_rover/src/rover_motor_controller_cpp/include/lx16a/lx16a.hpp:33[m[K,
[4.128s]                  from [01m[K/home/sachin/ros2_rover/src/rover_motor_controller_cpp/src/lx16a/lx16a.cpp:8[m[K:
[4.128s] [01m[K/usr/include/boost/bind.hpp:36:1:[m[K [01;36m[Knote: [m[K‘[01m[K#pragma message: The practice of declaring the Bind placeholders (_1, _2, ...) in the global namespace is deprecated. Please use <boost/bind/bind.hpp> + using namespace boost::placeholders, or define BOOST_BIND_GLOBAL_PLACEHOLDERS to retain the current behavior.[m[K’
[4.128s]    36 | [01;36m[KBOOST_PRAGMA_MESSAGE[m[K(
[4.128s]       | [01;36m[K^~~~~~~~~~~~~~~~~~~~[m[K
[4.968s] In file included from [01m[K/usr/include/boost/system/detail/requires_cxx11.hpp:9[m[K,
[4.968s]                  from [01m[K/usr/include/boost/system/detail/config.hpp:11[m[K,
[4.968s]                  from [01m[K/usr/include/boost/system/detail/error_category.hpp:13[m[K,
[4.968s]                  from [01m[K/usr/include/boost/system/detail/error_code.hpp:14[m[K,
[4.968s]                  from [01m[K/usr/include/boost/system/error_code.hpp:13[m[K,
[4.969s]                  from [01m[K/usr/include/boost/asio/detail/throw_error.hpp:20[m[K,
[4.969s]                  from [01m[K/usr/include/boost/asio/detail/impl/posix_event.ipp:23[m[K,
[4.969s]                  from [01m[K/usr/include/boost/asio/detail/posix_event.hpp:172[m[K,
[4.969s]                  from [01m[K/usr/include/boost/asio/detail/event.hpp:25[m[K,
[4.969s]                  from [01m[K/usr/include/boost/asio/execution/blocking_adaptation.hpp:19[m[K,
[4.969s]                  from [01m[K/usr/include/boost/asio/execution.hpp:22[m[K,
[4.969s]                  from [01m[K/usr/include/boost/asio/any_completion_executor.hpp:22[m[K,
[4.969s]                  from [01m[K/usr/include/boost/asio.hpp:20[m[K,
[4.969s]                  from [01m[K/home/sachin/ros2_rover/src/rover_motor_controller_cpp/include/lx16a/serial.hpp:28[m[K,
[4.969s]                  from [01m[K/home/sachin/ros2_rover/src/rover_motor_controller_cpp/include/lx16a/lx16a.hpp:33[m[K,
[4.970s]                  from [01m[K/home/sachin/ros2_rover/src/rover_motor_controller_cpp/src/lx16a/motor_controller.cpp:4[m[K:
[4.970s] [01m[K/usr/include/boost/bind.hpp:36:1:[m[K [01;36m[Knote: [m[K‘[01m[K#pragma message: The practice of declaring the Bind placeholders (_1, _2, ...) in the global namespace is deprecated. Please use <boost/bind/bind.hpp> + using namespace boost::placeholders, or define BOOST_BIND_GLOBAL_PLACEHOLDERS to retain the current behavior.[m[K’
[4.970s]    36 | [01;36m[KBOOST_PRAGMA_MESSAGE[m[K(
[4.970s]       | [01;36m[K^~~~~~~~~~~~~~~~~~~~[m[K
[5.860s] In file included from [01m[K/usr/include/boost/system/detail/requires_cxx11.hpp:9[m[K,
[5.860s]                  from [01m[K/usr/include/boost/system/detail/config.hpp:11[m[K,
[5.860s]                  from [01m[K/usr/include/boost/system/detail/error_category.hpp:13[m[K,
[5.860s]                  from [01m[K/usr/include/boost/system/detail/error_code.hpp:14[m[K,
[5.860s]                  from [01m[K/usr/include/boost/system/error_code.hpp:13[m[K,
[5.860s]                  from [01m[K/usr/include/boost/asio/detail/throw_error.hpp:20[m[K,
[5.861s]                  from [01m[K/usr/include/boost/asio/detail/impl/posix_event.ipp:23[m[K,
[5.861s]                  from [01m[K/usr/include/boost/asio/detail/posix_event.hpp:172[m[K,
[5.861s]                  from [01m[K/usr/include/boost/asio/detail/event.hpp:25[m[K,
[5.861s]                  from [01m[K/usr/include/boost/asio/execution/blocking_adaptation.hpp:19[m[K,
[5.861s]                  from [01m[K/usr/include/boost/asio/execution.hpp:22[m[K,
[5.861s]                  from [01m[K/usr/include/boost/asio/any_completion_executor.hpp:22[m[K,
[5.861s]                  from [01m[K/usr/include/boost/asio.hpp:20[m[K,
[5.861s]                  from [01m[K/home/sachin/ros2_rover/src/rover_motor_controller_cpp/include/lx16a/serial.hpp:28[m[K,
[5.862s]                  from [01m[K/home/sachin/ros2_rover/src/rover_motor_controller_cpp/include/lx16a/lx16a.hpp:33[m[K,
[5.862s]                  from [01m[K/home/sachin/ros2_rover/src/rover_motor_controller_cpp/include/lx16a/motor_controller.hpp:31[m[K,
[5.862s]                  from [01m[K/home/sachin/ros2_rover/src/rover_motor_controller_cpp/include/motor_controller/controller_node.hpp:8[m[K,
[5.862s]                  from [01m[K/home/sachin/ros2_rover/src/rover_motor_controller_cpp/src/controller_node_main.cpp:3[m[K:
[5.862s] [01m[K/usr/include/boost/bind.hpp:36:1:[m[K [01;36m[Knote: [m[K‘[01m[K#pragma message: The practice of declaring the Bind placeholders (_1, _2, ...) in the global namespace is deprecated. Please use <boost/bind/bind.hpp> + using namespace boost::placeholders, or define BOOST_BIND_GLOBAL_PLACEHOLDERS to retain the current behavior.[m[K’
[5.862s]    36 | [01;36m[KBOOST_PRAGMA_MESSAGE[m[K(
[5.862s]       | [01;36m[K^~~~~~~~~~~~~~~~~~~~[m[K
[11.402s] [ 88%] [32m[1mLinking CXX executable vel_parser_node[0m
[11.813s] [ 88%] Built target vel_parser_node
[13.263s] [100%] [32m[1mLinking CXX executable controller_node[0m
[13.649s] [100%] Built target controller_node
[13.666s] Invoked command in '/home/sachin/ros2_rover/build/rover_motor_controller_cpp' returned '0': AMENT_PREFIX_PATH=/home/sachin/ros2_rover/install/rover_msgs:${AMENT_PREFIX_PATH} CMAKE_PREFIX_PATH=/home/sachin/ros2_rover/install/rover_msgs:/opt/ros/jazzy/opt/gz_sim_vendor:/opt/ros/jazzy/opt/gz_sensors_vendor:/opt/ros/jazzy/opt/gz_physics_vendor:/opt/ros/jazzy/opt/sdformat_vendor:/opt/ros/jazzy/opt/gz_gui_vendor:/opt/ros/jazzy/opt/gz_transport_vendor:/opt/ros/jazzy/opt/gz_rendering_vendor:/opt/ros/jazzy/opt/gz_plugin_vendor:/opt/ros/jazzy/opt/gz_fuel_tools_vendor:/opt/ros/jazzy/opt/gz_msgs_vendor:/opt/ros/jazzy/opt/gz_common_vendor:/opt/ros/jazzy/opt/gz_math_vendor:/opt/ros/jazzy/opt/gz_utils_vendor:/opt/ros/jazzy/opt/gz_tools_vendor:/opt/ros/jazzy/opt/gz_ogre_next_vendor:/opt/ros/jazzy/opt/gz_dartsim_vendor:/opt/ros/jazzy/opt/gz_cmake_vendor:/opt/ros/jazzy DEBUGINFOD_URLS=https://debuginfod.ubuntu.com LD_LIBRARY_PATH=/home/sachin/ros2_rover/install/rover_msgs/lib:${LD_LIBRARY_PATH} PS1=(.ros2_venv) \[\e]0;\u@\h: \w\a\]${debian_chroot:+($debian_chroot)}\[\033[01;32m\]\u@\h\[\033[00m\]:\[\033[01;34m\]\w\[\033[00m\]\$ PYTHONPATH=/home/sachin/ros2_rover/install/rover_msgs/lib/python3.12/site-packages:${PYTHONPATH} VIRTUAL_ENV_PROMPT=(.ros2_venv) /usr/bin/cmake --build /home/sachin/ros2_rover/build/rover_motor_controller_cpp -- -j12 -l12
[13.668s] Invoking command in '/home/sachin/ros2_rover/build/rover_motor_controller_cpp': AMENT_PREFIX_PATH=/home/sachin/ros2_rover/install/rover_msgs:${AMENT_PREFIX_PATH} CMAKE_PREFIX_PATH=/home/sachin/ros2_rover/install/rover_msgs:/opt/ros/jazzy/opt/gz_sim_vendor:/opt/ros/jazzy/opt/gz_sensors_vendor:/opt/ros/jazzy/opt/gz_physics_vendor:/opt/ros/jazzy/opt/sdformat_vendor:/opt/ros/jazzy/opt/gz_gui_vendor:/opt/ros/jazzy/opt/gz_transport_vendor:/opt/ros/jazzy/opt/gz_rendering_vendor:/opt/ros/jazzy/opt/gz_plugin_vendor:/opt/ros/jazzy/opt/gz_fuel_tools_vendor:/opt/ros/jazzy/opt/gz_msgs_vendor:/opt/ros/jazzy/opt/gz_common_vendor:/opt/ros/jazzy/opt/gz_math_vendor:/opt/ros/jazzy/opt/gz_utils_vendor:/opt/ros/jazzy/opt/gz_tools_vendor:/opt/ros/jazzy/opt/gz_ogre_next_vendor:/opt/ros/jazzy/opt/gz_dartsim_vendor:/opt/ros/jazzy/opt/gz_cmake_vendor:/opt/ros/jazzy DEBUGINFOD_URLS=https://debuginfod.ubuntu.com LD_LIBRARY_PATH=/home/sachin/ros2_rover/install/rover_msgs/lib:${LD_LIBRARY_PATH} PS1=(.ros2_venv) \[\e]0;\u@\h: \w\a\]${debian_chroot:+($debian_chroot)}\[\033[01;32m\]\u@\h\[\033[00m\]:\[\033[01;34m\]\w\[\033[00m\]\$ PYTHONPATH=/home/sachin/ros2_rover/install/rover_msgs/lib/python3.12/site-packages:${PYTHONPATH} VIRTUAL_ENV_PROMPT=(.ros2_venv) /usr/bin/cmake --install /home/sachin/ros2_rover/build/rover_motor_controller_cpp
[13.680s] -- Install configuration: ""
[13.680s] -- Installing: /home/sachin/ros2_rover/install/rover_motor_controller_cpp/lib/rover_motor_controller_cpp/controller_node
[13.685s] -- Set non-toolchain portion of runtime path of "/home/sachin/ros2_rover/install/rover_motor_controller_cpp/lib/rover_motor_controller_cpp/controller_node" to ""
[13.685s] -- Installing: /home/sachin/ros2_rover/install/rover_motor_controller_cpp/lib/rover_motor_controller_cpp/vel_parser_node
[13.689s] -- Set non-toolchain portion of runtime path of "/home/sachin/ros2_rover/install/rover_motor_controller_cpp/lib/rover_motor_controller_cpp/vel_parser_node" to ""
[13.689s] -- Installing: /home/sachin/ros2_rover/install/rover_motor_controller_cpp/share/rover_motor_controller_cpp//launch
[13.690s] -- Installing: /home/sachin/ros2_rover/install/rover_motor_controller_cpp/share/rover_motor_controller_cpp//launch/motor_controller.launch.py
[13.690s] -- Installing: /home/sachin/ros2_rover/install/rover_motor_controller_cpp/share/ament_index/resource_index/package_run_dependencies/rover_motor_controller_cpp
[13.690s] -- Installing: /home/sachin/ros2_rover/install/rover_motor_controller_cpp/share/ament_index/resource_index/parent_prefix_path/rover_motor_controller_cpp
[13.690s] -- Installing: /home/sachin/ros2_rover/install/rover_motor_controller_cpp/share/rover_motor_controller_cpp/environment/ament_prefix_path.sh
[13.690s] -- Installing: /home/sachin/ros2_rover/install/rover_motor_controller_cpp/share/rover_motor_controller_cpp/environment/ament_prefix_path.dsv
[13.690s] -- Installing: /home/sachin/ros2_rover/install/rover_motor_controller_cpp/share/rover_motor_controller_cpp/environment/path.sh
[13.690s] -- Installing: /home/sachin/ros2_rover/install/rover_motor_controller_cpp/share/rover_motor_controller_cpp/environment/path.dsv
[13.691s] -- Installing: /home/sachin/ros2_rover/install/rover_motor_controller_cpp/share/rover_motor_controller_cpp/local_setup.bash
[13.691s] -- Installing: /home/sachin/ros2_rover/install/rover_motor_controller_cpp/share/rover_motor_controller_cpp/local_setup.sh
[13.691s] -- Installing: /home/sachin/ros2_rover/install/rover_motor_controller_cpp/share/rover_motor_controller_cpp/local_setup.zsh
[13.691s] -- Installing: /home/sachin/ros2_rover/install/rover_motor_controller_cpp/share/rover_motor_controller_cpp/local_setup.dsv
[13.691s] -- Installing: /home/sachin/ros2_rover/install/rover_motor_controller_cpp/share/rover_motor_controller_cpp/package.dsv
[13.691s] -- Installing: /home/sachin/ros2_rover/install/rover_motor_controller_cpp/share/ament_index/resource_index/packages/rover_motor_controller_cpp
[13.691s] -- Installing: /home/sachin/ros2_rover/install/rover_motor_controller_cpp/share/rover_motor_controller_cpp/cmake/rover_motor_controller_cppConfig.cmake
[13.691s] -- Installing: /home/sachin/ros2_rover/install/rover_motor_controller_cpp/share/rover_motor_controller_cpp/cmake/rover_motor_controller_cppConfig-version.cmake
[13.691s] -- Installing: /home/sachin/ros2_rover/install/rover_motor_controller_cpp/share/rover_motor_controller_cpp/package.xml
[13.694s] Invoked command in '/home/sachin/ros2_rover/build/rover_motor_controller_cpp' returned '0': AMENT_PREFIX_PATH=/home/sachin/ros2_rover/install/rover_msgs:${AMENT_PREFIX_PATH} CMAKE_PREFIX_PATH=/home/sachin/ros2_rover/install/rover_msgs:/opt/ros/jazzy/opt/gz_sim_vendor:/opt/ros/jazzy/opt/gz_sensors_vendor:/opt/ros/jazzy/opt/gz_physics_vendor:/opt/ros/jazzy/opt/sdformat_vendor:/opt/ros/jazzy/opt/gz_gui_vendor:/opt/ros/jazzy/opt/gz_transport_vendor:/opt/ros/jazzy/opt/gz_rendering_vendor:/opt/ros/jazzy/opt/gz_plugin_vendor:/opt/ros/jazzy/opt/gz_fuel_tools_vendor:/opt/ros/jazzy/opt/gz_msgs_vendor:/opt/ros/jazzy/opt/gz_common_vendor:/opt/ros/jazzy/opt/gz_math_vendor:/opt/ros/jazzy/opt/gz_utils_vendor:/opt/ros/jazzy/opt/gz_tools_vendor:/opt/ros/jazzy/opt/gz_ogre_next_vendor:/opt/ros/jazzy/opt/gz_dartsim_vendor:/opt/ros/jazzy/opt/gz_cmake_vendor:/opt/ros/jazzy DEBUGINFOD_URLS=https://debuginfod.ubuntu.com LD_LIBRARY_PATH=/home/sachin/ros2_rover/install/rover_msgs/lib:${LD_LIBRARY_PATH} PS1=(.ros2_venv) \[\e]0;\u@\h: \w\a\]${debian_chroot:+($debian_chroot)}\[\033[01;32m\]\u@\h\[\033[00m\]:\[\033[01;34m\]\w\[\033[00m\]\$ PYTHONPATH=/home/sachin/ros2_rover/install/rover_msgs/lib/python3.12/site-packages:${PYTHONPATH} VIRTUAL_ENV_PROMPT=(.ros2_venv) /usr/bin/cmake --install /home/sachin/ros2_rover/build/rover_motor_controller_cpp
