[0.012s] Invoking command in '/home/ubuntu/ros2_rover/build/rover_navigation': CMAKE_PREFIX_PATH=${CMAKE_PREFIX_PATH}:/home/ubuntu/ros2_rover/install/rover_teleop:/home/ubuntu/ros2_rover/install/rover_motor_controller:/opt/ros/jazzy /usr/bin/cmake --build /home/ubuntu/ros2_rover/build/rover_navigation -- -j10 -l10
[0.136s] Invoked command in '/home/ubuntu/ros2_rover/build/rover_navigation' returned '0': CMAKE_PREFIX_PATH=${CMAKE_PREFIX_PATH}:/home/ubuntu/ros2_rover/install/rover_teleop:/home/ubuntu/ros2_rover/install/rover_motor_controller:/opt/ros/jazzy /usr/bin/cmake --build /home/ubuntu/ros2_rover/build/rover_navigation -- -j10 -l10
[0.137s] Invoking command in '/home/ubuntu/ros2_rover/build/rover_navigation': CMAKE_PREFIX_PATH=${CMAKE_PREFIX_PATH}:/home/ubuntu/ros2_rover/install/rover_teleop:/home/ubuntu/ros2_rover/install/rover_motor_controller:/opt/ros/jazzy /usr/bin/cmake --install /home/ubuntu/ros2_rover/build/rover_navigation
[0.148s] -- Install configuration: ""
[0.148s] -- Up-to-date: /home/ubuntu/ros2_rover/install/rover_navigation/share/rover_navigation/launch
[0.148s] -- Up-to-date: /home/ubuntu/ros2_rover/install/rover_navigation/share/rover_navigation/launch/navigation.launch.py
[0.148s] -- Up-to-date: /home/ubuntu/ros2_rover/install/rover_navigation/share/rover_navigation/launch/bringup.launch.py
[0.148s] -- Up-to-date: /home/ubuntu/ros2_rover/install/rover_navigation/share/rover_navigation/params
[0.148s] -- Up-to-date: /home/ubuntu/ros2_rover/install/rover_navigation/share/rover_navigation/params/SmacHybrid.yaml
[0.148s] -- Up-to-date: /home/ubuntu/ros2_rover/install/rover_navigation/share/rover_navigation/params/RPP.yaml
[0.148s] -- Up-to-date: /home/ubuntu/ros2_rover/install/rover_navigation/share/rover_navigation/params/TEB.yaml
[0.148s] -- Up-to-date: /home/ubuntu/ros2_rover/install/rover_navigation/share/rover_navigation/params/costmaps.yaml
[0.148s] -- Up-to-date: /home/ubuntu/ros2_rover/install/rover_navigation/share/rover_navigation/params/common.yaml
[0.148s] -- Up-to-date: /home/ubuntu/ros2_rover/install/rover_navigation/share/rover_navigation/params/SmacLattice.yaml
[0.148s] -- Up-to-date: /home/ubuntu/ros2_rover/install/rover_navigation/share/rover_navigation/behavior_trees
[0.148s] -- Up-to-date: /home/ubuntu/ros2_rover/install/rover_navigation/share/rover_navigation/behavior_trees/rover_bt.xml
[0.148s] -- Up-to-date: /home/ubuntu/ros2_rover/install/rover_navigation/share/ament_index/resource_index/package_run_dependencies/rover_navigation
[0.148s] -- Up-to-date: /home/ubuntu/ros2_rover/install/rover_navigation/share/ament_index/resource_index/parent_prefix_path/rover_navigation
[0.148s] -- Up-to-date: /home/ubuntu/ros2_rover/install/rover_navigation/share/rover_navigation/environment/ament_prefix_path.sh
[0.148s] -- Up-to-date: /home/ubuntu/ros2_rover/install/rover_navigation/share/rover_navigation/environment/ament_prefix_path.dsv
[0.148s] -- Up-to-date: /home/ubuntu/ros2_rover/install/rover_navigation/share/rover_navigation/environment/path.sh
[0.148s] -- Up-to-date: /home/ubuntu/ros2_rover/install/rover_navigation/share/rover_navigation/environment/path.dsv
[0.148s] -- Up-to-date: /home/ubuntu/ros2_rover/install/rover_navigation/share/rover_navigation/local_setup.bash
[0.148s] -- Up-to-date: /home/ubuntu/ros2_rover/install/rover_navigation/share/rover_navigation/local_setup.sh
[0.149s] -- Up-to-date: /home/ubuntu/ros2_rover/install/rover_navigation/share/rover_navigation/local_setup.zsh
[0.149s] -- Up-to-date: /home/ubuntu/ros2_rover/install/rover_navigation/share/rover_navigation/local_setup.dsv
[0.149s] -- Installing: /home/ubuntu/ros2_rover/install/rover_navigation/share/rover_navigation/package.dsv
[0.149s] -- Up-to-date: /home/ubuntu/ros2_rover/install/rover_navigation/share/ament_index/resource_index/packages/rover_navigation
[0.149s] -- Up-to-date: /home/ubuntu/ros2_rover/install/rover_navigation/share/rover_navigation/cmake/rover_navigationConfig.cmake
[0.149s] -- Up-to-date: /home/ubuntu/ros2_rover/install/rover_navigation/share/rover_navigation/cmake/rover_navigationConfig-version.cmake
[0.149s] -- Up-to-date: /home/ubuntu/ros2_rover/install/rover_navigation/share/rover_navigation/package.xml
[0.158s] Invoked command in '/home/ubuntu/ros2_rover/build/rover_navigation' returned '0': CMAKE_PREFIX_PATH=${CMAKE_PREFIX_PATH}:/home/ubuntu/ros2_rover/install/rover_teleop:/home/ubuntu/ros2_rover/install/rover_motor_controller:/opt/ros/jazzy /usr/bin/cmake --install /home/ubuntu/ros2_rover/build/rover_navigation
