[ 11%] [32mBuilding CXX object CMakeFiles/vel_parser_node.dir/src/vel_parser_node_main.cpp.o[0m
[ 22%] [32mBuilding CXX object CMakeFiles/vel_parser_node.dir/src/motor_controller/vel_parser_node.cpp.o[0m
[ 33%] [32mBuilding CXX object CMakeFiles/controller_node.dir/src/controller_node_main.cpp.o[0m
[ 44%] [32mBuilding CXX object CMakeFiles/controller_node.dir/src/lx16a/serial.cpp.o[0m
[ 55%] [32mBuilding CXX object CMakeFiles/controller_node.dir/src/lx16a/motor_controller.cpp.o[0m
[ 66%] [32mBuilding CXX object CMakeFiles/controller_node.dir/src/motor_controller/controller_node.cpp.o[0m
[ 77%] [32mBuilding CXX object CMakeFiles/controller_node.dir/src/lx16a/lx16a.cpp.o[0m
[ 88%] [32m[1mLinking CXX executable vel_parser_node[0m
[ 88%] Built target vel_parser_node
[100%] [32m[1mLinking CXX executable controller_node[0m
[100%] Built target controller_node
-- Install configuration: ""
-- Installing: /home/sachin/ros2_rover/install/rover_motor_controller_cpp/lib/rover_motor_controller_cpp/controller_node
-- Set non-toolchain portion of runtime path of "/home/sachin/ros2_rover/install/rover_motor_controller_cpp/lib/rover_motor_controller_cpp/controller_node" to ""
-- Installing: /home/sachin/ros2_rover/install/rover_motor_controller_cpp/lib/rover_motor_controller_cpp/vel_parser_node
-- Set non-toolchain portion of runtime path of "/home/sachin/ros2_rover/install/rover_motor_controller_cpp/lib/rover_motor_controller_cpp/vel_parser_node" to ""
-- Up-to-date: /home/sachin/ros2_rover/install/rover_motor_controller_cpp/share/rover_motor_controller_cpp//launch
-- Installing: /home/sachin/ros2_rover/install/rover_motor_controller_cpp/share/rover_motor_controller_cpp//launch/motor_controller.launch.py
-- Up-to-date: /home/sachin/ros2_rover/install/rover_motor_controller_cpp/share/ament_index/resource_index/package_run_dependencies/rover_motor_controller_cpp
-- Up-to-date: /home/sachin/ros2_rover/install/rover_motor_controller_cpp/share/ament_index/resource_index/parent_prefix_path/rover_motor_controller_cpp
-- Up-to-date: /home/sachin/ros2_rover/install/rover_motor_controller_cpp/share/rover_motor_controller_cpp/environment/ament_prefix_path.sh
-- Up-to-date: /home/sachin/ros2_rover/install/rover_motor_controller_cpp/share/rover_motor_controller_cpp/environment/ament_prefix_path.dsv
-- Up-to-date: /home/sachin/ros2_rover/install/rover_motor_controller_cpp/share/rover_motor_controller_cpp/environment/path.sh
-- Up-to-date: /home/sachin/ros2_rover/install/rover_motor_controller_cpp/share/rover_motor_controller_cpp/environment/path.dsv
-- Up-to-date: /home/sachin/ros2_rover/install/rover_motor_controller_cpp/share/rover_motor_controller_cpp/local_setup.bash
-- Up-to-date: /home/sachin/ros2_rover/install/rover_motor_controller_cpp/share/rover_motor_controller_cpp/local_setup.sh
-- Up-to-date: /home/sachin/ros2_rover/install/rover_motor_controller_cpp/share/rover_motor_controller_cpp/local_setup.zsh
-- Up-to-date: /home/sachin/ros2_rover/install/rover_motor_controller_cpp/share/rover_motor_controller_cpp/local_setup.dsv
-- Installing: /home/sachin/ros2_rover/install/rover_motor_controller_cpp/share/rover_motor_controller_cpp/package.dsv
-- Up-to-date: /home/sachin/ros2_rover/install/rover_motor_controller_cpp/share/ament_index/resource_index/packages/rover_motor_controller_cpp
-- Up-to-date: /home/sachin/ros2_rover/install/rover_motor_controller_cpp/share/rover_motor_controller_cpp/cmake/rover_motor_controller_cppConfig.cmake
-- Up-to-date: /home/sachin/ros2_rover/install/rover_motor_controller_cpp/share/rover_motor_controller_cpp/cmake/rover_motor_controller_cppConfig-version.cmake
-- Up-to-date: /home/sachin/ros2_rover/install/rover_motor_controller_cpp/share/rover_motor_controller_cpp/package.xml
