[0.022s] Invoking command in '/home/sachin/ros2_rover/build/rover_motor_controller_cpp': CMAKE_PREFIX_PATH=/home/sachin/ros2_rover/install/rover_msgs:/home/sachin/ros2_rover/install/rover_navigation:/home/sachin/ros2_rover/install/rover_gazebo:/home/sachin/ros2_rover/install/rover_bringup:/home/sachin/ros2_rover/install/rover_motor_controller_cpp:/home/sachin/ros2_rover/install/rover_localization:/home/sachin/ros2_rover/install/rover_description:/opt/ros/jazzy/opt/gz_sim_vendor:/opt/ros/jazzy/opt/gz_sensors_vendor:/opt/ros/jazzy/opt/gz_physics_vendor:/opt/ros/jazzy/opt/sdformat_vendor:/opt/ros/jazzy/opt/gz_gui_vendor:/opt/ros/jazzy/opt/gz_transport_vendor:/opt/ros/jazzy/opt/gz_rendering_vendor:/opt/ros/jazzy/opt/gz_plugin_vendor:/opt/ros/jazzy/opt/gz_fuel_tools_vendor:/opt/ros/jazzy/opt/gz_msgs_vendor:/opt/ros/jazzy/opt/gz_common_vendor:/opt/ros/jazzy/opt/gz_math_vendor:/opt/ros/jazzy/opt/gz_utils_vendor:/opt/ros/jazzy/opt/gz_tools_vendor:/opt/ros/jazzy/opt/gz_ogre_next_vendor:/opt/ros/jazzy/opt/gz_dartsim_vendor:/opt/ros/jazzy/opt/gz_cmake_vendor:/home/sachin/ros2_rover/install/rover_teleop:/home/sachin/ros2_rover/install/rover_motor_controller:/opt/ros/jazzy DEBUGINFOD_URLS=https://debuginfod.ubuntu.com PS1=(.ros2_venv) \[\e]0;\u@\h: \w\a\]${debian_chroot:+($debian_chroot)}\[\033[01;32m\]\u@\h\[\033[00m\]:\[\033[01;34m\]\w\[\033[00m\]\$ PYTHONPATH=/home/sachin/ros2_rover/install/rover_msgs/lib/python3.12/site-packages:/home/sachin/ros2_rover/install/rover_teleop/lib/python3.12/site-packages:/home/sachin/ros2_rover/install/rover_motor_controller/lib/python3.12/site-packages:/opt/ros/jazzy/lib/python3.12/site-packages VIRTUAL_ENV_PROMPT=(.ros2_venv) /usr/bin/cmake --build /home/sachin/ros2_rover/build/rover_motor_controller_cpp -- -j12 -l12
[0.109s] [ 11%] [32mBuilding CXX object CMakeFiles/vel_parser_node.dir/src/vel_parser_node_main.cpp.o[0m
[0.109s] [ 22%] [32mBuilding CXX object CMakeFiles/vel_parser_node.dir/src/motor_controller/vel_parser_node.cpp.o[0m
[0.137s] [ 33%] [32mBuilding CXX object CMakeFiles/controller_node.dir/src/controller_node_main.cpp.o[0m
[0.138s] [ 44%] [32mBuilding CXX object CMakeFiles/controller_node.dir/src/lx16a/serial.cpp.o[0m
[0.138s] [ 55%] [32mBuilding CXX object CMakeFiles/controller_node.dir/src/lx16a/motor_controller.cpp.o[0m
[0.138s] [ 66%] [32mBuilding CXX object CMakeFiles/controller_node.dir/src/motor_controller/controller_node.cpp.o[0m
[0.138s] [ 77%] [32mBuilding CXX object CMakeFiles/controller_node.dir/src/lx16a/lx16a.cpp.o[0m
[2.653s] In file included from [01m[K/usr/include/boost/system/detail/requires_cxx11.hpp:9[m[K,
[2.653s]                  from [01m[K/usr/include/boost/system/detail/config.hpp:11[m[K,
[2.653s]                  from [01m[K/usr/include/boost/system/detail/error_category.hpp:13[m[K,
[2.653s]                  from [01m[K/usr/include/boost/system/detail/error_code.hpp:14[m[K,
[2.653s]                  from [01m[K/usr/include/boost/system/error_code.hpp:13[m[K,
[2.653s]                  from [01m[K/usr/include/boost/asio/detail/throw_error.hpp:20[m[K,
[2.654s]                  from [01m[K/usr/include/boost/asio/detail/impl/posix_event.ipp:23[m[K,
[2.654s]                  from [01m[K/usr/include/boost/asio/detail/posix_event.hpp:172[m[K,
[2.654s]                  from [01m[K/usr/include/boost/asio/detail/event.hpp:25[m[K,
[2.654s]                  from [01m[K/usr/include/boost/asio/execution/blocking_adaptation.hpp:19[m[K,
[2.654s]                  from [01m[K/usr/include/boost/asio/execution.hpp:22[m[K,
[2.654s]                  from [01m[K/usr/include/boost/asio/any_completion_executor.hpp:22[m[K,
[2.654s]                  from [01m[K/usr/include/boost/asio.hpp:20[m[K,
[2.654s]                  from [01m[K/home/sachin/ros2_rover/src/rover_motor_controller_cpp/include/lx16a/serial.hpp:28[m[K,
[2.655s]                  from [01m[K/home/sachin/ros2_rover/src/rover_motor_controller_cpp/include/lx16a/lx16a.hpp:33[m[K,
[2.655s]                  from [01m[K/home/sachin/ros2_rover/src/rover_motor_controller_cpp/src/lx16a/motor_controller.cpp:4[m[K:
[2.655s] [01m[K/usr/include/boost/bind.hpp:36:1:[m[K [01;36m[Knote: [m[K‘[01m[K#pragma message: The practice of declaring the Bind placeholders (_1, _2, ...) in the global namespace is deprecated. Please use <boost/bind/bind.hpp> + using namespace boost::placeholders, or define BOOST_BIND_GLOBAL_PLACEHOLDERS to retain the current behavior.[m[K’
[2.655s]    36 | [01;36m[KBOOST_PRAGMA_MESSAGE[m[K(
[2.655s]       | [01;36m[K^~~~~~~~~~~~~~~~~~~~[m[K
[2.920s] In file included from [01m[K/usr/include/boost/system/detail/requires_cxx11.hpp:9[m[K,
[2.920s]                  from [01m[K/usr/include/boost/system/detail/config.hpp:11[m[K,
[2.920s]                  from [01m[K/usr/include/boost/system/detail/error_category.hpp:13[m[K,
[2.921s]                  from [01m[K/usr/include/boost/system/detail/error_code.hpp:14[m[K,
[2.921s]                  from [01m[K/usr/include/boost/system/error_code.hpp:13[m[K,
[2.921s]                  from [01m[K/usr/include/boost/asio/detail/throw_error.hpp:20[m[K,
[2.921s]                  from [01m[K/usr/include/boost/asio/detail/impl/posix_event.ipp:23[m[K,
[2.921s]                  from [01m[K/usr/include/boost/asio/detail/posix_event.hpp:172[m[K,
[2.921s]                  from [01m[K/usr/include/boost/asio/detail/event.hpp:25[m[K,
[2.921s]                  from [01m[K/usr/include/boost/asio/execution/blocking_adaptation.hpp:19[m[K,
[2.921s]                  from [01m[K/usr/include/boost/asio/execution.hpp:22[m[K,
[2.922s]                  from [01m[K/usr/include/boost/asio/any_completion_executor.hpp:22[m[K,
[2.922s]                  from [01m[K/usr/include/boost/asio.hpp:20[m[K,
[2.922s]                  from [01m[K/home/sachin/ros2_rover/src/rover_motor_controller_cpp/include/lx16a/serial.hpp:28[m[K,
[2.922s]                  from [01m[K/home/sachin/ros2_rover/src/rover_motor_controller_cpp/include/lx16a/lx16a.hpp:33[m[K,
[2.922s]                  from [01m[K/home/sachin/ros2_rover/src/rover_motor_controller_cpp/src/lx16a/lx16a.cpp:8[m[K:
[2.922s] [01m[K/usr/include/boost/bind.hpp:36:1:[m[K [01;36m[Knote: [m[K‘[01m[K#pragma message: The practice of declaring the Bind placeholders (_1, _2, ...) in the global namespace is deprecated. Please use <boost/bind/bind.hpp> + using namespace boost::placeholders, or define BOOST_BIND_GLOBAL_PLACEHOLDERS to retain the current behavior.[m[K’
[2.922s]    36 | [01;36m[KBOOST_PRAGMA_MESSAGE[m[K(
[2.922s]       | [01;36m[K^~~~~~~~~~~~~~~~~~~~[m[K
[3.270s] In file included from [01m[K/usr/include/boost/system/detail/requires_cxx11.hpp:9[m[K,
[3.270s]                  from [01m[K/usr/include/boost/system/detail/config.hpp:11[m[K,
[3.270s]                  from [01m[K/usr/include/boost/system/detail/error_category.hpp:13[m[K,
[3.270s]                  from [01m[K/usr/include/boost/system/detail/error_code.hpp:14[m[K,
[3.270s]                  from [01m[K/usr/include/boost/system/error_code.hpp:13[m[K,
[3.271s]                  from [01m[K/usr/include/boost/asio/detail/throw_error.hpp:20[m[K,
[3.271s]                  from [01m[K/usr/include/boost/asio/detail/impl/posix_event.ipp:23[m[K,
[3.271s]                  from [01m[K/usr/include/boost/asio/detail/posix_event.hpp:172[m[K,
[3.271s]                  from [01m[K/usr/include/boost/asio/detail/event.hpp:25[m[K,
[3.271s]                  from [01m[K/usr/include/boost/asio/execution/blocking_adaptation.hpp:19[m[K,
[3.271s]                  from [01m[K/usr/include/boost/asio/execution.hpp:22[m[K,
[3.271s]                  from [01m[K/usr/include/boost/asio/any_completion_executor.hpp:22[m[K,
[3.271s]                  from [01m[K/usr/include/boost/asio.hpp:20[m[K,
[3.272s]                  from [01m[K/home/sachin/ros2_rover/src/rover_motor_controller_cpp/include/lx16a/serial.hpp:28[m[K,
[3.272s]                  from [01m[K/home/sachin/ros2_rover/src/rover_motor_controller_cpp/src/lx16a/serial.cpp:4[m[K:
[3.272s] [01m[K/usr/include/boost/bind.hpp:36:1:[m[K [01;36m[Knote: [m[K‘[01m[K#pragma message: The practice of declaring the Bind placeholders (_1, _2, ...) in the global namespace is deprecated. Please use <boost/bind/bind.hpp> + using namespace boost::placeholders, or define BOOST_BIND_GLOBAL_PLACEHOLDERS to retain the current behavior.[m[K’
[3.272s]    36 | [01;36m[KBOOST_PRAGMA_MESSAGE[m[K(
[3.272s]       | [01;36m[K^~~~~~~~~~~~~~~~~~~~[m[K
[4.390s] In file included from [01m[K/usr/include/boost/system/detail/requires_cxx11.hpp:9[m[K,
[4.390s]                  from [01m[K/usr/include/boost/system/detail/config.hpp:11[m[K,
[4.390s]                  from [01m[K/usr/include/boost/system/detail/error_category.hpp:13[m[K,
[4.391s]                  from [01m[K/usr/include/boost/system/detail/error_code.hpp:14[m[K,
[4.391s]                  from [01m[K/usr/include/boost/system/error_code.hpp:13[m[K,
[4.391s]                  from [01m[K/usr/include/boost/asio/detail/throw_error.hpp:20[m[K,
[4.391s]                  from [01m[K/usr/include/boost/asio/detail/impl/posix_event.ipp:23[m[K,
[4.391s]                  from [01m[K/usr/include/boost/asio/detail/posix_event.hpp:172[m[K,
[4.391s]                  from [01m[K/usr/include/boost/asio/detail/event.hpp:25[m[K,
[4.391s]                  from [01m[K/usr/include/boost/asio/execution/blocking_adaptation.hpp:19[m[K,
[4.391s]                  from [01m[K/usr/include/boost/asio/execution.hpp:22[m[K,
[4.391s]                  from [01m[K/usr/include/boost/asio/any_completion_executor.hpp:22[m[K,
[4.392s]                  from [01m[K/usr/include/boost/asio.hpp:20[m[K,
[4.392s]                  from [01m[K/home/sachin/ros2_rover/src/rover_motor_controller_cpp/include/lx16a/serial.hpp:28[m[K,
[4.392s]                  from [01m[K/home/sachin/ros2_rover/src/rover_motor_controller_cpp/include/lx16a/lx16a.hpp:33[m[K,
[4.392s]                  from [01m[K/home/sachin/ros2_rover/src/rover_motor_controller_cpp/include/lx16a/motor_controller.hpp:31[m[K,
[4.392s]                  from [01m[K/home/sachin/ros2_rover/src/rover_motor_controller_cpp/include/motor_controller/controller_node.hpp:8[m[K,
[4.392s]                  from [01m[K/home/sachin/ros2_rover/src/rover_motor_controller_cpp/src/controller_node_main.cpp:3[m[K:
[4.393s] [01m[K/usr/include/boost/bind.hpp:36:1:[m[K [01;36m[Knote: [m[K‘[01m[K#pragma message: The practice of declaring the Bind placeholders (_1, _2, ...) in the global namespace is deprecated. Please use <boost/bind/bind.hpp> + using namespace boost::placeholders, or define BOOST_BIND_GLOBAL_PLACEHOLDERS to retain the current behavior.[m[K’
[4.393s]    36 | [01;36m[KBOOST_PRAGMA_MESSAGE[m[K(
[4.393s]       | [01;36m[K^~~~~~~~~~~~~~~~~~~~[m[K
[10.949s] [ 88%] [32m[1mLinking CXX executable vel_parser_node[0m
[11.352s] [ 88%] Built target vel_parser_node
[11.703s] [100%] [32m[1mLinking CXX executable controller_node[0m
[12.090s] [100%] Built target controller_node
[12.104s] Invoked command in '/home/sachin/ros2_rover/build/rover_motor_controller_cpp' returned '0': CMAKE_PREFIX_PATH=/home/sachin/ros2_rover/install/rover_msgs:/home/sachin/ros2_rover/install/rover_navigation:/home/sachin/ros2_rover/install/rover_gazebo:/home/sachin/ros2_rover/install/rover_bringup:/home/sachin/ros2_rover/install/rover_motor_controller_cpp:/home/sachin/ros2_rover/install/rover_localization:/home/sachin/ros2_rover/install/rover_description:/opt/ros/jazzy/opt/gz_sim_vendor:/opt/ros/jazzy/opt/gz_sensors_vendor:/opt/ros/jazzy/opt/gz_physics_vendor:/opt/ros/jazzy/opt/sdformat_vendor:/opt/ros/jazzy/opt/gz_gui_vendor:/opt/ros/jazzy/opt/gz_transport_vendor:/opt/ros/jazzy/opt/gz_rendering_vendor:/opt/ros/jazzy/opt/gz_plugin_vendor:/opt/ros/jazzy/opt/gz_fuel_tools_vendor:/opt/ros/jazzy/opt/gz_msgs_vendor:/opt/ros/jazzy/opt/gz_common_vendor:/opt/ros/jazzy/opt/gz_math_vendor:/opt/ros/jazzy/opt/gz_utils_vendor:/opt/ros/jazzy/opt/gz_tools_vendor:/opt/ros/jazzy/opt/gz_ogre_next_vendor:/opt/ros/jazzy/opt/gz_dartsim_vendor:/opt/ros/jazzy/opt/gz_cmake_vendor:/home/sachin/ros2_rover/install/rover_teleop:/home/sachin/ros2_rover/install/rover_motor_controller:/opt/ros/jazzy DEBUGINFOD_URLS=https://debuginfod.ubuntu.com PS1=(.ros2_venv) \[\e]0;\u@\h: \w\a\]${debian_chroot:+($debian_chroot)}\[\033[01;32m\]\u@\h\[\033[00m\]:\[\033[01;34m\]\w\[\033[00m\]\$ PYTHONPATH=/home/sachin/ros2_rover/install/rover_msgs/lib/python3.12/site-packages:/home/sachin/ros2_rover/install/rover_teleop/lib/python3.12/site-packages:/home/sachin/ros2_rover/install/rover_motor_controller/lib/python3.12/site-packages:/opt/ros/jazzy/lib/python3.12/site-packages VIRTUAL_ENV_PROMPT=(.ros2_venv) /usr/bin/cmake --build /home/sachin/ros2_rover/build/rover_motor_controller_cpp -- -j12 -l12
[12.106s] Invoking command in '/home/sachin/ros2_rover/build/rover_motor_controller_cpp': CMAKE_PREFIX_PATH=/home/sachin/ros2_rover/install/rover_msgs:/home/sachin/ros2_rover/install/rover_navigation:/home/sachin/ros2_rover/install/rover_gazebo:/home/sachin/ros2_rover/install/rover_bringup:/home/sachin/ros2_rover/install/rover_motor_controller_cpp:/home/sachin/ros2_rover/install/rover_localization:/home/sachin/ros2_rover/install/rover_description:/opt/ros/jazzy/opt/gz_sim_vendor:/opt/ros/jazzy/opt/gz_sensors_vendor:/opt/ros/jazzy/opt/gz_physics_vendor:/opt/ros/jazzy/opt/sdformat_vendor:/opt/ros/jazzy/opt/gz_gui_vendor:/opt/ros/jazzy/opt/gz_transport_vendor:/opt/ros/jazzy/opt/gz_rendering_vendor:/opt/ros/jazzy/opt/gz_plugin_vendor:/opt/ros/jazzy/opt/gz_fuel_tools_vendor:/opt/ros/jazzy/opt/gz_msgs_vendor:/opt/ros/jazzy/opt/gz_common_vendor:/opt/ros/jazzy/opt/gz_math_vendor:/opt/ros/jazzy/opt/gz_utils_vendor:/opt/ros/jazzy/opt/gz_tools_vendor:/opt/ros/jazzy/opt/gz_ogre_next_vendor:/opt/ros/jazzy/opt/gz_dartsim_vendor:/opt/ros/jazzy/opt/gz_cmake_vendor:/home/sachin/ros2_rover/install/rover_teleop:/home/sachin/ros2_rover/install/rover_motor_controller:/opt/ros/jazzy DEBUGINFOD_URLS=https://debuginfod.ubuntu.com PS1=(.ros2_venv) \[\e]0;\u@\h: \w\a\]${debian_chroot:+($debian_chroot)}\[\033[01;32m\]\u@\h\[\033[00m\]:\[\033[01;34m\]\w\[\033[00m\]\$ PYTHONPATH=/home/sachin/ros2_rover/install/rover_msgs/lib/python3.12/site-packages:/home/sachin/ros2_rover/install/rover_teleop/lib/python3.12/site-packages:/home/sachin/ros2_rover/install/rover_motor_controller/lib/python3.12/site-packages:/opt/ros/jazzy/lib/python3.12/site-packages VIRTUAL_ENV_PROMPT=(.ros2_venv) /usr/bin/cmake --install /home/sachin/ros2_rover/build/rover_motor_controller_cpp
[12.117s] -- Install configuration: ""
[12.117s] -- Installing: /home/sachin/ros2_rover/install/rover_motor_controller_cpp/lib/rover_motor_controller_cpp/controller_node
[12.124s] -- Set non-toolchain portion of runtime path of "/home/sachin/ros2_rover/install/rover_motor_controller_cpp/lib/rover_motor_controller_cpp/controller_node" to ""
[12.124s] -- Installing: /home/sachin/ros2_rover/install/rover_motor_controller_cpp/lib/rover_motor_controller_cpp/vel_parser_node
[12.131s] -- Set non-toolchain portion of runtime path of "/home/sachin/ros2_rover/install/rover_motor_controller_cpp/lib/rover_motor_controller_cpp/vel_parser_node" to ""
[12.131s] -- Up-to-date: /home/sachin/ros2_rover/install/rover_motor_controller_cpp/share/rover_motor_controller_cpp//launch
[12.131s] -- Installing: /home/sachin/ros2_rover/install/rover_motor_controller_cpp/share/rover_motor_controller_cpp//launch/motor_controller.launch.py
[12.131s] -- Up-to-date: /home/sachin/ros2_rover/install/rover_motor_controller_cpp/share/ament_index/resource_index/package_run_dependencies/rover_motor_controller_cpp
[12.131s] -- Up-to-date: /home/sachin/ros2_rover/install/rover_motor_controller_cpp/share/ament_index/resource_index/parent_prefix_path/rover_motor_controller_cpp
[12.131s] -- Up-to-date: /home/sachin/ros2_rover/install/rover_motor_controller_cpp/share/rover_motor_controller_cpp/environment/ament_prefix_path.sh
[12.132s] -- Up-to-date: /home/sachin/ros2_rover/install/rover_motor_controller_cpp/share/rover_motor_controller_cpp/environment/ament_prefix_path.dsv
[12.132s] -- Up-to-date: /home/sachin/ros2_rover/install/rover_motor_controller_cpp/share/rover_motor_controller_cpp/environment/path.sh
[12.132s] -- Up-to-date: /home/sachin/ros2_rover/install/rover_motor_controller_cpp/share/rover_motor_controller_cpp/environment/path.dsv
[12.132s] -- Up-to-date: /home/sachin/ros2_rover/install/rover_motor_controller_cpp/share/rover_motor_controller_cpp/local_setup.bash
[12.132s] -- Up-to-date: /home/sachin/ros2_rover/install/rover_motor_controller_cpp/share/rover_motor_controller_cpp/local_setup.sh
[12.132s] -- Up-to-date: /home/sachin/ros2_rover/install/rover_motor_controller_cpp/share/rover_motor_controller_cpp/local_setup.zsh
[12.132s] -- Up-to-date: /home/sachin/ros2_rover/install/rover_motor_controller_cpp/share/rover_motor_controller_cpp/local_setup.dsv
[12.132s] -- Installing: /home/sachin/ros2_rover/install/rover_motor_controller_cpp/share/rover_motor_controller_cpp/package.dsv
[12.132s] -- Up-to-date: /home/sachin/ros2_rover/install/rover_motor_controller_cpp/share/ament_index/resource_index/packages/rover_motor_controller_cpp
[12.132s] -- Up-to-date: /home/sachin/ros2_rover/install/rover_motor_controller_cpp/share/rover_motor_controller_cpp/cmake/rover_motor_controller_cppConfig.cmake
[12.133s] -- Up-to-date: /home/sachin/ros2_rover/install/rover_motor_controller_cpp/share/rover_motor_controller_cpp/cmake/rover_motor_controller_cppConfig-version.cmake
[12.133s] -- Up-to-date: /home/sachin/ros2_rover/install/rover_motor_controller_cpp/share/rover_motor_controller_cpp/package.xml
[12.135s] Invoked command in '/home/sachin/ros2_rover/build/rover_motor_controller_cpp' returned '0': CMAKE_PREFIX_PATH=/home/sachin/ros2_rover/install/rover_msgs:/home/sachin/ros2_rover/install/rover_navigation:/home/sachin/ros2_rover/install/rover_gazebo:/home/sachin/ros2_rover/install/rover_bringup:/home/sachin/ros2_rover/install/rover_motor_controller_cpp:/home/sachin/ros2_rover/install/rover_localization:/home/sachin/ros2_rover/install/rover_description:/opt/ros/jazzy/opt/gz_sim_vendor:/opt/ros/jazzy/opt/gz_sensors_vendor:/opt/ros/jazzy/opt/gz_physics_vendor:/opt/ros/jazzy/opt/sdformat_vendor:/opt/ros/jazzy/opt/gz_gui_vendor:/opt/ros/jazzy/opt/gz_transport_vendor:/opt/ros/jazzy/opt/gz_rendering_vendor:/opt/ros/jazzy/opt/gz_plugin_vendor:/opt/ros/jazzy/opt/gz_fuel_tools_vendor:/opt/ros/jazzy/opt/gz_msgs_vendor:/opt/ros/jazzy/opt/gz_common_vendor:/opt/ros/jazzy/opt/gz_math_vendor:/opt/ros/jazzy/opt/gz_utils_vendor:/opt/ros/jazzy/opt/gz_tools_vendor:/opt/ros/jazzy/opt/gz_ogre_next_vendor:/opt/ros/jazzy/opt/gz_dartsim_vendor:/opt/ros/jazzy/opt/gz_cmake_vendor:/home/sachin/ros2_rover/install/rover_teleop:/home/sachin/ros2_rover/install/rover_motor_controller:/opt/ros/jazzy DEBUGINFOD_URLS=https://debuginfod.ubuntu.com PS1=(.ros2_venv) \[\e]0;\u@\h: \w\a\]${debian_chroot:+($debian_chroot)}\[\033[01;32m\]\u@\h\[\033[00m\]:\[\033[01;34m\]\w\[\033[00m\]\$ PYTHONPATH=/home/sachin/ros2_rover/install/rover_msgs/lib/python3.12/site-packages:/home/sachin/ros2_rover/install/rover_teleop/lib/python3.12/site-packages:/home/sachin/ros2_rover/install/rover_motor_controller/lib/python3.12/site-packages:/opt/ros/jazzy/lib/python3.12/site-packages VIRTUAL_ENV_PROMPT=(.ros2_venv) /usr/bin/cmake --install /home/sachin/ros2_rover/build/rover_motor_controller_cpp
