[0.047s] Invoking command in '/home/sachin/ros2_rover/build/rover_msgs': CMAKE_PREFIX_PATH=${CMAKE_PREFIX_PATH}:/opt/ros/jazzy DEBUGINFOD_URLS=https://debuginfod.ubuntu.com PS1=(.ros2_venv) \[\e]0;\u@\h: \w\a\]${debian_chroot:+($debian_chroot)}\[\033[01;32m\]\u@\h\[\033[00m\]:\[\033[01;34m\]\w\[\033[00m\]\$ VIRTUAL_ENV_PROMPT=(.ros2_venv) /usr/bin/cmake --build /home/sachin/ros2_rover/build/rover_msgs -- -j12 -l12
[0.143s] [  2%] Built target rover_msgs__rosidl_generator_type_description
[0.186s] [  2%] Built target ament_cmake_python_copy_rover_msgs
[0.218s] [ 17%] Built target rover_msgs__rosidl_generator_c
[0.496s] running egg_info
[0.513s] writing rover_msgs.egg-info/PKG-INFO
[0.513s] writing dependency_links to rover_msgs.egg-info/dependency_links.txt
[0.514s] writing top-level names to rover_msgs.egg-info/top_level.txt
[0.564s] reading manifest file 'rover_msgs.egg-info/SOURCES.txt'
[0.566s] writing manifest file 'rover_msgs.egg-info/SOURCES.txt'
[0.606s] [ 17%] Built target ament_cmake_python_build_rover_msgs_egg
[0.641s] [ 25%] Built target rover_msgs__rosidl_typesupport_fastrtps_c
[0.670s] [ 34%] Built target rover_msgs__rosidl_typesupport_introspection_c
[0.705s] [ 42%] Built target rover_msgs__rosidl_typesupport_c
[0.740s] [ 45%] Built target rover_msgs__cpp
[0.777s] [ 48%] Built target rover_msgs__rs
[0.819s] [ 57%] Built target rover_msgs__rosidl_typesupport_fastrtps_cpp
[0.861s] [ 65%] Built target rover_msgs__rosidl_typesupport_introspection_cpp
[0.900s] [ 74%] Built target rover_msgs__rosidl_typesupport_cpp
[0.937s] [ 74%] Built target rover_msgs
[0.970s] [ 77%] Built target rover_msgs__py
[1.002s] [ 82%] Built target rover_msgs__rosidl_generator_py
[1.035s] [ 88%] Built target rover_msgs_s__rosidl_typesupport_fastrtps_c
[1.067s] [ 94%] Built target rover_msgs_s__rosidl_typesupport_c
[1.102s] [100%] Built target rover_msgs_s__rosidl_typesupport_introspection_c
[1.118s] Invoked command in '/home/sachin/ros2_rover/build/rover_msgs' returned '0': CMAKE_PREFIX_PATH=${CMAKE_PREFIX_PATH}:/opt/ros/jazzy DEBUGINFOD_URLS=https://debuginfod.ubuntu.com PS1=(.ros2_venv) \[\e]0;\u@\h: \w\a\]${debian_chroot:+($debian_chroot)}\[\033[01;32m\]\u@\h\[\033[00m\]:\[\033[01;34m\]\w\[\033[00m\]\$ VIRTUAL_ENV_PROMPT=(.ros2_venv) /usr/bin/cmake --build /home/sachin/ros2_rover/build/rover_msgs -- -j12 -l12
[1.120s] Invoking command in '/home/sachin/ros2_rover/build/rover_msgs': CMAKE_PREFIX_PATH=${CMAKE_PREFIX_PATH}:/opt/ros/jazzy DEBUGINFOD_URLS=https://debuginfod.ubuntu.com PS1=(.ros2_venv) \[\e]0;\u@\h: \w\a\]${debian_chroot:+($debian_chroot)}\[\033[01;32m\]\u@\h\[\033[00m\]:\[\033[01;34m\]\w\[\033[00m\]\$ VIRTUAL_ENV_PROMPT=(.ros2_venv) /usr/bin/cmake --install /home/sachin/ros2_rover/build/rover_msgs
[1.134s] -- Install configuration: ""
[1.135s] -- Up-to-date: /home/sachin/ros2_rover/install/rover_msgs/share/ament_index/resource_index/rosidl_interfaces/rover_msgs
[1.135s] -- Up-to-date: /home/sachin/ros2_rover/install/rover_msgs/share/rover_msgs/msg/MotorsCommand.json
[1.135s] -- Up-to-date: /home/sachin/ros2_rover/install/rover_msgs/include/rover_msgs/rover_msgs
[1.135s] -- Up-to-date: /home/sachin/ros2_rover/install/rover_msgs/include/rover_msgs/rover_msgs/msg
[1.136s] -- Up-to-date: /home/sachin/ros2_rover/install/rover_msgs/include/rover_msgs/rover_msgs/msg/detail
[1.136s] -- Up-to-date: /home/sachin/ros2_rover/install/rover_msgs/include/rover_msgs/rover_msgs/msg/detail/motors_command__type_support.c
[1.136s] -- Up-to-date: /home/sachin/ros2_rover/install/rover_msgs/include/rover_msgs/rover_msgs/msg/detail/motors_command__type_support.h
[1.136s] -- Up-to-date: /home/sachin/ros2_rover/install/rover_msgs/include/rover_msgs/rover_msgs/msg/detail/motors_command__functions.c
[1.136s] -- Up-to-date: /home/sachin/ros2_rover/install/rover_msgs/include/rover_msgs/rover_msgs/msg/detail/motors_command__struct.h
[1.136s] -- Up-to-date: /home/sachin/ros2_rover/install/rover_msgs/include/rover_msgs/rover_msgs/msg/detail/motors_command__functions.h
[1.136s] -- Up-to-date: /home/sachin/ros2_rover/install/rover_msgs/include/rover_msgs/rover_msgs/msg/detail/motors_command__description.c
[1.137s] -- Up-to-date: /home/sachin/ros2_rover/install/rover_msgs/include/rover_msgs/rover_msgs/msg/motors_command.h
[1.137s] -- Up-to-date: /home/sachin/ros2_rover/install/rover_msgs/include/rover_msgs/rover_msgs/msg/rosidl_generator_c__visibility_control.h
[1.137s] -- Up-to-date: /home/sachin/ros2_rover/install/rover_msgs/share/rover_msgs/environment/library_path.sh
[1.137s] -- Up-to-date: /home/sachin/ros2_rover/install/rover_msgs/share/rover_msgs/environment/library_path.dsv
[1.137s] -- Up-to-date: /home/sachin/ros2_rover/install/rover_msgs/lib/librover_msgs__rosidl_generator_c.so
[1.137s] -- Up-to-date: /home/sachin/ros2_rover/install/rover_msgs/include/rover_msgs/rover_msgs
[1.137s] -- Up-to-date: /home/sachin/ros2_rover/install/rover_msgs/include/rover_msgs/rover_msgs/msg
[1.138s] -- Up-to-date: /home/sachin/ros2_rover/install/rover_msgs/include/rover_msgs/rover_msgs/msg/detail
[1.138s] -- Up-to-date: /home/sachin/ros2_rover/install/rover_msgs/include/rover_msgs/rover_msgs/msg/detail/motors_command__rosidl_typesupport_fastrtps_c.h
[1.138s] -- Up-to-date: /home/sachin/ros2_rover/install/rover_msgs/include/rover_msgs/rover_msgs/msg/rosidl_typesupport_fastrtps_c__visibility_control.h
[1.138s] -- Up-to-date: /home/sachin/ros2_rover/install/rover_msgs/lib/librover_msgs__rosidl_typesupport_fastrtps_c.so
[1.138s] -- Up-to-date: /home/sachin/ros2_rover/install/rover_msgs/include/rover_msgs/rover_msgs
[1.138s] -- Up-to-date: /home/sachin/ros2_rover/install/rover_msgs/include/rover_msgs/rover_msgs/msg
[1.139s] -- Up-to-date: /home/sachin/ros2_rover/install/rover_msgs/include/rover_msgs/rover_msgs/msg/rosidl_typesupport_introspection_c__visibility_control.h
[1.139s] -- Up-to-date: /home/sachin/ros2_rover/install/rover_msgs/include/rover_msgs/rover_msgs/msg/detail
[1.139s] -- Up-to-date: /home/sachin/ros2_rover/install/rover_msgs/include/rover_msgs/rover_msgs/msg/detail/motors_command__rosidl_typesupport_introspection_c.h
[1.139s] -- Up-to-date: /home/sachin/ros2_rover/install/rover_msgs/include/rover_msgs/rover_msgs/msg/detail/motors_command__type_support.c
[1.139s] -- Up-to-date: /home/sachin/ros2_rover/install/rover_msgs/lib/librover_msgs__rosidl_typesupport_introspection_c.so
[1.139s] -- Up-to-date: /home/sachin/ros2_rover/install/rover_msgs/lib/librover_msgs__rosidl_typesupport_c.so
[1.139s] -- Up-to-date: /home/sachin/ros2_rover/install/rover_msgs/include/rover_msgs/rover_msgs
[1.140s] -- Up-to-date: /home/sachin/ros2_rover/install/rover_msgs/include/rover_msgs/rover_msgs/msg
[1.140s] -- Up-to-date: /home/sachin/ros2_rover/install/rover_msgs/include/rover_msgs/rover_msgs/msg/detail
[1.140s] -- Up-to-date: /home/sachin/ros2_rover/install/rover_msgs/include/rover_msgs/rover_msgs/msg/detail/motors_command__type_support.hpp
[1.140s] -- Up-to-date: /home/sachin/ros2_rover/install/rover_msgs/include/rover_msgs/rover_msgs/msg/detail/motors_command__traits.hpp
[1.140s] -- Up-to-date: /home/sachin/ros2_rover/install/rover_msgs/include/rover_msgs/rover_msgs/msg/detail/motors_command__struct.hpp
[1.140s] -- Up-to-date: /home/sachin/ros2_rover/install/rover_msgs/include/rover_msgs/rover_msgs/msg/detail/motors_command__builder.hpp
[1.141s] -- Up-to-date: /home/sachin/ros2_rover/install/rover_msgs/include/rover_msgs/rover_msgs/msg/motors_command.hpp
[1.141s] -- Up-to-date: /home/sachin/ros2_rover/install/rover_msgs/include/rover_msgs/rover_msgs/msg/rosidl_generator_cpp__visibility_control.hpp
[1.141s] -- Up-to-date: /home/sachin/ros2_rover/install/rover_msgs/include/rover_msgs/rover_msgs
[1.141s] -- Up-to-date: /home/sachin/ros2_rover/install/rover_msgs/include/rover_msgs/rover_msgs/msg
[1.141s] -- Up-to-date: /home/sachin/ros2_rover/install/rover_msgs/include/rover_msgs/rover_msgs/msg/detail
[1.141s] -- Up-to-date: /home/sachin/ros2_rover/install/rover_msgs/include/rover_msgs/rover_msgs/msg/detail/motors_command__rosidl_typesupport_fastrtps_cpp.hpp
[1.141s] -- Up-to-date: /home/sachin/ros2_rover/install/rover_msgs/include/rover_msgs/rover_msgs/msg/detail/dds_fastrtps
[1.142s] -- Up-to-date: /home/sachin/ros2_rover/install/rover_msgs/include/rover_msgs/rover_msgs/msg/rosidl_typesupport_fastrtps_cpp__visibility_control.h
[1.142s] -- Up-to-date: /home/sachin/ros2_rover/install/rover_msgs/lib/librover_msgs__rosidl_typesupport_fastrtps_cpp.so
[1.142s] -- Up-to-date: /home/sachin/ros2_rover/install/rover_msgs/include/rover_msgs/rover_msgs
[1.142s] -- Up-to-date: /home/sachin/ros2_rover/install/rover_msgs/include/rover_msgs/rover_msgs/msg
[1.142s] -- Up-to-date: /home/sachin/ros2_rover/install/rover_msgs/include/rover_msgs/rover_msgs/msg/detail
[1.142s] -- Up-to-date: /home/sachin/ros2_rover/install/rover_msgs/include/rover_msgs/rover_msgs/msg/detail/motors_command__rosidl_typesupport_introspection_cpp.hpp
[1.142s] -- Up-to-date: /home/sachin/ros2_rover/install/rover_msgs/include/rover_msgs/rover_msgs/msg/detail/motors_command__type_support.cpp
[1.142s] -- Up-to-date: /home/sachin/ros2_rover/install/rover_msgs/lib/librover_msgs__rosidl_typesupport_introspection_cpp.so
[1.143s] -- Up-to-date: /home/sachin/ros2_rover/install/rover_msgs/lib/librover_msgs__rosidl_typesupport_cpp.so
[1.143s] -- Up-to-date: /home/sachin/ros2_rover/install/rover_msgs/share/rover_msgs/environment/pythonpath.sh
[1.143s] -- Up-to-date: /home/sachin/ros2_rover/install/rover_msgs/share/rover_msgs/environment/pythonpath.dsv
[1.143s] -- Up-to-date: /home/sachin/ros2_rover/install/rover_msgs/lib/python3.12/site-packages/rover_msgs-2.0.0-py3.12.egg-info
[1.143s] -- Installing: /home/sachin/ros2_rover/install/rover_msgs/lib/python3.12/site-packages/rover_msgs-2.0.0-py3.12.egg-info/PKG-INFO
[1.143s] -- Installing: /home/sachin/ros2_rover/install/rover_msgs/lib/python3.12/site-packages/rover_msgs-2.0.0-py3.12.egg-info/dependency_links.txt
[1.143s] -- Installing: /home/sachin/ros2_rover/install/rover_msgs/lib/python3.12/site-packages/rover_msgs-2.0.0-py3.12.egg-info/SOURCES.txt
[1.143s] -- Installing: /home/sachin/ros2_rover/install/rover_msgs/lib/python3.12/site-packages/rover_msgs-2.0.0-py3.12.egg-info/top_level.txt
[1.144s] -- Up-to-date: /home/sachin/ros2_rover/install/rover_msgs/lib/python3.12/site-packages/rover_msgs
[1.144s] -- Up-to-date: /home/sachin/ros2_rover/install/rover_msgs/lib/python3.12/site-packages/rover_msgs/rover_msgs_s__rosidl_typesupport_c.so
[1.144s] -- Up-to-date: /home/sachin/ros2_rover/install/rover_msgs/lib/python3.12/site-packages/rover_msgs/__init__.py
[1.144s] -- Up-to-date: /home/sachin/ros2_rover/install/rover_msgs/lib/python3.12/site-packages/rover_msgs/_rover_msgs_s.ep.rosidl_typesupport_c.c
[1.144s] -- Up-to-date: /home/sachin/ros2_rover/install/rover_msgs/lib/python3.12/site-packages/rover_msgs/rover_msgs_s__rosidl_typesupport_fastrtps_c.so
[1.144s] -- Up-to-date: /home/sachin/ros2_rover/install/rover_msgs/lib/python3.12/site-packages/rover_msgs/msg
[1.144s] -- Up-to-date: /home/sachin/ros2_rover/install/rover_msgs/lib/python3.12/site-packages/rover_msgs/msg/__init__.py
[1.144s] -- Up-to-date: /home/sachin/ros2_rover/install/rover_msgs/lib/python3.12/site-packages/rover_msgs/msg/_motors_command.py
[1.145s] -- Up-to-date: /home/sachin/ros2_rover/install/rover_msgs/lib/python3.12/site-packages/rover_msgs/msg/_motors_command_s.c
[1.145s] -- Up-to-date: /home/sachin/ros2_rover/install/rover_msgs/lib/python3.12/site-packages/rover_msgs/_rover_msgs_s.ep.rosidl_typesupport_introspection_c.c
[1.145s] -- Up-to-date: /home/sachin/ros2_rover/install/rover_msgs/lib/python3.12/site-packages/rover_msgs/rover_msgs_s__rosidl_typesupport_introspection_c.so
[1.145s] -- Up-to-date: /home/sachin/ros2_rover/install/rover_msgs/lib/python3.12/site-packages/rover_msgs/_rover_msgs_s.ep.rosidl_typesupport_fastrtps_c.c
[1.185s] Listing '/home/sachin/ros2_rover/install/rover_msgs/lib/python3.12/site-packages/rover_msgs'...
[1.185s] Listing '/home/sachin/ros2_rover/install/rover_msgs/lib/python3.12/site-packages/rover_msgs/msg'...
[1.192s] -- Up-to-date: /home/sachin/ros2_rover/install/rover_msgs/lib/python3.12/site-packages/rover_msgs/rover_msgs_s__rosidl_typesupport_fastrtps_c.so
[1.193s] -- Up-to-date: /home/sachin/ros2_rover/install/rover_msgs/lib/python3.12/site-packages/rover_msgs/rover_msgs_s__rosidl_typesupport_introspection_c.so
[1.193s] -- Up-to-date: /home/sachin/ros2_rover/install/rover_msgs/lib/python3.12/site-packages/rover_msgs/rover_msgs_s__rosidl_typesupport_c.so
[1.193s] -- Up-to-date: /home/sachin/ros2_rover/install/rover_msgs/lib/librover_msgs__rosidl_generator_py.so
[1.194s] -- Up-to-date: /home/sachin/ros2_rover/install/rover_msgs/share/ament_index/resource_index/rust_packages/rover_msgs
[1.194s] -- Up-to-date: /home/sachin/ros2_rover/install/rover_msgs/share/rover_msgs/rust
[1.194s] -- Up-to-date: /home/sachin/ros2_rover/install/rover_msgs/share/rover_msgs/rust/Cargo.toml
[1.194s] -- Up-to-date: /home/sachin/ros2_rover/install/rover_msgs/share/rover_msgs/rust/src
[1.194s] -- Up-to-date: /home/sachin/ros2_rover/install/rover_msgs/share/rover_msgs/rust/src/lib.rs
[1.195s] -- Up-to-date: /home/sachin/ros2_rover/install/rover_msgs/share/rover_msgs/rust/src/msg
[1.195s] -- Up-to-date: /home/sachin/ros2_rover/install/rover_msgs/share/rover_msgs/rust/src/msg/rmw.rs
[1.195s] -- Up-to-date: /home/sachin/ros2_rover/install/rover_msgs/share/rover_msgs/rust/src/msg.rs
[1.195s] -- Up-to-date: /home/sachin/ros2_rover/install/rover_msgs/share/rover_msgs/rust/build.rs
[1.195s] -- Up-to-date: /home/sachin/ros2_rover/install/rover_msgs/share/rover_msgs/msg/MotorsCommand.idl
[1.195s] -- Up-to-date: /home/sachin/ros2_rover/install/rover_msgs/share/rover_msgs/msg/MotorsCommand.msg
[1.195s] -- Up-to-date: /home/sachin/ros2_rover/install/rover_msgs/share/ament_index/resource_index/package_run_dependencies/rover_msgs
[1.196s] -- Up-to-date: /home/sachin/ros2_rover/install/rover_msgs/share/ament_index/resource_index/parent_prefix_path/rover_msgs
[1.196s] -- Up-to-date: /home/sachin/ros2_rover/install/rover_msgs/share/rover_msgs/environment/ament_prefix_path.sh
[1.196s] -- Up-to-date: /home/sachin/ros2_rover/install/rover_msgs/share/rover_msgs/environment/ament_prefix_path.dsv
[1.196s] -- Up-to-date: /home/sachin/ros2_rover/install/rover_msgs/share/rover_msgs/environment/path.sh
[1.196s] -- Up-to-date: /home/sachin/ros2_rover/install/rover_msgs/share/rover_msgs/environment/path.dsv
[1.196s] -- Up-to-date: /home/sachin/ros2_rover/install/rover_msgs/share/rover_msgs/local_setup.bash
[1.196s] -- Up-to-date: /home/sachin/ros2_rover/install/rover_msgs/share/rover_msgs/local_setup.sh
[1.197s] -- Up-to-date: /home/sachin/ros2_rover/install/rover_msgs/share/rover_msgs/local_setup.zsh
[1.197s] -- Up-to-date: /home/sachin/ros2_rover/install/rover_msgs/share/rover_msgs/local_setup.dsv
[1.197s] -- Installing: /home/sachin/ros2_rover/install/rover_msgs/share/rover_msgs/package.dsv
[1.197s] -- Up-to-date: /home/sachin/ros2_rover/install/rover_msgs/share/ament_index/resource_index/packages/rover_msgs
[1.197s] -- Up-to-date: /home/sachin/ros2_rover/install/rover_msgs/share/rover_msgs/cmake/export_rover_msgs__rosidl_generator_cExport.cmake
[1.197s] -- Up-to-date: /home/sachin/ros2_rover/install/rover_msgs/share/rover_msgs/cmake/export_rover_msgs__rosidl_generator_cExport-noconfig.cmake
[1.197s] -- Up-to-date: /home/sachin/ros2_rover/install/rover_msgs/share/rover_msgs/cmake/export_rover_msgs__rosidl_typesupport_fastrtps_cExport.cmake
[1.198s] -- Up-to-date: /home/sachin/ros2_rover/install/rover_msgs/share/rover_msgs/cmake/export_rover_msgs__rosidl_typesupport_fastrtps_cExport-noconfig.cmake
[1.198s] -- Up-to-date: /home/sachin/ros2_rover/install/rover_msgs/share/rover_msgs/cmake/rover_msgs__rosidl_typesupport_introspection_cExport.cmake
[1.198s] -- Up-to-date: /home/sachin/ros2_rover/install/rover_msgs/share/rover_msgs/cmake/rover_msgs__rosidl_typesupport_introspection_cExport-noconfig.cmake
[1.198s] -- Up-to-date: /home/sachin/ros2_rover/install/rover_msgs/share/rover_msgs/cmake/rover_msgs__rosidl_typesupport_cExport.cmake
[1.198s] -- Up-to-date: /home/sachin/ros2_rover/install/rover_msgs/share/rover_msgs/cmake/rover_msgs__rosidl_typesupport_cExport-noconfig.cmake
[1.198s] -- Up-to-date: /home/sachin/ros2_rover/install/rover_msgs/share/rover_msgs/cmake/export_rover_msgs__rosidl_generator_cppExport.cmake
[1.198s] -- Up-to-date: /home/sachin/ros2_rover/install/rover_msgs/share/rover_msgs/cmake/export_rover_msgs__rosidl_typesupport_fastrtps_cppExport.cmake
[1.199s] -- Up-to-date: /home/sachin/ros2_rover/install/rover_msgs/share/rover_msgs/cmake/export_rover_msgs__rosidl_typesupport_fastrtps_cppExport-noconfig.cmake
[1.199s] -- Up-to-date: /home/sachin/ros2_rover/install/rover_msgs/share/rover_msgs/cmake/rover_msgs__rosidl_typesupport_introspection_cppExport.cmake
[1.199s] -- Up-to-date: /home/sachin/ros2_rover/install/rover_msgs/share/rover_msgs/cmake/rover_msgs__rosidl_typesupport_introspection_cppExport-noconfig.cmake
[1.199s] -- Up-to-date: /home/sachin/ros2_rover/install/rover_msgs/share/rover_msgs/cmake/rover_msgs__rosidl_typesupport_cppExport.cmake
[1.199s] -- Up-to-date: /home/sachin/ros2_rover/install/rover_msgs/share/rover_msgs/cmake/rover_msgs__rosidl_typesupport_cppExport-noconfig.cmake
[1.199s] -- Up-to-date: /home/sachin/ros2_rover/install/rover_msgs/share/rover_msgs/cmake/export_rover_msgs__rosidl_generator_pyExport.cmake
[1.199s] -- Up-to-date: /home/sachin/ros2_rover/install/rover_msgs/share/rover_msgs/cmake/export_rover_msgs__rosidl_generator_pyExport-noconfig.cmake
[1.199s] -- Up-to-date: /home/sachin/ros2_rover/install/rover_msgs/share/rover_msgs/cmake/rosidl_cmake-extras.cmake
[1.200s] -- Up-to-date: /home/sachin/ros2_rover/install/rover_msgs/share/rover_msgs/cmake/ament_cmake_export_include_directories-extras.cmake
[1.200s] -- Up-to-date: /home/sachin/ros2_rover/install/rover_msgs/share/rover_msgs/cmake/ament_cmake_export_libraries-extras.cmake
[1.200s] -- Up-to-date: /home/sachin/ros2_rover/install/rover_msgs/share/rover_msgs/cmake/ament_cmake_export_targets-extras.cmake
[1.200s] -- Up-to-date: /home/sachin/ros2_rover/install/rover_msgs/share/rover_msgs/cmake/rosidl_cmake_export_typesupport_targets-extras.cmake
[1.200s] -- Up-to-date: /home/sachin/ros2_rover/install/rover_msgs/share/rover_msgs/cmake/ament_cmake_export_dependencies-extras.cmake
[1.200s] -- Up-to-date: /home/sachin/ros2_rover/install/rover_msgs/share/rover_msgs/cmake/rosidl_cmake_export_typesupport_libraries-extras.cmake
[1.200s] -- Up-to-date: /home/sachin/ros2_rover/install/rover_msgs/share/rover_msgs/cmake/rover_msgsConfig.cmake
[1.200s] -- Up-to-date: /home/sachin/ros2_rover/install/rover_msgs/share/rover_msgs/cmake/rover_msgsConfig-version.cmake
[1.201s] -- Up-to-date: /home/sachin/ros2_rover/install/rover_msgs/share/rover_msgs/package.xml
[1.201s] Invoked command in '/home/sachin/ros2_rover/build/rover_msgs' returned '0': CMAKE_PREFIX_PATH=${CMAKE_PREFIX_PATH}:/opt/ros/jazzy DEBUGINFOD_URLS=https://debuginfod.ubuntu.com PS1=(.ros2_venv) \[\e]0;\u@\h: \w\a\]${debian_chroot:+($debian_chroot)}\[\033[01;32m\]\u@\h\[\033[00m\]:\[\033[01;34m\]\w\[\033[00m\]\$ VIRTUAL_ENV_PROMPT=(.ros2_venv) /usr/bin/cmake --install /home/sachin/ros2_rover/build/rover_msgs
