[0.011s] Invoking command in '/home/ubuntu/ros2_rover/build/rover_gazebo': CMAKE_PREFIX_PATH=/home/ubuntu/ros2_rover/install/rover_motor_controller_cpp:/home/ubuntu/ros2_rover/install/rover_msgs:/home/ubuntu/ros2_rover/install/rover_description:/home/ubuntu/ros2_rover/install/rover_navigation:/home/ubuntu/ros2_rover/install/rover_gazebo:/home/ubuntu/ros2_rover/install/rover_localization:/opt/ros/jazzy/opt/gz_sim_vendor:/opt/ros/jazzy/opt/gz_sensors_vendor:/opt/ros/jazzy/opt/gz_physics_vendor:/opt/ros/jazzy/opt/sdformat_vendor:/opt/ros/jazzy/opt/gz_gui_vendor:/opt/ros/jazzy/opt/gz_transport_vendor:/opt/ros/jazzy/opt/gz_rendering_vendor:/opt/ros/jazzy/opt/gz_plugin_vendor:/opt/ros/jazzy/opt/gz_fuel_tools_vendor:/opt/ros/jazzy/opt/gz_msgs_vendor:/opt/ros/jazzy/opt/gz_common_vendor:/opt/ros/jazzy/opt/gz_math_vendor:/opt/ros/jazzy/opt/gz_utils_vendor:/opt/ros/jazzy/opt/gz_tools_vendor:/opt/ros/jazzy/opt/gz_ogre_next_vendor:/opt/ros/jazzy/opt/gz_dartsim_vendor:/opt/ros/jazzy/opt/gz_cmake_vendor:/home/ubuntu/ros2_rover/install/rover_teleop:/home/ubuntu/ros2_rover/install/rover_motor_controller:/opt/ros/jazzy PYTHONPATH=/home/ubuntu/ros2_rover/install/rover_msgs/lib/python3.12/site-packages:/home/ubuntu/ros2_rover/install/rover_teleop/lib/python3.12/site-packages:/home/ubuntu/ros2_rover/install/rover_motor_controller/lib/python3.12/site-packages:/opt/ros/jazzy/lib/python3.12/site-packages /usr/bin/cmake --build /home/ubuntu/ros2_rover/build/rover_gazebo -- -j10 -l10
[0.046s] [ 33%] Built target ground_truth_remapper_node
[0.047s] [ 66%] Built target motors_command_parser_node
[0.051s] [100%] Built target odometry_node
[0.059s] Invoked command in '/home/ubuntu/ros2_rover/build/rover_gazebo' returned '0': CMAKE_PREFIX_PATH=/home/ubuntu/ros2_rover/install/rover_motor_controller_cpp:/home/ubuntu/ros2_rover/install/rover_msgs:/home/ubuntu/ros2_rover/install/rover_description:/home/ubuntu/ros2_rover/install/rover_navigation:/home/ubuntu/ros2_rover/install/rover_gazebo:/home/ubuntu/ros2_rover/install/rover_localization:/opt/ros/jazzy/opt/gz_sim_vendor:/opt/ros/jazzy/opt/gz_sensors_vendor:/opt/ros/jazzy/opt/gz_physics_vendor:/opt/ros/jazzy/opt/sdformat_vendor:/opt/ros/jazzy/opt/gz_gui_vendor:/opt/ros/jazzy/opt/gz_transport_vendor:/opt/ros/jazzy/opt/gz_rendering_vendor:/opt/ros/jazzy/opt/gz_plugin_vendor:/opt/ros/jazzy/opt/gz_fuel_tools_vendor:/opt/ros/jazzy/opt/gz_msgs_vendor:/opt/ros/jazzy/opt/gz_common_vendor:/opt/ros/jazzy/opt/gz_math_vendor:/opt/ros/jazzy/opt/gz_utils_vendor:/opt/ros/jazzy/opt/gz_tools_vendor:/opt/ros/jazzy/opt/gz_ogre_next_vendor:/opt/ros/jazzy/opt/gz_dartsim_vendor:/opt/ros/jazzy/opt/gz_cmake_vendor:/home/ubuntu/ros2_rover/install/rover_teleop:/home/ubuntu/ros2_rover/install/rover_motor_controller:/opt/ros/jazzy PYTHONPATH=/home/ubuntu/ros2_rover/install/rover_msgs/lib/python3.12/site-packages:/home/ubuntu/ros2_rover/install/rover_teleop/lib/python3.12/site-packages:/home/ubuntu/ros2_rover/install/rover_motor_controller/lib/python3.12/site-packages:/opt/ros/jazzy/lib/python3.12/site-packages /usr/bin/cmake --build /home/ubuntu/ros2_rover/build/rover_gazebo -- -j10 -l10
[0.062s] Invoking command in '/home/ubuntu/ros2_rover/build/rover_gazebo': CMAKE_PREFIX_PATH=/home/ubuntu/ros2_rover/install/rover_motor_controller_cpp:/home/ubuntu/ros2_rover/install/rover_msgs:/home/ubuntu/ros2_rover/install/rover_description:/home/ubuntu/ros2_rover/install/rover_navigation:/home/ubuntu/ros2_rover/install/rover_gazebo:/home/ubuntu/ros2_rover/install/rover_localization:/opt/ros/jazzy/opt/gz_sim_vendor:/opt/ros/jazzy/opt/gz_sensors_vendor:/opt/ros/jazzy/opt/gz_physics_vendor:/opt/ros/jazzy/opt/sdformat_vendor:/opt/ros/jazzy/opt/gz_gui_vendor:/opt/ros/jazzy/opt/gz_transport_vendor:/opt/ros/jazzy/opt/gz_rendering_vendor:/opt/ros/jazzy/opt/gz_plugin_vendor:/opt/ros/jazzy/opt/gz_fuel_tools_vendor:/opt/ros/jazzy/opt/gz_msgs_vendor:/opt/ros/jazzy/opt/gz_common_vendor:/opt/ros/jazzy/opt/gz_math_vendor:/opt/ros/jazzy/opt/gz_utils_vendor:/opt/ros/jazzy/opt/gz_tools_vendor:/opt/ros/jazzy/opt/gz_ogre_next_vendor:/opt/ros/jazzy/opt/gz_dartsim_vendor:/opt/ros/jazzy/opt/gz_cmake_vendor:/home/ubuntu/ros2_rover/install/rover_teleop:/home/ubuntu/ros2_rover/install/rover_motor_controller:/opt/ros/jazzy PYTHONPATH=/home/ubuntu/ros2_rover/install/rover_msgs/lib/python3.12/site-packages:/home/ubuntu/ros2_rover/install/rover_teleop/lib/python3.12/site-packages:/home/ubuntu/ros2_rover/install/rover_motor_controller/lib/python3.12/site-packages:/opt/ros/jazzy/lib/python3.12/site-packages /usr/bin/cmake --install /home/ubuntu/ros2_rover/build/rover_gazebo
[0.066s] -- Install configuration: ""
[0.067s] -- Up-to-date: /home/ubuntu/ros2_rover/install/rover_gazebo/lib/rover_gazebo/motors_command_parser_node
[0.067s] -- Up-to-date: /home/ubuntu/ros2_rover/install/rover_gazebo/lib/rover_gazebo/odometry_node
[0.068s] -- Up-to-date: /home/ubuntu/ros2_rover/install/rover_gazebo/lib/rover_gazebo/ground_truth_remapper_node
[0.068s] -- Up-to-date: /home/ubuntu/ros2_rover/install/rover_gazebo/share/rover_gazebo/launch
[0.068s] -- Up-to-date: /home/ubuntu/ros2_rover/install/rover_gazebo/share/rover_gazebo/launch/gazebo.launch.py
[0.068s] -- Up-to-date: /home/ubuntu/ros2_rover/install/rover_gazebo/share/rover_gazebo/launch/include
[0.068s] -- Up-to-date: /home/ubuntu/ros2_rover/install/rover_gazebo/share/rover_gazebo/launch/include/spawn.launch.py
[0.068s] -- Up-to-date: /home/ubuntu/ros2_rover/install/rover_gazebo/share/rover_gazebo/launch/include/cmd_vel.launch.py
[0.068s] -- Up-to-date: /home/ubuntu/ros2_rover/install/rover_gazebo/share/rover_gazebo/launch/mars.launch.py
[0.069s] -- Up-to-date: /home/ubuntu/ros2_rover/install/rover_gazebo/share/rover_gazebo/worlds
[0.069s] -- Up-to-date: /home/ubuntu/ros2_rover/install/rover_gazebo/share/rover_gazebo/worlds/mars.world
[0.069s] -- Up-to-date: /home/ubuntu/ros2_rover/install/rover_gazebo/share/rover_gazebo/models
[0.069s] -- Up-to-date: /home/ubuntu/ros2_rover/install/rover_gazebo/share/rover_gazebo/models/rock9
[0.069s] -- Up-to-date: /home/ubuntu/ros2_rover/install/rover_gazebo/share/rover_gazebo/models/rock9/model.sdf
[0.069s] -- Up-to-date: /home/ubuntu/ros2_rover/install/rover_gazebo/share/rover_gazebo/models/rock9/meshes
[0.069s] -- Up-to-date: /home/ubuntu/ros2_rover/install/rover_gazebo/share/rover_gazebo/models/rock9/meshes/rock9.stl
[0.069s] -- Up-to-date: /home/ubuntu/ros2_rover/install/rover_gazebo/share/rover_gazebo/models/rock9/meshes/texture.jpg
[0.069s] -- Up-to-date: /home/ubuntu/ros2_rover/install/rover_gazebo/share/rover_gazebo/models/rock9/meshes/rock9.dae
[0.069s] -- Up-to-date: /home/ubuntu/ros2_rover/install/rover_gazebo/share/rover_gazebo/models/rock9/model.config
[0.069s] -- Up-to-date: /home/ubuntu/ros2_rover/install/rover_gazebo/share/rover_gazebo/models/jaggedrock
[0.069s] -- Up-to-date: /home/ubuntu/ros2_rover/install/rover_gazebo/share/rover_gazebo/models/jaggedrock/model.sdf
[0.069s] -- Up-to-date: /home/ubuntu/ros2_rover/install/rover_gazebo/share/rover_gazebo/models/jaggedrock/meshes
[0.069s] -- Up-to-date: /home/ubuntu/ros2_rover/install/rover_gazebo/share/rover_gazebo/models/jaggedrock/meshes/basecolor.jpg
[0.069s] -- Up-to-date: /home/ubuntu/ros2_rover/install/rover_gazebo/share/rover_gazebo/models/jaggedrock/meshes/jaggedrock_texture.dae
[0.069s] -- Up-to-date: /home/ubuntu/ros2_rover/install/rover_gazebo/share/rover_gazebo/models/jaggedrock/meshes/bumpy.jpg
[0.069s] -- Up-to-date: /home/ubuntu/ros2_rover/install/rover_gazebo/share/rover_gazebo/models/jaggedrock/model.config
[0.070s] -- Up-to-date: /home/ubuntu/ros2_rover/install/rover_gazebo/share/rover_gazebo/models/rockformation
[0.070s] -- Up-to-date: /home/ubuntu/ros2_rover/install/rover_gazebo/share/rover_gazebo/models/rockformation/model.sdf
[0.070s] -- Up-to-date: /home/ubuntu/ros2_rover/install/rover_gazebo/share/rover_gazebo/models/rockformation/meshes
[0.070s] -- Up-to-date: /home/ubuntu/ros2_rover/install/rover_gazebo/share/rover_gazebo/models/rockformation/meshes/SMALL_RED_BaseColor.png
[0.071s] -- Up-to-date: /home/ubuntu/ros2_rover/install/rover_gazebo/share/rover_gazebo/models/rockformation/meshes/rockformation.dae
[0.071s] -- Up-to-date: /home/ubuntu/ros2_rover/install/rover_gazebo/share/rover_gazebo/models/rockformation/model.config
[0.071s] -- Up-to-date: /home/ubuntu/ros2_rover/install/rover_gazebo/share/rover_gazebo/models/mars_terrain
[0.071s] -- Up-to-date: /home/ubuntu/ros2_rover/install/rover_gazebo/share/rover_gazebo/models/mars_terrain/model.sdf
[0.071s] -- Up-to-date: /home/ubuntu/ros2_rover/install/rover_gazebo/share/rover_gazebo/models/mars_terrain/meshes
[0.071s] -- Up-to-date: /home/ubuntu/ros2_rover/install/rover_gazebo/share/rover_gazebo/models/mars_terrain/meshes/mars_texture.jpg
[0.071s] -- Up-to-date: /home/ubuntu/ros2_rover/install/rover_gazebo/share/rover_gazebo/models/mars_terrain/meshes/terrain.dae
[0.072s] -- Up-to-date: /home/ubuntu/ros2_rover/install/rover_gazebo/share/rover_gazebo/models/mars_terrain/meshes/terrain.stl
[0.072s] -- Up-to-date: /home/ubuntu/ros2_rover/install/rover_gazebo/share/rover_gazebo/models/mars_terrain/meshes/terrain_textured.dae
[0.072s] -- Up-to-date: /home/ubuntu/ros2_rover/install/rover_gazebo/share/rover_gazebo/models/mars_terrain/meshes/mars_texture_lq.jpg
[0.073s] -- Up-to-date: /home/ubuntu/ros2_rover/install/rover_gazebo/share/rover_gazebo/models/mars_terrain/meshes/reddish-sand.jpg
[0.073s] -- Up-to-date: /home/ubuntu/ros2_rover/install/rover_gazebo/share/rover_gazebo/models/mars_terrain/model.config
[0.073s] -- Up-to-date: /home/ubuntu/ros2_rover/install/rover_gazebo/share/rover_gazebo/models/curiosity_path
[0.073s] -- Up-to-date: /home/ubuntu/ros2_rover/install/rover_gazebo/share/rover_gazebo/models/curiosity_path/model.sdf
[0.073s] -- Up-to-date: /home/ubuntu/ros2_rover/install/rover_gazebo/share/rover_gazebo/models/curiosity_path/meshes
[0.073s] -- Up-to-date: /home/ubuntu/ros2_rover/install/rover_gazebo/share/rover_gazebo/models/curiosity_path/meshes/mars_texture_lq.jpg
[0.073s] -- Up-to-date: /home/ubuntu/ros2_rover/install/rover_gazebo/share/rover_gazebo/models/curiosity_path/meshes/curiosity_path25k.stl
[0.073s] -- Up-to-date: /home/ubuntu/ros2_rover/install/rover_gazebo/share/rover_gazebo/models/curiosity_path/meshes/curiosity_path25k.dae
[0.074s] -- Up-to-date: /home/ubuntu/ros2_rover/install/rover_gazebo/share/rover_gazebo/models/curiosity_path/model.config
[0.074s] -- Up-to-date: /home/ubuntu/ros2_rover/install/rover_gazebo/share/rover_gazebo/models/crater
[0.074s] -- Up-to-date: /home/ubuntu/ros2_rover/install/rover_gazebo/share/rover_gazebo/models/crater/model.sdf
[0.074s] -- Up-to-date: /home/ubuntu/ros2_rover/install/rover_gazebo/share/rover_gazebo/models/crater/meshes
[0.074s] -- Up-to-date: /home/ubuntu/ros2_rover/install/rover_gazebo/share/rover_gazebo/models/crater/meshes/crater4k.stl
[0.074s] -- Up-to-date: /home/ubuntu/ros2_rover/install/rover_gazebo/share/rover_gazebo/models/crater/meshes/crater_martian_red.dae
[0.074s] -- Up-to-date: /home/ubuntu/ros2_rover/install/rover_gazebo/share/rover_gazebo/models/crater/model.config
[0.074s] -- Up-to-date: /home/ubuntu/ros2_rover/install/rover_gazebo/share/rover_gazebo/models/terrain
[0.074s] -- Up-to-date: /home/ubuntu/ros2_rover/install/rover_gazebo/share/rover_gazebo/models/terrain/model.sdf
[0.074s] -- Up-to-date: /home/ubuntu/ros2_rover/install/rover_gazebo/share/rover_gazebo/models/terrain/model.config
[0.074s] -- Up-to-date: /home/ubuntu/ros2_rover/install/rover_gazebo/share/rover_gazebo/models/terrain/materials
[0.074s] -- Up-to-date: /home/ubuntu/ros2_rover/install/rover_gazebo/share/rover_gazebo/models/terrain/materials/textures
[0.074s] -- Up-to-date: /home/ubuntu/ros2_rover/install/rover_gazebo/share/rover_gazebo/models/terrain/materials/textures/terrain.png
[0.074s] -- Up-to-date: /home/ubuntu/ros2_rover/install/rover_gazebo/share/rover_gazebo/models/terrain/materials/textures/terrain.xcf
[0.074s] -- Up-to-date: /home/ubuntu/ros2_rover/install/rover_gazebo/share/rover_gazebo/rviz
[0.075s] -- Up-to-date: /home/ubuntu/ros2_rover/install/rover_gazebo/share/rover_gazebo/rviz/default.rviz
[0.075s] -- Up-to-date: /home/ubuntu/ros2_rover/install/rover_gazebo/share/rover_gazebo/config
[0.075s] -- Up-to-date: /home/ubuntu/ros2_rover/install/rover_gazebo/share/rover_gazebo/config/gz_bridge.yaml
[0.075s] -- Up-to-date: /home/ubuntu/ros2_rover/install/rover_gazebo/share/rover_gazebo/config/odometry.yaml
[0.075s] -- Up-to-date: /home/ubuntu/ros2_rover/install/rover_gazebo/share/rover_gazebo/environment/gz_sim_resource_path.sh
[0.075s] -- Up-to-date: /home/ubuntu/ros2_rover/install/rover_gazebo/share/rover_gazebo/environment/gz_sim_resource_path.dsv
[0.075s] -- Up-to-date: /home/ubuntu/ros2_rover/install/rover_gazebo/share/ament_index/resource_index/package_run_dependencies/rover_gazebo
[0.075s] -- Up-to-date: /home/ubuntu/ros2_rover/install/rover_gazebo/share/ament_index/resource_index/parent_prefix_path/rover_gazebo
[0.075s] -- Up-to-date: /home/ubuntu/ros2_rover/install/rover_gazebo/share/rover_gazebo/environment/ament_prefix_path.sh
[0.075s] -- Up-to-date: /home/ubuntu/ros2_rover/install/rover_gazebo/share/rover_gazebo/environment/ament_prefix_path.dsv
[0.076s] -- Up-to-date: /home/ubuntu/ros2_rover/install/rover_gazebo/share/rover_gazebo/environment/path.sh
[0.076s] -- Up-to-date: /home/ubuntu/ros2_rover/install/rover_gazebo/share/rover_gazebo/environment/path.dsv
[0.076s] -- Up-to-date: /home/ubuntu/ros2_rover/install/rover_gazebo/share/rover_gazebo/local_setup.bash
[0.076s] -- Up-to-date: /home/ubuntu/ros2_rover/install/rover_gazebo/share/rover_gazebo/local_setup.sh
[0.076s] -- Up-to-date: /home/ubuntu/ros2_rover/install/rover_gazebo/share/rover_gazebo/local_setup.zsh
[0.076s] -- Up-to-date: /home/ubuntu/ros2_rover/install/rover_gazebo/share/rover_gazebo/local_setup.dsv
[0.076s] -- Installing: /home/ubuntu/ros2_rover/install/rover_gazebo/share/rover_gazebo/package.dsv
[0.079s] -- Up-to-date: /home/ubuntu/ros2_rover/install/rover_gazebo/share/ament_index/resource_index/packages/rover_gazebo
[0.080s] -- Up-to-date: /home/ubuntu/ros2_rover/install/rover_gazebo/share/rover_gazebo/cmake/rover_gazeboConfig.cmake
[0.080s] -- Up-to-date: /home/ubuntu/ros2_rover/install/rover_gazebo/share/rover_gazebo/cmake/rover_gazeboConfig-version.cmake
[0.080s] -- Up-to-date: /home/ubuntu/ros2_rover/install/rover_gazebo/share/rover_gazebo/package.xml
[0.083s] Invoked command in '/home/ubuntu/ros2_rover/build/rover_gazebo' returned '0': CMAKE_PREFIX_PATH=/home/ubuntu/ros2_rover/install/rover_motor_controller_cpp:/home/ubuntu/ros2_rover/install/rover_msgs:/home/ubuntu/ros2_rover/install/rover_description:/home/ubuntu/ros2_rover/install/rover_navigation:/home/ubuntu/ros2_rover/install/rover_gazebo:/home/ubuntu/ros2_rover/install/rover_localization:/opt/ros/jazzy/opt/gz_sim_vendor:/opt/ros/jazzy/opt/gz_sensors_vendor:/opt/ros/jazzy/opt/gz_physics_vendor:/opt/ros/jazzy/opt/sdformat_vendor:/opt/ros/jazzy/opt/gz_gui_vendor:/opt/ros/jazzy/opt/gz_transport_vendor:/opt/ros/jazzy/opt/gz_rendering_vendor:/opt/ros/jazzy/opt/gz_plugin_vendor:/opt/ros/jazzy/opt/gz_fuel_tools_vendor:/opt/ros/jazzy/opt/gz_msgs_vendor:/opt/ros/jazzy/opt/gz_common_vendor:/opt/ros/jazzy/opt/gz_math_vendor:/opt/ros/jazzy/opt/gz_utils_vendor:/opt/ros/jazzy/opt/gz_tools_vendor:/opt/ros/jazzy/opt/gz_ogre_next_vendor:/opt/ros/jazzy/opt/gz_dartsim_vendor:/opt/ros/jazzy/opt/gz_cmake_vendor:/home/ubuntu/ros2_rover/install/rover_teleop:/home/ubuntu/ros2_rover/install/rover_motor_controller:/opt/ros/jazzy PYTHONPATH=/home/ubuntu/ros2_rover/install/rover_msgs/lib/python3.12/site-packages:/home/ubuntu/ros2_rover/install/rover_teleop/lib/python3.12/site-packages:/home/ubuntu/ros2_rover/install/rover_motor_controller/lib/python3.12/site-packages:/opt/ros/jazzy/lib/python3.12/site-packages /usr/bin/cmake --install /home/ubuntu/ros2_rover/build/rover_gazebo
