[0.057s] DEBUG:colcon:Command line arguments: ['/usr/bin/colcon', 'build']
[0.058s] DEBUG:colcon:Parsed command line arguments: Namespace(log_base=None, log_level=None, verb_name='build', build_base='build', install_base='install', merge_install=False, symlink_install=False, test_result_base=None, continue_on_error=False, executor='parallel', parallel_workers=10, event_handlers=None, ignore_user_meta=False, metas=['./colcon.meta'], base_paths=['.'], packages_ignore=None, packages_ignore_regex=None, paths=None, packages_up_to=None, packages_up_to_regex=None, packages_above=None, packages_above_and_dependencies=None, packages_above_depth=None, packages_select_by_dep=None, packages_skip_by_dep=None, packages_skip_up_to=None, packages_select_build_failed=False, packages_skip_build_finished=False, packages_select_test_failures=False, packages_skip_test_passed=False, packages_select=None, packages_skip=None, packages_select_regex=None, packages_skip_regex=None, packages_start=None, packages_end=None, allow_overriding=[], cmake_args=None, cmake_target=None, cmake_target_skip_unavailable=False, cmake_clean_cache=False, cmake_clean_first=False, cmake_force_configure=False, ament_cmake_args=None, catkin_cmake_args=None, catkin_skip_building_tests=False, verb_parser=<colcon_defaults.argument_parser.defaults.DefaultArgumentsDecorator object at 0xffffa47e9610>, verb_extension=<colcon_core.verb.build.BuildVerb object at 0xffffa47e9430>, main=<bound method BuildVerb.main of <colcon_core.verb.build.BuildVerb object at 0xffffa47e9430>>)
[0.074s] Level 1:colcon.colcon_core.package_discovery:discover_packages(colcon_meta) check parameters
[0.074s] Level 1:colcon.colcon_core.package_discovery:discover_packages(recursive) check parameters
[0.074s] Level 1:colcon.colcon_core.package_discovery:discover_packages(ignore) check parameters
[0.074s] Level 1:colcon.colcon_core.package_discovery:discover_packages(path) check parameters
[0.074s] Level 1:colcon.colcon_core.package_discovery:discover_packages(colcon_meta) discover
[0.074s] Level 1:colcon.colcon_core.package_discovery:discover_packages(recursive) discover
[0.074s] INFO:colcon.colcon_core.package_discovery:Crawling recursively for packages in '/home/ubuntu/ros2_rover'
[0.074s] Level 1:colcon.colcon_core.package_identification:_identify(.) by extensions ['ignore', 'ignore_ament_install']
[0.074s] Level 1:colcon.colcon_core.package_identification:_identify(.) by extension 'ignore'
[0.074s] Level 1:colcon.colcon_core.package_identification:_identify(.) by extension 'ignore_ament_install'
[0.074s] Level 1:colcon.colcon_core.package_identification:_identify(.) by extensions ['colcon_pkg']
[0.074s] Level 1:colcon.colcon_core.package_identification:_identify(.) by extension 'colcon_pkg'
[0.074s] Level 1:colcon.colcon_core.package_identification:_identify(.) by extensions ['colcon_meta']
[0.074s] Level 1:colcon.colcon_core.package_identification:_identify(.) by extension 'colcon_meta'
[0.074s] Level 1:colcon.colcon_core.package_identification:_identify(.) by extensions ['ros']
[0.074s] Level 1:colcon.colcon_core.package_identification:_identify(.) by extension 'ros'
[0.086s] Level 1:colcon.colcon_core.package_identification:_identify(.) by extensions ['cmake', 'python']
[0.086s] Level 1:colcon.colcon_core.package_identification:_identify(.) by extension 'cmake'
[0.086s] Level 1:colcon.colcon_core.package_identification:_identify(.) by extension 'python'
[0.086s] Level 1:colcon.colcon_core.package_identification:_identify(.) by extensions ['python_setup_py']
[0.086s] Level 1:colcon.colcon_core.package_identification:_identify(.) by extension 'python_setup_py'
[0.086s] Level 1:colcon.colcon_core.package_identification:_identify(build) by extensions ['ignore', 'ignore_ament_install']
[0.086s] Level 1:colcon.colcon_core.package_identification:_identify(build) by extension 'ignore'
[0.086s] Level 1:colcon.colcon_core.package_identification:_identify(build) ignored
[0.086s] Level 1:colcon.colcon_core.package_identification:_identify(install) by extensions ['ignore', 'ignore_ament_install']
[0.086s] Level 1:colcon.colcon_core.package_identification:_identify(install) by extension 'ignore'
[0.086s] Level 1:colcon.colcon_core.package_identification:_identify(install) ignored
[0.086s] Level 1:colcon.colcon_core.package_identification:_identify(log) by extensions ['ignore', 'ignore_ament_install']
[0.086s] Level 1:colcon.colcon_core.package_identification:_identify(log) by extension 'ignore'
[0.086s] Level 1:colcon.colcon_core.package_identification:_identify(log) ignored
[0.086s] Level 1:colcon.colcon_core.package_identification:_identify(src) by extensions ['ignore', 'ignore_ament_install']
[0.086s] Level 1:colcon.colcon_core.package_identification:_identify(src) by extension 'ignore'
[0.086s] Level 1:colcon.colcon_core.package_identification:_identify(src) by extension 'ignore_ament_install'
[0.086s] Level 1:colcon.colcon_core.package_identification:_identify(src) by extensions ['colcon_pkg']
[0.086s] Level 1:colcon.colcon_core.package_identification:_identify(src) by extension 'colcon_pkg'
[0.086s] Level 1:colcon.colcon_core.package_identification:_identify(src) by extensions ['colcon_meta']
[0.086s] Level 1:colcon.colcon_core.package_identification:_identify(src) by extension 'colcon_meta'
[0.086s] Level 1:colcon.colcon_core.package_identification:_identify(src) by extensions ['ros']
[0.086s] Level 1:colcon.colcon_core.package_identification:_identify(src) by extension 'ros'
[0.086s] Level 1:colcon.colcon_core.package_identification:_identify(src) by extensions ['cmake', 'python']
[0.086s] Level 1:colcon.colcon_core.package_identification:_identify(src) by extension 'cmake'
[0.086s] Level 1:colcon.colcon_core.package_identification:_identify(src) by extension 'python'
[0.086s] Level 1:colcon.colcon_core.package_identification:_identify(src) by extensions ['python_setup_py']
[0.086s] Level 1:colcon.colcon_core.package_identification:_identify(src) by extension 'python_setup_py'
[0.086s] Level 1:colcon.colcon_core.package_identification:_identify(src/rover_description) by extensions ['ignore', 'ignore_ament_install']
[0.086s] Level 1:colcon.colcon_core.package_identification:_identify(src/rover_description) by extension 'ignore'
[0.086s] Level 1:colcon.colcon_core.package_identification:_identify(src/rover_description) by extension 'ignore_ament_install'
[0.086s] Level 1:colcon.colcon_core.package_identification:_identify(src/rover_description) by extensions ['colcon_pkg']
[0.086s] Level 1:colcon.colcon_core.package_identification:_identify(src/rover_description) by extension 'colcon_pkg'
[0.086s] Level 1:colcon.colcon_core.package_identification:_identify(src/rover_description) by extensions ['colcon_meta']
[0.086s] Level 1:colcon.colcon_core.package_identification:_identify(src/rover_description) by extension 'colcon_meta'
[0.086s] Level 1:colcon.colcon_core.package_identification:_identify(src/rover_description) by extensions ['ros']
[0.086s] Level 1:colcon.colcon_core.package_identification:_identify(src/rover_description) by extension 'ros'
[0.087s] DEBUG:colcon.colcon_core.package_identification:Package 'src/rover_description' with type 'ros.ament_cmake' and name 'rover_description'
[0.087s] Level 1:colcon.colcon_core.package_identification:_identify(src/rover_gazebo) by extensions ['ignore', 'ignore_ament_install']
[0.087s] Level 1:colcon.colcon_core.package_identification:_identify(src/rover_gazebo) by extension 'ignore'
[0.088s] Level 1:colcon.colcon_core.package_identification:_identify(src/rover_gazebo) by extension 'ignore_ament_install'
[0.088s] Level 1:colcon.colcon_core.package_identification:_identify(src/rover_gazebo) by extensions ['colcon_pkg']
[0.088s] Level 1:colcon.colcon_core.package_identification:_identify(src/rover_gazebo) by extension 'colcon_pkg'
[0.088s] Level 1:colcon.colcon_core.package_identification:_identify(src/rover_gazebo) by extensions ['colcon_meta']
[0.088s] Level 1:colcon.colcon_core.package_identification:_identify(src/rover_gazebo) by extension 'colcon_meta'
[0.088s] Level 1:colcon.colcon_core.package_identification:_identify(src/rover_gazebo) by extensions ['ros']
[0.088s] Level 1:colcon.colcon_core.package_identification:_identify(src/rover_gazebo) by extension 'ros'
[0.088s] DEBUG:colcon.colcon_core.package_identification:Package 'src/rover_gazebo' with type 'ros.ament_cmake' and name 'rover_gazebo'
[0.088s] Level 1:colcon.colcon_core.package_identification:_identify(src/rover_localization) by extensions ['ignore', 'ignore_ament_install']
[0.088s] Level 1:colcon.colcon_core.package_identification:_identify(src/rover_localization) by extension 'ignore'
[0.088s] Level 1:colcon.colcon_core.package_identification:_identify(src/rover_localization) by extension 'ignore_ament_install'
[0.088s] Level 1:colcon.colcon_core.package_identification:_identify(src/rover_localization) by extensions ['colcon_pkg']
[0.088s] Level 1:colcon.colcon_core.package_identification:_identify(src/rover_localization) by extension 'colcon_pkg'
[0.088s] Level 1:colcon.colcon_core.package_identification:_identify(src/rover_localization) by extensions ['colcon_meta']
[0.088s] Level 1:colcon.colcon_core.package_identification:_identify(src/rover_localization) by extension 'colcon_meta'
[0.088s] Level 1:colcon.colcon_core.package_identification:_identify(src/rover_localization) by extensions ['ros']
[0.088s] Level 1:colcon.colcon_core.package_identification:_identify(src/rover_localization) by extension 'ros'
[0.088s] DEBUG:colcon.colcon_core.package_identification:Package 'src/rover_localization' with type 'ros.ament_cmake' and name 'rover_localization'
[0.088s] Level 1:colcon.colcon_core.package_identification:_identify(src/rover_motor_controller) by extensions ['ignore', 'ignore_ament_install']
[0.088s] Level 1:colcon.colcon_core.package_identification:_identify(src/rover_motor_controller) by extension 'ignore'
[0.088s] Level 1:colcon.colcon_core.package_identification:_identify(src/rover_motor_controller) by extension 'ignore_ament_install'
[0.089s] Level 1:colcon.colcon_core.package_identification:_identify(src/rover_motor_controller) by extensions ['colcon_pkg']
[0.089s] Level 1:colcon.colcon_core.package_identification:_identify(src/rover_motor_controller) by extension 'colcon_pkg'
[0.089s] Level 1:colcon.colcon_core.package_identification:_identify(src/rover_motor_controller) by extensions ['colcon_meta']
[0.089s] Level 1:colcon.colcon_core.package_identification:_identify(src/rover_motor_controller) by extension 'colcon_meta'
[0.089s] Level 1:colcon.colcon_core.package_identification:_identify(src/rover_motor_controller) by extensions ['ros']
[0.089s] Level 1:colcon.colcon_core.package_identification:_identify(src/rover_motor_controller) by extension 'ros'
[0.089s] DEBUG:colcon.colcon_core.package_identification:Package 'src/rover_motor_controller' with type 'ros.ament_python' and name 'rover_motor_controller'
[0.089s] Level 1:colcon.colcon_core.package_identification:_identify(src/rover_motor_controller_cpp) by extensions ['ignore', 'ignore_ament_install']
[0.089s] Level 1:colcon.colcon_core.package_identification:_identify(src/rover_motor_controller_cpp) by extension 'ignore'
[0.089s] Level 1:colcon.colcon_core.package_identification:_identify(src/rover_motor_controller_cpp) by extension 'ignore_ament_install'
[0.089s] Level 1:colcon.colcon_core.package_identification:_identify(src/rover_motor_controller_cpp) by extensions ['colcon_pkg']
[0.089s] Level 1:colcon.colcon_core.package_identification:_identify(src/rover_motor_controller_cpp) by extension 'colcon_pkg'
[0.089s] Level 1:colcon.colcon_core.package_identification:_identify(src/rover_motor_controller_cpp) by extensions ['colcon_meta']
[0.089s] Level 1:colcon.colcon_core.package_identification:_identify(src/rover_motor_controller_cpp) by extension 'colcon_meta'
[0.089s] Level 1:colcon.colcon_core.package_identification:_identify(src/rover_motor_controller_cpp) by extensions ['ros']
[0.089s] Level 1:colcon.colcon_core.package_identification:_identify(src/rover_motor_controller_cpp) by extension 'ros'
[0.089s] DEBUG:colcon.colcon_core.package_identification:Package 'src/rover_motor_controller_cpp' with type 'ros.ament_cmake' and name 'rover_motor_controller_cpp'
[0.089s] Level 1:colcon.colcon_core.package_identification:_identify(src/rover_msgs) by extensions ['ignore', 'ignore_ament_install']
[0.089s] Level 1:colcon.colcon_core.package_identification:_identify(src/rover_msgs) by extension 'ignore'
[0.089s] Level 1:colcon.colcon_core.package_identification:_identify(src/rover_msgs) by extension 'ignore_ament_install'
[0.089s] Level 1:colcon.colcon_core.package_identification:_identify(src/rover_msgs) by extensions ['colcon_pkg']
[0.089s] Level 1:colcon.colcon_core.package_identification:_identify(src/rover_msgs) by extension 'colcon_pkg'
[0.089s] Level 1:colcon.colcon_core.package_identification:_identify(src/rover_msgs) by extensions ['colcon_meta']
[0.089s] Level 1:colcon.colcon_core.package_identification:_identify(src/rover_msgs) by extension 'colcon_meta'
[0.089s] Level 1:colcon.colcon_core.package_identification:_identify(src/rover_msgs) by extensions ['ros']
[0.089s] Level 1:colcon.colcon_core.package_identification:_identify(src/rover_msgs) by extension 'ros'
[0.090s] DEBUG:colcon.colcon_core.package_identification:Package 'src/rover_msgs' with type 'ros.ament_cmake' and name 'rover_msgs'
[0.090s] Level 1:colcon.colcon_core.package_identification:_identify(src/rover_navigation) by extensions ['ignore', 'ignore_ament_install']
[0.090s] Level 1:colcon.colcon_core.package_identification:_identify(src/rover_navigation) by extension 'ignore'
[0.090s] Level 1:colcon.colcon_core.package_identification:_identify(src/rover_navigation) by extension 'ignore_ament_install'
[0.090s] Level 1:colcon.colcon_core.package_identification:_identify(src/rover_navigation) by extensions ['colcon_pkg']
[0.090s] Level 1:colcon.colcon_core.package_identification:_identify(src/rover_navigation) by extension 'colcon_pkg'
[0.090s] Level 1:colcon.colcon_core.package_identification:_identify(src/rover_navigation) by extensions ['colcon_meta']
[0.090s] Level 1:colcon.colcon_core.package_identification:_identify(src/rover_navigation) by extension 'colcon_meta'
[0.090s] Level 1:colcon.colcon_core.package_identification:_identify(src/rover_navigation) by extensions ['ros']
[0.090s] Level 1:colcon.colcon_core.package_identification:_identify(src/rover_navigation) by extension 'ros'
[0.090s] DEBUG:colcon.colcon_core.package_identification:Package 'src/rover_navigation' with type 'ros.ament_cmake' and name 'rover_navigation'
[0.090s] Level 1:colcon.colcon_core.package_identification:_identify(src/rover_service) by extensions ['ignore', 'ignore_ament_install']
[0.090s] Level 1:colcon.colcon_core.package_identification:_identify(src/rover_service) by extension 'ignore'
[0.090s] Level 1:colcon.colcon_core.package_identification:_identify(src/rover_service) by extension 'ignore_ament_install'
[0.090s] Level 1:colcon.colcon_core.package_identification:_identify(src/rover_service) by extensions ['colcon_pkg']
[0.090s] Level 1:colcon.colcon_core.package_identification:_identify(src/rover_service) by extension 'colcon_pkg'
[0.090s] Level 1:colcon.colcon_core.package_identification:_identify(src/rover_service) by extensions ['colcon_meta']
[0.090s] Level 1:colcon.colcon_core.package_identification:_identify(src/rover_service) by extension 'colcon_meta'
[0.090s] Level 1:colcon.colcon_core.package_identification:_identify(src/rover_service) by extensions ['ros']
[0.090s] Level 1:colcon.colcon_core.package_identification:_identify(src/rover_service) by extension 'ros'
[0.090s] Level 1:colcon.colcon_core.package_identification:_identify(src/rover_service) by extensions ['cmake', 'python']
[0.090s] Level 1:colcon.colcon_core.package_identification:_identify(src/rover_service) by extension 'cmake'
[0.090s] Level 1:colcon.colcon_core.package_identification:_identify(src/rover_service) by extension 'python'
[0.090s] Level 1:colcon.colcon_core.package_identification:_identify(src/rover_service) by extensions ['python_setup_py']
[0.090s] Level 1:colcon.colcon_core.package_identification:_identify(src/rover_service) by extension 'python_setup_py'
[0.090s] Level 1:colcon.colcon_core.package_identification:_identify(src/rover_teleop) by extensions ['ignore', 'ignore_ament_install']
[0.090s] Level 1:colcon.colcon_core.package_identification:_identify(src/rover_teleop) by extension 'ignore'
[0.090s] Level 1:colcon.colcon_core.package_identification:_identify(src/rover_teleop) by extension 'ignore_ament_install'
[0.090s] Level 1:colcon.colcon_core.package_identification:_identify(src/rover_teleop) by extensions ['colcon_pkg']
[0.090s] Level 1:colcon.colcon_core.package_identification:_identify(src/rover_teleop) by extension 'colcon_pkg'
[0.090s] Level 1:colcon.colcon_core.package_identification:_identify(src/rover_teleop) by extensions ['colcon_meta']
[0.090s] Level 1:colcon.colcon_core.package_identification:_identify(src/rover_teleop) by extension 'colcon_meta'
[0.090s] Level 1:colcon.colcon_core.package_identification:_identify(src/rover_teleop) by extensions ['ros']
[0.090s] Level 1:colcon.colcon_core.package_identification:_identify(src/rover_teleop) by extension 'ros'
[0.091s] DEBUG:colcon.colcon_core.package_identification:Package 'src/rover_teleop' with type 'ros.ament_python' and name 'rover_teleop'
[0.091s] Level 1:colcon.colcon_core.package_discovery:discover_packages(recursive) using defaults
[0.091s] Level 1:colcon.colcon_core.package_discovery:discover_packages(ignore) discover
[0.091s] Level 1:colcon.colcon_core.package_discovery:discover_packages(ignore) using defaults
[0.091s] Level 1:colcon.colcon_core.package_discovery:discover_packages(path) discover
[0.091s] Level 1:colcon.colcon_core.package_discovery:discover_packages(path) using defaults
[0.100s] Level 1:colcon.colcon_core.package_discovery:discover_packages(prefix_path) check parameters
[0.100s] Level 1:colcon.colcon_core.package_discovery:discover_packages(prefix_path) discover
[0.102s] DEBUG:colcon.colcon_installed_package_information.package_discovery:Found 514 installed packages in /opt/ros/jazzy
[0.103s] Level 1:colcon.colcon_core.package_discovery:discover_packages(prefix_path) using defaults
[0.138s] Level 5:colcon.colcon_core.verb:set package 'rover_description' build argument 'cmake_args' from command line to 'None'
[0.138s] Level 5:colcon.colcon_core.verb:set package 'rover_description' build argument 'cmake_target' from command line to 'None'
[0.138s] Level 5:colcon.colcon_core.verb:set package 'rover_description' build argument 'cmake_target_skip_unavailable' from command line to 'False'
[0.138s] Level 5:colcon.colcon_core.verb:set package 'rover_description' build argument 'cmake_clean_cache' from command line to 'False'
[0.138s] Level 5:colcon.colcon_core.verb:set package 'rover_description' build argument 'cmake_clean_first' from command line to 'False'
[0.138s] Level 5:colcon.colcon_core.verb:set package 'rover_description' build argument 'cmake_force_configure' from command line to 'False'
[0.138s] Level 5:colcon.colcon_core.verb:set package 'rover_description' build argument 'ament_cmake_args' from command line to 'None'
[0.138s] Level 5:colcon.colcon_core.verb:set package 'rover_description' build argument 'catkin_cmake_args' from command line to 'None'
[0.138s] Level 5:colcon.colcon_core.verb:set package 'rover_description' build argument 'catkin_skip_building_tests' from command line to 'False'
[0.138s] DEBUG:colcon.colcon_core.verb:Building package 'rover_description' with the following arguments: {'ament_cmake_args': None, 'build_base': '/home/ubuntu/ros2_rover/build/rover_description', 'catkin_cmake_args': None, 'catkin_skip_building_tests': False, 'cmake_args': None, 'cmake_clean_cache': False, 'cmake_clean_first': False, 'cmake_force_configure': False, 'cmake_target': None, 'cmake_target_skip_unavailable': False, 'install_base': '/home/ubuntu/ros2_rover/install/rover_description', 'merge_install': False, 'path': '/home/ubuntu/ros2_rover/src/rover_description', 'symlink_install': False, 'test_result_base': None}
[0.138s] Level 5:colcon.colcon_core.verb:set package 'rover_localization' build argument 'cmake_args' from command line to 'None'
[0.138s] Level 5:colcon.colcon_core.verb:set package 'rover_localization' build argument 'cmake_target' from command line to 'None'
[0.138s] Level 5:colcon.colcon_core.verb:set package 'rover_localization' build argument 'cmake_target_skip_unavailable' from command line to 'False'
[0.138s] Level 5:colcon.colcon_core.verb:set package 'rover_localization' build argument 'cmake_clean_cache' from command line to 'False'
[0.138s] Level 5:colcon.colcon_core.verb:set package 'rover_localization' build argument 'cmake_clean_first' from command line to 'False'
[0.138s] Level 5:colcon.colcon_core.verb:set package 'rover_localization' build argument 'cmake_force_configure' from command line to 'False'
[0.138s] Level 5:colcon.colcon_core.verb:set package 'rover_localization' build argument 'ament_cmake_args' from command line to 'None'
[0.138s] Level 5:colcon.colcon_core.verb:set package 'rover_localization' build argument 'catkin_cmake_args' from command line to 'None'
[0.138s] Level 5:colcon.colcon_core.verb:set package 'rover_localization' build argument 'catkin_skip_building_tests' from command line to 'False'
[0.138s] DEBUG:colcon.colcon_core.verb:Building package 'rover_localization' with the following arguments: {'ament_cmake_args': None, 'build_base': '/home/ubuntu/ros2_rover/build/rover_localization', 'catkin_cmake_args': None, 'catkin_skip_building_tests': False, 'cmake_args': None, 'cmake_clean_cache': False, 'cmake_clean_first': False, 'cmake_force_configure': False, 'cmake_target': None, 'cmake_target_skip_unavailable': False, 'install_base': '/home/ubuntu/ros2_rover/install/rover_localization', 'merge_install': False, 'path': '/home/ubuntu/ros2_rover/src/rover_localization', 'symlink_install': False, 'test_result_base': None}
[0.138s] Level 5:colcon.colcon_core.verb:set package 'rover_msgs' build argument 'cmake_args' from command line to 'None'
[0.138s] Level 5:colcon.colcon_core.verb:set package 'rover_msgs' build argument 'cmake_target' from command line to 'None'
[0.138s] Level 5:colcon.colcon_core.verb:set package 'rover_msgs' build argument 'cmake_target_skip_unavailable' from command line to 'False'
[0.138s] Level 5:colcon.colcon_core.verb:set package 'rover_msgs' build argument 'cmake_clean_cache' from command line to 'False'
[0.138s] Level 5:colcon.colcon_core.verb:set package 'rover_msgs' build argument 'cmake_clean_first' from command line to 'False'
[0.138s] Level 5:colcon.colcon_core.verb:set package 'rover_msgs' build argument 'cmake_force_configure' from command line to 'False'
[0.138s] Level 5:colcon.colcon_core.verb:set package 'rover_msgs' build argument 'ament_cmake_args' from command line to 'None'
[0.138s] Level 5:colcon.colcon_core.verb:set package 'rover_msgs' build argument 'catkin_cmake_args' from command line to 'None'
[0.138s] Level 5:colcon.colcon_core.verb:set package 'rover_msgs' build argument 'catkin_skip_building_tests' from command line to 'False'
[0.138s] DEBUG:colcon.colcon_core.verb:Building package 'rover_msgs' with the following arguments: {'ament_cmake_args': None, 'build_base': '/home/ubuntu/ros2_rover/build/rover_msgs', 'catkin_cmake_args': None, 'catkin_skip_building_tests': False, 'cmake_args': None, 'cmake_clean_cache': False, 'cmake_clean_first': False, 'cmake_force_configure': False, 'cmake_target': None, 'cmake_target_skip_unavailable': False, 'install_base': '/home/ubuntu/ros2_rover/install/rover_msgs', 'merge_install': False, 'path': '/home/ubuntu/ros2_rover/src/rover_msgs', 'symlink_install': False, 'test_result_base': None}
[0.138s] Level 5:colcon.colcon_core.verb:set package 'rover_navigation' build argument 'cmake_args' from command line to 'None'
[0.138s] Level 5:colcon.colcon_core.verb:set package 'rover_navigation' build argument 'cmake_target' from command line to 'None'
[0.138s] Level 5:colcon.colcon_core.verb:set package 'rover_navigation' build argument 'cmake_target_skip_unavailable' from command line to 'False'
[0.138s] Level 5:colcon.colcon_core.verb:set package 'rover_navigation' build argument 'cmake_clean_cache' from command line to 'False'
[0.138s] Level 5:colcon.colcon_core.verb:set package 'rover_navigation' build argument 'cmake_clean_first' from command line to 'False'
[0.138s] Level 5:colcon.colcon_core.verb:set package 'rover_navigation' build argument 'cmake_force_configure' from command line to 'False'
[0.138s] Level 5:colcon.colcon_core.verb:set package 'rover_navigation' build argument 'ament_cmake_args' from command line to 'None'
[0.138s] Level 5:colcon.colcon_core.verb:set package 'rover_navigation' build argument 'catkin_cmake_args' from command line to 'None'
[0.138s] Level 5:colcon.colcon_core.verb:set package 'rover_navigation' build argument 'catkin_skip_building_tests' from command line to 'False'
[0.138s] DEBUG:colcon.colcon_core.verb:Building package 'rover_navigation' with the following arguments: {'ament_cmake_args': None, 'build_base': '/home/ubuntu/ros2_rover/build/rover_navigation', 'catkin_cmake_args': None, 'catkin_skip_building_tests': False, 'cmake_args': None, 'cmake_clean_cache': False, 'cmake_clean_first': False, 'cmake_force_configure': False, 'cmake_target': None, 'cmake_target_skip_unavailable': False, 'install_base': '/home/ubuntu/ros2_rover/install/rover_navigation', 'merge_install': False, 'path': '/home/ubuntu/ros2_rover/src/rover_navigation', 'symlink_install': False, 'test_result_base': None}
[0.138s] Level 5:colcon.colcon_core.verb:set package 'rover_teleop' build argument 'cmake_args' from command line to 'None'
[0.138s] Level 5:colcon.colcon_core.verb:set package 'rover_teleop' build argument 'cmake_target' from command line to 'None'
[0.138s] Level 5:colcon.colcon_core.verb:set package 'rover_teleop' build argument 'cmake_target_skip_unavailable' from command line to 'False'
[0.138s] Level 5:colcon.colcon_core.verb:set package 'rover_teleop' build argument 'cmake_clean_cache' from command line to 'False'
[0.138s] Level 5:colcon.colcon_core.verb:set package 'rover_teleop' build argument 'cmake_clean_first' from command line to 'False'
[0.138s] Level 5:colcon.colcon_core.verb:set package 'rover_teleop' build argument 'cmake_force_configure' from command line to 'False'
[0.138s] Level 5:colcon.colcon_core.verb:set package 'rover_teleop' build argument 'ament_cmake_args' from command line to 'None'
[0.138s] Level 5:colcon.colcon_core.verb:set package 'rover_teleop' build argument 'catkin_cmake_args' from command line to 'None'
[0.138s] Level 5:colcon.colcon_core.verb:set package 'rover_teleop' build argument 'catkin_skip_building_tests' from command line to 'False'
[0.138s] DEBUG:colcon.colcon_core.verb:Building package 'rover_teleop' with the following arguments: {'ament_cmake_args': None, 'build_base': '/home/ubuntu/ros2_rover/build/rover_teleop', 'catkin_cmake_args': None, 'catkin_skip_building_tests': False, 'cmake_args': None, 'cmake_clean_cache': False, 'cmake_clean_first': False, 'cmake_force_configure': False, 'cmake_target': None, 'cmake_target_skip_unavailable': False, 'install_base': '/home/ubuntu/ros2_rover/install/rover_teleop', 'merge_install': False, 'path': '/home/ubuntu/ros2_rover/src/rover_teleop', 'symlink_install': False, 'test_result_base': None}
[0.139s] Level 5:colcon.colcon_core.verb:set package 'rover_motor_controller' build argument 'cmake_args' from command line to 'None'
[0.139s] Level 5:colcon.colcon_core.verb:set package 'rover_motor_controller' build argument 'cmake_target' from command line to 'None'
[0.139s] Level 5:colcon.colcon_core.verb:set package 'rover_motor_controller' build argument 'cmake_target_skip_unavailable' from command line to 'False'
[0.139s] Level 5:colcon.colcon_core.verb:set package 'rover_motor_controller' build argument 'cmake_clean_cache' from command line to 'False'
[0.139s] Level 5:colcon.colcon_core.verb:set package 'rover_motor_controller' build argument 'cmake_clean_first' from command line to 'False'
[0.139s] Level 5:colcon.colcon_core.verb:set package 'rover_motor_controller' build argument 'cmake_force_configure' from command line to 'False'
[0.139s] Level 5:colcon.colcon_core.verb:set package 'rover_motor_controller' build argument 'ament_cmake_args' from command line to 'None'
[0.139s] Level 5:colcon.colcon_core.verb:set package 'rover_motor_controller' build argument 'catkin_cmake_args' from command line to 'None'
[0.139s] Level 5:colcon.colcon_core.verb:set package 'rover_motor_controller' build argument 'catkin_skip_building_tests' from command line to 'False'
[0.139s] DEBUG:colcon.colcon_core.verb:Building package 'rover_motor_controller' with the following arguments: {'ament_cmake_args': None, 'build_base': '/home/ubuntu/ros2_rover/build/rover_motor_controller', 'catkin_cmake_args': None, 'catkin_skip_building_tests': False, 'cmake_args': None, 'cmake_clean_cache': False, 'cmake_clean_first': False, 'cmake_force_configure': False, 'cmake_target': None, 'cmake_target_skip_unavailable': False, 'install_base': '/home/ubuntu/ros2_rover/install/rover_motor_controller', 'merge_install': False, 'path': '/home/ubuntu/ros2_rover/src/rover_motor_controller', 'symlink_install': False, 'test_result_base': None}
[0.139s] Level 5:colcon.colcon_core.verb:set package 'rover_motor_controller_cpp' build argument 'cmake_args' from command line to 'None'
[0.139s] Level 5:colcon.colcon_core.verb:set package 'rover_motor_controller_cpp' build argument 'cmake_target' from command line to 'None'
[0.139s] Level 5:colcon.colcon_core.verb:set package 'rover_motor_controller_cpp' build argument 'cmake_target_skip_unavailable' from command line to 'False'
[0.139s] Level 5:colcon.colcon_core.verb:set package 'rover_motor_controller_cpp' build argument 'cmake_clean_cache' from command line to 'False'
[0.139s] Level 5:colcon.colcon_core.verb:set package 'rover_motor_controller_cpp' build argument 'cmake_clean_first' from command line to 'False'
[0.139s] Level 5:colcon.colcon_core.verb:set package 'rover_motor_controller_cpp' build argument 'cmake_force_configure' from command line to 'False'
[0.139s] Level 5:colcon.colcon_core.verb:set package 'rover_motor_controller_cpp' build argument 'ament_cmake_args' from command line to 'None'
[0.139s] Level 5:colcon.colcon_core.verb:set package 'rover_motor_controller_cpp' build argument 'catkin_cmake_args' from command line to 'None'
[0.139s] Level 5:colcon.colcon_core.verb:set package 'rover_motor_controller_cpp' build argument 'catkin_skip_building_tests' from command line to 'False'
[0.139s] DEBUG:colcon.colcon_core.verb:Building package 'rover_motor_controller_cpp' with the following arguments: {'ament_cmake_args': None, 'build_base': '/home/ubuntu/ros2_rover/build/rover_motor_controller_cpp', 'catkin_cmake_args': None, 'catkin_skip_building_tests': False, 'cmake_args': None, 'cmake_clean_cache': False, 'cmake_clean_first': False, 'cmake_force_configure': False, 'cmake_target': None, 'cmake_target_skip_unavailable': False, 'install_base': '/home/ubuntu/ros2_rover/install/rover_motor_controller_cpp', 'merge_install': False, 'path': '/home/ubuntu/ros2_rover/src/rover_motor_controller_cpp', 'symlink_install': False, 'test_result_base': None}
[0.139s] Level 5:colcon.colcon_core.verb:set package 'rover_gazebo' build argument 'cmake_args' from command line to 'None'
[0.139s] Level 5:colcon.colcon_core.verb:set package 'rover_gazebo' build argument 'cmake_target' from command line to 'None'
[0.139s] Level 5:colcon.colcon_core.verb:set package 'rover_gazebo' build argument 'cmake_target_skip_unavailable' from command line to 'False'
[0.139s] Level 5:colcon.colcon_core.verb:set package 'rover_gazebo' build argument 'cmake_clean_cache' from command line to 'False'
[0.139s] Level 5:colcon.colcon_core.verb:set package 'rover_gazebo' build argument 'cmake_clean_first' from command line to 'False'
[0.139s] Level 5:colcon.colcon_core.verb:set package 'rover_gazebo' build argument 'cmake_force_configure' from command line to 'False'
[0.139s] Level 5:colcon.colcon_core.verb:set package 'rover_gazebo' build argument 'ament_cmake_args' from command line to 'None'
[0.139s] Level 5:colcon.colcon_core.verb:set package 'rover_gazebo' build argument 'catkin_cmake_args' from command line to 'None'
[0.139s] Level 5:colcon.colcon_core.verb:set package 'rover_gazebo' build argument 'catkin_skip_building_tests' from command line to 'False'
[0.139s] DEBUG:colcon.colcon_core.verb:Building package 'rover_gazebo' with the following arguments: {'ament_cmake_args': None, 'build_base': '/home/ubuntu/ros2_rover/build/rover_gazebo', 'catkin_cmake_args': None, 'catkin_skip_building_tests': False, 'cmake_args': None, 'cmake_clean_cache': False, 'cmake_clean_first': False, 'cmake_force_configure': False, 'cmake_target': None, 'cmake_target_skip_unavailable': False, 'install_base': '/home/ubuntu/ros2_rover/install/rover_gazebo', 'merge_install': False, 'path': '/home/ubuntu/ros2_rover/src/rover_gazebo', 'symlink_install': False, 'test_result_base': None}
[0.139s] INFO:colcon.colcon_core.executor:Executing jobs using 'parallel' executor
[0.139s] DEBUG:colcon.colcon_parallel_executor.executor.parallel:run_until_complete
[0.139s] INFO:colcon.colcon_ros.task.ament_cmake.build:Building ROS package in '/home/ubuntu/ros2_rover/src/rover_msgs' with build type 'ament_cmake'
[0.140s] INFO:colcon.colcon_cmake.task.cmake.build:Building CMake package in '/home/ubuntu/ros2_rover/src/rover_msgs'
[0.140s] INFO:colcon.colcon_core.plugin_system:Skipping extension 'colcon_core.shell.bat': Not used on non-Windows systems
[0.141s] INFO:colcon.colcon_core.shell:Skip shell extension 'powershell' for command environment: Not usable outside of PowerShell
[0.141s] DEBUG:colcon.colcon_core.shell:Skip shell extension 'dsv' for command environment
[0.143s] INFO:colcon.colcon_ros.task.ament_cmake.build:Building ROS package in '/home/ubuntu/ros2_rover/src/rover_description' with build type 'ament_cmake'
[0.143s] INFO:colcon.colcon_cmake.task.cmake.build:Building CMake package in '/home/ubuntu/ros2_rover/src/rover_description'
[0.143s] INFO:colcon.colcon_core.shell:Skip shell extension 'powershell' for command environment: Not usable outside of PowerShell
[0.143s] DEBUG:colcon.colcon_core.shell:Skip shell extension 'dsv' for command environment
[0.145s] INFO:colcon.colcon_ros.task.ament_cmake.build:Building ROS package in '/home/ubuntu/ros2_rover/src/rover_localization' with build type 'ament_cmake'
[0.145s] INFO:colcon.colcon_cmake.task.cmake.build:Building CMake package in '/home/ubuntu/ros2_rover/src/rover_localization'
[0.145s] INFO:colcon.colcon_core.shell:Skip shell extension 'powershell' for command environment: Not usable outside of PowerShell
[0.145s] DEBUG:colcon.colcon_core.shell:Skip shell extension 'dsv' for command environment
[0.146s] INFO:colcon.colcon_ros.task.ament_cmake.build:Building ROS package in '/home/ubuntu/ros2_rover/src/rover_navigation' with build type 'ament_cmake'
[0.146s] INFO:colcon.colcon_cmake.task.cmake.build:Building CMake package in '/home/ubuntu/ros2_rover/src/rover_navigation'
[0.146s] INFO:colcon.colcon_core.shell:Skip shell extension 'powershell' for command environment: Not usable outside of PowerShell
[0.146s] DEBUG:colcon.colcon_core.shell:Skip shell extension 'dsv' for command environment
[0.148s] INFO:colcon.colcon_ros.task.ament_python.build:Building ROS package in '/home/ubuntu/ros2_rover/src/rover_teleop' with build type 'ament_python'
[0.148s] Level 1:colcon.colcon_core.shell:create_environment_hook('rover_teleop', 'ament_prefix_path')
[0.148s] INFO:colcon.colcon_core.shell:Creating environment hook '/home/ubuntu/ros2_rover/install/rover_teleop/share/rover_teleop/hook/ament_prefix_path.ps1'
[0.149s] INFO:colcon.colcon_core.shell:Creating environment descriptor '/home/ubuntu/ros2_rover/install/rover_teleop/share/rover_teleop/hook/ament_prefix_path.dsv'
[0.149s] INFO:colcon.colcon_core.shell:Creating environment hook '/home/ubuntu/ros2_rover/install/rover_teleop/share/rover_teleop/hook/ament_prefix_path.sh'
[0.149s] INFO:colcon.colcon_core.shell:Skip shell extension 'powershell' for command environment: Not usable outside of PowerShell
[0.149s] DEBUG:colcon.colcon_core.shell:Skip shell extension 'dsv' for command environment
[0.152s] DEBUG:colcon.colcon_core.event_handler.log_command:Invoking command in '/home/ubuntu/ros2_rover/build/rover_msgs': CMAKE_PREFIX_PATH=${CMAKE_PREFIX_PATH}:/opt/ros/jazzy /usr/bin/cmake /home/ubuntu/ros2_rover/src/rover_msgs -DCMAKE_INSTALL_PREFIX=/home/ubuntu/ros2_rover/install/rover_msgs
[0.154s] DEBUG:colcon.colcon_core.event_handler.log_command:Invoking command in '/home/ubuntu/ros2_rover/build/rover_description': CMAKE_PREFIX_PATH=${CMAKE_PREFIX_PATH}:/opt/ros/jazzy /usr/bin/cmake /home/ubuntu/ros2_rover/src/rover_description -DCMAKE_INSTALL_PREFIX=/home/ubuntu/ros2_rover/install/rover_description
[0.155s] DEBUG:colcon.colcon_core.event_handler.log_command:Invoking command in '/home/ubuntu/ros2_rover/build/rover_localization': CMAKE_PREFIX_PATH=${CMAKE_PREFIX_PATH}:/opt/ros/jazzy /usr/bin/cmake /home/ubuntu/ros2_rover/src/rover_localization -DCMAKE_INSTALL_PREFIX=/home/ubuntu/ros2_rover/install/rover_localization
[0.157s] DEBUG:colcon.colcon_core.event_handler.log_command:Invoking command in '/home/ubuntu/ros2_rover/build/rover_navigation': CMAKE_PREFIX_PATH=${CMAKE_PREFIX_PATH}:/opt/ros/jazzy /usr/bin/cmake /home/ubuntu/ros2_rover/src/rover_navigation -DCMAKE_INSTALL_PREFIX=/home/ubuntu/ros2_rover/install/rover_navigation
[0.271s] INFO:colcon.colcon_core.task.python.build:Building Python package in '/home/ubuntu/ros2_rover/src/rover_teleop'
[0.271s] INFO:colcon.colcon_core.shell:Skip shell extension 'powershell' for command environment: Not usable outside of PowerShell
[0.271s] DEBUG:colcon.colcon_core.shell:Skip shell extension 'dsv' for command environment
[0.583s] DEBUG:colcon.colcon_core.event_handler.log_command:Invoking command in '/home/ubuntu/ros2_rover/src/rover_teleop': PYTHONPATH=/home/ubuntu/ros2_rover/build/rover_teleop/prefix_override:/usr/lib/python3/dist-packages/colcon_core/task/python/colcon_distutils_commands:/home/ubuntu/ros2_rover/install/rover_teleop/lib/python3.12/site-packages:${PYTHONPATH} /usr/bin/python3 -W ignore:setup.py install is deprecated -W ignore:easy_install command is deprecated setup.py egg_info --egg-base ../../build/rover_teleop build --build-base /home/ubuntu/ros2_rover/build/rover_teleop/build install --record /home/ubuntu/ros2_rover/build/rover_teleop/install.log --install-scripts $base/lib/rover_teleop --single-version-externally-managed install_data
[0.719s] DEBUG:colcon.colcon_core.event_handler.log_command:Invoked command in '/home/ubuntu/ros2_rover/build/rover_navigation' returned '0': CMAKE_PREFIX_PATH=${CMAKE_PREFIX_PATH}:/opt/ros/jazzy /usr/bin/cmake /home/ubuntu/ros2_rover/src/rover_navigation -DCMAKE_INSTALL_PREFIX=/home/ubuntu/ros2_rover/install/rover_navigation
[0.720s] DEBUG:colcon.colcon_core.event_handler.log_command:Invoking command in '/home/ubuntu/ros2_rover/build/rover_navigation': CMAKE_PREFIX_PATH=${CMAKE_PREFIX_PATH}:/opt/ros/jazzy /usr/bin/cmake --build /home/ubuntu/ros2_rover/build/rover_navigation -- -j10 -l10
[0.720s] DEBUG:colcon.colcon_core.event_handler.log_command:Invoked command in '/home/ubuntu/ros2_rover/build/rover_localization' returned '0': CMAKE_PREFIX_PATH=${CMAKE_PREFIX_PATH}:/opt/ros/jazzy /usr/bin/cmake /home/ubuntu/ros2_rover/src/rover_localization -DCMAKE_INSTALL_PREFIX=/home/ubuntu/ros2_rover/install/rover_localization
[0.721s] DEBUG:colcon.colcon_core.event_handler.log_command:Invoking command in '/home/ubuntu/ros2_rover/build/rover_localization': CMAKE_PREFIX_PATH=${CMAKE_PREFIX_PATH}:/opt/ros/jazzy /usr/bin/cmake --build /home/ubuntu/ros2_rover/build/rover_localization -- -j10 -l10
[0.729s] DEBUG:colcon.colcon_core.event_handler.log_command:Invoked command in '/home/ubuntu/ros2_rover/build/rover_description' returned '0': CMAKE_PREFIX_PATH=${CMAKE_PREFIX_PATH}:/opt/ros/jazzy /usr/bin/cmake /home/ubuntu/ros2_rover/src/rover_description -DCMAKE_INSTALL_PREFIX=/home/ubuntu/ros2_rover/install/rover_description
[0.729s] DEBUG:colcon.colcon_core.event_handler.log_command:Invoking command in '/home/ubuntu/ros2_rover/build/rover_description': CMAKE_PREFIX_PATH=${CMAKE_PREFIX_PATH}:/opt/ros/jazzy /usr/bin/cmake --build /home/ubuntu/ros2_rover/build/rover_description -- -j10 -l10
[0.739s] DEBUG:colcon.colcon_core.event_handler.log_command:Invoked command in '/home/ubuntu/ros2_rover/build/rover_navigation' returned '0': CMAKE_PREFIX_PATH=${CMAKE_PREFIX_PATH}:/opt/ros/jazzy /usr/bin/cmake --build /home/ubuntu/ros2_rover/build/rover_navigation -- -j10 -l10
[0.743s] DEBUG:colcon.colcon_core.event_handler.log_command:Invoking command in '/home/ubuntu/ros2_rover/build/rover_navigation': CMAKE_PREFIX_PATH=${CMAKE_PREFIX_PATH}:/opt/ros/jazzy /usr/bin/cmake --install /home/ubuntu/ros2_rover/build/rover_navigation
[0.744s] DEBUG:colcon.colcon_core.event_handler.log_command:Invoked command in '/home/ubuntu/ros2_rover/build/rover_localization' returned '0': CMAKE_PREFIX_PATH=${CMAKE_PREFIX_PATH}:/opt/ros/jazzy /usr/bin/cmake --build /home/ubuntu/ros2_rover/build/rover_localization -- -j10 -l10
[0.745s] DEBUG:colcon.colcon_core.event_handler.log_command:Invoking command in '/home/ubuntu/ros2_rover/build/rover_localization': CMAKE_PREFIX_PATH=${CMAKE_PREFIX_PATH}:/opt/ros/jazzy /usr/bin/cmake --install /home/ubuntu/ros2_rover/build/rover_localization
[0.748s] DEBUG:colcon.colcon_core.event_handler.log_command:Invoked command in '/home/ubuntu/ros2_rover/build/rover_description' returned '0': CMAKE_PREFIX_PATH=${CMAKE_PREFIX_PATH}:/opt/ros/jazzy /usr/bin/cmake --build /home/ubuntu/ros2_rover/build/rover_description -- -j10 -l10
[0.754s] Level 1:colcon.colcon_core.environment:create_environment_scripts_only(rover_localization)
[0.756s] DEBUG:colcon.colcon_core.event_handler.log_command:Invoking command in '/home/ubuntu/ros2_rover/build/rover_description': CMAKE_PREFIX_PATH=${CMAKE_PREFIX_PATH}:/opt/ros/jazzy /usr/bin/cmake --install /home/ubuntu/ros2_rover/build/rover_description
[0.757s] DEBUG:colcon.colcon_core.event_handler.log_command:Invoked command in '/home/ubuntu/ros2_rover/build/rover_localization' returned '0': CMAKE_PREFIX_PATH=${CMAKE_PREFIX_PATH}:/opt/ros/jazzy /usr/bin/cmake --install /home/ubuntu/ros2_rover/build/rover_localization
[0.759s] Level 1:colcon.colcon_core.environment:checking '/home/ubuntu/ros2_rover/install/rover_localization' for CMake module files
[0.759s] Level 1:colcon.colcon_core.environment:checking '/home/ubuntu/ros2_rover/install/rover_localization' for CMake config files
[0.759s] Level 1:colcon.colcon_core.shell:create_environment_hook('rover_localization', 'cmake_prefix_path')
[0.760s] INFO:colcon.colcon_core.shell:Creating environment hook '/home/ubuntu/ros2_rover/install/rover_localization/share/rover_localization/hook/cmake_prefix_path.ps1'
[0.760s] INFO:colcon.colcon_core.shell:Creating environment descriptor '/home/ubuntu/ros2_rover/install/rover_localization/share/rover_localization/hook/cmake_prefix_path.dsv'
[0.760s] INFO:colcon.colcon_core.shell:Creating environment hook '/home/ubuntu/ros2_rover/install/rover_localization/share/rover_localization/hook/cmake_prefix_path.sh'
[0.760s] Level 1:colcon.colcon_core.environment:checking '/home/ubuntu/ros2_rover/install/rover_localization/bin'
[0.760s] Level 1:colcon.colcon_core.environment:checking '/home/ubuntu/ros2_rover/install/rover_localization/lib/pkgconfig/rover_localization.pc'
[0.760s] Level 1:colcon.colcon_core.environment:checking '/home/ubuntu/ros2_rover/install/rover_localization/lib/python3.12/site-packages'
[0.760s] Level 1:colcon.colcon_core.environment:checking '/home/ubuntu/ros2_rover/install/rover_localization/bin'
[0.761s] INFO:colcon.colcon_core.shell:Creating package script '/home/ubuntu/ros2_rover/install/rover_localization/share/rover_localization/package.ps1'
[0.761s] INFO:colcon.colcon_core.shell:Creating package descriptor '/home/ubuntu/ros2_rover/install/rover_localization/share/rover_localization/package.dsv'
[0.762s] INFO:colcon.colcon_core.shell:Creating package script '/home/ubuntu/ros2_rover/install/rover_localization/share/rover_localization/package.sh'
[0.762s] INFO:colcon.colcon_core.shell:Creating package script '/home/ubuntu/ros2_rover/install/rover_localization/share/rover_localization/package.bash'
[0.762s] INFO:colcon.colcon_core.shell:Creating package script '/home/ubuntu/ros2_rover/install/rover_localization/share/rover_localization/package.zsh'
[0.762s] Level 1:colcon.colcon_core.environment:create_file_with_runtime_dependencies(/home/ubuntu/ros2_rover/install/rover_localization/share/colcon-core/packages/rover_localization)
[0.763s] Level 1:colcon.colcon_core.environment:create_environment_scripts_only(rover_localization)
[0.763s] Level 1:colcon.colcon_core.environment:checking '/home/ubuntu/ros2_rover/install/rover_localization' for CMake module files
[0.763s] Level 1:colcon.colcon_core.environment:checking '/home/ubuntu/ros2_rover/install/rover_localization' for CMake config files
[0.763s] Level 1:colcon.colcon_core.shell:create_environment_hook('rover_localization', 'cmake_prefix_path')
[0.764s] INFO:colcon.colcon_core.shell:Creating environment hook '/home/ubuntu/ros2_rover/install/rover_localization/share/rover_localization/hook/cmake_prefix_path.ps1'
[0.764s] INFO:colcon.colcon_core.shell:Creating environment descriptor '/home/ubuntu/ros2_rover/install/rover_localization/share/rover_localization/hook/cmake_prefix_path.dsv'
[0.764s] INFO:colcon.colcon_core.shell:Creating environment hook '/home/ubuntu/ros2_rover/install/rover_localization/share/rover_localization/hook/cmake_prefix_path.sh'
[0.764s] Level 1:colcon.colcon_core.environment:checking '/home/ubuntu/ros2_rover/install/rover_localization/bin'
[0.764s] Level 1:colcon.colcon_core.environment:checking '/home/ubuntu/ros2_rover/install/rover_localization/lib/pkgconfig/rover_localization.pc'
[0.764s] Level 1:colcon.colcon_core.environment:checking '/home/ubuntu/ros2_rover/install/rover_localization/lib/python3.12/site-packages'
[0.764s] Level 1:colcon.colcon_core.environment:checking '/home/ubuntu/ros2_rover/install/rover_localization/bin'
[0.764s] INFO:colcon.colcon_core.shell:Creating package script '/home/ubuntu/ros2_rover/install/rover_localization/share/rover_localization/package.ps1'
[0.765s] INFO:colcon.colcon_core.shell:Creating package descriptor '/home/ubuntu/ros2_rover/install/rover_localization/share/rover_localization/package.dsv'
[0.765s] INFO:colcon.colcon_core.shell:Creating package script '/home/ubuntu/ros2_rover/install/rover_localization/share/rover_localization/package.sh'
[0.765s] INFO:colcon.colcon_core.shell:Creating package script '/home/ubuntu/ros2_rover/install/rover_localization/share/rover_localization/package.bash'
[0.765s] INFO:colcon.colcon_core.shell:Creating package script '/home/ubuntu/ros2_rover/install/rover_localization/share/rover_localization/package.zsh'
[0.765s] Level 1:colcon.colcon_core.environment:create_file_with_runtime_dependencies(/home/ubuntu/ros2_rover/install/rover_localization/share/colcon-core/packages/rover_localization)
[0.766s] Level 1:colcon.colcon_core.environment:create_environment_scripts_only(rover_navigation)
[0.766s] Level 1:colcon.colcon_core.environment:checking '/home/ubuntu/ros2_rover/install/rover_navigation' for CMake module files
[0.766s] DEBUG:colcon.colcon_core.event_handler.log_command:Invoked command in '/home/ubuntu/ros2_rover/build/rover_navigation' returned '0': CMAKE_PREFIX_PATH=${CMAKE_PREFIX_PATH}:/opt/ros/jazzy /usr/bin/cmake --install /home/ubuntu/ros2_rover/build/rover_navigation
[0.766s] Level 1:colcon.colcon_core.environment:checking '/home/ubuntu/ros2_rover/install/rover_navigation' for CMake config files
[0.766s] Level 1:colcon.colcon_core.shell:create_environment_hook('rover_navigation', 'cmake_prefix_path')
[0.767s] INFO:colcon.colcon_core.shell:Creating environment hook '/home/ubuntu/ros2_rover/install/rover_navigation/share/rover_navigation/hook/cmake_prefix_path.ps1'
[0.767s] INFO:colcon.colcon_core.shell:Creating environment descriptor '/home/ubuntu/ros2_rover/install/rover_navigation/share/rover_navigation/hook/cmake_prefix_path.dsv'
[0.767s] INFO:colcon.colcon_core.shell:Creating environment hook '/home/ubuntu/ros2_rover/install/rover_navigation/share/rover_navigation/hook/cmake_prefix_path.sh'
[0.767s] Level 1:colcon.colcon_core.environment:checking '/home/ubuntu/ros2_rover/install/rover_navigation/bin'
[0.767s] Level 1:colcon.colcon_core.environment:checking '/home/ubuntu/ros2_rover/install/rover_navigation/lib/pkgconfig/rover_navigation.pc'
[0.767s] Level 1:colcon.colcon_core.environment:checking '/home/ubuntu/ros2_rover/install/rover_navigation/lib/python3.12/site-packages'
[0.767s] Level 1:colcon.colcon_core.environment:checking '/home/ubuntu/ros2_rover/install/rover_navigation/bin'
[0.767s] INFO:colcon.colcon_core.shell:Creating package script '/home/ubuntu/ros2_rover/install/rover_navigation/share/rover_navigation/package.ps1'
[0.768s] INFO:colcon.colcon_core.shell:Creating package descriptor '/home/ubuntu/ros2_rover/install/rover_navigation/share/rover_navigation/package.dsv'
[0.768s] INFO:colcon.colcon_core.shell:Creating package script '/home/ubuntu/ros2_rover/install/rover_navigation/share/rover_navigation/package.sh'
[0.768s] INFO:colcon.colcon_core.shell:Creating package script '/home/ubuntu/ros2_rover/install/rover_navigation/share/rover_navigation/package.bash'
[0.768s] INFO:colcon.colcon_core.shell:Creating package script '/home/ubuntu/ros2_rover/install/rover_navigation/share/rover_navigation/package.zsh'
[0.768s] Level 1:colcon.colcon_core.environment:create_file_with_runtime_dependencies(/home/ubuntu/ros2_rover/install/rover_navigation/share/colcon-core/packages/rover_navigation)
[0.769s] Level 1:colcon.colcon_core.environment:create_environment_scripts_only(rover_navigation)
[0.769s] Level 1:colcon.colcon_core.environment:checking '/home/ubuntu/ros2_rover/install/rover_navigation' for CMake module files
[0.769s] Level 1:colcon.colcon_core.environment:checking '/home/ubuntu/ros2_rover/install/rover_navigation' for CMake config files
[0.769s] Level 1:colcon.colcon_core.shell:create_environment_hook('rover_navigation', 'cmake_prefix_path')
[0.769s] INFO:colcon.colcon_core.shell:Creating environment hook '/home/ubuntu/ros2_rover/install/rover_navigation/share/rover_navigation/hook/cmake_prefix_path.ps1'
[0.770s] INFO:colcon.colcon_core.shell:Creating environment descriptor '/home/ubuntu/ros2_rover/install/rover_navigation/share/rover_navigation/hook/cmake_prefix_path.dsv'
[0.770s] INFO:colcon.colcon_core.shell:Creating environment hook '/home/ubuntu/ros2_rover/install/rover_navigation/share/rover_navigation/hook/cmake_prefix_path.sh'
[0.770s] Level 1:colcon.colcon_core.environment:checking '/home/ubuntu/ros2_rover/install/rover_navigation/bin'
[0.770s] Level 1:colcon.colcon_core.environment:checking '/home/ubuntu/ros2_rover/install/rover_navigation/lib/pkgconfig/rover_navigation.pc'
[0.770s] Level 1:colcon.colcon_core.environment:checking '/home/ubuntu/ros2_rover/install/rover_navigation/lib/python3.12/site-packages'
[0.770s] Level 1:colcon.colcon_core.environment:checking '/home/ubuntu/ros2_rover/install/rover_navigation/bin'
[0.770s] INFO:colcon.colcon_core.shell:Creating package script '/home/ubuntu/ros2_rover/install/rover_navigation/share/rover_navigation/package.ps1'
[0.770s] INFO:colcon.colcon_core.shell:Creating package descriptor '/home/ubuntu/ros2_rover/install/rover_navigation/share/rover_navigation/package.dsv'
[0.771s] INFO:colcon.colcon_core.shell:Creating package script '/home/ubuntu/ros2_rover/install/rover_navigation/share/rover_navigation/package.sh'
[0.771s] INFO:colcon.colcon_core.shell:Creating package script '/home/ubuntu/ros2_rover/install/rover_navigation/share/rover_navigation/package.bash'
[0.771s] INFO:colcon.colcon_core.shell:Creating package script '/home/ubuntu/ros2_rover/install/rover_navigation/share/rover_navigation/package.zsh'
[0.771s] Level 1:colcon.colcon_core.environment:create_file_with_runtime_dependencies(/home/ubuntu/ros2_rover/install/rover_navigation/share/colcon-core/packages/rover_navigation)
[0.780s] Level 1:colcon.colcon_core.environment:create_environment_scripts_only(rover_description)
[0.780s] Level 1:colcon.colcon_core.environment:checking '/home/ubuntu/ros2_rover/install/rover_description' for CMake module files
[0.780s] DEBUG:colcon.colcon_core.event_handler.log_command:Invoked command in '/home/ubuntu/ros2_rover/build/rover_description' returned '0': CMAKE_PREFIX_PATH=${CMAKE_PREFIX_PATH}:/opt/ros/jazzy /usr/bin/cmake --install /home/ubuntu/ros2_rover/build/rover_description
[0.781s] Level 1:colcon.colcon_core.environment:checking '/home/ubuntu/ros2_rover/install/rover_description' for CMake config files
[0.781s] Level 1:colcon.colcon_core.shell:create_environment_hook('rover_description', 'cmake_prefix_path')
[0.781s] INFO:colcon.colcon_core.shell:Creating environment hook '/home/ubuntu/ros2_rover/install/rover_description/share/rover_description/hook/cmake_prefix_path.ps1'
[0.781s] INFO:colcon.colcon_core.shell:Creating environment descriptor '/home/ubuntu/ros2_rover/install/rover_description/share/rover_description/hook/cmake_prefix_path.dsv'
[0.781s] INFO:colcon.colcon_core.shell:Creating environment hook '/home/ubuntu/ros2_rover/install/rover_description/share/rover_description/hook/cmake_prefix_path.sh'
[0.781s] Level 1:colcon.colcon_core.environment:checking '/home/ubuntu/ros2_rover/install/rover_description/bin'
[0.781s] Level 1:colcon.colcon_core.environment:checking '/home/ubuntu/ros2_rover/install/rover_description/lib/pkgconfig/rover_description.pc'
[0.782s] Level 1:colcon.colcon_core.environment:checking '/home/ubuntu/ros2_rover/install/rover_description/lib/python3.12/site-packages'
[0.782s] Level 1:colcon.colcon_core.environment:checking '/home/ubuntu/ros2_rover/install/rover_description/bin'
[0.782s] INFO:colcon.colcon_core.shell:Creating package script '/home/ubuntu/ros2_rover/install/rover_description/share/rover_description/package.ps1'
[0.782s] INFO:colcon.colcon_core.shell:Creating package descriptor '/home/ubuntu/ros2_rover/install/rover_description/share/rover_description/package.dsv'
[0.782s] INFO:colcon.colcon_core.shell:Creating package script '/home/ubuntu/ros2_rover/install/rover_description/share/rover_description/package.sh'
[0.782s] INFO:colcon.colcon_core.shell:Creating package script '/home/ubuntu/ros2_rover/install/rover_description/share/rover_description/package.bash'
[0.782s] INFO:colcon.colcon_core.shell:Creating package script '/home/ubuntu/ros2_rover/install/rover_description/share/rover_description/package.zsh'
[0.782s] Level 1:colcon.colcon_core.environment:create_file_with_runtime_dependencies(/home/ubuntu/ros2_rover/install/rover_description/share/colcon-core/packages/rover_description)
[0.783s] Level 1:colcon.colcon_core.environment:create_environment_scripts_only(rover_description)
[0.783s] Level 1:colcon.colcon_core.environment:checking '/home/ubuntu/ros2_rover/install/rover_description' for CMake module files
[0.783s] Level 1:colcon.colcon_core.environment:checking '/home/ubuntu/ros2_rover/install/rover_description' for CMake config files
[0.783s] Level 1:colcon.colcon_core.shell:create_environment_hook('rover_description', 'cmake_prefix_path')
[0.783s] INFO:colcon.colcon_core.shell:Creating environment hook '/home/ubuntu/ros2_rover/install/rover_description/share/rover_description/hook/cmake_prefix_path.ps1'
[0.783s] INFO:colcon.colcon_core.shell:Creating environment descriptor '/home/ubuntu/ros2_rover/install/rover_description/share/rover_description/hook/cmake_prefix_path.dsv'
[0.783s] INFO:colcon.colcon_core.shell:Creating environment hook '/home/ubuntu/ros2_rover/install/rover_description/share/rover_description/hook/cmake_prefix_path.sh'
[0.783s] Level 1:colcon.colcon_core.environment:checking '/home/ubuntu/ros2_rover/install/rover_description/bin'
[0.784s] Level 1:colcon.colcon_core.environment:checking '/home/ubuntu/ros2_rover/install/rover_description/lib/pkgconfig/rover_description.pc'
[0.784s] Level 1:colcon.colcon_core.environment:checking '/home/ubuntu/ros2_rover/install/rover_description/lib/python3.12/site-packages'
[0.784s] Level 1:colcon.colcon_core.environment:checking '/home/ubuntu/ros2_rover/install/rover_description/bin'
[0.784s] INFO:colcon.colcon_core.shell:Creating package script '/home/ubuntu/ros2_rover/install/rover_description/share/rover_description/package.ps1'
[0.784s] INFO:colcon.colcon_core.shell:Creating package descriptor '/home/ubuntu/ros2_rover/install/rover_description/share/rover_description/package.dsv'
[0.784s] INFO:colcon.colcon_core.shell:Creating package script '/home/ubuntu/ros2_rover/install/rover_description/share/rover_description/package.sh'
[0.784s] INFO:colcon.colcon_core.shell:Creating package script '/home/ubuntu/ros2_rover/install/rover_description/share/rover_description/package.bash'
[0.784s] INFO:colcon.colcon_core.shell:Creating package script '/home/ubuntu/ros2_rover/install/rover_description/share/rover_description/package.zsh'
[0.784s] Level 1:colcon.colcon_core.environment:create_file_with_runtime_dependencies(/home/ubuntu/ros2_rover/install/rover_description/share/colcon-core/packages/rover_description)
[0.827s] Level 1:colcon.colcon_core.environment:checking '/home/ubuntu/ros2_rover/install/rover_teleop' for CMake module files
[0.828s] DEBUG:colcon.colcon_core.event_handler.log_command:Invoked command in '/home/ubuntu/ros2_rover/src/rover_teleop' returned '0': PYTHONPATH=/home/ubuntu/ros2_rover/build/rover_teleop/prefix_override:/usr/lib/python3/dist-packages/colcon_core/task/python/colcon_distutils_commands:/home/ubuntu/ros2_rover/install/rover_teleop/lib/python3.12/site-packages:${PYTHONPATH} /usr/bin/python3 -W ignore:setup.py install is deprecated -W ignore:easy_install command is deprecated setup.py egg_info --egg-base ../../build/rover_teleop build --build-base /home/ubuntu/ros2_rover/build/rover_teleop/build install --record /home/ubuntu/ros2_rover/build/rover_teleop/install.log --install-scripts $base/lib/rover_teleop --single-version-externally-managed install_data
[0.828s] Level 1:colcon.colcon_core.environment:checking '/home/ubuntu/ros2_rover/install/rover_teleop' for CMake config files
[0.828s] Level 1:colcon.colcon_core.environment:checking '/home/ubuntu/ros2_rover/install/rover_teleop/lib'
[0.828s] Level 1:colcon.colcon_core.environment:checking '/home/ubuntu/ros2_rover/install/rover_teleop/bin'
[0.828s] Level 1:colcon.colcon_core.environment:checking '/home/ubuntu/ros2_rover/install/rover_teleop/lib/pkgconfig/rover_teleop.pc'
[0.828s] Level 1:colcon.colcon_core.environment:checking '/home/ubuntu/ros2_rover/install/rover_teleop/lib/python3.12/site-packages'
[0.828s] Level 1:colcon.colcon_core.shell:create_environment_hook('rover_teleop', 'pythonpath')
[0.828s] INFO:colcon.colcon_core.shell:Creating environment hook '/home/ubuntu/ros2_rover/install/rover_teleop/share/rover_teleop/hook/pythonpath.ps1'
[0.829s] INFO:colcon.colcon_core.shell:Creating environment descriptor '/home/ubuntu/ros2_rover/install/rover_teleop/share/rover_teleop/hook/pythonpath.dsv'
[0.829s] INFO:colcon.colcon_core.shell:Creating environment hook '/home/ubuntu/ros2_rover/install/rover_teleop/share/rover_teleop/hook/pythonpath.sh'
[0.829s] Level 1:colcon.colcon_core.environment:checking '/home/ubuntu/ros2_rover/install/rover_teleop/bin'
[0.829s] Level 1:colcon.colcon_core.environment:create_environment_scripts_only(rover_teleop)
[0.829s] INFO:colcon.colcon_core.shell:Creating package script '/home/ubuntu/ros2_rover/install/rover_teleop/share/rover_teleop/package.ps1'
[0.830s] INFO:colcon.colcon_core.shell:Creating package descriptor '/home/ubuntu/ros2_rover/install/rover_teleop/share/rover_teleop/package.dsv'
[0.830s] INFO:colcon.colcon_core.shell:Creating package script '/home/ubuntu/ros2_rover/install/rover_teleop/share/rover_teleop/package.sh'
[0.830s] INFO:colcon.colcon_core.shell:Creating package script '/home/ubuntu/ros2_rover/install/rover_teleop/share/rover_teleop/package.bash'
[0.830s] INFO:colcon.colcon_core.shell:Creating package script '/home/ubuntu/ros2_rover/install/rover_teleop/share/rover_teleop/package.zsh'
[0.830s] Level 1:colcon.colcon_core.environment:create_file_with_runtime_dependencies(/home/ubuntu/ros2_rover/install/rover_teleop/share/colcon-core/packages/rover_teleop)
[1.905s] DEBUG:colcon.colcon_core.event_handler.log_command:Invoked command in '/home/ubuntu/ros2_rover/build/rover_msgs' returned '0': CMAKE_PREFIX_PATH=${CMAKE_PREFIX_PATH}:/opt/ros/jazzy /usr/bin/cmake /home/ubuntu/ros2_rover/src/rover_msgs -DCMAKE_INSTALL_PREFIX=/home/ubuntu/ros2_rover/install/rover_msgs
[1.906s] DEBUG:colcon.colcon_core.event_handler.log_command:Invoking command in '/home/ubuntu/ros2_rover/build/rover_msgs': CMAKE_PREFIX_PATH=${CMAKE_PREFIX_PATH}:/opt/ros/jazzy /usr/bin/cmake --build /home/ubuntu/ros2_rover/build/rover_msgs -- -j10 -l10
[2.856s] DEBUG:colcon.colcon_core.event_handler.log_command:Invoked command in '/home/ubuntu/ros2_rover/build/rover_msgs' returned '0': CMAKE_PREFIX_PATH=${CMAKE_PREFIX_PATH}:/opt/ros/jazzy /usr/bin/cmake --build /home/ubuntu/ros2_rover/build/rover_msgs -- -j10 -l10
[2.857s] DEBUG:colcon.colcon_core.event_handler.log_command:Invoking command in '/home/ubuntu/ros2_rover/build/rover_msgs': CMAKE_PREFIX_PATH=${CMAKE_PREFIX_PATH}:/opt/ros/jazzy /usr/bin/cmake --install /home/ubuntu/ros2_rover/build/rover_msgs
[2.891s] Level 1:colcon.colcon_core.environment:create_environment_scripts_only(rover_msgs)
[2.891s] Level 1:colcon.colcon_core.environment:checking '/home/ubuntu/ros2_rover/install/rover_msgs' for CMake module files
[2.891s] DEBUG:colcon.colcon_core.event_handler.log_command:Invoked command in '/home/ubuntu/ros2_rover/build/rover_msgs' returned '0': CMAKE_PREFIX_PATH=${CMAKE_PREFIX_PATH}:/opt/ros/jazzy /usr/bin/cmake --install /home/ubuntu/ros2_rover/build/rover_msgs
[2.892s] Level 1:colcon.colcon_core.environment:checking '/home/ubuntu/ros2_rover/install/rover_msgs' for CMake config files
[2.892s] Level 1:colcon.colcon_core.shell:create_environment_hook('rover_msgs', 'cmake_prefix_path')
[2.892s] INFO:colcon.colcon_core.shell:Creating environment hook '/home/ubuntu/ros2_rover/install/rover_msgs/share/rover_msgs/hook/cmake_prefix_path.ps1'
[2.892s] INFO:colcon.colcon_core.shell:Creating environment descriptor '/home/ubuntu/ros2_rover/install/rover_msgs/share/rover_msgs/hook/cmake_prefix_path.dsv'
[2.892s] INFO:colcon.colcon_core.shell:Creating environment hook '/home/ubuntu/ros2_rover/install/rover_msgs/share/rover_msgs/hook/cmake_prefix_path.sh'
[2.893s] Level 1:colcon.colcon_core.environment:checking '/home/ubuntu/ros2_rover/install/rover_msgs/lib'
[2.893s] Level 1:colcon.colcon_core.shell:create_environment_hook('rover_msgs', 'ld_library_path_lib')
[2.893s] INFO:colcon.colcon_core.shell:Creating environment hook '/home/ubuntu/ros2_rover/install/rover_msgs/share/rover_msgs/hook/ld_library_path_lib.ps1'
[2.893s] INFO:colcon.colcon_core.shell:Creating environment descriptor '/home/ubuntu/ros2_rover/install/rover_msgs/share/rover_msgs/hook/ld_library_path_lib.dsv'
[2.893s] INFO:colcon.colcon_core.shell:Creating environment hook '/home/ubuntu/ros2_rover/install/rover_msgs/share/rover_msgs/hook/ld_library_path_lib.sh'
[2.893s] Level 1:colcon.colcon_core.environment:checking '/home/ubuntu/ros2_rover/install/rover_msgs/bin'
[2.893s] Level 1:colcon.colcon_core.environment:checking '/home/ubuntu/ros2_rover/install/rover_msgs/lib/pkgconfig/rover_msgs.pc'
[2.893s] Level 1:colcon.colcon_core.environment:checking '/home/ubuntu/ros2_rover/install/rover_msgs/lib/python3.12/site-packages'
[2.893s] Level 1:colcon.colcon_core.shell:create_environment_hook('rover_msgs', 'pythonpath')
[2.893s] INFO:colcon.colcon_core.shell:Creating environment hook '/home/ubuntu/ros2_rover/install/rover_msgs/share/rover_msgs/hook/pythonpath.ps1'
[2.893s] INFO:colcon.colcon_core.shell:Creating environment descriptor '/home/ubuntu/ros2_rover/install/rover_msgs/share/rover_msgs/hook/pythonpath.dsv'
[2.893s] INFO:colcon.colcon_core.shell:Creating environment hook '/home/ubuntu/ros2_rover/install/rover_msgs/share/rover_msgs/hook/pythonpath.sh'
[2.894s] Level 1:colcon.colcon_core.environment:checking '/home/ubuntu/ros2_rover/install/rover_msgs/bin'
[2.894s] INFO:colcon.colcon_core.shell:Creating package script '/home/ubuntu/ros2_rover/install/rover_msgs/share/rover_msgs/package.ps1'
[2.894s] INFO:colcon.colcon_core.shell:Creating package descriptor '/home/ubuntu/ros2_rover/install/rover_msgs/share/rover_msgs/package.dsv'
[2.894s] INFO:colcon.colcon_core.shell:Creating package script '/home/ubuntu/ros2_rover/install/rover_msgs/share/rover_msgs/package.sh'
[2.894s] INFO:colcon.colcon_core.shell:Creating package script '/home/ubuntu/ros2_rover/install/rover_msgs/share/rover_msgs/package.bash'
[2.894s] INFO:colcon.colcon_core.shell:Creating package script '/home/ubuntu/ros2_rover/install/rover_msgs/share/rover_msgs/package.zsh'
[2.894s] Level 1:colcon.colcon_core.environment:create_file_with_runtime_dependencies(/home/ubuntu/ros2_rover/install/rover_msgs/share/colcon-core/packages/rover_msgs)
[2.895s] Level 1:colcon.colcon_core.environment:create_environment_scripts_only(rover_msgs)
[2.895s] Level 1:colcon.colcon_core.environment:checking '/home/ubuntu/ros2_rover/install/rover_msgs' for CMake module files
[2.895s] Level 1:colcon.colcon_core.environment:checking '/home/ubuntu/ros2_rover/install/rover_msgs' for CMake config files
[2.895s] Level 1:colcon.colcon_core.shell:create_environment_hook('rover_msgs', 'cmake_prefix_path')
[2.895s] INFO:colcon.colcon_core.shell:Creating environment hook '/home/ubuntu/ros2_rover/install/rover_msgs/share/rover_msgs/hook/cmake_prefix_path.ps1'
[2.895s] INFO:colcon.colcon_core.shell:Creating environment descriptor '/home/ubuntu/ros2_rover/install/rover_msgs/share/rover_msgs/hook/cmake_prefix_path.dsv'
[2.895s] INFO:colcon.colcon_core.shell:Creating environment hook '/home/ubuntu/ros2_rover/install/rover_msgs/share/rover_msgs/hook/cmake_prefix_path.sh'
[2.895s] Level 1:colcon.colcon_core.environment:checking '/home/ubuntu/ros2_rover/install/rover_msgs/lib'
[2.895s] Level 1:colcon.colcon_core.shell:create_environment_hook('rover_msgs', 'ld_library_path_lib')
[2.896s] INFO:colcon.colcon_core.shell:Creating environment hook '/home/ubuntu/ros2_rover/install/rover_msgs/share/rover_msgs/hook/ld_library_path_lib.ps1'
[2.896s] INFO:colcon.colcon_core.shell:Creating environment descriptor '/home/ubuntu/ros2_rover/install/rover_msgs/share/rover_msgs/hook/ld_library_path_lib.dsv'
[2.896s] INFO:colcon.colcon_core.shell:Creating environment hook '/home/ubuntu/ros2_rover/install/rover_msgs/share/rover_msgs/hook/ld_library_path_lib.sh'
[2.896s] Level 1:colcon.colcon_core.environment:checking '/home/ubuntu/ros2_rover/install/rover_msgs/bin'
[2.896s] Level 1:colcon.colcon_core.environment:checking '/home/ubuntu/ros2_rover/install/rover_msgs/lib/pkgconfig/rover_msgs.pc'
[2.896s] Level 1:colcon.colcon_core.environment:checking '/home/ubuntu/ros2_rover/install/rover_msgs/lib/python3.12/site-packages'
[2.896s] Level 1:colcon.colcon_core.shell:create_environment_hook('rover_msgs', 'pythonpath')
[2.896s] INFO:colcon.colcon_core.shell:Creating environment hook '/home/ubuntu/ros2_rover/install/rover_msgs/share/rover_msgs/hook/pythonpath.ps1'
[2.896s] INFO:colcon.colcon_core.shell:Creating environment descriptor '/home/ubuntu/ros2_rover/install/rover_msgs/share/rover_msgs/hook/pythonpath.dsv'
[2.896s] INFO:colcon.colcon_core.shell:Creating environment hook '/home/ubuntu/ros2_rover/install/rover_msgs/share/rover_msgs/hook/pythonpath.sh'
[2.896s] Level 1:colcon.colcon_core.environment:checking '/home/ubuntu/ros2_rover/install/rover_msgs/bin'
[2.896s] INFO:colcon.colcon_core.shell:Creating package script '/home/ubuntu/ros2_rover/install/rover_msgs/share/rover_msgs/package.ps1'
[2.897s] INFO:colcon.colcon_core.shell:Creating package descriptor '/home/ubuntu/ros2_rover/install/rover_msgs/share/rover_msgs/package.dsv'
[2.897s] INFO:colcon.colcon_core.shell:Creating package script '/home/ubuntu/ros2_rover/install/rover_msgs/share/rover_msgs/package.sh'
[2.897s] INFO:colcon.colcon_core.shell:Creating package script '/home/ubuntu/ros2_rover/install/rover_msgs/share/rover_msgs/package.bash'
[2.897s] INFO:colcon.colcon_core.shell:Creating package script '/home/ubuntu/ros2_rover/install/rover_msgs/share/rover_msgs/package.zsh'
[2.897s] Level 1:colcon.colcon_core.environment:create_file_with_runtime_dependencies(/home/ubuntu/ros2_rover/install/rover_msgs/share/colcon-core/packages/rover_msgs)
[2.897s] INFO:colcon.colcon_ros.task.ament_cmake.build:Building ROS package in '/home/ubuntu/ros2_rover/src/rover_motor_controller_cpp' with build type 'ament_cmake'
[2.897s] INFO:colcon.colcon_cmake.task.cmake.build:Building CMake package in '/home/ubuntu/ros2_rover/src/rover_motor_controller_cpp'
[2.897s] INFO:colcon.colcon_core.shell:Skip shell extension 'powershell' for command environment: Not usable outside of PowerShell
[2.897s] DEBUG:colcon.colcon_core.shell:Skip shell extension 'dsv' for command environment
[2.899s] INFO:colcon.colcon_ros.task.ament_python.build:Building ROS package in '/home/ubuntu/ros2_rover/src/rover_motor_controller' with build type 'ament_python'
[2.899s] Level 1:colcon.colcon_core.shell:create_environment_hook('rover_motor_controller', 'ament_prefix_path')
[2.899s] INFO:colcon.colcon_core.shell:Creating environment hook '/home/ubuntu/ros2_rover/install/rover_motor_controller/share/rover_motor_controller/hook/ament_prefix_path.ps1'
[2.900s] INFO:colcon.colcon_core.shell:Creating environment descriptor '/home/ubuntu/ros2_rover/install/rover_motor_controller/share/rover_motor_controller/hook/ament_prefix_path.dsv'
[2.900s] INFO:colcon.colcon_core.shell:Creating environment hook '/home/ubuntu/ros2_rover/install/rover_motor_controller/share/rover_motor_controller/hook/ament_prefix_path.sh'
[2.900s] INFO:colcon.colcon_core.shell:Skip shell extension 'powershell' for command environment: Not usable outside of PowerShell
[2.900s] DEBUG:colcon.colcon_core.shell:Skip shell extension 'dsv' for command environment
[2.903s] DEBUG:colcon.colcon_core.event_handler.log_command:Invoking command in '/home/ubuntu/ros2_rover/build/rover_motor_controller_cpp': AMENT_PREFIX_PATH=/home/ubuntu/ros2_rover/install/rover_msgs:${AMENT_PREFIX_PATH} CMAKE_PREFIX_PATH=/home/ubuntu/ros2_rover/install/rover_msgs:/opt/ros/jazzy/opt/gz_sim_vendor:/opt/ros/jazzy/opt/gz_sensors_vendor:/opt/ros/jazzy/opt/gz_physics_vendor:/opt/ros/jazzy/opt/sdformat_vendor:/opt/ros/jazzy/opt/gz_gui_vendor:/opt/ros/jazzy/opt/gz_transport_vendor:/opt/ros/jazzy/opt/gz_rendering_vendor:/opt/ros/jazzy/opt/gz_plugin_vendor:/opt/ros/jazzy/opt/gz_fuel_tools_vendor:/opt/ros/jazzy/opt/gz_msgs_vendor:/opt/ros/jazzy/opt/gz_common_vendor:/opt/ros/jazzy/opt/gz_math_vendor:/opt/ros/jazzy/opt/gz_utils_vendor:/opt/ros/jazzy/opt/gz_tools_vendor:/opt/ros/jazzy/opt/gz_ogre_next_vendor:/opt/ros/jazzy/opt/gz_dartsim_vendor:/opt/ros/jazzy/opt/gz_cmake_vendor:/opt/ros/jazzy LD_LIBRARY_PATH=/home/ubuntu/ros2_rover/install/rover_msgs/lib:${LD_LIBRARY_PATH} PYTHONPATH=/home/ubuntu/ros2_rover/install/rover_msgs/lib/python3.12/site-packages:${PYTHONPATH} /usr/bin/cmake /home/ubuntu/ros2_rover/src/rover_motor_controller_cpp -DCMAKE_INSTALL_PREFIX=/home/ubuntu/ros2_rover/install/rover_motor_controller_cpp
[2.994s] INFO:colcon.colcon_core.task.python.build:Building Python package in '/home/ubuntu/ros2_rover/src/rover_motor_controller'
[2.994s] INFO:colcon.colcon_core.shell:Skip shell extension 'powershell' for command environment: Not usable outside of PowerShell
[2.994s] DEBUG:colcon.colcon_core.shell:Skip shell extension 'dsv' for command environment
[3.237s] DEBUG:colcon.colcon_core.event_handler.log_command:Invoking command in '/home/ubuntu/ros2_rover/src/rover_motor_controller': AMENT_PREFIX_PATH=/home/ubuntu/ros2_rover/install/rover_msgs:${AMENT_PREFIX_PATH} CMAKE_PREFIX_PATH=/home/ubuntu/ros2_rover/install/rover_msgs:${CMAKE_PREFIX_PATH} LD_LIBRARY_PATH=/home/ubuntu/ros2_rover/install/rover_msgs/lib:${LD_LIBRARY_PATH} PYTHONPATH=/home/ubuntu/ros2_rover/build/rover_motor_controller/prefix_override:/usr/lib/python3/dist-packages/colcon_core/task/python/colcon_distutils_commands:/home/ubuntu/ros2_rover/install/rover_motor_controller/lib/python3.12/site-packages:/home/ubuntu/ros2_rover/install/rover_msgs/lib/python3.12/site-packages:${PYTHONPATH} /usr/bin/python3 -W ignore:setup.py install is deprecated -W ignore:easy_install command is deprecated setup.py egg_info --egg-base ../../build/rover_motor_controller build --build-base /home/ubuntu/ros2_rover/build/rover_motor_controller/build install --record /home/ubuntu/ros2_rover/build/rover_motor_controller/install.log --install-scripts $base/lib/rover_motor_controller --single-version-externally-managed install_data
[3.462s] Level 1:colcon.colcon_core.environment:checking '/home/ubuntu/ros2_rover/install/rover_motor_controller' for CMake module files
[3.462s] DEBUG:colcon.colcon_core.event_handler.log_command:Invoked command in '/home/ubuntu/ros2_rover/src/rover_motor_controller' returned '0': AMENT_PREFIX_PATH=/home/ubuntu/ros2_rover/install/rover_msgs:${AMENT_PREFIX_PATH} CMAKE_PREFIX_PATH=/home/ubuntu/ros2_rover/install/rover_msgs:${CMAKE_PREFIX_PATH} LD_LIBRARY_PATH=/home/ubuntu/ros2_rover/install/rover_msgs/lib:${LD_LIBRARY_PATH} PYTHONPATH=/home/ubuntu/ros2_rover/build/rover_motor_controller/prefix_override:/usr/lib/python3/dist-packages/colcon_core/task/python/colcon_distutils_commands:/home/ubuntu/ros2_rover/install/rover_motor_controller/lib/python3.12/site-packages:/home/ubuntu/ros2_rover/install/rover_msgs/lib/python3.12/site-packages:${PYTHONPATH} /usr/bin/python3 -W ignore:setup.py install is deprecated -W ignore:easy_install command is deprecated setup.py egg_info --egg-base ../../build/rover_motor_controller build --build-base /home/ubuntu/ros2_rover/build/rover_motor_controller/build install --record /home/ubuntu/ros2_rover/build/rover_motor_controller/install.log --install-scripts $base/lib/rover_motor_controller --single-version-externally-managed install_data
[3.462s] Level 1:colcon.colcon_core.environment:checking '/home/ubuntu/ros2_rover/install/rover_motor_controller' for CMake config files
[3.462s] Level 1:colcon.colcon_core.environment:checking '/home/ubuntu/ros2_rover/install/rover_motor_controller/lib'
[3.462s] Level 1:colcon.colcon_core.environment:checking '/home/ubuntu/ros2_rover/install/rover_motor_controller/bin'
[3.463s] Level 1:colcon.colcon_core.environment:checking '/home/ubuntu/ros2_rover/install/rover_motor_controller/lib/pkgconfig/rover_motor_controller.pc'
[3.463s] Level 1:colcon.colcon_core.environment:checking '/home/ubuntu/ros2_rover/install/rover_motor_controller/lib/python3.12/site-packages'
[3.463s] Level 1:colcon.colcon_core.shell:create_environment_hook('rover_motor_controller', 'pythonpath')
[3.463s] INFO:colcon.colcon_core.shell:Creating environment hook '/home/ubuntu/ros2_rover/install/rover_motor_controller/share/rover_motor_controller/hook/pythonpath.ps1'
[3.463s] INFO:colcon.colcon_core.shell:Creating environment descriptor '/home/ubuntu/ros2_rover/install/rover_motor_controller/share/rover_motor_controller/hook/pythonpath.dsv'
[3.463s] INFO:colcon.colcon_core.shell:Creating environment hook '/home/ubuntu/ros2_rover/install/rover_motor_controller/share/rover_motor_controller/hook/pythonpath.sh'
[3.463s] Level 1:colcon.colcon_core.environment:checking '/home/ubuntu/ros2_rover/install/rover_motor_controller/bin'
[3.463s] Level 1:colcon.colcon_core.environment:create_environment_scripts_only(rover_motor_controller)
[3.463s] INFO:colcon.colcon_core.shell:Creating package script '/home/ubuntu/ros2_rover/install/rover_motor_controller/share/rover_motor_controller/package.ps1'
[3.464s] INFO:colcon.colcon_core.shell:Creating package descriptor '/home/ubuntu/ros2_rover/install/rover_motor_controller/share/rover_motor_controller/package.dsv'
[3.464s] INFO:colcon.colcon_core.shell:Creating package script '/home/ubuntu/ros2_rover/install/rover_motor_controller/share/rover_motor_controller/package.sh'
[3.464s] INFO:colcon.colcon_core.shell:Creating package script '/home/ubuntu/ros2_rover/install/rover_motor_controller/share/rover_motor_controller/package.bash'
[3.464s] INFO:colcon.colcon_core.shell:Creating package script '/home/ubuntu/ros2_rover/install/rover_motor_controller/share/rover_motor_controller/package.zsh'
[3.464s] Level 1:colcon.colcon_core.environment:create_file_with_runtime_dependencies(/home/ubuntu/ros2_rover/install/rover_motor_controller/share/colcon-core/packages/rover_motor_controller)
[3.566s] DEBUG:colcon.colcon_core.event_handler.log_command:Invoked command in '/home/ubuntu/ros2_rover/build/rover_motor_controller_cpp' returned '1': AMENT_PREFIX_PATH=/home/ubuntu/ros2_rover/install/rover_msgs:${AMENT_PREFIX_PATH} CMAKE_PREFIX_PATH=/home/ubuntu/ros2_rover/install/rover_msgs:/opt/ros/jazzy/opt/gz_sim_vendor:/opt/ros/jazzy/opt/gz_sensors_vendor:/opt/ros/jazzy/opt/gz_physics_vendor:/opt/ros/jazzy/opt/sdformat_vendor:/opt/ros/jazzy/opt/gz_gui_vendor:/opt/ros/jazzy/opt/gz_transport_vendor:/opt/ros/jazzy/opt/gz_rendering_vendor:/opt/ros/jazzy/opt/gz_plugin_vendor:/opt/ros/jazzy/opt/gz_fuel_tools_vendor:/opt/ros/jazzy/opt/gz_msgs_vendor:/opt/ros/jazzy/opt/gz_common_vendor:/opt/ros/jazzy/opt/gz_math_vendor:/opt/ros/jazzy/opt/gz_utils_vendor:/opt/ros/jazzy/opt/gz_tools_vendor:/opt/ros/jazzy/opt/gz_ogre_next_vendor:/opt/ros/jazzy/opt/gz_dartsim_vendor:/opt/ros/jazzy/opt/gz_cmake_vendor:/opt/ros/jazzy LD_LIBRARY_PATH=/home/ubuntu/ros2_rover/install/rover_msgs/lib:${LD_LIBRARY_PATH} PYTHONPATH=/home/ubuntu/ros2_rover/install/rover_msgs/lib/python3.12/site-packages:${PYTHONPATH} /usr/bin/cmake /home/ubuntu/ros2_rover/src/rover_motor_controller_cpp -DCMAKE_INSTALL_PREFIX=/home/ubuntu/ros2_rover/install/rover_motor_controller_cpp
[3.570s] Level 1:colcon.colcon_core.environment:create_environment_scripts_only(rover_motor_controller_cpp)
[3.570s] Level 1:colcon.colcon_core.environment:checking '/home/ubuntu/ros2_rover/install/rover_motor_controller_cpp' for CMake module files
[3.570s] Level 1:colcon.colcon_core.environment:checking '/home/ubuntu/ros2_rover/install/rover_motor_controller_cpp' for CMake config files
[3.571s] Level 1:colcon.colcon_core.environment:checking '/home/ubuntu/ros2_rover/install/rover_motor_controller_cpp/bin'
[3.571s] Level 1:colcon.colcon_core.environment:checking '/home/ubuntu/ros2_rover/install/rover_motor_controller_cpp/lib/pkgconfig/rover_motor_controller_cpp.pc'
[3.571s] Level 1:colcon.colcon_core.environment:checking '/home/ubuntu/ros2_rover/install/rover_motor_controller_cpp/lib/python3.12/site-packages'
[3.571s] Level 1:colcon.colcon_core.environment:checking '/home/ubuntu/ros2_rover/install/rover_motor_controller_cpp/bin'
[3.571s] INFO:colcon.colcon_core.shell:Creating package script '/home/ubuntu/ros2_rover/install/rover_motor_controller_cpp/share/rover_motor_controller_cpp/package.ps1'
[3.571s] INFO:colcon.colcon_core.shell:Creating package descriptor '/home/ubuntu/ros2_rover/install/rover_motor_controller_cpp/share/rover_motor_controller_cpp/package.dsv'
[3.571s] INFO:colcon.colcon_core.shell:Creating package script '/home/ubuntu/ros2_rover/install/rover_motor_controller_cpp/share/rover_motor_controller_cpp/package.sh'
[3.571s] INFO:colcon.colcon_core.shell:Creating package script '/home/ubuntu/ros2_rover/install/rover_motor_controller_cpp/share/rover_motor_controller_cpp/package.bash'
[3.571s] INFO:colcon.colcon_core.shell:Creating package script '/home/ubuntu/ros2_rover/install/rover_motor_controller_cpp/share/rover_motor_controller_cpp/package.zsh'
[3.572s] Level 1:colcon.colcon_core.environment:create_file_with_runtime_dependencies(/home/ubuntu/ros2_rover/install/rover_motor_controller_cpp/share/colcon-core/packages/rover_motor_controller_cpp)
[3.582s] DEBUG:colcon.colcon_parallel_executor.executor.parallel:closing loop
[3.582s] DEBUG:colcon.colcon_parallel_executor.executor.parallel:loop closed
[3.582s] DEBUG:colcon.colcon_parallel_executor.executor.parallel:run_until_complete finished with '1'
[3.582s] DEBUG:colcon.colcon_core.event_reactor:joining thread
[3.585s] INFO:colcon.colcon_core.plugin_system:Skipping extension 'colcon_notification.desktop_notification.terminal_notifier': Not used on non-Darwin systems
[3.585s] INFO:colcon.colcon_core.plugin_system:Skipping extension 'colcon_notification.desktop_notification.win32': Not used on non-Windows systems
[3.585s] INFO:colcon.colcon_notification.desktop_notification:Sending desktop notification using 'notify2'
[3.640s] DEBUG:colcon.colcon_core.event_reactor:joined thread
[3.641s] INFO:colcon.colcon_core.shell:Creating prefix script '/home/ubuntu/ros2_rover/install/local_setup.ps1'
[3.641s] INFO:colcon.colcon_core.shell:Creating prefix util module '/home/ubuntu/ros2_rover/install/_local_setup_util_ps1.py'
[3.642s] INFO:colcon.colcon_core.shell:Creating prefix chain script '/home/ubuntu/ros2_rover/install/setup.ps1'
[3.642s] INFO:colcon.colcon_core.shell:Creating prefix script '/home/ubuntu/ros2_rover/install/local_setup.sh'
[3.642s] INFO:colcon.colcon_core.shell:Creating prefix util module '/home/ubuntu/ros2_rover/install/_local_setup_util_sh.py'
[3.642s] INFO:colcon.colcon_core.shell:Creating prefix chain script '/home/ubuntu/ros2_rover/install/setup.sh'
[3.643s] INFO:colcon.colcon_core.shell:Creating prefix script '/home/ubuntu/ros2_rover/install/local_setup.bash'
[3.643s] INFO:colcon.colcon_core.shell:Creating prefix chain script '/home/ubuntu/ros2_rover/install/setup.bash'
[3.643s] INFO:colcon.colcon_core.shell:Creating prefix script '/home/ubuntu/ros2_rover/install/local_setup.zsh'
[3.643s] INFO:colcon.colcon_core.shell:Creating prefix chain script '/home/ubuntu/ros2_rover/install/setup.zsh'
