[0.097s] Invoking command in '/home/ubuntu/ros2_rover/build/rover_msgs': CMAKE_PREFIX_PATH=${CMAKE_PREFIX_PATH}:/home/ubuntu/ros2_rover/install/rover_teleop:/home/ubuntu/ros2_rover/install/rover_motor_controller:/opt/ros/jazzy /usr/bin/cmake --build /home/ubuntu/ros2_rover/build/rover_msgs -- -j10 -l10
[0.514s] [  2%] Built target rover_msgs__rosidl_generator_type_description
[0.523s] [  5%] Built target rover_msgs__rs
[0.525s] [  5%] Built target ament_cmake_python_copy_rover_msgs
[0.529s] [  8%] Built target rover_msgs__cpp
[0.546s] [ 22%] Built target rover_msgs__rosidl_generator_c
[0.572s] [ 31%] Built target rover_msgs__rosidl_typesupport_introspection_c
[0.579s] [ 54%] Built target rover_msgs__rosidl_typesupport_introspection_cpp
[0.581s] [ 62%] Built target rover_msgs__rosidl_typesupport_fastrtps_c
[0.581s] [ 74%] Built target rover_msgs__rosidl_typesupport_fastrtps_cpp
[0.581s] [ 71%] Built target rover_msgs__rosidl_typesupport_cpp
[0.581s] [ 71%] Built target rover_msgs__rosidl_typesupport_c
[0.594s] [ 74%] Built target rover_msgs
[0.620s] [ 77%] Built target rover_msgs__py
[0.651s] [ 82%] Built target rover_msgs__rosidl_generator_py
[0.665s] running egg_info
[0.667s] [ 88%] Built target rover_msgs_s__rosidl_typesupport_introspection_c
[0.678s] [ 94%] Built target rover_msgs_s__rosidl_typesupport_c
[0.680s] writing rover_msgs.egg-info/PKG-INFO
[0.680s] writing dependency_links to rover_msgs.egg-info/dependency_links.txt
[0.680s] writing top-level names to rover_msgs.egg-info/top_level.txt
[0.695s] [100%] Built target rover_msgs_s__rosidl_typesupport_fastrtps_c
[0.708s] reading manifest file 'rover_msgs.egg-info/SOURCES.txt'
[0.708s] writing manifest file 'rover_msgs.egg-info/SOURCES.txt'
[0.723s] [100%] Built target ament_cmake_python_build_rover_msgs_egg
[0.728s] Invoked command in '/home/ubuntu/ros2_rover/build/rover_msgs' returned '0': CMAKE_PREFIX_PATH=${CMAKE_PREFIX_PATH}:/home/ubuntu/ros2_rover/install/rover_teleop:/home/ubuntu/ros2_rover/install/rover_motor_controller:/opt/ros/jazzy /usr/bin/cmake --build /home/ubuntu/ros2_rover/build/rover_msgs -- -j10 -l10
[0.730s] Invoking command in '/home/ubuntu/ros2_rover/build/rover_msgs': CMAKE_PREFIX_PATH=${CMAKE_PREFIX_PATH}:/home/ubuntu/ros2_rover/install/rover_teleop:/home/ubuntu/ros2_rover/install/rover_motor_controller:/opt/ros/jazzy /usr/bin/cmake --install /home/ubuntu/ros2_rover/build/rover_msgs
[0.735s] -- Install configuration: ""
[0.735s] -- Up-to-date: /home/ubuntu/ros2_rover/install/rover_msgs/share/ament_index/resource_index/rosidl_interfaces/rover_msgs
[0.735s] -- Up-to-date: /home/ubuntu/ros2_rover/install/rover_msgs/share/rover_msgs/msg/MotorsCommand.json
[0.736s] -- Up-to-date: /home/ubuntu/ros2_rover/install/rover_msgs/include/rover_msgs/rover_msgs
[0.736s] -- Up-to-date: /home/ubuntu/ros2_rover/install/rover_msgs/include/rover_msgs/rover_msgs/msg
[0.736s] -- Up-to-date: /home/ubuntu/ros2_rover/install/rover_msgs/include/rover_msgs/rover_msgs/msg/detail
[0.736s] -- Up-to-date: /home/ubuntu/ros2_rover/install/rover_msgs/include/rover_msgs/rover_msgs/msg/detail/motors_command__functions.h
[0.736s] -- Up-to-date: /home/ubuntu/ros2_rover/install/rover_msgs/include/rover_msgs/rover_msgs/msg/detail/motors_command__description.c
[0.736s] -- Up-to-date: /home/ubuntu/ros2_rover/install/rover_msgs/include/rover_msgs/rover_msgs/msg/detail/motors_command__struct.h
[0.737s] -- Up-to-date: /home/ubuntu/ros2_rover/install/rover_msgs/include/rover_msgs/rover_msgs/msg/detail/motors_command__type_support.c
[0.738s] -- Up-to-date: /home/ubuntu/ros2_rover/install/rover_msgs/include/rover_msgs/rover_msgs/msg/detail/motors_command__type_support.h
[0.738s] -- Up-to-date: /home/ubuntu/ros2_rover/install/rover_msgs/include/rover_msgs/rover_msgs/msg/detail/motors_command__functions.c
[0.738s] -- Up-to-date: /home/ubuntu/ros2_rover/install/rover_msgs/include/rover_msgs/rover_msgs/msg/rosidl_generator_c__visibility_control.h
[0.738s] -- Up-to-date: /home/ubuntu/ros2_rover/install/rover_msgs/include/rover_msgs/rover_msgs/msg/motors_command.h
[0.738s] -- Up-to-date: /home/ubuntu/ros2_rover/install/rover_msgs/share/rover_msgs/environment/library_path.sh
[0.738s] -- Up-to-date: /home/ubuntu/ros2_rover/install/rover_msgs/share/rover_msgs/environment/library_path.dsv
[0.739s] -- Up-to-date: /home/ubuntu/ros2_rover/install/rover_msgs/lib/librover_msgs__rosidl_generator_c.so
[0.739s] -- Up-to-date: /home/ubuntu/ros2_rover/install/rover_msgs/include/rover_msgs/rover_msgs
[0.739s] -- Up-to-date: /home/ubuntu/ros2_rover/install/rover_msgs/include/rover_msgs/rover_msgs/msg
[0.739s] -- Up-to-date: /home/ubuntu/ros2_rover/install/rover_msgs/include/rover_msgs/rover_msgs/msg/detail
[0.739s] -- Up-to-date: /home/ubuntu/ros2_rover/install/rover_msgs/include/rover_msgs/rover_msgs/msg/detail/motors_command__rosidl_typesupport_fastrtps_c.h
[0.739s] -- Up-to-date: /home/ubuntu/ros2_rover/install/rover_msgs/include/rover_msgs/rover_msgs/msg/rosidl_typesupport_fastrtps_c__visibility_control.h
[0.740s] -- Up-to-date: /home/ubuntu/ros2_rover/install/rover_msgs/lib/librover_msgs__rosidl_typesupport_fastrtps_c.so
[0.740s] -- Up-to-date: /home/ubuntu/ros2_rover/install/rover_msgs/include/rover_msgs/rover_msgs
[0.740s] -- Up-to-date: /home/ubuntu/ros2_rover/install/rover_msgs/include/rover_msgs/rover_msgs/msg
[0.740s] -- Up-to-date: /home/ubuntu/ros2_rover/install/rover_msgs/include/rover_msgs/rover_msgs/msg/detail
[0.740s] -- Up-to-date: /home/ubuntu/ros2_rover/install/rover_msgs/include/rover_msgs/rover_msgs/msg/detail/motors_command__rosidl_typesupport_introspection_c.h
[0.740s] -- Up-to-date: /home/ubuntu/ros2_rover/install/rover_msgs/include/rover_msgs/rover_msgs/msg/detail/motors_command__type_support.c
[0.740s] -- Up-to-date: /home/ubuntu/ros2_rover/install/rover_msgs/include/rover_msgs/rover_msgs/msg/rosidl_typesupport_introspection_c__visibility_control.h
[0.741s] -- Up-to-date: /home/ubuntu/ros2_rover/install/rover_msgs/lib/librover_msgs__rosidl_typesupport_introspection_c.so
[0.742s] -- Up-to-date: /home/ubuntu/ros2_rover/install/rover_msgs/lib/librover_msgs__rosidl_typesupport_c.so
[0.742s] -- Up-to-date: /home/ubuntu/ros2_rover/install/rover_msgs/include/rover_msgs/rover_msgs
[0.742s] -- Up-to-date: /home/ubuntu/ros2_rover/install/rover_msgs/include/rover_msgs/rover_msgs/msg
[0.742s] -- Up-to-date: /home/ubuntu/ros2_rover/install/rover_msgs/include/rover_msgs/rover_msgs/msg/detail
[0.742s] -- Up-to-date: /home/ubuntu/ros2_rover/install/rover_msgs/include/rover_msgs/rover_msgs/msg/detail/motors_command__type_support.hpp
[0.742s] -- Up-to-date: /home/ubuntu/ros2_rover/install/rover_msgs/include/rover_msgs/rover_msgs/msg/detail/motors_command__struct.hpp
[0.742s] -- Up-to-date: /home/ubuntu/ros2_rover/install/rover_msgs/include/rover_msgs/rover_msgs/msg/detail/motors_command__traits.hpp
[0.743s] -- Up-to-date: /home/ubuntu/ros2_rover/install/rover_msgs/include/rover_msgs/rover_msgs/msg/detail/motors_command__builder.hpp
[0.743s] -- Up-to-date: /home/ubuntu/ros2_rover/install/rover_msgs/include/rover_msgs/rover_msgs/msg/motors_command.hpp
[0.743s] -- Up-to-date: /home/ubuntu/ros2_rover/install/rover_msgs/include/rover_msgs/rover_msgs/msg/rosidl_generator_cpp__visibility_control.hpp
[0.743s] -- Up-to-date: /home/ubuntu/ros2_rover/install/rover_msgs/include/rover_msgs/rover_msgs
[0.743s] -- Up-to-date: /home/ubuntu/ros2_rover/install/rover_msgs/include/rover_msgs/rover_msgs/msg
[0.743s] -- Up-to-date: /home/ubuntu/ros2_rover/install/rover_msgs/include/rover_msgs/rover_msgs/msg/detail
[0.743s] -- Up-to-date: /home/ubuntu/ros2_rover/install/rover_msgs/include/rover_msgs/rover_msgs/msg/detail/motors_command__rosidl_typesupport_fastrtps_cpp.hpp
[0.743s] -- Up-to-date: /home/ubuntu/ros2_rover/install/rover_msgs/include/rover_msgs/rover_msgs/msg/detail/dds_fastrtps
[0.743s] -- Up-to-date: /home/ubuntu/ros2_rover/install/rover_msgs/include/rover_msgs/rover_msgs/msg/rosidl_typesupport_fastrtps_cpp__visibility_control.h
[0.743s] -- Up-to-date: /home/ubuntu/ros2_rover/install/rover_msgs/lib/librover_msgs__rosidl_typesupport_fastrtps_cpp.so
[0.744s] -- Up-to-date: /home/ubuntu/ros2_rover/install/rover_msgs/include/rover_msgs/rover_msgs
[0.744s] -- Up-to-date: /home/ubuntu/ros2_rover/install/rover_msgs/include/rover_msgs/rover_msgs/msg
[0.744s] -- Up-to-date: /home/ubuntu/ros2_rover/install/rover_msgs/include/rover_msgs/rover_msgs/msg/detail
[0.744s] -- Up-to-date: /home/ubuntu/ros2_rover/install/rover_msgs/include/rover_msgs/rover_msgs/msg/detail/motors_command__rosidl_typesupport_introspection_cpp.hpp
[0.744s] -- Up-to-date: /home/ubuntu/ros2_rover/install/rover_msgs/include/rover_msgs/rover_msgs/msg/detail/motors_command__type_support.cpp
[0.744s] -- Up-to-date: /home/ubuntu/ros2_rover/install/rover_msgs/lib/librover_msgs__rosidl_typesupport_introspection_cpp.so
[0.744s] -- Up-to-date: /home/ubuntu/ros2_rover/install/rover_msgs/lib/librover_msgs__rosidl_typesupport_cpp.so
[0.744s] -- Up-to-date: /home/ubuntu/ros2_rover/install/rover_msgs/share/rover_msgs/environment/pythonpath.sh
[0.744s] -- Up-to-date: /home/ubuntu/ros2_rover/install/rover_msgs/share/rover_msgs/environment/pythonpath.dsv
[0.744s] -- Up-to-date: /home/ubuntu/ros2_rover/install/rover_msgs/lib/python3.12/site-packages/rover_msgs-2.0.0-py3.12.egg-info
[0.744s] -- Installing: /home/ubuntu/ros2_rover/install/rover_msgs/lib/python3.12/site-packages/rover_msgs-2.0.0-py3.12.egg-info/SOURCES.txt
[0.748s] -- Installing: /home/ubuntu/ros2_rover/install/rover_msgs/lib/python3.12/site-packages/rover_msgs-2.0.0-py3.12.egg-info/top_level.txt
[0.751s] -- Installing: /home/ubuntu/ros2_rover/install/rover_msgs/lib/python3.12/site-packages/rover_msgs-2.0.0-py3.12.egg-info/dependency_links.txt
[0.751s] -- Installing: /home/ubuntu/ros2_rover/install/rover_msgs/lib/python3.12/site-packages/rover_msgs-2.0.0-py3.12.egg-info/PKG-INFO
[0.757s] -- Up-to-date: /home/ubuntu/ros2_rover/install/rover_msgs/lib/python3.12/site-packages/rover_msgs
[0.757s] -- Up-to-date: /home/ubuntu/ros2_rover/install/rover_msgs/lib/python3.12/site-packages/rover_msgs/rover_msgs_s__rosidl_typesupport_fastrtps_c.so
[0.758s] -- Up-to-date: /home/ubuntu/ros2_rover/install/rover_msgs/lib/python3.12/site-packages/rover_msgs/rover_msgs_s__rosidl_typesupport_c.so
[0.758s] -- Up-to-date: /home/ubuntu/ros2_rover/install/rover_msgs/lib/python3.12/site-packages/rover_msgs/_rover_msgs_s.ep.rosidl_typesupport_introspection_c.c
[0.759s] -- Up-to-date: /home/ubuntu/ros2_rover/install/rover_msgs/lib/python3.12/site-packages/rover_msgs/msg
[0.759s] -- Up-to-date: /home/ubuntu/ros2_rover/install/rover_msgs/lib/python3.12/site-packages/rover_msgs/msg/_motors_command.py
[0.759s] -- Up-to-date: /home/ubuntu/ros2_rover/install/rover_msgs/lib/python3.12/site-packages/rover_msgs/msg/__init__.py
[0.759s] -- Up-to-date: /home/ubuntu/ros2_rover/install/rover_msgs/lib/python3.12/site-packages/rover_msgs/msg/_motors_command_s.c
[0.759s] -- Up-to-date: /home/ubuntu/ros2_rover/install/rover_msgs/lib/python3.12/site-packages/rover_msgs/rover_msgs_s__rosidl_typesupport_introspection_c.so
[0.759s] -- Up-to-date: /home/ubuntu/ros2_rover/install/rover_msgs/lib/python3.12/site-packages/rover_msgs/_rover_msgs_s.ep.rosidl_typesupport_c.c
[0.759s] -- Up-to-date: /home/ubuntu/ros2_rover/install/rover_msgs/lib/python3.12/site-packages/rover_msgs/_rover_msgs_s.ep.rosidl_typesupport_fastrtps_c.c
[0.759s] -- Up-to-date: /home/ubuntu/ros2_rover/install/rover_msgs/lib/python3.12/site-packages/rover_msgs/__init__.py
[0.779s] Listing '/home/ubuntu/ros2_rover/install/rover_msgs/lib/python3.12/site-packages/rover_msgs'...
[0.779s] Listing '/home/ubuntu/ros2_rover/install/rover_msgs/lib/python3.12/site-packages/rover_msgs/msg'...
[0.783s] -- Up-to-date: /home/ubuntu/ros2_rover/install/rover_msgs/lib/python3.12/site-packages/rover_msgs/rover_msgs_s__rosidl_typesupport_fastrtps_c.so
[0.783s] -- Up-to-date: /home/ubuntu/ros2_rover/install/rover_msgs/lib/python3.12/site-packages/rover_msgs/rover_msgs_s__rosidl_typesupport_introspection_c.so
[0.784s] -- Up-to-date: /home/ubuntu/ros2_rover/install/rover_msgs/lib/python3.12/site-packages/rover_msgs/rover_msgs_s__rosidl_typesupport_c.so
[0.784s] -- Up-to-date: /home/ubuntu/ros2_rover/install/rover_msgs/lib/librover_msgs__rosidl_generator_py.so
[0.785s] -- Up-to-date: /home/ubuntu/ros2_rover/install/rover_msgs/share/ament_index/resource_index/rust_packages/rover_msgs
[0.785s] -- Up-to-date: /home/ubuntu/ros2_rover/install/rover_msgs/share/rover_msgs/rust
[0.785s] -- Up-to-date: /home/ubuntu/ros2_rover/install/rover_msgs/share/rover_msgs/rust/src
[0.785s] -- Up-to-date: /home/ubuntu/ros2_rover/install/rover_msgs/share/rover_msgs/rust/src/lib.rs
[0.785s] -- Up-to-date: /home/ubuntu/ros2_rover/install/rover_msgs/share/rover_msgs/rust/src/msg.rs
[0.785s] -- Up-to-date: /home/ubuntu/ros2_rover/install/rover_msgs/share/rover_msgs/rust/src/msg
[0.785s] -- Up-to-date: /home/ubuntu/ros2_rover/install/rover_msgs/share/rover_msgs/rust/src/msg/rmw.rs
[0.785s] -- Up-to-date: /home/ubuntu/ros2_rover/install/rover_msgs/share/rover_msgs/rust/build.rs
[0.785s] -- Up-to-date: /home/ubuntu/ros2_rover/install/rover_msgs/share/rover_msgs/rust/Cargo.toml
[0.785s] -- Up-to-date: /home/ubuntu/ros2_rover/install/rover_msgs/share/rover_msgs/msg/MotorsCommand.idl
[0.785s] -- Up-to-date: /home/ubuntu/ros2_rover/install/rover_msgs/share/rover_msgs/msg/MotorsCommand.msg
[0.785s] -- Up-to-date: /home/ubuntu/ros2_rover/install/rover_msgs/share/ament_index/resource_index/package_run_dependencies/rover_msgs
[0.785s] -- Up-to-date: /home/ubuntu/ros2_rover/install/rover_msgs/share/ament_index/resource_index/parent_prefix_path/rover_msgs
[0.785s] -- Up-to-date: /home/ubuntu/ros2_rover/install/rover_msgs/share/rover_msgs/environment/ament_prefix_path.sh
[0.785s] -- Up-to-date: /home/ubuntu/ros2_rover/install/rover_msgs/share/rover_msgs/environment/ament_prefix_path.dsv
[0.785s] -- Up-to-date: /home/ubuntu/ros2_rover/install/rover_msgs/share/rover_msgs/environment/path.sh
[0.785s] -- Up-to-date: /home/ubuntu/ros2_rover/install/rover_msgs/share/rover_msgs/environment/path.dsv
[0.785s] -- Up-to-date: /home/ubuntu/ros2_rover/install/rover_msgs/share/rover_msgs/local_setup.bash
[0.786s] -- Up-to-date: /home/ubuntu/ros2_rover/install/rover_msgs/share/rover_msgs/local_setup.sh
[0.786s] -- Up-to-date: /home/ubuntu/ros2_rover/install/rover_msgs/share/rover_msgs/local_setup.zsh
[0.786s] -- Up-to-date: /home/ubuntu/ros2_rover/install/rover_msgs/share/rover_msgs/local_setup.dsv
[0.786s] -- Installing: /home/ubuntu/ros2_rover/install/rover_msgs/share/rover_msgs/package.dsv
[0.786s] -- Up-to-date: /home/ubuntu/ros2_rover/install/rover_msgs/share/ament_index/resource_index/packages/rover_msgs
[0.786s] -- Up-to-date: /home/ubuntu/ros2_rover/install/rover_msgs/share/rover_msgs/cmake/export_rover_msgs__rosidl_generator_cExport.cmake
[0.786s] -- Up-to-date: /home/ubuntu/ros2_rover/install/rover_msgs/share/rover_msgs/cmake/export_rover_msgs__rosidl_generator_cExport-noconfig.cmake
[0.786s] -- Up-to-date: /home/ubuntu/ros2_rover/install/rover_msgs/share/rover_msgs/cmake/export_rover_msgs__rosidl_typesupport_fastrtps_cExport.cmake
[0.787s] -- Up-to-date: /home/ubuntu/ros2_rover/install/rover_msgs/share/rover_msgs/cmake/export_rover_msgs__rosidl_typesupport_fastrtps_cExport-noconfig.cmake
[0.787s] -- Up-to-date: /home/ubuntu/ros2_rover/install/rover_msgs/share/rover_msgs/cmake/rover_msgs__rosidl_typesupport_introspection_cExport.cmake
[0.787s] -- Up-to-date: /home/ubuntu/ros2_rover/install/rover_msgs/share/rover_msgs/cmake/rover_msgs__rosidl_typesupport_introspection_cExport-noconfig.cmake
[0.787s] -- Up-to-date: /home/ubuntu/ros2_rover/install/rover_msgs/share/rover_msgs/cmake/rover_msgs__rosidl_typesupport_cExport.cmake
[0.787s] -- Up-to-date: /home/ubuntu/ros2_rover/install/rover_msgs/share/rover_msgs/cmake/rover_msgs__rosidl_typesupport_cExport-noconfig.cmake
[0.787s] -- Up-to-date: /home/ubuntu/ros2_rover/install/rover_msgs/share/rover_msgs/cmake/export_rover_msgs__rosidl_generator_cppExport.cmake
[0.787s] -- Up-to-date: /home/ubuntu/ros2_rover/install/rover_msgs/share/rover_msgs/cmake/export_rover_msgs__rosidl_typesupport_fastrtps_cppExport.cmake
[0.787s] -- Up-to-date: /home/ubuntu/ros2_rover/install/rover_msgs/share/rover_msgs/cmake/export_rover_msgs__rosidl_typesupport_fastrtps_cppExport-noconfig.cmake
[0.788s] -- Up-to-date: /home/ubuntu/ros2_rover/install/rover_msgs/share/rover_msgs/cmake/rover_msgs__rosidl_typesupport_introspection_cppExport.cmake
[0.788s] -- Up-to-date: /home/ubuntu/ros2_rover/install/rover_msgs/share/rover_msgs/cmake/rover_msgs__rosidl_typesupport_introspection_cppExport-noconfig.cmake
[0.788s] -- Up-to-date: /home/ubuntu/ros2_rover/install/rover_msgs/share/rover_msgs/cmake/rover_msgs__rosidl_typesupport_cppExport.cmake
[0.788s] -- Up-to-date: /home/ubuntu/ros2_rover/install/rover_msgs/share/rover_msgs/cmake/rover_msgs__rosidl_typesupport_cppExport-noconfig.cmake
[0.788s] -- Up-to-date: /home/ubuntu/ros2_rover/install/rover_msgs/share/rover_msgs/cmake/export_rover_msgs__rosidl_generator_pyExport.cmake
[0.788s] -- Up-to-date: /home/ubuntu/ros2_rover/install/rover_msgs/share/rover_msgs/cmake/export_rover_msgs__rosidl_generator_pyExport-noconfig.cmake
[0.788s] -- Up-to-date: /home/ubuntu/ros2_rover/install/rover_msgs/share/rover_msgs/cmake/rosidl_cmake-extras.cmake
[0.788s] -- Up-to-date: /home/ubuntu/ros2_rover/install/rover_msgs/share/rover_msgs/cmake/ament_cmake_export_include_directories-extras.cmake
[0.788s] -- Up-to-date: /home/ubuntu/ros2_rover/install/rover_msgs/share/rover_msgs/cmake/ament_cmake_export_libraries-extras.cmake
[0.788s] -- Up-to-date: /home/ubuntu/ros2_rover/install/rover_msgs/share/rover_msgs/cmake/ament_cmake_export_targets-extras.cmake
[0.788s] -- Up-to-date: /home/ubuntu/ros2_rover/install/rover_msgs/share/rover_msgs/cmake/rosidl_cmake_export_typesupport_targets-extras.cmake
[0.788s] -- Up-to-date: /home/ubuntu/ros2_rover/install/rover_msgs/share/rover_msgs/cmake/ament_cmake_export_dependencies-extras.cmake
[0.788s] -- Up-to-date: /home/ubuntu/ros2_rover/install/rover_msgs/share/rover_msgs/cmake/rosidl_cmake_export_typesupport_libraries-extras.cmake
[0.789s] -- Up-to-date: /home/ubuntu/ros2_rover/install/rover_msgs/share/rover_msgs/cmake/rosidl_cmake_aggregate_target-extras.cmake
[0.789s] -- Up-to-date: /home/ubuntu/ros2_rover/install/rover_msgs/share/rover_msgs/cmake/rover_msgsConfig.cmake
[0.789s] -- Up-to-date: /home/ubuntu/ros2_rover/install/rover_msgs/share/rover_msgs/cmake/rover_msgsConfig-version.cmake
[0.789s] -- Up-to-date: /home/ubuntu/ros2_rover/install/rover_msgs/share/rover_msgs/package.xml
[0.790s] Invoked command in '/home/ubuntu/ros2_rover/build/rover_msgs' returned '0': CMAKE_PREFIX_PATH=${CMAKE_PREFIX_PATH}:/home/ubuntu/ros2_rover/install/rover_teleop:/home/ubuntu/ros2_rover/install/rover_motor_controller:/opt/ros/jazzy /usr/bin/cmake --install /home/ubuntu/ros2_rover/build/rover_msgs
