[0.098s] DEBUG:colcon:Command line arguments: ['/usr/bin/colcon', 'build']
[0.098s] DEBUG:colcon:Parsed command line arguments: Namespace(log_base=None, log_level=None, verb_name='build', build_base='build', install_base='install', merge_install=False, symlink_install=False, test_result_base=None, continue_on_error=False, executor='parallel', parallel_workers=10, event_handlers=None, ignore_user_meta=False, metas=['./colcon.meta'], base_paths=['.'], packages_ignore=None, packages_ignore_regex=None, paths=None, packages_up_to=None, packages_up_to_regex=None, packages_above=None, packages_above_and_dependencies=None, packages_above_depth=None, packages_select_by_dep=None, packages_skip_by_dep=None, packages_skip_up_to=None, packages_select_build_failed=False, packages_skip_build_finished=False, packages_select_test_failures=False, packages_skip_test_passed=False, packages_select=None, packages_skip=None, packages_select_regex=None, packages_skip_regex=None, packages_start=None, packages_end=None, allow_overriding=[], cmake_args=None, cmake_target=None, cmake_target_skip_unavailable=False, cmake_clean_cache=False, cmake_clean_first=False, cmake_force_configure=False, ament_cmake_args=None, catkin_cmake_args=None, catkin_skip_building_tests=False, verb_parser=<colcon_defaults.argument_parser.defaults.DefaultArgumentsDecorator object at 0xffffb5fe9700>, verb_extension=<colcon_core.verb.build.BuildVerb object at 0xffffb5fe9490>, main=<bound method BuildVerb.main of <colcon_core.verb.build.BuildVerb object at 0xffffb5fe9490>>)
[0.121s] Level 1:colcon.colcon_core.package_discovery:discover_packages(colcon_meta) check parameters
[0.121s] Level 1:colcon.colcon_core.package_discovery:discover_packages(recursive) check parameters
[0.121s] Level 1:colcon.colcon_core.package_discovery:discover_packages(ignore) check parameters
[0.121s] Level 1:colcon.colcon_core.package_discovery:discover_packages(path) check parameters
[0.121s] Level 1:colcon.colcon_core.package_discovery:discover_packages(colcon_meta) discover
[0.121s] Level 1:colcon.colcon_core.package_discovery:discover_packages(recursive) discover
[0.121s] INFO:colcon.colcon_core.package_discovery:Crawling recursively for packages in '/home/ubuntu/ros2_rover'
[0.121s] Level 1:colcon.colcon_core.package_identification:_identify(.) by extensions ['ignore', 'ignore_ament_install']
[0.121s] Level 1:colcon.colcon_core.package_identification:_identify(.) by extension 'ignore'
[0.121s] Level 1:colcon.colcon_core.package_identification:_identify(.) by extension 'ignore_ament_install'
[0.121s] Level 1:colcon.colcon_core.package_identification:_identify(.) by extensions ['colcon_pkg']
[0.121s] Level 1:colcon.colcon_core.package_identification:_identify(.) by extension 'colcon_pkg'
[0.121s] Level 1:colcon.colcon_core.package_identification:_identify(.) by extensions ['colcon_meta']
[0.121s] Level 1:colcon.colcon_core.package_identification:_identify(.) by extension 'colcon_meta'
[0.121s] Level 1:colcon.colcon_core.package_identification:_identify(.) by extensions ['ros']
[0.121s] Level 1:colcon.colcon_core.package_identification:_identify(.) by extension 'ros'
[0.140s] Level 1:colcon.colcon_core.package_identification:_identify(.) by extensions ['cmake', 'python']
[0.140s] Level 1:colcon.colcon_core.package_identification:_identify(.) by extension 'cmake'
[0.140s] Level 1:colcon.colcon_core.package_identification:_identify(.) by extension 'python'
[0.140s] Level 1:colcon.colcon_core.package_identification:_identify(.) by extensions ['python_setup_py']
[0.140s] Level 1:colcon.colcon_core.package_identification:_identify(.) by extension 'python_setup_py'
[0.140s] Level 1:colcon.colcon_core.package_identification:_identify(build) by extensions ['ignore', 'ignore_ament_install']
[0.140s] Level 1:colcon.colcon_core.package_identification:_identify(build) by extension 'ignore'
[0.140s] Level 1:colcon.colcon_core.package_identification:_identify(build) ignored
[0.141s] Level 1:colcon.colcon_core.package_identification:_identify(install) by extensions ['ignore', 'ignore_ament_install']
[0.141s] Level 1:colcon.colcon_core.package_identification:_identify(install) by extension 'ignore'
[0.141s] Level 1:colcon.colcon_core.package_identification:_identify(install) ignored
[0.141s] Level 1:colcon.colcon_core.package_identification:_identify(log) by extensions ['ignore', 'ignore_ament_install']
[0.141s] Level 1:colcon.colcon_core.package_identification:_identify(log) by extension 'ignore'
[0.141s] Level 1:colcon.colcon_core.package_identification:_identify(log) ignored
[0.141s] Level 1:colcon.colcon_core.package_identification:_identify(src) by extensions ['ignore', 'ignore_ament_install']
[0.141s] Level 1:colcon.colcon_core.package_identification:_identify(src) by extension 'ignore'
[0.141s] Level 1:colcon.colcon_core.package_identification:_identify(src) by extension 'ignore_ament_install'
[0.141s] Level 1:colcon.colcon_core.package_identification:_identify(src) by extensions ['colcon_pkg']
[0.141s] Level 1:colcon.colcon_core.package_identification:_identify(src) by extension 'colcon_pkg'
[0.141s] Level 1:colcon.colcon_core.package_identification:_identify(src) by extensions ['colcon_meta']
[0.141s] Level 1:colcon.colcon_core.package_identification:_identify(src) by extension 'colcon_meta'
[0.141s] Level 1:colcon.colcon_core.package_identification:_identify(src) by extensions ['ros']
[0.141s] Level 1:colcon.colcon_core.package_identification:_identify(src) by extension 'ros'
[0.141s] Level 1:colcon.colcon_core.package_identification:_identify(src) by extensions ['cmake', 'python']
[0.141s] Level 1:colcon.colcon_core.package_identification:_identify(src) by extension 'cmake'
[0.141s] Level 1:colcon.colcon_core.package_identification:_identify(src) by extension 'python'
[0.141s] Level 1:colcon.colcon_core.package_identification:_identify(src) by extensions ['python_setup_py']
[0.141s] Level 1:colcon.colcon_core.package_identification:_identify(src) by extension 'python_setup_py'
[0.141s] Level 1:colcon.colcon_core.package_identification:_identify(src/rover_description) by extensions ['ignore', 'ignore_ament_install']
[0.141s] Level 1:colcon.colcon_core.package_identification:_identify(src/rover_description) by extension 'ignore'
[0.141s] Level 1:colcon.colcon_core.package_identification:_identify(src/rover_description) by extension 'ignore_ament_install'
[0.141s] Level 1:colcon.colcon_core.package_identification:_identify(src/rover_description) by extensions ['colcon_pkg']
[0.141s] Level 1:colcon.colcon_core.package_identification:_identify(src/rover_description) by extension 'colcon_pkg'
[0.141s] Level 1:colcon.colcon_core.package_identification:_identify(src/rover_description) by extensions ['colcon_meta']
[0.141s] Level 1:colcon.colcon_core.package_identification:_identify(src/rover_description) by extension 'colcon_meta'
[0.141s] Level 1:colcon.colcon_core.package_identification:_identify(src/rover_description) by extensions ['ros']
[0.141s] Level 1:colcon.colcon_core.package_identification:_identify(src/rover_description) by extension 'ros'
[0.142s] DEBUG:colcon.colcon_core.package_identification:Package 'src/rover_description' with type 'ros.ament_cmake' and name 'rover_description'
[0.142s] Level 1:colcon.colcon_core.package_identification:_identify(src/rover_gazebo) by extensions ['ignore', 'ignore_ament_install']
[0.142s] Level 1:colcon.colcon_core.package_identification:_identify(src/rover_gazebo) by extension 'ignore'
[0.142s] Level 1:colcon.colcon_core.package_identification:_identify(src/rover_gazebo) by extension 'ignore_ament_install'
[0.142s] Level 1:colcon.colcon_core.package_identification:_identify(src/rover_gazebo) by extensions ['colcon_pkg']
[0.142s] Level 1:colcon.colcon_core.package_identification:_identify(src/rover_gazebo) by extension 'colcon_pkg'
[0.142s] Level 1:colcon.colcon_core.package_identification:_identify(src/rover_gazebo) by extensions ['colcon_meta']
[0.142s] Level 1:colcon.colcon_core.package_identification:_identify(src/rover_gazebo) by extension 'colcon_meta'
[0.142s] Level 1:colcon.colcon_core.package_identification:_identify(src/rover_gazebo) by extensions ['ros']
[0.142s] Level 1:colcon.colcon_core.package_identification:_identify(src/rover_gazebo) by extension 'ros'
[0.143s] DEBUG:colcon.colcon_core.package_identification:Package 'src/rover_gazebo' with type 'ros.ament_cmake' and name 'rover_gazebo'
[0.143s] Level 1:colcon.colcon_core.package_identification:_identify(src/rover_localization) by extensions ['ignore', 'ignore_ament_install']
[0.143s] Level 1:colcon.colcon_core.package_identification:_identify(src/rover_localization) by extension 'ignore'
[0.143s] Level 1:colcon.colcon_core.package_identification:_identify(src/rover_localization) by extension 'ignore_ament_install'
[0.143s] Level 1:colcon.colcon_core.package_identification:_identify(src/rover_localization) by extensions ['colcon_pkg']
[0.143s] Level 1:colcon.colcon_core.package_identification:_identify(src/rover_localization) by extension 'colcon_pkg'
[0.143s] Level 1:colcon.colcon_core.package_identification:_identify(src/rover_localization) by extensions ['colcon_meta']
[0.143s] Level 1:colcon.colcon_core.package_identification:_identify(src/rover_localization) by extension 'colcon_meta'
[0.143s] Level 1:colcon.colcon_core.package_identification:_identify(src/rover_localization) by extensions ['ros']
[0.143s] Level 1:colcon.colcon_core.package_identification:_identify(src/rover_localization) by extension 'ros'
[0.143s] DEBUG:colcon.colcon_core.package_identification:Package 'src/rover_localization' with type 'ros.ament_cmake' and name 'rover_localization'
[0.143s] Level 1:colcon.colcon_core.package_identification:_identify(src/rover_motor_controller) by extensions ['ignore', 'ignore_ament_install']
[0.143s] Level 1:colcon.colcon_core.package_identification:_identify(src/rover_motor_controller) by extension 'ignore'
[0.143s] Level 1:colcon.colcon_core.package_identification:_identify(src/rover_motor_controller) by extension 'ignore_ament_install'
[0.143s] Level 1:colcon.colcon_core.package_identification:_identify(src/rover_motor_controller) by extensions ['colcon_pkg']
[0.143s] Level 1:colcon.colcon_core.package_identification:_identify(src/rover_motor_controller) by extension 'colcon_pkg'
[0.143s] Level 1:colcon.colcon_core.package_identification:_identify(src/rover_motor_controller) by extensions ['colcon_meta']
[0.143s] Level 1:colcon.colcon_core.package_identification:_identify(src/rover_motor_controller) by extension 'colcon_meta'
[0.143s] Level 1:colcon.colcon_core.package_identification:_identify(src/rover_motor_controller) by extensions ['ros']
[0.143s] Level 1:colcon.colcon_core.package_identification:_identify(src/rover_motor_controller) by extension 'ros'
[0.144s] DEBUG:colcon.colcon_core.package_identification:Package 'src/rover_motor_controller' with type 'ros.ament_python' and name 'rover_motor_controller'
[0.144s] Level 1:colcon.colcon_core.package_identification:_identify(src/rover_motor_controller_cpp) by extensions ['ignore', 'ignore_ament_install']
[0.144s] Level 1:colcon.colcon_core.package_identification:_identify(src/rover_motor_controller_cpp) by extension 'ignore'
[0.144s] Level 1:colcon.colcon_core.package_identification:_identify(src/rover_motor_controller_cpp) by extension 'ignore_ament_install'
[0.144s] Level 1:colcon.colcon_core.package_identification:_identify(src/rover_motor_controller_cpp) by extensions ['colcon_pkg']
[0.144s] Level 1:colcon.colcon_core.package_identification:_identify(src/rover_motor_controller_cpp) by extension 'colcon_pkg'
[0.144s] Level 1:colcon.colcon_core.package_identification:_identify(src/rover_motor_controller_cpp) by extensions ['colcon_meta']
[0.144s] Level 1:colcon.colcon_core.package_identification:_identify(src/rover_motor_controller_cpp) by extension 'colcon_meta'
[0.144s] Level 1:colcon.colcon_core.package_identification:_identify(src/rover_motor_controller_cpp) by extensions ['ros']
[0.144s] Level 1:colcon.colcon_core.package_identification:_identify(src/rover_motor_controller_cpp) by extension 'ros'
[0.144s] DEBUG:colcon.colcon_core.package_identification:Package 'src/rover_motor_controller_cpp' with type 'ros.ament_cmake' and name 'rover_motor_controller_cpp'
[0.144s] Level 1:colcon.colcon_core.package_identification:_identify(src/rover_msgs) by extensions ['ignore', 'ignore_ament_install']
[0.144s] Level 1:colcon.colcon_core.package_identification:_identify(src/rover_msgs) by extension 'ignore'
[0.144s] Level 1:colcon.colcon_core.package_identification:_identify(src/rover_msgs) by extension 'ignore_ament_install'
[0.144s] Level 1:colcon.colcon_core.package_identification:_identify(src/rover_msgs) by extensions ['colcon_pkg']
[0.144s] Level 1:colcon.colcon_core.package_identification:_identify(src/rover_msgs) by extension 'colcon_pkg'
[0.144s] Level 1:colcon.colcon_core.package_identification:_identify(src/rover_msgs) by extensions ['colcon_meta']
[0.144s] Level 1:colcon.colcon_core.package_identification:_identify(src/rover_msgs) by extension 'colcon_meta'
[0.144s] Level 1:colcon.colcon_core.package_identification:_identify(src/rover_msgs) by extensions ['ros']
[0.144s] Level 1:colcon.colcon_core.package_identification:_identify(src/rover_msgs) by extension 'ros'
[0.144s] DEBUG:colcon.colcon_core.package_identification:Package 'src/rover_msgs' with type 'ros.ament_cmake' and name 'rover_msgs'
[0.144s] Level 1:colcon.colcon_core.package_identification:_identify(src/rover_navigation) by extensions ['ignore', 'ignore_ament_install']
[0.144s] Level 1:colcon.colcon_core.package_identification:_identify(src/rover_navigation) by extension 'ignore'
[0.144s] Level 1:colcon.colcon_core.package_identification:_identify(src/rover_navigation) by extension 'ignore_ament_install'
[0.144s] Level 1:colcon.colcon_core.package_identification:_identify(src/rover_navigation) by extensions ['colcon_pkg']
[0.144s] Level 1:colcon.colcon_core.package_identification:_identify(src/rover_navigation) by extension 'colcon_pkg'
[0.144s] Level 1:colcon.colcon_core.package_identification:_identify(src/rover_navigation) by extensions ['colcon_meta']
[0.144s] Level 1:colcon.colcon_core.package_identification:_identify(src/rover_navigation) by extension 'colcon_meta'
[0.144s] Level 1:colcon.colcon_core.package_identification:_identify(src/rover_navigation) by extensions ['ros']
[0.144s] Level 1:colcon.colcon_core.package_identification:_identify(src/rover_navigation) by extension 'ros'
[0.145s] DEBUG:colcon.colcon_core.package_identification:Package 'src/rover_navigation' with type 'ros.ament_cmake' and name 'rover_navigation'
[0.145s] Level 1:colcon.colcon_core.package_identification:_identify(src/rover_service) by extensions ['ignore', 'ignore_ament_install']
[0.145s] Level 1:colcon.colcon_core.package_identification:_identify(src/rover_service) by extension 'ignore'
[0.145s] Level 1:colcon.colcon_core.package_identification:_identify(src/rover_service) by extension 'ignore_ament_install'
[0.145s] Level 1:colcon.colcon_core.package_identification:_identify(src/rover_service) by extensions ['colcon_pkg']
[0.145s] Level 1:colcon.colcon_core.package_identification:_identify(src/rover_service) by extension 'colcon_pkg'
[0.145s] Level 1:colcon.colcon_core.package_identification:_identify(src/rover_service) by extensions ['colcon_meta']
[0.145s] Level 1:colcon.colcon_core.package_identification:_identify(src/rover_service) by extension 'colcon_meta'
[0.145s] Level 1:colcon.colcon_core.package_identification:_identify(src/rover_service) by extensions ['ros']
[0.145s] Level 1:colcon.colcon_core.package_identification:_identify(src/rover_service) by extension 'ros'
[0.145s] Level 1:colcon.colcon_core.package_identification:_identify(src/rover_service) by extensions ['cmake', 'python']
[0.145s] Level 1:colcon.colcon_core.package_identification:_identify(src/rover_service) by extension 'cmake'
[0.145s] Level 1:colcon.colcon_core.package_identification:_identify(src/rover_service) by extension 'python'
[0.145s] Level 1:colcon.colcon_core.package_identification:_identify(src/rover_service) by extensions ['python_setup_py']
[0.145s] Level 1:colcon.colcon_core.package_identification:_identify(src/rover_service) by extension 'python_setup_py'
[0.145s] Level 1:colcon.colcon_core.package_identification:_identify(src/rover_teleop) by extensions ['ignore', 'ignore_ament_install']
[0.145s] Level 1:colcon.colcon_core.package_identification:_identify(src/rover_teleop) by extension 'ignore'
[0.145s] Level 1:colcon.colcon_core.package_identification:_identify(src/rover_teleop) by extension 'ignore_ament_install'
[0.145s] Level 1:colcon.colcon_core.package_identification:_identify(src/rover_teleop) by extensions ['colcon_pkg']
[0.145s] Level 1:colcon.colcon_core.package_identification:_identify(src/rover_teleop) by extension 'colcon_pkg'
[0.145s] Level 1:colcon.colcon_core.package_identification:_identify(src/rover_teleop) by extensions ['colcon_meta']
[0.145s] Level 1:colcon.colcon_core.package_identification:_identify(src/rover_teleop) by extension 'colcon_meta'
[0.145s] Level 1:colcon.colcon_core.package_identification:_identify(src/rover_teleop) by extensions ['ros']
[0.145s] Level 1:colcon.colcon_core.package_identification:_identify(src/rover_teleop) by extension 'ros'
[0.145s] DEBUG:colcon.colcon_core.package_identification:Package 'src/rover_teleop' with type 'ros.ament_python' and name 'rover_teleop'
[0.145s] Level 1:colcon.colcon_core.package_discovery:discover_packages(recursive) using defaults
[0.145s] Level 1:colcon.colcon_core.package_discovery:discover_packages(ignore) discover
[0.145s] Level 1:colcon.colcon_core.package_discovery:discover_packages(ignore) using defaults
[0.145s] Level 1:colcon.colcon_core.package_discovery:discover_packages(path) discover
[0.145s] Level 1:colcon.colcon_core.package_discovery:discover_packages(path) using defaults
[0.161s] Level 1:colcon.colcon_core.package_discovery:discover_packages(prefix_path) check parameters
[0.161s] Level 1:colcon.colcon_core.package_discovery:discover_packages(prefix_path) discover
[0.163s] DEBUG:colcon.colcon_installed_package_information.package_discovery:Found 516 installed packages in /opt/ros/jazzy
[0.164s] Level 1:colcon.colcon_core.package_discovery:discover_packages(prefix_path) using defaults
[0.207s] Level 5:colcon.colcon_core.verb:set package 'rover_description' build argument 'cmake_args' from command line to 'None'
[0.207s] Level 5:colcon.colcon_core.verb:set package 'rover_description' build argument 'cmake_target' from command line to 'None'
[0.207s] Level 5:colcon.colcon_core.verb:set package 'rover_description' build argument 'cmake_target_skip_unavailable' from command line to 'False'
[0.207s] Level 5:colcon.colcon_core.verb:set package 'rover_description' build argument 'cmake_clean_cache' from command line to 'False'
[0.207s] Level 5:colcon.colcon_core.verb:set package 'rover_description' build argument 'cmake_clean_first' from command line to 'False'
[0.207s] Level 5:colcon.colcon_core.verb:set package 'rover_description' build argument 'cmake_force_configure' from command line to 'False'
[0.207s] Level 5:colcon.colcon_core.verb:set package 'rover_description' build argument 'ament_cmake_args' from command line to 'None'
[0.207s] Level 5:colcon.colcon_core.verb:set package 'rover_description' build argument 'catkin_cmake_args' from command line to 'None'
[0.207s] Level 5:colcon.colcon_core.verb:set package 'rover_description' build argument 'catkin_skip_building_tests' from command line to 'False'
[0.207s] DEBUG:colcon.colcon_core.verb:Building package 'rover_description' with the following arguments: {'ament_cmake_args': None, 'build_base': '/home/ubuntu/ros2_rover/build/rover_description', 'catkin_cmake_args': None, 'catkin_skip_building_tests': False, 'cmake_args': None, 'cmake_clean_cache': False, 'cmake_clean_first': False, 'cmake_force_configure': False, 'cmake_target': None, 'cmake_target_skip_unavailable': False, 'install_base': '/home/ubuntu/ros2_rover/install/rover_description', 'merge_install': False, 'path': '/home/ubuntu/ros2_rover/src/rover_description', 'symlink_install': False, 'test_result_base': None}
[0.207s] Level 5:colcon.colcon_core.verb:set package 'rover_localization' build argument 'cmake_args' from command line to 'None'
[0.207s] Level 5:colcon.colcon_core.verb:set package 'rover_localization' build argument 'cmake_target' from command line to 'None'
[0.207s] Level 5:colcon.colcon_core.verb:set package 'rover_localization' build argument 'cmake_target_skip_unavailable' from command line to 'False'
[0.207s] Level 5:colcon.colcon_core.verb:set package 'rover_localization' build argument 'cmake_clean_cache' from command line to 'False'
[0.207s] Level 5:colcon.colcon_core.verb:set package 'rover_localization' build argument 'cmake_clean_first' from command line to 'False'
[0.207s] Level 5:colcon.colcon_core.verb:set package 'rover_localization' build argument 'cmake_force_configure' from command line to 'False'
[0.207s] Level 5:colcon.colcon_core.verb:set package 'rover_localization' build argument 'ament_cmake_args' from command line to 'None'
[0.207s] Level 5:colcon.colcon_core.verb:set package 'rover_localization' build argument 'catkin_cmake_args' from command line to 'None'
[0.207s] Level 5:colcon.colcon_core.verb:set package 'rover_localization' build argument 'catkin_skip_building_tests' from command line to 'False'
[0.207s] DEBUG:colcon.colcon_core.verb:Building package 'rover_localization' with the following arguments: {'ament_cmake_args': None, 'build_base': '/home/ubuntu/ros2_rover/build/rover_localization', 'catkin_cmake_args': None, 'catkin_skip_building_tests': False, 'cmake_args': None, 'cmake_clean_cache': False, 'cmake_clean_first': False, 'cmake_force_configure': False, 'cmake_target': None, 'cmake_target_skip_unavailable': False, 'install_base': '/home/ubuntu/ros2_rover/install/rover_localization', 'merge_install': False, 'path': '/home/ubuntu/ros2_rover/src/rover_localization', 'symlink_install': False, 'test_result_base': None}
[0.207s] Level 5:colcon.colcon_core.verb:set package 'rover_msgs' build argument 'cmake_args' from command line to 'None'
[0.207s] Level 5:colcon.colcon_core.verb:set package 'rover_msgs' build argument 'cmake_target' from command line to 'None'
[0.207s] Level 5:colcon.colcon_core.verb:set package 'rover_msgs' build argument 'cmake_target_skip_unavailable' from command line to 'False'
[0.207s] Level 5:colcon.colcon_core.verb:set package 'rover_msgs' build argument 'cmake_clean_cache' from command line to 'False'
[0.207s] Level 5:colcon.colcon_core.verb:set package 'rover_msgs' build argument 'cmake_clean_first' from command line to 'False'
[0.207s] Level 5:colcon.colcon_core.verb:set package 'rover_msgs' build argument 'cmake_force_configure' from command line to 'False'
[0.207s] Level 5:colcon.colcon_core.verb:set package 'rover_msgs' build argument 'ament_cmake_args' from command line to 'None'
[0.207s] Level 5:colcon.colcon_core.verb:set package 'rover_msgs' build argument 'catkin_cmake_args' from command line to 'None'
[0.207s] Level 5:colcon.colcon_core.verb:set package 'rover_msgs' build argument 'catkin_skip_building_tests' from command line to 'False'
[0.207s] DEBUG:colcon.colcon_core.verb:Building package 'rover_msgs' with the following arguments: {'ament_cmake_args': None, 'build_base': '/home/ubuntu/ros2_rover/build/rover_msgs', 'catkin_cmake_args': None, 'catkin_skip_building_tests': False, 'cmake_args': None, 'cmake_clean_cache': False, 'cmake_clean_first': False, 'cmake_force_configure': False, 'cmake_target': None, 'cmake_target_skip_unavailable': False, 'install_base': '/home/ubuntu/ros2_rover/install/rover_msgs', 'merge_install': False, 'path': '/home/ubuntu/ros2_rover/src/rover_msgs', 'symlink_install': False, 'test_result_base': None}
[0.207s] Level 5:colcon.colcon_core.verb:set package 'rover_navigation' build argument 'cmake_args' from command line to 'None'
[0.207s] Level 5:colcon.colcon_core.verb:set package 'rover_navigation' build argument 'cmake_target' from command line to 'None'
[0.207s] Level 5:colcon.colcon_core.verb:set package 'rover_navigation' build argument 'cmake_target_skip_unavailable' from command line to 'False'
[0.207s] Level 5:colcon.colcon_core.verb:set package 'rover_navigation' build argument 'cmake_clean_cache' from command line to 'False'
[0.207s] Level 5:colcon.colcon_core.verb:set package 'rover_navigation' build argument 'cmake_clean_first' from command line to 'False'
[0.207s] Level 5:colcon.colcon_core.verb:set package 'rover_navigation' build argument 'cmake_force_configure' from command line to 'False'
[0.207s] Level 5:colcon.colcon_core.verb:set package 'rover_navigation' build argument 'ament_cmake_args' from command line to 'None'
[0.207s] Level 5:colcon.colcon_core.verb:set package 'rover_navigation' build argument 'catkin_cmake_args' from command line to 'None'
[0.207s] Level 5:colcon.colcon_core.verb:set package 'rover_navigation' build argument 'catkin_skip_building_tests' from command line to 'False'
[0.207s] DEBUG:colcon.colcon_core.verb:Building package 'rover_navigation' with the following arguments: {'ament_cmake_args': None, 'build_base': '/home/ubuntu/ros2_rover/build/rover_navigation', 'catkin_cmake_args': None, 'catkin_skip_building_tests': False, 'cmake_args': None, 'cmake_clean_cache': False, 'cmake_clean_first': False, 'cmake_force_configure': False, 'cmake_target': None, 'cmake_target_skip_unavailable': False, 'install_base': '/home/ubuntu/ros2_rover/install/rover_navigation', 'merge_install': False, 'path': '/home/ubuntu/ros2_rover/src/rover_navigation', 'symlink_install': False, 'test_result_base': None}
[0.207s] Level 5:colcon.colcon_core.verb:set package 'rover_teleop' build argument 'cmake_args' from command line to 'None'
[0.207s] Level 5:colcon.colcon_core.verb:set package 'rover_teleop' build argument 'cmake_target' from command line to 'None'
[0.207s] Level 5:colcon.colcon_core.verb:set package 'rover_teleop' build argument 'cmake_target_skip_unavailable' from command line to 'False'
[0.207s] Level 5:colcon.colcon_core.verb:set package 'rover_teleop' build argument 'cmake_clean_cache' from command line to 'False'
[0.207s] Level 5:colcon.colcon_core.verb:set package 'rover_teleop' build argument 'cmake_clean_first' from command line to 'False'
[0.207s] Level 5:colcon.colcon_core.verb:set package 'rover_teleop' build argument 'cmake_force_configure' from command line to 'False'
[0.207s] Level 5:colcon.colcon_core.verb:set package 'rover_teleop' build argument 'ament_cmake_args' from command line to 'None'
[0.207s] Level 5:colcon.colcon_core.verb:set package 'rover_teleop' build argument 'catkin_cmake_args' from command line to 'None'
[0.207s] Level 5:colcon.colcon_core.verb:set package 'rover_teleop' build argument 'catkin_skip_building_tests' from command line to 'False'
[0.207s] DEBUG:colcon.colcon_core.verb:Building package 'rover_teleop' with the following arguments: {'ament_cmake_args': None, 'build_base': '/home/ubuntu/ros2_rover/build/rover_teleop', 'catkin_cmake_args': None, 'catkin_skip_building_tests': False, 'cmake_args': None, 'cmake_clean_cache': False, 'cmake_clean_first': False, 'cmake_force_configure': False, 'cmake_target': None, 'cmake_target_skip_unavailable': False, 'install_base': '/home/ubuntu/ros2_rover/install/rover_teleop', 'merge_install': False, 'path': '/home/ubuntu/ros2_rover/src/rover_teleop', 'symlink_install': False, 'test_result_base': None}
[0.208s] Level 5:colcon.colcon_core.verb:set package 'rover_motor_controller' build argument 'cmake_args' from command line to 'None'
[0.208s] Level 5:colcon.colcon_core.verb:set package 'rover_motor_controller' build argument 'cmake_target' from command line to 'None'
[0.208s] Level 5:colcon.colcon_core.verb:set package 'rover_motor_controller' build argument 'cmake_target_skip_unavailable' from command line to 'False'
[0.208s] Level 5:colcon.colcon_core.verb:set package 'rover_motor_controller' build argument 'cmake_clean_cache' from command line to 'False'
[0.208s] Level 5:colcon.colcon_core.verb:set package 'rover_motor_controller' build argument 'cmake_clean_first' from command line to 'False'
[0.208s] Level 5:colcon.colcon_core.verb:set package 'rover_motor_controller' build argument 'cmake_force_configure' from command line to 'False'
[0.208s] Level 5:colcon.colcon_core.verb:set package 'rover_motor_controller' build argument 'ament_cmake_args' from command line to 'None'
[0.208s] Level 5:colcon.colcon_core.verb:set package 'rover_motor_controller' build argument 'catkin_cmake_args' from command line to 'None'
[0.208s] Level 5:colcon.colcon_core.verb:set package 'rover_motor_controller' build argument 'catkin_skip_building_tests' from command line to 'False'
[0.208s] DEBUG:colcon.colcon_core.verb:Building package 'rover_motor_controller' with the following arguments: {'ament_cmake_args': None, 'build_base': '/home/ubuntu/ros2_rover/build/rover_motor_controller', 'catkin_cmake_args': None, 'catkin_skip_building_tests': False, 'cmake_args': None, 'cmake_clean_cache': False, 'cmake_clean_first': False, 'cmake_force_configure': False, 'cmake_target': None, 'cmake_target_skip_unavailable': False, 'install_base': '/home/ubuntu/ros2_rover/install/rover_motor_controller', 'merge_install': False, 'path': '/home/ubuntu/ros2_rover/src/rover_motor_controller', 'symlink_install': False, 'test_result_base': None}
[0.208s] Level 5:colcon.colcon_core.verb:set package 'rover_motor_controller_cpp' build argument 'cmake_args' from command line to 'None'
[0.208s] Level 5:colcon.colcon_core.verb:set package 'rover_motor_controller_cpp' build argument 'cmake_target' from command line to 'None'
[0.208s] Level 5:colcon.colcon_core.verb:set package 'rover_motor_controller_cpp' build argument 'cmake_target_skip_unavailable' from command line to 'False'
[0.208s] Level 5:colcon.colcon_core.verb:set package 'rover_motor_controller_cpp' build argument 'cmake_clean_cache' from command line to 'False'
[0.208s] Level 5:colcon.colcon_core.verb:set package 'rover_motor_controller_cpp' build argument 'cmake_clean_first' from command line to 'False'
[0.208s] Level 5:colcon.colcon_core.verb:set package 'rover_motor_controller_cpp' build argument 'cmake_force_configure' from command line to 'False'
[0.208s] Level 5:colcon.colcon_core.verb:set package 'rover_motor_controller_cpp' build argument 'ament_cmake_args' from command line to 'None'
[0.208s] Level 5:colcon.colcon_core.verb:set package 'rover_motor_controller_cpp' build argument 'catkin_cmake_args' from command line to 'None'
[0.208s] Level 5:colcon.colcon_core.verb:set package 'rover_motor_controller_cpp' build argument 'catkin_skip_building_tests' from command line to 'False'
[0.208s] DEBUG:colcon.colcon_core.verb:Building package 'rover_motor_controller_cpp' with the following arguments: {'ament_cmake_args': None, 'build_base': '/home/ubuntu/ros2_rover/build/rover_motor_controller_cpp', 'catkin_cmake_args': None, 'catkin_skip_building_tests': False, 'cmake_args': None, 'cmake_clean_cache': False, 'cmake_clean_first': False, 'cmake_force_configure': False, 'cmake_target': None, 'cmake_target_skip_unavailable': False, 'install_base': '/home/ubuntu/ros2_rover/install/rover_motor_controller_cpp', 'merge_install': False, 'path': '/home/ubuntu/ros2_rover/src/rover_motor_controller_cpp', 'symlink_install': False, 'test_result_base': None}
[0.208s] Level 5:colcon.colcon_core.verb:set package 'rover_gazebo' build argument 'cmake_args' from command line to 'None'
[0.208s] Level 5:colcon.colcon_core.verb:set package 'rover_gazebo' build argument 'cmake_target' from command line to 'None'
[0.208s] Level 5:colcon.colcon_core.verb:set package 'rover_gazebo' build argument 'cmake_target_skip_unavailable' from command line to 'False'
[0.208s] Level 5:colcon.colcon_core.verb:set package 'rover_gazebo' build argument 'cmake_clean_cache' from command line to 'False'
[0.208s] Level 5:colcon.colcon_core.verb:set package 'rover_gazebo' build argument 'cmake_clean_first' from command line to 'False'
[0.208s] Level 5:colcon.colcon_core.verb:set package 'rover_gazebo' build argument 'cmake_force_configure' from command line to 'False'
[0.208s] Level 5:colcon.colcon_core.verb:set package 'rover_gazebo' build argument 'ament_cmake_args' from command line to 'None'
[0.208s] Level 5:colcon.colcon_core.verb:set package 'rover_gazebo' build argument 'catkin_cmake_args' from command line to 'None'
[0.208s] Level 5:colcon.colcon_core.verb:set package 'rover_gazebo' build argument 'catkin_skip_building_tests' from command line to 'False'
[0.208s] DEBUG:colcon.colcon_core.verb:Building package 'rover_gazebo' with the following arguments: {'ament_cmake_args': None, 'build_base': '/home/ubuntu/ros2_rover/build/rover_gazebo', 'catkin_cmake_args': None, 'catkin_skip_building_tests': False, 'cmake_args': None, 'cmake_clean_cache': False, 'cmake_clean_first': False, 'cmake_force_configure': False, 'cmake_target': None, 'cmake_target_skip_unavailable': False, 'install_base': '/home/ubuntu/ros2_rover/install/rover_gazebo', 'merge_install': False, 'path': '/home/ubuntu/ros2_rover/src/rover_gazebo', 'symlink_install': False, 'test_result_base': None}
[0.208s] INFO:colcon.colcon_core.executor:Executing jobs using 'parallel' executor
[0.208s] DEBUG:colcon.colcon_parallel_executor.executor.parallel:run_until_complete
[0.209s] INFO:colcon.colcon_ros.task.ament_cmake.build:Building ROS package in '/home/ubuntu/ros2_rover/src/rover_msgs' with build type 'ament_cmake'
[0.209s] INFO:colcon.colcon_cmake.task.cmake.build:Building CMake package in '/home/ubuntu/ros2_rover/src/rover_msgs'
[0.210s] INFO:colcon.colcon_core.plugin_system:Skipping extension 'colcon_core.shell.bat': Not used on non-Windows systems
[0.210s] INFO:colcon.colcon_core.shell:Skip shell extension 'powershell' for command environment: Not usable outside of PowerShell
[0.210s] DEBUG:colcon.colcon_core.shell:Skip shell extension 'dsv' for command environment
[0.212s] INFO:colcon.colcon_ros.task.ament_cmake.build:Building ROS package in '/home/ubuntu/ros2_rover/src/rover_description' with build type 'ament_cmake'
[0.212s] INFO:colcon.colcon_cmake.task.cmake.build:Building CMake package in '/home/ubuntu/ros2_rover/src/rover_description'
[0.212s] INFO:colcon.colcon_core.shell:Skip shell extension 'powershell' for command environment: Not usable outside of PowerShell
[0.212s] DEBUG:colcon.colcon_core.shell:Skip shell extension 'dsv' for command environment
[0.214s] INFO:colcon.colcon_ros.task.ament_cmake.build:Building ROS package in '/home/ubuntu/ros2_rover/src/rover_localization' with build type 'ament_cmake'
[0.214s] INFO:colcon.colcon_cmake.task.cmake.build:Building CMake package in '/home/ubuntu/ros2_rover/src/rover_localization'
[0.214s] INFO:colcon.colcon_core.shell:Skip shell extension 'powershell' for command environment: Not usable outside of PowerShell
[0.214s] DEBUG:colcon.colcon_core.shell:Skip shell extension 'dsv' for command environment
[0.216s] INFO:colcon.colcon_ros.task.ament_cmake.build:Building ROS package in '/home/ubuntu/ros2_rover/src/rover_navigation' with build type 'ament_cmake'
[0.216s] INFO:colcon.colcon_cmake.task.cmake.build:Building CMake package in '/home/ubuntu/ros2_rover/src/rover_navigation'
[0.216s] INFO:colcon.colcon_core.shell:Skip shell extension 'powershell' for command environment: Not usable outside of PowerShell
[0.216s] DEBUG:colcon.colcon_core.shell:Skip shell extension 'dsv' for command environment
[0.218s] INFO:colcon.colcon_ros.task.ament_python.build:Building ROS package in '/home/ubuntu/ros2_rover/src/rover_teleop' with build type 'ament_python'
[0.218s] Level 1:colcon.colcon_core.shell:create_environment_hook('rover_teleop', 'ament_prefix_path')
[0.218s] INFO:colcon.colcon_core.shell:Creating environment hook '/home/ubuntu/ros2_rover/install/rover_teleop/share/rover_teleop/hook/ament_prefix_path.ps1'
[0.218s] INFO:colcon.colcon_core.shell:Creating environment descriptor '/home/ubuntu/ros2_rover/install/rover_teleop/share/rover_teleop/hook/ament_prefix_path.dsv'
[0.218s] INFO:colcon.colcon_core.shell:Creating environment hook '/home/ubuntu/ros2_rover/install/rover_teleop/share/rover_teleop/hook/ament_prefix_path.sh'
[0.218s] INFO:colcon.colcon_core.shell:Skip shell extension 'powershell' for command environment: Not usable outside of PowerShell
[0.218s] DEBUG:colcon.colcon_core.shell:Skip shell extension 'dsv' for command environment
[0.224s] DEBUG:colcon.colcon_core.event_handler.log_command:Invoking command in '/home/ubuntu/ros2_rover/build/rover_msgs': CMAKE_PREFIX_PATH=${CMAKE_PREFIX_PATH}:/opt/ros/jazzy /usr/bin/cmake --build /home/ubuntu/ros2_rover/build/rover_msgs -- -j10 -l10
[0.228s] DEBUG:colcon.colcon_core.event_handler.log_command:Invoking command in '/home/ubuntu/ros2_rover/build/rover_description': CMAKE_PREFIX_PATH=${CMAKE_PREFIX_PATH}:/opt/ros/jazzy /usr/bin/cmake --build /home/ubuntu/ros2_rover/build/rover_description -- -j10 -l10
[0.230s] DEBUG:colcon.colcon_core.event_handler.log_command:Invoking command in '/home/ubuntu/ros2_rover/build/rover_localization': CMAKE_PREFIX_PATH=${CMAKE_PREFIX_PATH}:/opt/ros/jazzy /usr/bin/cmake --build /home/ubuntu/ros2_rover/build/rover_localization -- -j10 -l10
[0.233s] DEBUG:colcon.colcon_core.event_handler.log_command:Invoking command in '/home/ubuntu/ros2_rover/build/rover_navigation': CMAKE_PREFIX_PATH=${CMAKE_PREFIX_PATH}:/opt/ros/jazzy /usr/bin/cmake --build /home/ubuntu/ros2_rover/build/rover_navigation -- -j10 -l10
[0.353s] INFO:colcon.colcon_core.task.python.build:Building Python package in '/home/ubuntu/ros2_rover/src/rover_teleop'
[0.354s] INFO:colcon.colcon_core.shell:Skip shell extension 'powershell' for command environment: Not usable outside of PowerShell
[0.354s] DEBUG:colcon.colcon_core.shell:Skip shell extension 'dsv' for command environment
[0.358s] DEBUG:colcon.colcon_core.event_handler.log_command:Invoked command in '/home/ubuntu/ros2_rover/build/rover_navigation' returned '0': CMAKE_PREFIX_PATH=${CMAKE_PREFIX_PATH}:/opt/ros/jazzy /usr/bin/cmake --build /home/ubuntu/ros2_rover/build/rover_navigation -- -j10 -l10
[0.365s] DEBUG:colcon.colcon_core.event_handler.log_command:Invoking command in '/home/ubuntu/ros2_rover/build/rover_navigation': CMAKE_PREFIX_PATH=${CMAKE_PREFIX_PATH}:/opt/ros/jazzy /usr/bin/cmake --install /home/ubuntu/ros2_rover/build/rover_navigation
[0.366s] DEBUG:colcon.colcon_core.event_handler.log_command:Invoked command in '/home/ubuntu/ros2_rover/build/rover_localization' returned '0': CMAKE_PREFIX_PATH=${CMAKE_PREFIX_PATH}:/opt/ros/jazzy /usr/bin/cmake --build /home/ubuntu/ros2_rover/build/rover_localization -- -j10 -l10
[0.366s] DEBUG:colcon.colcon_core.event_handler.log_command:Invoking command in '/home/ubuntu/ros2_rover/build/rover_localization': CMAKE_PREFIX_PATH=${CMAKE_PREFIX_PATH}:/opt/ros/jazzy /usr/bin/cmake --install /home/ubuntu/ros2_rover/build/rover_localization
[0.370s] DEBUG:colcon.colcon_core.event_handler.log_command:Invoked command in '/home/ubuntu/ros2_rover/build/rover_description' returned '0': CMAKE_PREFIX_PATH=${CMAKE_PREFIX_PATH}:/opt/ros/jazzy /usr/bin/cmake --build /home/ubuntu/ros2_rover/build/rover_description -- -j10 -l10
[0.371s] DEBUG:colcon.colcon_core.event_handler.log_command:Invoking command in '/home/ubuntu/ros2_rover/build/rover_description': CMAKE_PREFIX_PATH=${CMAKE_PREFIX_PATH}:/opt/ros/jazzy /usr/bin/cmake --install /home/ubuntu/ros2_rover/build/rover_description
[0.379s] Level 1:colcon.colcon_core.environment:create_environment_scripts_only(rover_navigation)
[0.382s] Level 1:colcon.colcon_core.environment:checking '/home/ubuntu/ros2_rover/install/rover_navigation' for CMake module files
[0.382s] Level 1:colcon.colcon_core.environment:checking '/home/ubuntu/ros2_rover/install/rover_navigation' for CMake config files
[0.382s] Level 1:colcon.colcon_core.shell:create_environment_hook('rover_navigation', 'cmake_prefix_path')
[0.382s] INFO:colcon.colcon_core.shell:Creating environment hook '/home/ubuntu/ros2_rover/install/rover_navigation/share/rover_navigation/hook/cmake_prefix_path.ps1'
[0.383s] INFO:colcon.colcon_core.shell:Creating environment descriptor '/home/ubuntu/ros2_rover/install/rover_navigation/share/rover_navigation/hook/cmake_prefix_path.dsv'
[0.383s] INFO:colcon.colcon_core.shell:Creating environment hook '/home/ubuntu/ros2_rover/install/rover_navigation/share/rover_navigation/hook/cmake_prefix_path.sh'
[0.383s] Level 1:colcon.colcon_core.environment:checking '/home/ubuntu/ros2_rover/install/rover_navigation/bin'
[0.383s] Level 1:colcon.colcon_core.environment:checking '/home/ubuntu/ros2_rover/install/rover_navigation/lib/pkgconfig/rover_navigation.pc'
[0.383s] Level 1:colcon.colcon_core.environment:checking '/home/ubuntu/ros2_rover/install/rover_navigation/lib/python3.12/site-packages'
[0.383s] Level 1:colcon.colcon_core.environment:checking '/home/ubuntu/ros2_rover/install/rover_navigation/bin'
[0.383s] INFO:colcon.colcon_core.shell:Creating package script '/home/ubuntu/ros2_rover/install/rover_navigation/share/rover_navigation/package.ps1'
[0.384s] INFO:colcon.colcon_core.shell:Creating package descriptor '/home/ubuntu/ros2_rover/install/rover_navigation/share/rover_navigation/package.dsv'
[0.384s] INFO:colcon.colcon_core.shell:Creating package script '/home/ubuntu/ros2_rover/install/rover_navigation/share/rover_navigation/package.sh'
[0.384s] INFO:colcon.colcon_core.shell:Creating package script '/home/ubuntu/ros2_rover/install/rover_navigation/share/rover_navigation/package.bash'
[0.390s] INFO:colcon.colcon_core.shell:Creating package script '/home/ubuntu/ros2_rover/install/rover_navigation/share/rover_navigation/package.zsh'
[0.390s] DEBUG:colcon.colcon_core.event_handler.log_command:Invoked command in '/home/ubuntu/ros2_rover/build/rover_navigation' returned '0': CMAKE_PREFIX_PATH=${CMAKE_PREFIX_PATH}:/opt/ros/jazzy /usr/bin/cmake --install /home/ubuntu/ros2_rover/build/rover_navigation
[0.390s] Level 1:colcon.colcon_core.environment:create_file_with_runtime_dependencies(/home/ubuntu/ros2_rover/install/rover_navigation/share/colcon-core/packages/rover_navigation)
[0.391s] Level 1:colcon.colcon_core.environment:create_environment_scripts_only(rover_navigation)
[0.391s] Level 1:colcon.colcon_core.environment:checking '/home/ubuntu/ros2_rover/install/rover_navigation' for CMake module files
[0.391s] Level 1:colcon.colcon_core.environment:checking '/home/ubuntu/ros2_rover/install/rover_navigation' for CMake config files
[0.391s] Level 1:colcon.colcon_core.shell:create_environment_hook('rover_navigation', 'cmake_prefix_path')
[0.391s] INFO:colcon.colcon_core.shell:Creating environment hook '/home/ubuntu/ros2_rover/install/rover_navigation/share/rover_navigation/hook/cmake_prefix_path.ps1'
[0.391s] INFO:colcon.colcon_core.shell:Creating environment descriptor '/home/ubuntu/ros2_rover/install/rover_navigation/share/rover_navigation/hook/cmake_prefix_path.dsv'
[0.391s] INFO:colcon.colcon_core.shell:Creating environment hook '/home/ubuntu/ros2_rover/install/rover_navigation/share/rover_navigation/hook/cmake_prefix_path.sh'
[0.392s] Level 1:colcon.colcon_core.environment:checking '/home/ubuntu/ros2_rover/install/rover_navigation/bin'
[0.392s] Level 1:colcon.colcon_core.environment:checking '/home/ubuntu/ros2_rover/install/rover_navigation/lib/pkgconfig/rover_navigation.pc'
[0.392s] Level 1:colcon.colcon_core.environment:checking '/home/ubuntu/ros2_rover/install/rover_navigation/lib/python3.12/site-packages'
[0.392s] Level 1:colcon.colcon_core.environment:checking '/home/ubuntu/ros2_rover/install/rover_navigation/bin'
[0.392s] INFO:colcon.colcon_core.shell:Creating package script '/home/ubuntu/ros2_rover/install/rover_navigation/share/rover_navigation/package.ps1'
[0.392s] INFO:colcon.colcon_core.shell:Creating package descriptor '/home/ubuntu/ros2_rover/install/rover_navigation/share/rover_navigation/package.dsv'
[0.392s] INFO:colcon.colcon_core.shell:Creating package script '/home/ubuntu/ros2_rover/install/rover_navigation/share/rover_navigation/package.sh'
[0.392s] INFO:colcon.colcon_core.shell:Creating package script '/home/ubuntu/ros2_rover/install/rover_navigation/share/rover_navigation/package.bash'
[0.392s] INFO:colcon.colcon_core.shell:Creating package script '/home/ubuntu/ros2_rover/install/rover_navigation/share/rover_navigation/package.zsh'
[0.393s] Level 1:colcon.colcon_core.environment:create_file_with_runtime_dependencies(/home/ubuntu/ros2_rover/install/rover_navigation/share/colcon-core/packages/rover_navigation)
[0.393s] Level 1:colcon.colcon_core.environment:create_environment_scripts_only(rover_localization)
[0.393s] Level 1:colcon.colcon_core.environment:checking '/home/ubuntu/ros2_rover/install/rover_localization' for CMake module files
[0.393s] DEBUG:colcon.colcon_core.event_handler.log_command:Invoked command in '/home/ubuntu/ros2_rover/build/rover_localization' returned '0': CMAKE_PREFIX_PATH=${CMAKE_PREFIX_PATH}:/opt/ros/jazzy /usr/bin/cmake --install /home/ubuntu/ros2_rover/build/rover_localization
[0.393s] Level 1:colcon.colcon_core.environment:checking '/home/ubuntu/ros2_rover/install/rover_localization' for CMake config files
[0.393s] Level 1:colcon.colcon_core.shell:create_environment_hook('rover_localization', 'cmake_prefix_path')
[0.393s] INFO:colcon.colcon_core.shell:Creating environment hook '/home/ubuntu/ros2_rover/install/rover_localization/share/rover_localization/hook/cmake_prefix_path.ps1'
[0.394s] INFO:colcon.colcon_core.shell:Creating environment descriptor '/home/ubuntu/ros2_rover/install/rover_localization/share/rover_localization/hook/cmake_prefix_path.dsv'
[0.394s] INFO:colcon.colcon_core.shell:Creating environment hook '/home/ubuntu/ros2_rover/install/rover_localization/share/rover_localization/hook/cmake_prefix_path.sh'
[0.394s] Level 1:colcon.colcon_core.environment:checking '/home/ubuntu/ros2_rover/install/rover_localization/bin'
[0.394s] Level 1:colcon.colcon_core.environment:checking '/home/ubuntu/ros2_rover/install/rover_localization/lib/pkgconfig/rover_localization.pc'
[0.394s] Level 1:colcon.colcon_core.environment:checking '/home/ubuntu/ros2_rover/install/rover_localization/lib/python3.12/site-packages'
[0.394s] Level 1:colcon.colcon_core.environment:checking '/home/ubuntu/ros2_rover/install/rover_localization/bin'
[0.394s] INFO:colcon.colcon_core.shell:Creating package script '/home/ubuntu/ros2_rover/install/rover_localization/share/rover_localization/package.ps1'
[0.394s] INFO:colcon.colcon_core.shell:Creating package descriptor '/home/ubuntu/ros2_rover/install/rover_localization/share/rover_localization/package.dsv'
[0.394s] INFO:colcon.colcon_core.shell:Creating package script '/home/ubuntu/ros2_rover/install/rover_localization/share/rover_localization/package.sh'
[0.395s] INFO:colcon.colcon_core.shell:Creating package script '/home/ubuntu/ros2_rover/install/rover_localization/share/rover_localization/package.bash'
[0.395s] INFO:colcon.colcon_core.shell:Creating package script '/home/ubuntu/ros2_rover/install/rover_localization/share/rover_localization/package.zsh'
[0.395s] Level 1:colcon.colcon_core.environment:create_file_with_runtime_dependencies(/home/ubuntu/ros2_rover/install/rover_localization/share/colcon-core/packages/rover_localization)
[0.395s] Level 1:colcon.colcon_core.environment:create_environment_scripts_only(rover_localization)
[0.395s] Level 1:colcon.colcon_core.environment:checking '/home/ubuntu/ros2_rover/install/rover_localization' for CMake module files
[0.395s] Level 1:colcon.colcon_core.environment:checking '/home/ubuntu/ros2_rover/install/rover_localization' for CMake config files
[0.395s] Level 1:colcon.colcon_core.shell:create_environment_hook('rover_localization', 'cmake_prefix_path')
[0.395s] INFO:colcon.colcon_core.shell:Creating environment hook '/home/ubuntu/ros2_rover/install/rover_localization/share/rover_localization/hook/cmake_prefix_path.ps1'
[0.395s] INFO:colcon.colcon_core.shell:Creating environment descriptor '/home/ubuntu/ros2_rover/install/rover_localization/share/rover_localization/hook/cmake_prefix_path.dsv'
[0.396s] INFO:colcon.colcon_core.shell:Creating environment hook '/home/ubuntu/ros2_rover/install/rover_localization/share/rover_localization/hook/cmake_prefix_path.sh'
[0.396s] Level 1:colcon.colcon_core.environment:checking '/home/ubuntu/ros2_rover/install/rover_localization/bin'
[0.396s] Level 1:colcon.colcon_core.environment:checking '/home/ubuntu/ros2_rover/install/rover_localization/lib/pkgconfig/rover_localization.pc'
[0.396s] Level 1:colcon.colcon_core.environment:checking '/home/ubuntu/ros2_rover/install/rover_localization/lib/python3.12/site-packages'
[0.396s] Level 1:colcon.colcon_core.environment:checking '/home/ubuntu/ros2_rover/install/rover_localization/bin'
[0.396s] INFO:colcon.colcon_core.shell:Creating package script '/home/ubuntu/ros2_rover/install/rover_localization/share/rover_localization/package.ps1'
[0.396s] INFO:colcon.colcon_core.shell:Creating package descriptor '/home/ubuntu/ros2_rover/install/rover_localization/share/rover_localization/package.dsv'
[0.396s] INFO:colcon.colcon_core.shell:Creating package script '/home/ubuntu/ros2_rover/install/rover_localization/share/rover_localization/package.sh'
[0.396s] INFO:colcon.colcon_core.shell:Creating package script '/home/ubuntu/ros2_rover/install/rover_localization/share/rover_localization/package.bash'
[0.396s] INFO:colcon.colcon_core.shell:Creating package script '/home/ubuntu/ros2_rover/install/rover_localization/share/rover_localization/package.zsh'
[0.397s] Level 1:colcon.colcon_core.environment:create_file_with_runtime_dependencies(/home/ubuntu/ros2_rover/install/rover_localization/share/colcon-core/packages/rover_localization)
[0.397s] Level 1:colcon.colcon_core.environment:create_environment_scripts_only(rover_description)
[0.397s] Level 1:colcon.colcon_core.environment:checking '/home/ubuntu/ros2_rover/install/rover_description' for CMake module files
[0.397s] DEBUG:colcon.colcon_core.event_handler.log_command:Invoked command in '/home/ubuntu/ros2_rover/build/rover_description' returned '0': CMAKE_PREFIX_PATH=${CMAKE_PREFIX_PATH}:/opt/ros/jazzy /usr/bin/cmake --install /home/ubuntu/ros2_rover/build/rover_description
[0.398s] Level 1:colcon.colcon_core.environment:checking '/home/ubuntu/ros2_rover/install/rover_description' for CMake config files
[0.398s] Level 1:colcon.colcon_core.shell:create_environment_hook('rover_description', 'cmake_prefix_path')
[0.398s] INFO:colcon.colcon_core.shell:Creating environment hook '/home/ubuntu/ros2_rover/install/rover_description/share/rover_description/hook/cmake_prefix_path.ps1'
[0.398s] INFO:colcon.colcon_core.shell:Creating environment descriptor '/home/ubuntu/ros2_rover/install/rover_description/share/rover_description/hook/cmake_prefix_path.dsv'
[0.398s] INFO:colcon.colcon_core.shell:Creating environment hook '/home/ubuntu/ros2_rover/install/rover_description/share/rover_description/hook/cmake_prefix_path.sh'
[0.398s] Level 1:colcon.colcon_core.environment:checking '/home/ubuntu/ros2_rover/install/rover_description/bin'
[0.398s] Level 1:colcon.colcon_core.environment:checking '/home/ubuntu/ros2_rover/install/rover_description/lib/pkgconfig/rover_description.pc'
[0.398s] Level 1:colcon.colcon_core.environment:checking '/home/ubuntu/ros2_rover/install/rover_description/lib/python3.12/site-packages'
[0.398s] Level 1:colcon.colcon_core.environment:checking '/home/ubuntu/ros2_rover/install/rover_description/bin'
[0.398s] INFO:colcon.colcon_core.shell:Creating package script '/home/ubuntu/ros2_rover/install/rover_description/share/rover_description/package.ps1'
[0.399s] INFO:colcon.colcon_core.shell:Creating package descriptor '/home/ubuntu/ros2_rover/install/rover_description/share/rover_description/package.dsv'
[0.399s] INFO:colcon.colcon_core.shell:Creating package script '/home/ubuntu/ros2_rover/install/rover_description/share/rover_description/package.sh'
[0.399s] INFO:colcon.colcon_core.shell:Creating package script '/home/ubuntu/ros2_rover/install/rover_description/share/rover_description/package.bash'
[0.399s] INFO:colcon.colcon_core.shell:Creating package script '/home/ubuntu/ros2_rover/install/rover_description/share/rover_description/package.zsh'
[0.399s] Level 1:colcon.colcon_core.environment:create_file_with_runtime_dependencies(/home/ubuntu/ros2_rover/install/rover_description/share/colcon-core/packages/rover_description)
[0.399s] Level 1:colcon.colcon_core.environment:create_environment_scripts_only(rover_description)
[0.399s] Level 1:colcon.colcon_core.environment:checking '/home/ubuntu/ros2_rover/install/rover_description' for CMake module files
[0.399s] Level 1:colcon.colcon_core.environment:checking '/home/ubuntu/ros2_rover/install/rover_description' for CMake config files
[0.399s] Level 1:colcon.colcon_core.shell:create_environment_hook('rover_description', 'cmake_prefix_path')
[0.400s] INFO:colcon.colcon_core.shell:Creating environment hook '/home/ubuntu/ros2_rover/install/rover_description/share/rover_description/hook/cmake_prefix_path.ps1'
[0.400s] INFO:colcon.colcon_core.shell:Creating environment descriptor '/home/ubuntu/ros2_rover/install/rover_description/share/rover_description/hook/cmake_prefix_path.dsv'
[0.400s] INFO:colcon.colcon_core.shell:Creating environment hook '/home/ubuntu/ros2_rover/install/rover_description/share/rover_description/hook/cmake_prefix_path.sh'
[0.400s] Level 1:colcon.colcon_core.environment:checking '/home/ubuntu/ros2_rover/install/rover_description/bin'
[0.400s] Level 1:colcon.colcon_core.environment:checking '/home/ubuntu/ros2_rover/install/rover_description/lib/pkgconfig/rover_description.pc'
[0.400s] Level 1:colcon.colcon_core.environment:checking '/home/ubuntu/ros2_rover/install/rover_description/lib/python3.12/site-packages'
[0.400s] Level 1:colcon.colcon_core.environment:checking '/home/ubuntu/ros2_rover/install/rover_description/bin'
[0.400s] INFO:colcon.colcon_core.shell:Creating package script '/home/ubuntu/ros2_rover/install/rover_description/share/rover_description/package.ps1'
[0.400s] INFO:colcon.colcon_core.shell:Creating package descriptor '/home/ubuntu/ros2_rover/install/rover_description/share/rover_description/package.dsv'
[0.401s] INFO:colcon.colcon_core.shell:Creating package script '/home/ubuntu/ros2_rover/install/rover_description/share/rover_description/package.sh'
[0.401s] INFO:colcon.colcon_core.shell:Creating package script '/home/ubuntu/ros2_rover/install/rover_description/share/rover_description/package.bash'
[0.401s] INFO:colcon.colcon_core.shell:Creating package script '/home/ubuntu/ros2_rover/install/rover_description/share/rover_description/package.zsh'
[0.401s] Level 1:colcon.colcon_core.environment:create_file_with_runtime_dependencies(/home/ubuntu/ros2_rover/install/rover_description/share/colcon-core/packages/rover_description)
[0.476s] DEBUG:colcon.colcon_core.event_handler.log_command:Invoked command in '/home/ubuntu/ros2_rover/build/rover_msgs' returned '0': CMAKE_PREFIX_PATH=${CMAKE_PREFIX_PATH}:/opt/ros/jazzy /usr/bin/cmake --build /home/ubuntu/ros2_rover/build/rover_msgs -- -j10 -l10
[0.476s] DEBUG:colcon.colcon_core.event_handler.log_command:Invoking command in '/home/ubuntu/ros2_rover/build/rover_msgs': CMAKE_PREFIX_PATH=${CMAKE_PREFIX_PATH}:/opt/ros/jazzy /usr/bin/cmake --install /home/ubuntu/ros2_rover/build/rover_msgs
[0.512s] Level 1:colcon.colcon_core.environment:create_environment_scripts_only(rover_msgs)
[0.512s] Level 1:colcon.colcon_core.environment:checking '/home/ubuntu/ros2_rover/install/rover_msgs' for CMake module files
[0.512s] DEBUG:colcon.colcon_core.event_handler.log_command:Invoked command in '/home/ubuntu/ros2_rover/build/rover_msgs' returned '0': CMAKE_PREFIX_PATH=${CMAKE_PREFIX_PATH}:/opt/ros/jazzy /usr/bin/cmake --install /home/ubuntu/ros2_rover/build/rover_msgs
[0.513s] Level 1:colcon.colcon_core.environment:checking '/home/ubuntu/ros2_rover/install/rover_msgs' for CMake config files
[0.513s] Level 1:colcon.colcon_core.shell:create_environment_hook('rover_msgs', 'cmake_prefix_path')
[0.513s] INFO:colcon.colcon_core.shell:Creating environment hook '/home/ubuntu/ros2_rover/install/rover_msgs/share/rover_msgs/hook/cmake_prefix_path.ps1'
[0.513s] INFO:colcon.colcon_core.shell:Creating environment descriptor '/home/ubuntu/ros2_rover/install/rover_msgs/share/rover_msgs/hook/cmake_prefix_path.dsv'
[0.513s] INFO:colcon.colcon_core.shell:Creating environment hook '/home/ubuntu/ros2_rover/install/rover_msgs/share/rover_msgs/hook/cmake_prefix_path.sh'
[0.513s] Level 1:colcon.colcon_core.environment:checking '/home/ubuntu/ros2_rover/install/rover_msgs/lib'
[0.514s] Level 1:colcon.colcon_core.shell:create_environment_hook('rover_msgs', 'ld_library_path_lib')
[0.514s] INFO:colcon.colcon_core.shell:Creating environment hook '/home/ubuntu/ros2_rover/install/rover_msgs/share/rover_msgs/hook/ld_library_path_lib.ps1'
[0.514s] INFO:colcon.colcon_core.shell:Creating environment descriptor '/home/ubuntu/ros2_rover/install/rover_msgs/share/rover_msgs/hook/ld_library_path_lib.dsv'
[0.514s] INFO:colcon.colcon_core.shell:Creating environment hook '/home/ubuntu/ros2_rover/install/rover_msgs/share/rover_msgs/hook/ld_library_path_lib.sh'
[0.514s] Level 1:colcon.colcon_core.environment:checking '/home/ubuntu/ros2_rover/install/rover_msgs/bin'
[0.514s] Level 1:colcon.colcon_core.environment:checking '/home/ubuntu/ros2_rover/install/rover_msgs/lib/pkgconfig/rover_msgs.pc'
[0.514s] Level 1:colcon.colcon_core.environment:checking '/home/ubuntu/ros2_rover/install/rover_msgs/lib/python3.12/site-packages'
[0.514s] Level 1:colcon.colcon_core.shell:create_environment_hook('rover_msgs', 'pythonpath')
[0.514s] INFO:colcon.colcon_core.shell:Creating environment hook '/home/ubuntu/ros2_rover/install/rover_msgs/share/rover_msgs/hook/pythonpath.ps1'
[0.516s] INFO:colcon.colcon_core.shell:Creating environment descriptor '/home/ubuntu/ros2_rover/install/rover_msgs/share/rover_msgs/hook/pythonpath.dsv'
[0.516s] INFO:colcon.colcon_core.shell:Creating environment hook '/home/ubuntu/ros2_rover/install/rover_msgs/share/rover_msgs/hook/pythonpath.sh'
[0.516s] Level 1:colcon.colcon_core.environment:checking '/home/ubuntu/ros2_rover/install/rover_msgs/bin'
[0.516s] INFO:colcon.colcon_core.shell:Creating package script '/home/ubuntu/ros2_rover/install/rover_msgs/share/rover_msgs/package.ps1'
[0.517s] INFO:colcon.colcon_core.shell:Creating package descriptor '/home/ubuntu/ros2_rover/install/rover_msgs/share/rover_msgs/package.dsv'
[0.517s] INFO:colcon.colcon_core.shell:Creating package script '/home/ubuntu/ros2_rover/install/rover_msgs/share/rover_msgs/package.sh'
[0.517s] INFO:colcon.colcon_core.shell:Creating package script '/home/ubuntu/ros2_rover/install/rover_msgs/share/rover_msgs/package.bash'
[0.517s] INFO:colcon.colcon_core.shell:Creating package script '/home/ubuntu/ros2_rover/install/rover_msgs/share/rover_msgs/package.zsh'
[0.517s] Level 1:colcon.colcon_core.environment:create_file_with_runtime_dependencies(/home/ubuntu/ros2_rover/install/rover_msgs/share/colcon-core/packages/rover_msgs)
[0.518s] Level 1:colcon.colcon_core.environment:create_environment_scripts_only(rover_msgs)
[0.518s] Level 1:colcon.colcon_core.environment:checking '/home/ubuntu/ros2_rover/install/rover_msgs' for CMake module files
[0.518s] Level 1:colcon.colcon_core.environment:checking '/home/ubuntu/ros2_rover/install/rover_msgs' for CMake config files
[0.518s] Level 1:colcon.colcon_core.shell:create_environment_hook('rover_msgs', 'cmake_prefix_path')
[0.518s] INFO:colcon.colcon_core.shell:Creating environment hook '/home/ubuntu/ros2_rover/install/rover_msgs/share/rover_msgs/hook/cmake_prefix_path.ps1'
[0.518s] INFO:colcon.colcon_core.shell:Creating environment descriptor '/home/ubuntu/ros2_rover/install/rover_msgs/share/rover_msgs/hook/cmake_prefix_path.dsv'
[0.518s] INFO:colcon.colcon_core.shell:Creating environment hook '/home/ubuntu/ros2_rover/install/rover_msgs/share/rover_msgs/hook/cmake_prefix_path.sh'
[0.518s] Level 1:colcon.colcon_core.environment:checking '/home/ubuntu/ros2_rover/install/rover_msgs/lib'
[0.518s] Level 1:colcon.colcon_core.shell:create_environment_hook('rover_msgs', 'ld_library_path_lib')
[0.518s] INFO:colcon.colcon_core.shell:Creating environment hook '/home/ubuntu/ros2_rover/install/rover_msgs/share/rover_msgs/hook/ld_library_path_lib.ps1'
[0.518s] INFO:colcon.colcon_core.shell:Creating environment descriptor '/home/ubuntu/ros2_rover/install/rover_msgs/share/rover_msgs/hook/ld_library_path_lib.dsv'
[0.519s] INFO:colcon.colcon_core.shell:Creating environment hook '/home/ubuntu/ros2_rover/install/rover_msgs/share/rover_msgs/hook/ld_library_path_lib.sh'
[0.519s] Level 1:colcon.colcon_core.environment:checking '/home/ubuntu/ros2_rover/install/rover_msgs/bin'
[0.519s] Level 1:colcon.colcon_core.environment:checking '/home/ubuntu/ros2_rover/install/rover_msgs/lib/pkgconfig/rover_msgs.pc'
[0.519s] Level 1:colcon.colcon_core.environment:checking '/home/ubuntu/ros2_rover/install/rover_msgs/lib/python3.12/site-packages'
[0.519s] Level 1:colcon.colcon_core.shell:create_environment_hook('rover_msgs', 'pythonpath')
[0.519s] INFO:colcon.colcon_core.shell:Creating environment hook '/home/ubuntu/ros2_rover/install/rover_msgs/share/rover_msgs/hook/pythonpath.ps1'
[0.519s] INFO:colcon.colcon_core.shell:Creating environment descriptor '/home/ubuntu/ros2_rover/install/rover_msgs/share/rover_msgs/hook/pythonpath.dsv'
[0.519s] INFO:colcon.colcon_core.shell:Creating environment hook '/home/ubuntu/ros2_rover/install/rover_msgs/share/rover_msgs/hook/pythonpath.sh'
[0.519s] Level 1:colcon.colcon_core.environment:checking '/home/ubuntu/ros2_rover/install/rover_msgs/bin'
[0.519s] INFO:colcon.colcon_core.shell:Creating package script '/home/ubuntu/ros2_rover/install/rover_msgs/share/rover_msgs/package.ps1'
[0.519s] INFO:colcon.colcon_core.shell:Creating package descriptor '/home/ubuntu/ros2_rover/install/rover_msgs/share/rover_msgs/package.dsv'
[0.520s] INFO:colcon.colcon_core.shell:Creating package script '/home/ubuntu/ros2_rover/install/rover_msgs/share/rover_msgs/package.sh'
[0.520s] INFO:colcon.colcon_core.shell:Creating package script '/home/ubuntu/ros2_rover/install/rover_msgs/share/rover_msgs/package.bash'
[0.520s] INFO:colcon.colcon_core.shell:Creating package script '/home/ubuntu/ros2_rover/install/rover_msgs/share/rover_msgs/package.zsh'
[0.520s] Level 1:colcon.colcon_core.environment:create_file_with_runtime_dependencies(/home/ubuntu/ros2_rover/install/rover_msgs/share/colcon-core/packages/rover_msgs)
[0.520s] INFO:colcon.colcon_ros.task.ament_cmake.build:Building ROS package in '/home/ubuntu/ros2_rover/src/rover_motor_controller_cpp' with build type 'ament_cmake'
[0.520s] INFO:colcon.colcon_cmake.task.cmake.build:Building CMake package in '/home/ubuntu/ros2_rover/src/rover_motor_controller_cpp'
[0.520s] INFO:colcon.colcon_core.shell:Skip shell extension 'powershell' for command environment: Not usable outside of PowerShell
[0.520s] DEBUG:colcon.colcon_core.shell:Skip shell extension 'dsv' for command environment
[0.522s] INFO:colcon.colcon_ros.task.ament_python.build:Building ROS package in '/home/ubuntu/ros2_rover/src/rover_motor_controller' with build type 'ament_python'
[0.522s] Level 1:colcon.colcon_core.shell:create_environment_hook('rover_motor_controller', 'ament_prefix_path')
[0.522s] INFO:colcon.colcon_core.shell:Creating environment hook '/home/ubuntu/ros2_rover/install/rover_motor_controller/share/rover_motor_controller/hook/ament_prefix_path.ps1'
[0.523s] INFO:colcon.colcon_core.shell:Creating environment descriptor '/home/ubuntu/ros2_rover/install/rover_motor_controller/share/rover_motor_controller/hook/ament_prefix_path.dsv'
[0.523s] INFO:colcon.colcon_core.shell:Creating environment hook '/home/ubuntu/ros2_rover/install/rover_motor_controller/share/rover_motor_controller/hook/ament_prefix_path.sh'
[0.524s] INFO:colcon.colcon_core.shell:Skip shell extension 'powershell' for command environment: Not usable outside of PowerShell
[0.524s] DEBUG:colcon.colcon_core.shell:Skip shell extension 'dsv' for command environment
[0.528s] DEBUG:colcon.colcon_core.event_handler.log_command:Invoking command in '/home/ubuntu/ros2_rover/build/rover_motor_controller_cpp': AMENT_PREFIX_PATH=/home/ubuntu/ros2_rover/install/rover_msgs:${AMENT_PREFIX_PATH} CMAKE_PREFIX_PATH=/home/ubuntu/ros2_rover/install/rover_msgs:/opt/ros/jazzy/opt/gz_sim_vendor:/opt/ros/jazzy/opt/gz_sensors_vendor:/opt/ros/jazzy/opt/gz_physics_vendor:/opt/ros/jazzy/opt/sdformat_vendor:/opt/ros/jazzy/opt/gz_gui_vendor:/opt/ros/jazzy/opt/gz_transport_vendor:/opt/ros/jazzy/opt/gz_rendering_vendor:/opt/ros/jazzy/opt/gz_plugin_vendor:/opt/ros/jazzy/opt/gz_fuel_tools_vendor:/opt/ros/jazzy/opt/gz_msgs_vendor:/opt/ros/jazzy/opt/gz_common_vendor:/opt/ros/jazzy/opt/gz_math_vendor:/opt/ros/jazzy/opt/gz_utils_vendor:/opt/ros/jazzy/opt/gz_tools_vendor:/opt/ros/jazzy/opt/gz_ogre_next_vendor:/opt/ros/jazzy/opt/gz_dartsim_vendor:/opt/ros/jazzy/opt/gz_cmake_vendor:/opt/ros/jazzy LD_LIBRARY_PATH=/home/ubuntu/ros2_rover/install/rover_msgs/lib:${LD_LIBRARY_PATH} PYTHONPATH=/home/ubuntu/ros2_rover/install/rover_msgs/lib/python3.12/site-packages:${PYTHONPATH} /usr/bin/cmake --build /home/ubuntu/ros2_rover/build/rover_motor_controller_cpp -- -j10 -l10
[0.649s] INFO:colcon.colcon_core.task.python.build:Building Python package in '/home/ubuntu/ros2_rover/src/rover_motor_controller'
[0.650s] INFO:colcon.colcon_core.shell:Skip shell extension 'powershell' for command environment: Not usable outside of PowerShell
[0.650s] DEBUG:colcon.colcon_core.shell:Skip shell extension 'dsv' for command environment
[0.654s] DEBUG:colcon.colcon_core.event_handler.log_command:Invoked command in '/home/ubuntu/ros2_rover/build/rover_motor_controller_cpp' returned '0': AMENT_PREFIX_PATH=/home/ubuntu/ros2_rover/install/rover_msgs:${AMENT_PREFIX_PATH} CMAKE_PREFIX_PATH=/home/ubuntu/ros2_rover/install/rover_msgs:/opt/ros/jazzy/opt/gz_sim_vendor:/opt/ros/jazzy/opt/gz_sensors_vendor:/opt/ros/jazzy/opt/gz_physics_vendor:/opt/ros/jazzy/opt/sdformat_vendor:/opt/ros/jazzy/opt/gz_gui_vendor:/opt/ros/jazzy/opt/gz_transport_vendor:/opt/ros/jazzy/opt/gz_rendering_vendor:/opt/ros/jazzy/opt/gz_plugin_vendor:/opt/ros/jazzy/opt/gz_fuel_tools_vendor:/opt/ros/jazzy/opt/gz_msgs_vendor:/opt/ros/jazzy/opt/gz_common_vendor:/opt/ros/jazzy/opt/gz_math_vendor:/opt/ros/jazzy/opt/gz_utils_vendor:/opt/ros/jazzy/opt/gz_tools_vendor:/opt/ros/jazzy/opt/gz_ogre_next_vendor:/opt/ros/jazzy/opt/gz_dartsim_vendor:/opt/ros/jazzy/opt/gz_cmake_vendor:/opt/ros/jazzy LD_LIBRARY_PATH=/home/ubuntu/ros2_rover/install/rover_msgs/lib:${LD_LIBRARY_PATH} PYTHONPATH=/home/ubuntu/ros2_rover/install/rover_msgs/lib/python3.12/site-packages:${PYTHONPATH} /usr/bin/cmake --build /home/ubuntu/ros2_rover/build/rover_motor_controller_cpp -- -j10 -l10
[0.656s] DEBUG:colcon.colcon_core.event_handler.log_command:Invoking command in '/home/ubuntu/ros2_rover/build/rover_motor_controller_cpp': AMENT_PREFIX_PATH=/home/ubuntu/ros2_rover/install/rover_msgs:${AMENT_PREFIX_PATH} CMAKE_PREFIX_PATH=/home/ubuntu/ros2_rover/install/rover_msgs:/opt/ros/jazzy/opt/gz_sim_vendor:/opt/ros/jazzy/opt/gz_sensors_vendor:/opt/ros/jazzy/opt/gz_physics_vendor:/opt/ros/jazzy/opt/sdformat_vendor:/opt/ros/jazzy/opt/gz_gui_vendor:/opt/ros/jazzy/opt/gz_transport_vendor:/opt/ros/jazzy/opt/gz_rendering_vendor:/opt/ros/jazzy/opt/gz_plugin_vendor:/opt/ros/jazzy/opt/gz_fuel_tools_vendor:/opt/ros/jazzy/opt/gz_msgs_vendor:/opt/ros/jazzy/opt/gz_common_vendor:/opt/ros/jazzy/opt/gz_math_vendor:/opt/ros/jazzy/opt/gz_utils_vendor:/opt/ros/jazzy/opt/gz_tools_vendor:/opt/ros/jazzy/opt/gz_ogre_next_vendor:/opt/ros/jazzy/opt/gz_dartsim_vendor:/opt/ros/jazzy/opt/gz_cmake_vendor:/opt/ros/jazzy LD_LIBRARY_PATH=/home/ubuntu/ros2_rover/install/rover_msgs/lib:${LD_LIBRARY_PATH} PYTHONPATH=/home/ubuntu/ros2_rover/install/rover_msgs/lib/python3.12/site-packages:${PYTHONPATH} /usr/bin/cmake --install /home/ubuntu/ros2_rover/build/rover_motor_controller_cpp
[0.670s] Level 1:colcon.colcon_core.environment:create_environment_scripts_only(rover_motor_controller_cpp)
[0.670s] Level 1:colcon.colcon_core.environment:checking '/home/ubuntu/ros2_rover/install/rover_motor_controller_cpp' for CMake module files
[0.670s] DEBUG:colcon.colcon_core.event_handler.log_command:Invoked command in '/home/ubuntu/ros2_rover/build/rover_motor_controller_cpp' returned '0': AMENT_PREFIX_PATH=/home/ubuntu/ros2_rover/install/rover_msgs:${AMENT_PREFIX_PATH} CMAKE_PREFIX_PATH=/home/ubuntu/ros2_rover/install/rover_msgs:/opt/ros/jazzy/opt/gz_sim_vendor:/opt/ros/jazzy/opt/gz_sensors_vendor:/opt/ros/jazzy/opt/gz_physics_vendor:/opt/ros/jazzy/opt/sdformat_vendor:/opt/ros/jazzy/opt/gz_gui_vendor:/opt/ros/jazzy/opt/gz_transport_vendor:/opt/ros/jazzy/opt/gz_rendering_vendor:/opt/ros/jazzy/opt/gz_plugin_vendor:/opt/ros/jazzy/opt/gz_fuel_tools_vendor:/opt/ros/jazzy/opt/gz_msgs_vendor:/opt/ros/jazzy/opt/gz_common_vendor:/opt/ros/jazzy/opt/gz_math_vendor:/opt/ros/jazzy/opt/gz_utils_vendor:/opt/ros/jazzy/opt/gz_tools_vendor:/opt/ros/jazzy/opt/gz_ogre_next_vendor:/opt/ros/jazzy/opt/gz_dartsim_vendor:/opt/ros/jazzy/opt/gz_cmake_vendor:/opt/ros/jazzy LD_LIBRARY_PATH=/home/ubuntu/ros2_rover/install/rover_msgs/lib:${LD_LIBRARY_PATH} PYTHONPATH=/home/ubuntu/ros2_rover/install/rover_msgs/lib/python3.12/site-packages:${PYTHONPATH} /usr/bin/cmake --install /home/ubuntu/ros2_rover/build/rover_motor_controller_cpp
[0.671s] Level 1:colcon.colcon_core.environment:checking '/home/ubuntu/ros2_rover/install/rover_motor_controller_cpp' for CMake config files
[0.671s] Level 1:colcon.colcon_core.shell:create_environment_hook('rover_motor_controller_cpp', 'cmake_prefix_path')
[0.671s] INFO:colcon.colcon_core.shell:Creating environment hook '/home/ubuntu/ros2_rover/install/rover_motor_controller_cpp/share/rover_motor_controller_cpp/hook/cmake_prefix_path.ps1'
[0.671s] INFO:colcon.colcon_core.shell:Creating environment descriptor '/home/ubuntu/ros2_rover/install/rover_motor_controller_cpp/share/rover_motor_controller_cpp/hook/cmake_prefix_path.dsv'
[0.671s] INFO:colcon.colcon_core.shell:Creating environment hook '/home/ubuntu/ros2_rover/install/rover_motor_controller_cpp/share/rover_motor_controller_cpp/hook/cmake_prefix_path.sh'
[0.672s] Level 1:colcon.colcon_core.environment:checking '/home/ubuntu/ros2_rover/install/rover_motor_controller_cpp/lib'
[0.672s] Level 1:colcon.colcon_core.environment:checking '/home/ubuntu/ros2_rover/install/rover_motor_controller_cpp/bin'
[0.672s] Level 1:colcon.colcon_core.environment:checking '/home/ubuntu/ros2_rover/install/rover_motor_controller_cpp/lib/pkgconfig/rover_motor_controller_cpp.pc'
[0.672s] Level 1:colcon.colcon_core.environment:checking '/home/ubuntu/ros2_rover/install/rover_motor_controller_cpp/lib/python3.12/site-packages'
[0.672s] Level 1:colcon.colcon_core.environment:checking '/home/ubuntu/ros2_rover/install/rover_motor_controller_cpp/bin'
[0.672s] INFO:colcon.colcon_core.shell:Creating package script '/home/ubuntu/ros2_rover/install/rover_motor_controller_cpp/share/rover_motor_controller_cpp/package.ps1'
[0.673s] INFO:colcon.colcon_core.shell:Creating package descriptor '/home/ubuntu/ros2_rover/install/rover_motor_controller_cpp/share/rover_motor_controller_cpp/package.dsv'
[0.673s] INFO:colcon.colcon_core.shell:Creating package script '/home/ubuntu/ros2_rover/install/rover_motor_controller_cpp/share/rover_motor_controller_cpp/package.sh'
[0.673s] INFO:colcon.colcon_core.shell:Creating package script '/home/ubuntu/ros2_rover/install/rover_motor_controller_cpp/share/rover_motor_controller_cpp/package.bash'
[0.673s] INFO:colcon.colcon_core.shell:Creating package script '/home/ubuntu/ros2_rover/install/rover_motor_controller_cpp/share/rover_motor_controller_cpp/package.zsh'
[0.673s] Level 1:colcon.colcon_core.environment:create_file_with_runtime_dependencies(/home/ubuntu/ros2_rover/install/rover_motor_controller_cpp/share/colcon-core/packages/rover_motor_controller_cpp)
[0.674s] Level 1:colcon.colcon_core.environment:create_environment_scripts_only(rover_motor_controller_cpp)
[0.674s] Level 1:colcon.colcon_core.environment:checking '/home/ubuntu/ros2_rover/install/rover_motor_controller_cpp' for CMake module files
[0.675s] Level 1:colcon.colcon_core.environment:checking '/home/ubuntu/ros2_rover/install/rover_motor_controller_cpp' for CMake config files
[0.675s] Level 1:colcon.colcon_core.shell:create_environment_hook('rover_motor_controller_cpp', 'cmake_prefix_path')
[0.675s] INFO:colcon.colcon_core.shell:Creating environment hook '/home/ubuntu/ros2_rover/install/rover_motor_controller_cpp/share/rover_motor_controller_cpp/hook/cmake_prefix_path.ps1'
[0.675s] INFO:colcon.colcon_core.shell:Creating environment descriptor '/home/ubuntu/ros2_rover/install/rover_motor_controller_cpp/share/rover_motor_controller_cpp/hook/cmake_prefix_path.dsv'
[0.675s] INFO:colcon.colcon_core.shell:Creating environment hook '/home/ubuntu/ros2_rover/install/rover_motor_controller_cpp/share/rover_motor_controller_cpp/hook/cmake_prefix_path.sh'
[0.676s] Level 1:colcon.colcon_core.environment:checking '/home/ubuntu/ros2_rover/install/rover_motor_controller_cpp/lib'
[0.676s] Level 1:colcon.colcon_core.environment:checking '/home/ubuntu/ros2_rover/install/rover_motor_controller_cpp/bin'
[0.676s] Level 1:colcon.colcon_core.environment:checking '/home/ubuntu/ros2_rover/install/rover_motor_controller_cpp/lib/pkgconfig/rover_motor_controller_cpp.pc'
[0.676s] Level 1:colcon.colcon_core.environment:checking '/home/ubuntu/ros2_rover/install/rover_motor_controller_cpp/lib/python3.12/site-packages'
[0.676s] Level 1:colcon.colcon_core.environment:checking '/home/ubuntu/ros2_rover/install/rover_motor_controller_cpp/bin'
[0.676s] INFO:colcon.colcon_core.shell:Creating package script '/home/ubuntu/ros2_rover/install/rover_motor_controller_cpp/share/rover_motor_controller_cpp/package.ps1'
[0.676s] INFO:colcon.colcon_core.shell:Creating package descriptor '/home/ubuntu/ros2_rover/install/rover_motor_controller_cpp/share/rover_motor_controller_cpp/package.dsv'
[0.676s] INFO:colcon.colcon_core.shell:Creating package script '/home/ubuntu/ros2_rover/install/rover_motor_controller_cpp/share/rover_motor_controller_cpp/package.sh'
[0.677s] INFO:colcon.colcon_core.shell:Creating package script '/home/ubuntu/ros2_rover/install/rover_motor_controller_cpp/share/rover_motor_controller_cpp/package.bash'
[0.677s] INFO:colcon.colcon_core.shell:Creating package script '/home/ubuntu/ros2_rover/install/rover_motor_controller_cpp/share/rover_motor_controller_cpp/package.zsh'
[0.677s] Level 1:colcon.colcon_core.environment:create_file_with_runtime_dependencies(/home/ubuntu/ros2_rover/install/rover_motor_controller_cpp/share/colcon-core/packages/rover_motor_controller_cpp)
[0.677s] INFO:colcon.colcon_ros.task.ament_cmake.build:Building ROS package in '/home/ubuntu/ros2_rover/src/rover_gazebo' with build type 'ament_cmake'
[0.677s] INFO:colcon.colcon_cmake.task.cmake.build:Building CMake package in '/home/ubuntu/ros2_rover/src/rover_gazebo'
[0.677s] INFO:colcon.colcon_core.shell:Skip shell extension 'powershell' for command environment: Not usable outside of PowerShell
[0.677s] DEBUG:colcon.colcon_core.shell:Skip shell extension 'dsv' for command environment
[0.688s] DEBUG:colcon.colcon_core.event_handler.log_command:Invoking command in '/home/ubuntu/ros2_rover/build/rover_gazebo': AMENT_PREFIX_PATH=/home/ubuntu/ros2_rover/install/rover_motor_controller_cpp:/home/ubuntu/ros2_rover/install/rover_msgs:/home/ubuntu/ros2_rover/install/rover_description:${AMENT_PREFIX_PATH} CMAKE_PREFIX_PATH=/home/ubuntu/ros2_rover/install/rover_motor_controller_cpp:/home/ubuntu/ros2_rover/install/rover_msgs:/home/ubuntu/ros2_rover/install/rover_description:/opt/ros/jazzy/opt/gz_sim_vendor:/opt/ros/jazzy/opt/gz_sensors_vendor:/opt/ros/jazzy/opt/gz_physics_vendor:/opt/ros/jazzy/opt/sdformat_vendor:/opt/ros/jazzy/opt/gz_gui_vendor:/opt/ros/jazzy/opt/gz_transport_vendor:/opt/ros/jazzy/opt/gz_rendering_vendor:/opt/ros/jazzy/opt/gz_plugin_vendor:/opt/ros/jazzy/opt/gz_fuel_tools_vendor:/opt/ros/jazzy/opt/gz_msgs_vendor:/opt/ros/jazzy/opt/gz_common_vendor:/opt/ros/jazzy/opt/gz_math_vendor:/opt/ros/jazzy/opt/gz_utils_vendor:/opt/ros/jazzy/opt/gz_tools_vendor:/opt/ros/jazzy/opt/gz_ogre_next_vendor:/opt/ros/jazzy/opt/gz_dartsim_vendor:/opt/ros/jazzy/opt/gz_cmake_vendor:/opt/ros/jazzy LD_LIBRARY_PATH=/home/ubuntu/ros2_rover/install/rover_msgs/lib:${LD_LIBRARY_PATH} PYTHONPATH=/home/ubuntu/ros2_rover/install/rover_msgs/lib/python3.12/site-packages:${PYTHONPATH} /usr/bin/cmake --build /home/ubuntu/ros2_rover/build/rover_gazebo -- -j10 -l10
[0.757s] DEBUG:colcon.colcon_core.event_handler.log_command:Invoked command in '/home/ubuntu/ros2_rover/build/rover_gazebo' returned '0': AMENT_PREFIX_PATH=/home/ubuntu/ros2_rover/install/rover_motor_controller_cpp:/home/ubuntu/ros2_rover/install/rover_msgs:/home/ubuntu/ros2_rover/install/rover_description:${AMENT_PREFIX_PATH} CMAKE_PREFIX_PATH=/home/ubuntu/ros2_rover/install/rover_motor_controller_cpp:/home/ubuntu/ros2_rover/install/rover_msgs:/home/ubuntu/ros2_rover/install/rover_description:/opt/ros/jazzy/opt/gz_sim_vendor:/opt/ros/jazzy/opt/gz_sensors_vendor:/opt/ros/jazzy/opt/gz_physics_vendor:/opt/ros/jazzy/opt/sdformat_vendor:/opt/ros/jazzy/opt/gz_gui_vendor:/opt/ros/jazzy/opt/gz_transport_vendor:/opt/ros/jazzy/opt/gz_rendering_vendor:/opt/ros/jazzy/opt/gz_plugin_vendor:/opt/ros/jazzy/opt/gz_fuel_tools_vendor:/opt/ros/jazzy/opt/gz_msgs_vendor:/opt/ros/jazzy/opt/gz_common_vendor:/opt/ros/jazzy/opt/gz_math_vendor:/opt/ros/jazzy/opt/gz_utils_vendor:/opt/ros/jazzy/opt/gz_tools_vendor:/opt/ros/jazzy/opt/gz_ogre_next_vendor:/opt/ros/jazzy/opt/gz_dartsim_vendor:/opt/ros/jazzy/opt/gz_cmake_vendor:/opt/ros/jazzy LD_LIBRARY_PATH=/home/ubuntu/ros2_rover/install/rover_msgs/lib:${LD_LIBRARY_PATH} PYTHONPATH=/home/ubuntu/ros2_rover/install/rover_msgs/lib/python3.12/site-packages:${PYTHONPATH} /usr/bin/cmake --build /home/ubuntu/ros2_rover/build/rover_gazebo -- -j10 -l10
[0.758s] DEBUG:colcon.colcon_core.event_handler.log_command:Invoking command in '/home/ubuntu/ros2_rover/build/rover_gazebo': AMENT_PREFIX_PATH=/home/ubuntu/ros2_rover/install/rover_motor_controller_cpp:/home/ubuntu/ros2_rover/install/rover_msgs:/home/ubuntu/ros2_rover/install/rover_description:${AMENT_PREFIX_PATH} CMAKE_PREFIX_PATH=/home/ubuntu/ros2_rover/install/rover_motor_controller_cpp:/home/ubuntu/ros2_rover/install/rover_msgs:/home/ubuntu/ros2_rover/install/rover_description:/opt/ros/jazzy/opt/gz_sim_vendor:/opt/ros/jazzy/opt/gz_sensors_vendor:/opt/ros/jazzy/opt/gz_physics_vendor:/opt/ros/jazzy/opt/sdformat_vendor:/opt/ros/jazzy/opt/gz_gui_vendor:/opt/ros/jazzy/opt/gz_transport_vendor:/opt/ros/jazzy/opt/gz_rendering_vendor:/opt/ros/jazzy/opt/gz_plugin_vendor:/opt/ros/jazzy/opt/gz_fuel_tools_vendor:/opt/ros/jazzy/opt/gz_msgs_vendor:/opt/ros/jazzy/opt/gz_common_vendor:/opt/ros/jazzy/opt/gz_math_vendor:/opt/ros/jazzy/opt/gz_utils_vendor:/opt/ros/jazzy/opt/gz_tools_vendor:/opt/ros/jazzy/opt/gz_ogre_next_vendor:/opt/ros/jazzy/opt/gz_dartsim_vendor:/opt/ros/jazzy/opt/gz_cmake_vendor:/opt/ros/jazzy LD_LIBRARY_PATH=/home/ubuntu/ros2_rover/install/rover_msgs/lib:${LD_LIBRARY_PATH} PYTHONPATH=/home/ubuntu/ros2_rover/install/rover_msgs/lib/python3.12/site-packages:${PYTHONPATH} /usr/bin/cmake --install /home/ubuntu/ros2_rover/build/rover_gazebo
[0.770s] Level 1:colcon.colcon_core.environment:create_environment_scripts_only(rover_gazebo)
[0.770s] Level 1:colcon.colcon_core.environment:checking '/home/ubuntu/ros2_rover/install/rover_gazebo' for CMake module files
[0.773s] Level 1:colcon.colcon_core.environment:checking '/home/ubuntu/ros2_rover/install/rover_gazebo' for CMake config files
[0.773s] DEBUG:colcon.colcon_core.event_handler.log_command:Invoked command in '/home/ubuntu/ros2_rover/build/rover_gazebo' returned '0': AMENT_PREFIX_PATH=/home/ubuntu/ros2_rover/install/rover_motor_controller_cpp:/home/ubuntu/ros2_rover/install/rover_msgs:/home/ubuntu/ros2_rover/install/rover_description:${AMENT_PREFIX_PATH} CMAKE_PREFIX_PATH=/home/ubuntu/ros2_rover/install/rover_motor_controller_cpp:/home/ubuntu/ros2_rover/install/rover_msgs:/home/ubuntu/ros2_rover/install/rover_description:/opt/ros/jazzy/opt/gz_sim_vendor:/opt/ros/jazzy/opt/gz_sensors_vendor:/opt/ros/jazzy/opt/gz_physics_vendor:/opt/ros/jazzy/opt/sdformat_vendor:/opt/ros/jazzy/opt/gz_gui_vendor:/opt/ros/jazzy/opt/gz_transport_vendor:/opt/ros/jazzy/opt/gz_rendering_vendor:/opt/ros/jazzy/opt/gz_plugin_vendor:/opt/ros/jazzy/opt/gz_fuel_tools_vendor:/opt/ros/jazzy/opt/gz_msgs_vendor:/opt/ros/jazzy/opt/gz_common_vendor:/opt/ros/jazzy/opt/gz_math_vendor:/opt/ros/jazzy/opt/gz_utils_vendor:/opt/ros/jazzy/opt/gz_tools_vendor:/opt/ros/jazzy/opt/gz_ogre_next_vendor:/opt/ros/jazzy/opt/gz_dartsim_vendor:/opt/ros/jazzy/opt/gz_cmake_vendor:/opt/ros/jazzy LD_LIBRARY_PATH=/home/ubuntu/ros2_rover/install/rover_msgs/lib:${LD_LIBRARY_PATH} PYTHONPATH=/home/ubuntu/ros2_rover/install/rover_msgs/lib/python3.12/site-packages:${PYTHONPATH} /usr/bin/cmake --install /home/ubuntu/ros2_rover/build/rover_gazebo
[0.774s] Level 1:colcon.colcon_core.shell:create_environment_hook('rover_gazebo', 'cmake_prefix_path')
[0.774s] INFO:colcon.colcon_core.shell:Creating environment hook '/home/ubuntu/ros2_rover/install/rover_gazebo/share/rover_gazebo/hook/cmake_prefix_path.ps1'
[0.775s] INFO:colcon.colcon_core.shell:Creating environment descriptor '/home/ubuntu/ros2_rover/install/rover_gazebo/share/rover_gazebo/hook/cmake_prefix_path.dsv'
[0.776s] INFO:colcon.colcon_core.shell:Creating environment hook '/home/ubuntu/ros2_rover/install/rover_gazebo/share/rover_gazebo/hook/cmake_prefix_path.sh'
[0.776s] Level 1:colcon.colcon_core.environment:checking '/home/ubuntu/ros2_rover/install/rover_gazebo/lib'
[0.776s] Level 1:colcon.colcon_core.environment:checking '/home/ubuntu/ros2_rover/install/rover_gazebo/bin'
[0.776s] Level 1:colcon.colcon_core.environment:checking '/home/ubuntu/ros2_rover/install/rover_gazebo/lib/pkgconfig/rover_gazebo.pc'
[0.776s] Level 1:colcon.colcon_core.environment:checking '/home/ubuntu/ros2_rover/install/rover_gazebo/lib/python3.12/site-packages'
[0.776s] Level 1:colcon.colcon_core.environment:checking '/home/ubuntu/ros2_rover/install/rover_gazebo/bin'
[0.776s] INFO:colcon.colcon_core.shell:Creating package script '/home/ubuntu/ros2_rover/install/rover_gazebo/share/rover_gazebo/package.ps1'
[0.777s] INFO:colcon.colcon_core.shell:Creating package descriptor '/home/ubuntu/ros2_rover/install/rover_gazebo/share/rover_gazebo/package.dsv'
[0.777s] INFO:colcon.colcon_core.shell:Creating package script '/home/ubuntu/ros2_rover/install/rover_gazebo/share/rover_gazebo/package.sh'
[0.777s] INFO:colcon.colcon_core.shell:Creating package script '/home/ubuntu/ros2_rover/install/rover_gazebo/share/rover_gazebo/package.bash'
[0.777s] INFO:colcon.colcon_core.shell:Creating package script '/home/ubuntu/ros2_rover/install/rover_gazebo/share/rover_gazebo/package.zsh'
[0.777s] Level 1:colcon.colcon_core.environment:create_file_with_runtime_dependencies(/home/ubuntu/ros2_rover/install/rover_gazebo/share/colcon-core/packages/rover_gazebo)
[0.778s] Level 1:colcon.colcon_core.environment:create_environment_scripts_only(rover_gazebo)
[0.778s] Level 1:colcon.colcon_core.environment:checking '/home/ubuntu/ros2_rover/install/rover_gazebo' for CMake module files
[0.778s] Level 1:colcon.colcon_core.environment:checking '/home/ubuntu/ros2_rover/install/rover_gazebo' for CMake config files
[0.778s] Level 1:colcon.colcon_core.shell:create_environment_hook('rover_gazebo', 'cmake_prefix_path')
[0.778s] INFO:colcon.colcon_core.shell:Creating environment hook '/home/ubuntu/ros2_rover/install/rover_gazebo/share/rover_gazebo/hook/cmake_prefix_path.ps1'
[0.778s] INFO:colcon.colcon_core.shell:Creating environment descriptor '/home/ubuntu/ros2_rover/install/rover_gazebo/share/rover_gazebo/hook/cmake_prefix_path.dsv'
[0.778s] INFO:colcon.colcon_core.shell:Creating environment hook '/home/ubuntu/ros2_rover/install/rover_gazebo/share/rover_gazebo/hook/cmake_prefix_path.sh'
[0.778s] Level 1:colcon.colcon_core.environment:checking '/home/ubuntu/ros2_rover/install/rover_gazebo/lib'
[0.778s] Level 1:colcon.colcon_core.environment:checking '/home/ubuntu/ros2_rover/install/rover_gazebo/bin'
[0.778s] Level 1:colcon.colcon_core.environment:checking '/home/ubuntu/ros2_rover/install/rover_gazebo/lib/pkgconfig/rover_gazebo.pc'
[0.778s] Level 1:colcon.colcon_core.environment:checking '/home/ubuntu/ros2_rover/install/rover_gazebo/lib/python3.12/site-packages'
[0.779s] Level 1:colcon.colcon_core.environment:checking '/home/ubuntu/ros2_rover/install/rover_gazebo/bin'
[0.779s] INFO:colcon.colcon_core.shell:Creating package script '/home/ubuntu/ros2_rover/install/rover_gazebo/share/rover_gazebo/package.ps1'
[0.779s] INFO:colcon.colcon_core.shell:Creating package descriptor '/home/ubuntu/ros2_rover/install/rover_gazebo/share/rover_gazebo/package.dsv'
[0.779s] INFO:colcon.colcon_core.shell:Creating package script '/home/ubuntu/ros2_rover/install/rover_gazebo/share/rover_gazebo/package.sh'
[0.779s] INFO:colcon.colcon_core.shell:Creating package script '/home/ubuntu/ros2_rover/install/rover_gazebo/share/rover_gazebo/package.bash'
[0.779s] INFO:colcon.colcon_core.shell:Creating package script '/home/ubuntu/ros2_rover/install/rover_gazebo/share/rover_gazebo/package.zsh'
[0.779s] Level 1:colcon.colcon_core.environment:create_file_with_runtime_dependencies(/home/ubuntu/ros2_rover/install/rover_gazebo/share/colcon-core/packages/rover_gazebo)
[0.809s] DEBUG:colcon.colcon_core.event_handler.log_command:Invoking command in '/home/ubuntu/ros2_rover/src/rover_teleop': PYTHONPATH=/home/ubuntu/ros2_rover/build/rover_teleop/prefix_override:/usr/lib/python3/dist-packages/colcon_core/task/python/colcon_distutils_commands:/home/ubuntu/ros2_rover/install/rover_teleop/lib/python3.12/site-packages:${PYTHONPATH} /usr/bin/python3 -W ignore:setup.py install is deprecated -W ignore:easy_install command is deprecated setup.py egg_info --egg-base ../../build/rover_teleop build --build-base /home/ubuntu/ros2_rover/build/rover_teleop/build install --record /home/ubuntu/ros2_rover/build/rover_teleop/install.log --install-scripts $base/lib/rover_teleop --single-version-externally-managed install_data
[0.982s] DEBUG:colcon.colcon_core.event_handler.log_command:Invoking command in '/home/ubuntu/ros2_rover/src/rover_motor_controller': AMENT_PREFIX_PATH=/home/ubuntu/ros2_rover/install/rover_msgs:${AMENT_PREFIX_PATH} CMAKE_PREFIX_PATH=/home/ubuntu/ros2_rover/install/rover_msgs:${CMAKE_PREFIX_PATH} LD_LIBRARY_PATH=/home/ubuntu/ros2_rover/install/rover_msgs/lib:${LD_LIBRARY_PATH} PYTHONPATH=/home/ubuntu/ros2_rover/build/rover_motor_controller/prefix_override:/usr/lib/python3/dist-packages/colcon_core/task/python/colcon_distutils_commands:/home/ubuntu/ros2_rover/install/rover_motor_controller/lib/python3.12/site-packages:/home/ubuntu/ros2_rover/install/rover_msgs/lib/python3.12/site-packages:${PYTHONPATH} /usr/bin/python3 -W ignore:setup.py install is deprecated -W ignore:easy_install command is deprecated setup.py egg_info --egg-base ../../build/rover_motor_controller build --build-base /home/ubuntu/ros2_rover/build/rover_motor_controller/build install --record /home/ubuntu/ros2_rover/build/rover_motor_controller/install.log --install-scripts $base/lib/rover_motor_controller --single-version-externally-managed install_data
[1.048s] Level 1:colcon.colcon_core.environment:checking '/home/ubuntu/ros2_rover/install/rover_teleop' for CMake module files
[1.049s] DEBUG:colcon.colcon_core.event_handler.log_command:Invoked command in '/home/ubuntu/ros2_rover/src/rover_teleop' returned '0': PYTHONPATH=/home/ubuntu/ros2_rover/build/rover_teleop/prefix_override:/usr/lib/python3/dist-packages/colcon_core/task/python/colcon_distutils_commands:/home/ubuntu/ros2_rover/install/rover_teleop/lib/python3.12/site-packages:${PYTHONPATH} /usr/bin/python3 -W ignore:setup.py install is deprecated -W ignore:easy_install command is deprecated setup.py egg_info --egg-base ../../build/rover_teleop build --build-base /home/ubuntu/ros2_rover/build/rover_teleop/build install --record /home/ubuntu/ros2_rover/build/rover_teleop/install.log --install-scripts $base/lib/rover_teleop --single-version-externally-managed install_data
[1.049s] Level 1:colcon.colcon_core.environment:checking '/home/ubuntu/ros2_rover/install/rover_teleop' for CMake config files
[1.049s] Level 1:colcon.colcon_core.environment:checking '/home/ubuntu/ros2_rover/install/rover_teleop/lib'
[1.049s] Level 1:colcon.colcon_core.environment:checking '/home/ubuntu/ros2_rover/install/rover_teleop/bin'
[1.049s] Level 1:colcon.colcon_core.environment:checking '/home/ubuntu/ros2_rover/install/rover_teleop/lib/pkgconfig/rover_teleop.pc'
[1.049s] Level 1:colcon.colcon_core.environment:checking '/home/ubuntu/ros2_rover/install/rover_teleop/lib/python3.12/site-packages'
[1.049s] Level 1:colcon.colcon_core.shell:create_environment_hook('rover_teleop', 'pythonpath')
[1.050s] INFO:colcon.colcon_core.shell:Creating environment hook '/home/ubuntu/ros2_rover/install/rover_teleop/share/rover_teleop/hook/pythonpath.ps1'
[1.050s] INFO:colcon.colcon_core.shell:Creating environment descriptor '/home/ubuntu/ros2_rover/install/rover_teleop/share/rover_teleop/hook/pythonpath.dsv'
[1.050s] INFO:colcon.colcon_core.shell:Creating environment hook '/home/ubuntu/ros2_rover/install/rover_teleop/share/rover_teleop/hook/pythonpath.sh'
[1.050s] Level 1:colcon.colcon_core.environment:checking '/home/ubuntu/ros2_rover/install/rover_teleop/bin'
[1.050s] Level 1:colcon.colcon_core.environment:create_environment_scripts_only(rover_teleop)
[1.050s] INFO:colcon.colcon_core.shell:Creating package script '/home/ubuntu/ros2_rover/install/rover_teleop/share/rover_teleop/package.ps1'
[1.050s] INFO:colcon.colcon_core.shell:Creating package descriptor '/home/ubuntu/ros2_rover/install/rover_teleop/share/rover_teleop/package.dsv'
[1.051s] INFO:colcon.colcon_core.shell:Creating package script '/home/ubuntu/ros2_rover/install/rover_teleop/share/rover_teleop/package.sh'
[1.051s] INFO:colcon.colcon_core.shell:Creating package script '/home/ubuntu/ros2_rover/install/rover_teleop/share/rover_teleop/package.bash'
[1.051s] INFO:colcon.colcon_core.shell:Creating package script '/home/ubuntu/ros2_rover/install/rover_teleop/share/rover_teleop/package.zsh'
[1.051s] Level 1:colcon.colcon_core.environment:create_file_with_runtime_dependencies(/home/ubuntu/ros2_rover/install/rover_teleop/share/colcon-core/packages/rover_teleop)
[1.195s] Level 1:colcon.colcon_core.environment:checking '/home/ubuntu/ros2_rover/install/rover_motor_controller' for CMake module files
[1.195s] DEBUG:colcon.colcon_core.event_handler.log_command:Invoked command in '/home/ubuntu/ros2_rover/src/rover_motor_controller' returned '0': AMENT_PREFIX_PATH=/home/ubuntu/ros2_rover/install/rover_msgs:${AMENT_PREFIX_PATH} CMAKE_PREFIX_PATH=/home/ubuntu/ros2_rover/install/rover_msgs:${CMAKE_PREFIX_PATH} LD_LIBRARY_PATH=/home/ubuntu/ros2_rover/install/rover_msgs/lib:${LD_LIBRARY_PATH} PYTHONPATH=/home/ubuntu/ros2_rover/build/rover_motor_controller/prefix_override:/usr/lib/python3/dist-packages/colcon_core/task/python/colcon_distutils_commands:/home/ubuntu/ros2_rover/install/rover_motor_controller/lib/python3.12/site-packages:/home/ubuntu/ros2_rover/install/rover_msgs/lib/python3.12/site-packages:${PYTHONPATH} /usr/bin/python3 -W ignore:setup.py install is deprecated -W ignore:easy_install command is deprecated setup.py egg_info --egg-base ../../build/rover_motor_controller build --build-base /home/ubuntu/ros2_rover/build/rover_motor_controller/build install --record /home/ubuntu/ros2_rover/build/rover_motor_controller/install.log --install-scripts $base/lib/rover_motor_controller --single-version-externally-managed install_data
[1.195s] Level 1:colcon.colcon_core.environment:checking '/home/ubuntu/ros2_rover/install/rover_motor_controller' for CMake config files
[1.196s] Level 1:colcon.colcon_core.environment:checking '/home/ubuntu/ros2_rover/install/rover_motor_controller/lib'
[1.196s] Level 1:colcon.colcon_core.environment:checking '/home/ubuntu/ros2_rover/install/rover_motor_controller/bin'
[1.196s] Level 1:colcon.colcon_core.environment:checking '/home/ubuntu/ros2_rover/install/rover_motor_controller/lib/pkgconfig/rover_motor_controller.pc'
[1.196s] Level 1:colcon.colcon_core.environment:checking '/home/ubuntu/ros2_rover/install/rover_motor_controller/lib/python3.12/site-packages'
[1.196s] Level 1:colcon.colcon_core.shell:create_environment_hook('rover_motor_controller', 'pythonpath')
[1.196s] INFO:colcon.colcon_core.shell:Creating environment hook '/home/ubuntu/ros2_rover/install/rover_motor_controller/share/rover_motor_controller/hook/pythonpath.ps1'
[1.196s] INFO:colcon.colcon_core.shell:Creating environment descriptor '/home/ubuntu/ros2_rover/install/rover_motor_controller/share/rover_motor_controller/hook/pythonpath.dsv'
[1.196s] INFO:colcon.colcon_core.shell:Creating environment hook '/home/ubuntu/ros2_rover/install/rover_motor_controller/share/rover_motor_controller/hook/pythonpath.sh'
[1.196s] Level 1:colcon.colcon_core.environment:checking '/home/ubuntu/ros2_rover/install/rover_motor_controller/bin'
[1.196s] Level 1:colcon.colcon_core.environment:create_environment_scripts_only(rover_motor_controller)
[1.197s] INFO:colcon.colcon_core.shell:Creating package script '/home/ubuntu/ros2_rover/install/rover_motor_controller/share/rover_motor_controller/package.ps1'
[1.197s] INFO:colcon.colcon_core.shell:Creating package descriptor '/home/ubuntu/ros2_rover/install/rover_motor_controller/share/rover_motor_controller/package.dsv'
[1.197s] INFO:colcon.colcon_core.shell:Creating package script '/home/ubuntu/ros2_rover/install/rover_motor_controller/share/rover_motor_controller/package.sh'
[1.197s] INFO:colcon.colcon_core.shell:Creating package script '/home/ubuntu/ros2_rover/install/rover_motor_controller/share/rover_motor_controller/package.bash'
[1.197s] INFO:colcon.colcon_core.shell:Creating package script '/home/ubuntu/ros2_rover/install/rover_motor_controller/share/rover_motor_controller/package.zsh'
[1.197s] Level 1:colcon.colcon_core.environment:create_file_with_runtime_dependencies(/home/ubuntu/ros2_rover/install/rover_motor_controller/share/colcon-core/packages/rover_motor_controller)
[1.197s] DEBUG:colcon.colcon_parallel_executor.executor.parallel:closing loop
[1.197s] DEBUG:colcon.colcon_parallel_executor.executor.parallel:loop closed
[1.197s] DEBUG:colcon.colcon_parallel_executor.executor.parallel:run_until_complete finished with '0'
[1.198s] DEBUG:colcon.colcon_core.event_reactor:joining thread
[1.201s] INFO:colcon.colcon_core.plugin_system:Skipping extension 'colcon_notification.desktop_notification.terminal_notifier': Not used on non-Darwin systems
[1.201s] INFO:colcon.colcon_core.plugin_system:Skipping extension 'colcon_notification.desktop_notification.win32': Not used on non-Windows systems
[1.201s] INFO:colcon.colcon_notification.desktop_notification:Sending desktop notification using 'notify2'
[1.287s] DEBUG:colcon.colcon_core.event_reactor:joined thread
[1.287s] INFO:colcon.colcon_core.shell:Creating prefix script '/home/ubuntu/ros2_rover/install/local_setup.ps1'
[1.291s] INFO:colcon.colcon_core.shell:Creating prefix util module '/home/ubuntu/ros2_rover/install/_local_setup_util_ps1.py'
[1.292s] INFO:colcon.colcon_core.shell:Creating prefix chain script '/home/ubuntu/ros2_rover/install/setup.ps1'
[1.292s] INFO:colcon.colcon_core.shell:Creating prefix script '/home/ubuntu/ros2_rover/install/local_setup.sh'
[1.292s] INFO:colcon.colcon_core.shell:Creating prefix util module '/home/ubuntu/ros2_rover/install/_local_setup_util_sh.py'
[1.292s] INFO:colcon.colcon_core.shell:Creating prefix chain script '/home/ubuntu/ros2_rover/install/setup.sh'
[1.293s] INFO:colcon.colcon_core.shell:Creating prefix script '/home/ubuntu/ros2_rover/install/local_setup.bash'
[1.293s] INFO:colcon.colcon_core.shell:Creating prefix chain script '/home/ubuntu/ros2_rover/install/setup.bash'
[1.293s] INFO:colcon.colcon_core.shell:Creating prefix script '/home/ubuntu/ros2_rover/install/local_setup.zsh'
[1.293s] INFO:colcon.colcon_core.shell:Creating prefix chain script '/home/ubuntu/ros2_rover/install/setup.zsh'
