running egg_info
creating ../../build/rover_teleop/rover_teleop.egg-info
writing ../../build/rover_teleop/rover_teleop.egg-info/PKG-INFO
writing dependency_links to ../../build/rover_teleop/rover_teleop.egg-info/dependency_links.txt
writing entry points to ../../build/rover_teleop/rover_teleop.egg-info/entry_points.txt
writing requirements to ../../build/rover_teleop/rover_teleop.egg-info/requires.txt
writing top-level names to ../../build/rover_teleop/rover_teleop.egg-info/top_level.txt
writing manifest file '../../build/rover_teleop/rover_teleop.egg-info/SOURCES.txt'
reading manifest file '../../build/rover_teleop/rover_teleop.egg-info/SOURCES.txt'
writing manifest file '../../build/rover_teleop/rover_teleop.egg-info/SOURCES.txt'
running build
running build_py
creating /home/ubuntu/ros2_rover/build/rover_teleop/build
creating /home/ubuntu/ros2_rover/build/rover_teleop/build/lib
creating /home/ubuntu/ros2_rover/build/rover_teleop/build/lib/rover_teleop
copying rover_teleop/teleop_keyboard_node.py -> /home/ubuntu/ros2_rover/build/rover_teleop/build/lib/rover_teleop
copying rover_teleop/__init__.py -> /home/ubuntu/ros2_rover/build/rover_teleop/build/lib/rover_teleop
running install
running install_lib
creating /home/ubuntu/ros2_rover/install/rover_teleop/lib/python3.12/site-packages/rover_teleop
copying /home/ubuntu/ros2_rover/build/rover_teleop/build/lib/rover_teleop/teleop_keyboard_node.py -> /home/ubuntu/ros2_rover/install/rover_teleop/lib/python3.12/site-packages/rover_teleop
copying /home/ubuntu/ros2_rover/build/rover_teleop/build/lib/rover_teleop/__init__.py -> /home/ubuntu/ros2_rover/install/rover_teleop/lib/python3.12/site-packages/rover_teleop
byte-compiling /home/ubuntu/ros2_rover/install/rover_teleop/lib/python3.12/site-packages/rover_teleop/teleop_keyboard_node.py to teleop_keyboard_node.cpython-312.pyc
byte-compiling /home/ubuntu/ros2_rover/install/rover_teleop/lib/python3.12/site-packages/rover_teleop/__init__.py to __init__.cpython-312.pyc
running install_data
creating /home/ubuntu/ros2_rover/install/rover_teleop/share/ament_index
creating /home/ubuntu/ros2_rover/install/rover_teleop/share/ament_index/resource_index
creating /home/ubuntu/ros2_rover/install/rover_teleop/share/ament_index/resource_index/packages
copying resource/rover_teleop -> /home/ubuntu/ros2_rover/install/rover_teleop/share/ament_index/resource_index/packages
copying package.xml -> /home/ubuntu/ros2_rover/install/rover_teleop/share/rover_teleop
creating /home/ubuntu/ros2_rover/install/rover_teleop/share/rover_teleop/launch
creating /home/ubuntu/ros2_rover/install/rover_teleop/share/rover_teleop/config
copying config/ps3.yaml -> /home/ubuntu/ros2_rover/install/rover_teleop/share/rover_teleop/config/
running install_egg_info
Copying ../../build/rover_teleop/rover_teleop.egg-info to /home/ubuntu/ros2_rover/install/rover_teleop/lib/python3.12/site-packages/rover_teleop-2.0.0-py3.12.egg-info
running install_scripts
Installing teleop_keyboard_node script to /home/ubuntu/ros2_rover/install/rover_teleop/lib/rover_teleop
writing list of installed files to '/home/ubuntu/ros2_rover/build/rover_teleop/install.log'
