[0.434s] Invoking command in '/home/ubuntu/ros2_rover/src/rover_teleop': PYTHONPATH=/home/ubuntu/ros2_rover/build/rover_teleop/prefix_override:/usr/lib/python3/dist-packages/colcon_core/task/python/colcon_distutils_commands:/home/ubuntu/ros2_rover/install/rover_teleop/lib/python3.12/site-packages:${PYTHONPATH} /usr/bin/python3 -W ignore:setup.py install is deprecated -W ignore:easy_install command is deprecated setup.py egg_info --egg-base ../../build/rover_teleop build --build-base /home/ubuntu/ros2_rover/build/rover_teleop/build install --record /home/ubuntu/ros2_rover/build/rover_teleop/install.log --install-scripts $base/lib/rover_teleop --single-version-externally-managed install_data
[0.496s] /usr/lib/python3/dist-packages/setuptools/dist.py:744: SetuptoolsDeprecationWarning: Invalid dash-separated options
[0.496s] !!
[0.496s] 
[0.496s]         ********************************************************************************
[0.496s]         Usage of dash-separated 'script-dir' will not be supported in future
[0.496s]         versions. Please use the underscore name 'script_dir' instead.
[0.496s] 
[0.496s]         This deprecation is overdue, please update your project and remove deprecated
[0.496s]         calls to avoid build errors in the future.
[0.496s] 
[0.496s]         See https://setuptools.pypa.io/en/latest/userguide/declarative_config.html for details.
[0.496s]         ********************************************************************************
[0.496s] 
[0.496s] !!
[0.496s]   opt = self.warn_dash_deprecation(opt, section)
[0.551s] running egg_info
[0.551s] creating ../../build/rover_teleop/rover_teleop.egg-info
[0.560s] writing ../../build/rover_teleop/rover_teleop.egg-info/PKG-INFO
[0.560s] writing dependency_links to ../../build/rover_teleop/rover_teleop.egg-info/dependency_links.txt
[0.560s] writing entry points to ../../build/rover_teleop/rover_teleop.egg-info/entry_points.txt
[0.560s] writing requirements to ../../build/rover_teleop/rover_teleop.egg-info/requires.txt
[0.561s] writing top-level names to ../../build/rover_teleop/rover_teleop.egg-info/top_level.txt
[0.561s] writing manifest file '../../build/rover_teleop/rover_teleop.egg-info/SOURCES.txt'
[0.579s] reading manifest file '../../build/rover_teleop/rover_teleop.egg-info/SOURCES.txt'
[0.580s] writing manifest file '../../build/rover_teleop/rover_teleop.egg-info/SOURCES.txt'
[0.580s] running build
[0.580s] running build_py
[0.580s] creating /home/ubuntu/ros2_rover/build/rover_teleop/build
[0.580s] creating /home/ubuntu/ros2_rover/build/rover_teleop/build/lib
[0.580s] creating /home/ubuntu/ros2_rover/build/rover_teleop/build/lib/rover_teleop
[0.580s] copying rover_teleop/teleop_keyboard_node.py -> /home/ubuntu/ros2_rover/build/rover_teleop/build/lib/rover_teleop
[0.580s] copying rover_teleop/__init__.py -> /home/ubuntu/ros2_rover/build/rover_teleop/build/lib/rover_teleop
[0.580s] running install
[0.583s] running install_lib
[0.592s] creating /home/ubuntu/ros2_rover/install/rover_teleop/lib/python3.12/site-packages/rover_teleop
[0.592s] copying /home/ubuntu/ros2_rover/build/rover_teleop/build/lib/rover_teleop/teleop_keyboard_node.py -> /home/ubuntu/ros2_rover/install/rover_teleop/lib/python3.12/site-packages/rover_teleop
[0.592s] copying /home/ubuntu/ros2_rover/build/rover_teleop/build/lib/rover_teleop/__init__.py -> /home/ubuntu/ros2_rover/install/rover_teleop/lib/python3.12/site-packages/rover_teleop
[0.592s] byte-compiling /home/ubuntu/ros2_rover/install/rover_teleop/lib/python3.12/site-packages/rover_teleop/teleop_keyboard_node.py to teleop_keyboard_node.cpython-312.pyc
[0.593s] byte-compiling /home/ubuntu/ros2_rover/install/rover_teleop/lib/python3.12/site-packages/rover_teleop/__init__.py to __init__.cpython-312.pyc
[0.593s] running install_data
[0.593s] creating /home/ubuntu/ros2_rover/install/rover_teleop/share/ament_index
[0.593s] creating /home/ubuntu/ros2_rover/install/rover_teleop/share/ament_index/resource_index
[0.593s] creating /home/ubuntu/ros2_rover/install/rover_teleop/share/ament_index/resource_index/packages
[0.593s] copying resource/rover_teleop -> /home/ubuntu/ros2_rover/install/rover_teleop/share/ament_index/resource_index/packages
[0.593s] copying package.xml -> /home/ubuntu/ros2_rover/install/rover_teleop/share/rover_teleop
[0.593s] creating /home/ubuntu/ros2_rover/install/rover_teleop/share/rover_teleop/launch
[0.593s] creating /home/ubuntu/ros2_rover/install/rover_teleop/share/rover_teleop/config
[0.594s] copying config/ps3.yaml -> /home/ubuntu/ros2_rover/install/rover_teleop/share/rover_teleop/config/
[0.594s] running install_egg_info
[0.608s] Copying ../../build/rover_teleop/rover_teleop.egg-info to /home/ubuntu/ros2_rover/install/rover_teleop/lib/python3.12/site-packages/rover_teleop-2.0.0-py3.12.egg-info
[0.608s] running install_scripts
[0.664s] Installing teleop_keyboard_node script to /home/ubuntu/ros2_rover/install/rover_teleop/lib/rover_teleop
[0.664s] writing list of installed files to '/home/ubuntu/ros2_rover/build/rover_teleop/install.log'
[0.679s] Invoked command in '/home/ubuntu/ros2_rover/src/rover_teleop' returned '0': PYTHONPATH=/home/ubuntu/ros2_rover/build/rover_teleop/prefix_override:/usr/lib/python3/dist-packages/colcon_core/task/python/colcon_distutils_commands:/home/ubuntu/ros2_rover/install/rover_teleop/lib/python3.12/site-packages:${PYTHONPATH} /usr/bin/python3 -W ignore:setup.py install is deprecated -W ignore:easy_install command is deprecated setup.py egg_info --egg-base ../../build/rover_teleop build --build-base /home/ubuntu/ros2_rover/build/rover_teleop/build install --record /home/ubuntu/ros2_rover/build/rover_teleop/install.log --install-scripts $base/lib/rover_teleop --single-version-externally-managed install_data
